<?xml version="1.0" ?>
<testsuites name="testSuitesSimulation" tests="269" skipped="0" errors="0" failures="0" assertions="2098" timestamp="2025-01-15T07:38:31.524062" time="22.645706">
   <testsuite name="testSuiteConstant" tests="1" skipped="0" errors="0" failures="0" assertions="4" timestamp="2025-01-15T07:38:41.391369" time="0.097003" file="TestSuites/TestSuiteConstant.stm">
      <system-out># vsim -t ps -L work work.tbTop -batch -gstimulus_path=/home/vagrant/git/tutorial/tutorial-hxs-bitfield-register-pulse-generator-plain/submodules/simstm/tb/simstm/ -gstimulus_file=testMainSuiteConstant.stm -gstimulus_main_entry_label=$testMainSuiteConstant -do &quot;run_all.do&quot; 
# Start time: 07:38:31 on Jan 15,2025
# ** Note: (vsim-3812) Design is being optimized...
# ** Warning: (vopt-6) -- Waiting for lock by &quot;vagrant@vagrant-box, pid = 292981&quot;. Lockfile is &quot;/home/vagrant/git/tutorial/tutorial-hxs-bitfield-register-pulse-generator-plain/submodules/simstm/simulation/modelsim/work/work/_lock&quot;.
# ** Warning: (vopt-6) -- Waiting for lock by &quot;vagrant@vagrant-box, pid = 293075&quot;. Lockfile is &quot;/home/vagrant/git/tutorial/tutorial-hxs-bitfield-register-pulse-generator-plain/submodules/simstm/simulation/modelsim/work/work/_lock&quot;.
# ** Warning: (vopt-2009) At least one design unit was compiled with optimization level -O0 or -O1.
# Use vdir -l command to find such design units.
# ** Note: (vsim-12126) Error and warning message counts have been restored: Errors=0, Warnings=3.
# //  Questa Intel Starter FPGA Edition-64
# //  Version 2023.3 linux_x86_64 Jul 17 2023
# //
# //  Copyright 1991-2023 Mentor Graphics Corporation
# //  All Rights Reserved.
# //
# //  QuestaSim and its associated documentation contain trade
# //  secrets and commercial or financial information that are the property of
# //  Mentor Graphics Corporation and are privileged, confidential,
# //  and exempt from disclosure under the Freedom of Information Act,
# //  5 U.S.C. Section 552. Furthermore, this information
# //  is prohibited from disclosure under the Trade Secrets Act,
# //  18 U.S.C. Section 1905.
# //
# Loading std.standard
# Loading std.textio(body)
# Loading ieee.std_logic_1164(body)
# Loading ieee.numeric_std(body)
# Loading ieee.math_real(body)
# Loading work.tb_base_pkg(body)
# Loading work.tb_bus_avalon_32_pkg(body)
# Loading work.tb_bus_axi4lite_32_pkg(body)
# Loading work.tb_bus_wishbone_32_pkg(body)
# Loading work.tb_bus_wishbone_64_pkg(body)
# Loading work.tb_bus_wishbone_128_pkg(body)
# Loading work.tb_bus_wishbone_256_pkg(body)
# Loading work.tb_bus_avalon_64_pkg(body)
# Loading work.tb_bus_ram_32_pkg(body)
# Loading work.tb_bus_pkg(body)
# Loading work.tb_signals_pkg(body)
# Loading work.basic(body)
# Loading std.env(body)
# Loading work.tb_instructions_pkg(body)
# Loading work.tb_interpreter_pkg(body)
# Loading work.tbtop(behavioural)#1
# Loading work.tb_simstm(behavioural)#1
# Loading work.ramavalon(simulation)#1
# Loading work.ramavalon(simulation)#2
# 
# do run_all.do
# ** Warning: NUMERIC_STD.TO_INTEGER: metavalue detected, returning 0
#    Time: 0 ps  Iteration: 0  Instance: /tbtop/i_Ram32
# ** Warning: NUMERIC_STD.TO_INTEGER: metavalue detected, returning 0
#    Time: 0 ps  Iteration: 0  Instance: /tbtop/i_RamAxi4Lite_32
# include found: loading file /home/vagrant/git/tutorial/tutorial-hxs-bitfield-register-pulse-generator-plain/submodules/simstm/tb/simstm/Common/Common.stm
# nested include found in : /home/vagrant/git/tutorial/tutorial-hxs-bitfield-register-pulse-generator-plain/submodules/simstm/tb/simstm/Common/Common.stm
# nested include found: loading file /home/vagrant/git/tutorial/tutorial-hxs-bitfield-register-pulse-generator-plain/submodules/simstm/tb/simstm/Base/Base.stm
# nested include found in : /home/vagrant/git/tutorial/tutorial-hxs-bitfield-register-pulse-generator-plain/submodules/simstm/tb/simstm/Common/Common.stm
# nested include found: loading file /home/vagrant/git/tutorial/tutorial-hxs-bitfield-register-pulse-generator-plain/submodules/simstm/tb/simstm/TestCase/TestCase.stm
# include found: loading file /home/vagrant/git/tutorial/tutorial-hxs-bitfield-register-pulse-generator-plain/submodules/simstm/tb/simstm/Constant/constant.stm
# include found: loading file /home/vagrant/git/tutorial/tutorial-hxs-bitfield-register-pulse-generator-plain/submodules/simstm/tb/simstm/TestSuites/TestSuiteConstant.stm
# ** Warning: NUMERIC_STD.&quot;&gt;&quot;: metavalue detected, returning FALSE
#    Time: 0 ps  Iteration: 2  Instance: /tbtop/i_tb_simstm
# Main test suite Constant started
# **********START*TESTCASE*testSuiteConstant_testCaseConstantAdd**********
# Started at simulation time of 1002ns
# testConstantAdd started
# test_variable_1: 0x1
# test_variable_2: 0x2
# test_variable_1: 0x2
# test_variable_2: 0x4
# test_variable_1: 0x3
# test_variable_2: 0x6
# Passed 4 verify instructions
# Passed 0 timeout monitored bus access instructions
# Success
# testConstantAdd ended
# Ended at simulation time of 1010ns
# **********END*TESTCASE*testSuiteConstant_testCaseConstantAdd**********
# Main test suite Constant ended
# ** Note: Verify passes 4
#    Time: 2012800 ps  Iteration: 0  Instance: /tbtop/i_tb_simstm
# ** Note: Timeout monitored bus access passes 0
#    Time: 2012800 ps  Iteration: 0  Instance: /tbtop/i_tb_simstm
# ** Note: SUCCESS
#    Time: 2012800 ps  Iteration: 0  Instance: /tbtop/i_tb_simstm
# ** Note: Test finished
#    Time: 2012800 ps  Iteration: 0  Instance: /tbtop/i_tb_simstm
# End time: 07:38:41 on Jan 15,2025, Elapsed time: 0:00:10
# Errors: 0, Warnings: 6
</system-out>
      <system-err/>
      <testcase name="testSuiteConstant_testCaseConstantAdd" assertions="4" classname="testSuiteConstant" file="TestSuites/TestSuiteConstant.stm" line="TestSuites/TestSuiteConstant.stm" time="0.097003">
         <properties>
            <property name="SimulatedStartTime" value="1002"/>
            <property name="SimulatedEndTime" value="1010"/>
            <property name="SimulatedDuration" value="8"/>
         </properties>
      </testcase>
   </testsuite>
   <testsuite name="testSuiteVariable" tests="10" skipped="0" errors="0" failures="0" assertions="44" timestamp="2025-01-15T07:38:37.864259" time="0.100003" file="TestSuites/TestSuiteVariable.stm">
      <system-out># vsim -t ps -L work work.tbTop -batch -gstimulus_path=/home/vagrant/git/tutorial/tutorial-hxs-bitfield-register-pulse-generator-plain/submodules/simstm/tb/simstm/ -gstimulus_file=testMainSuiteVariable.stm -gstimulus_main_entry_label=$testMainSuiteVariable -do &quot;run_all.do&quot; 
# Start time: 07:38:31 on Jan 15,2025
# ** Note: (vsim-3812) Design is being optimized...
# ** Warning: (vopt-6) -- Waiting for lock by &quot;vagrant@vagrant-box, pid = 292981&quot;. Lockfile is &quot;/home/vagrant/git/tutorial/tutorial-hxs-bitfield-register-pulse-generator-plain/submodules/simstm/simulation/modelsim/work/work/_lock&quot;.
# ** Warning: (vopt-2009) At least one design unit was compiled with optimization level -O0 or -O1.
# Use vdir -l command to find such design units.
# ** Note: (vsim-12126) Error and warning message counts have been restored: Errors=0, Warnings=2.
# //  Questa Intel Starter FPGA Edition-64
# //  Version 2023.3 linux_x86_64 Jul 17 2023
# //
# //  Copyright 1991-2023 Mentor Graphics Corporation
# //  All Rights Reserved.
# //
# //  QuestaSim and its associated documentation contain trade
# //  secrets and commercial or financial information that are the property of
# //  Mentor Graphics Corporation and are privileged, confidential,
# //  and exempt from disclosure under the Freedom of Information Act,
# //  5 U.S.C. Section 552. Furthermore, this information
# //  is prohibited from disclosure under the Trade Secrets Act,
# //  18 U.S.C. Section 1905.
# //
# Loading std.standard
# Loading std.textio(body)
# Loading ieee.std_logic_1164(body)
# Loading ieee.numeric_std(body)
# Loading ieee.math_real(body)
# Loading work.tb_base_pkg(body)
# Loading work.tb_bus_avalon_32_pkg(body)
# Loading work.tb_bus_axi4lite_32_pkg(body)
# Loading work.tb_bus_wishbone_32_pkg(body)
# Loading work.tb_bus_wishbone_64_pkg(body)
# Loading work.tb_bus_wishbone_128_pkg(body)
# Loading work.tb_bus_wishbone_256_pkg(body)
# Loading work.tb_bus_avalon_64_pkg(body)
# Loading work.tb_bus_ram_32_pkg(body)
# Loading work.tb_bus_pkg(body)
# Loading work.tb_signals_pkg(body)
# Loading work.basic(body)
# Loading std.env(body)
# Loading work.tb_instructions_pkg(body)
# Loading work.tb_interpreter_pkg(body)
# Loading work.tbtop(behavioural)#1
# Loading work.tb_simstm(behavioural)#1
# Loading work.ramavalon(simulation)#1
# Loading work.ramavalon(simulation)#2
# 
# do run_all.do
# ** Warning: NUMERIC_STD.TO_INTEGER: metavalue detected, returning 0
#    Time: 0 ps  Iteration: 0  Instance: /tbtop/i_Ram32
# ** Warning: NUMERIC_STD.TO_INTEGER: metavalue detected, returning 0
#    Time: 0 ps  Iteration: 0  Instance: /tbtop/i_RamAxi4Lite_32
# include found: loading file /home/vagrant/git/tutorial/tutorial-hxs-bitfield-register-pulse-generator-plain/submodules/simstm/tb/simstm/Common/Common.stm
# nested include found in : /home/vagrant/git/tutorial/tutorial-hxs-bitfield-register-pulse-generator-plain/submodules/simstm/tb/simstm/Common/Common.stm
# nested include found: loading file /home/vagrant/git/tutorial/tutorial-hxs-bitfield-register-pulse-generator-plain/submodules/simstm/tb/simstm/Base/Base.stm
# nested include found in : /home/vagrant/git/tutorial/tutorial-hxs-bitfield-register-pulse-generator-plain/submodules/simstm/tb/simstm/Common/Common.stm
# nested include found: loading file /home/vagrant/git/tutorial/tutorial-hxs-bitfield-register-pulse-generator-plain/submodules/simstm/tb/simstm/TestCase/TestCase.stm
# include found: loading file /home/vagrant/git/tutorial/tutorial-hxs-bitfield-register-pulse-generator-plain/submodules/simstm/tb/simstm/Variable/variable.stm
# include found: loading file /home/vagrant/git/tutorial/tutorial-hxs-bitfield-register-pulse-generator-plain/submodules/simstm/tb/simstm/TestSuites/TestSuiteVariable.stm
# ** Warning: NUMERIC_STD.&quot;&gt;&quot;: metavalue detected, returning FALSE
#    Time: 0 ps  Iteration: 2  Instance: /tbtop/i_tb_simstm
# Main test suite Variable started
# **********START*TESTCASE*testSuiteVariable_testCaseVariableAdd**********
# Started at simulation time of 1002ns
# testVariableAdd started
# test_variable_1: 1
# test_variable_2: 2
# test_variable_1: 11
# test_variable_2: 22
# test_variable_1: 12356
# test_variable_2: 110
# Passed 4 verify instructions
# Passed 0 timeout monitored bus access instructions
# Success
# testVariableAdd ended
# Ended at simulation time of 1010ns
# **********END*TESTCASE*testSuiteVariable_testCaseVariableAdd**********
# **********START*TESTCASE*testSuiteVariable_testCaseVariableAnd**********
# Started at simulation time of 1013ns
# testVariableAnd started
# test_variable_1: 0xAAAA
# test_variable_2: 0x77777777
# test_variable_1: 0xAA02
# test_variable_2: 0x70745607
# test_variable_1: 0xAA02
# test_variable_2: 0x70745607
# Passed 4 verify instructions
# Passed 0 timeout monitored bus access instructions
# Success
# testVariableAnd ended
# Ended at simulation time of 1021ns
# **********END*TESTCASE*testSuiteVariable_testCaseVariableAnd**********
# **********START*TESTCASE*testSuiteVariable_testCaseVariableDiv**********
# Started at simulation time of 1024ns
# testVariableDiv started
# test_variable_1: 500
# test_variable_2: 5000
# test_variable_1: 50
# test_variable_2: 250
# test_variable_1: 10
# test_variable_2: 2
# Passed 4 verify instructions
# Passed 0 timeout monitored bus access instructions
# Success
# testVariableDiv ended
# Ended at simulation time of 1032ns
# **********END*TESTCASE*testSuiteVariable_testCaseVariableDiv**********
# **********START*TESTCASE*testSuiteVariable_testCaseVariableEqu**********
# Started at simulation time of 1035ns
# testVariableEqu started
# test_variable_1: 1
# test_variable_2: 2
# test_variable_3: 3
# test_variable_4: 4
# test_variable_5: 5
# test_variable_1: 10
# test_variable_2: 20
# test_variable_3: 30
# test_variable_4: 44
# test_variable_5: 55
# test_variable_1: 99
# test_variable_2: 88
# test_variable_3: 55
# test_variable_4: 11
# test_variable_5: 0
# Passed 10 verify instructions
# Passed 0 timeout monitored bus access instructions
# Success
# testVariableEqu ended
# Ended at simulation time of 1045ns
# **********END*TESTCASE*testSuiteVariable_testCaseVariableEqu**********
# **********START*TESTCASE*testSuiteVariable_testCaseVariableMul**********
# Started at simulation time of 1048ns
# testVariableMul started
# test_variable_1: 1
# test_variable_2: 2
# test_variable_1: 10
# test_variable_2: 40
# test_variable_1: 123450
# test_variable_2: 3520
# Passed 4 verify instructions
# Passed 0 timeout monitored bus access instructions
# Success
# testVariableMul ended
# Ended at simulation time of 1056ns
# **********END*TESTCASE*testSuiteVariable_testCaseVariableMul**********
# **********START*TESTCASE*testSuiteVariable_testCaseVariableOr**********
# Started at simulation time of 1059ns
# testVariableOr started
# test_variable_1: 0x1234
# test_variable_2: 0x80000000
# test_variable_1: 0x3675
# test_variable_2: 0x80000001
# test_variable_1: 0x3675
# test_variable_2: 0x80000001
# Passed 4 verify instructions
# Passed 0 timeout monitored bus access instructions
# Success
# testVariableOr ended
# Ended at simulation time of 1067ns
# **********END*TESTCASE*testSuiteVariable_testCaseVariableOr**********
# **********START*TESTCASE*testSuiteVariable_testCaseVariableSub**********
# Started at simulation time of 1070ns
# testVariableSub started
# test_variable_1: 12345
# test_variable_2: 88
# test_variable_1: 12335
# test_variable_2: 68
# test_variable_1: 12333
# test_variable_2: 67
# Passed 4 verify instructions
# Passed 0 timeout monitored bus access instructions
# Success
# testVariableSub ended
# Ended at simulation time of 1078ns
# **********END*TESTCASE*testSuiteVariable_testCaseVariableSub**********
# **********START*TESTCASE*testSuiteVariable_testCaseVariableXor**********
# Started at simulation time of 1081ns
# testVariableXor started
# test_variable_1: 0xFFFFFFFF
# test_variable_2: 0x0
# test_variable_1: 0xA55555555
# test_variable_2: 0x333333333
# test_variable_1: 0xA00000000
# test_variable_2: 0x3FFFFFFFF
# Passed 4 verify instructions
# Passed 0 timeout monitored bus access instructions
# Success
# testVariableXor ended
# Ended at simulation time of 1089ns
# **********END*TESTCASE*testSuiteVariable_testCaseVariableXor**********
# **********START*TESTCASE*testSuiteVariable_testCaseVariableInv**********
# Started at simulation time of 1092ns
# testVariableInv started
# test_variable_1: 0x12345678
# test_variable_2: 0xFEDCBA9
# test_variable_1: 0xFFFFFFFFFFFFFFFFFFFFFFFFFFFFFFFFFFFFFFFFFFFFFFFFFFFFFFFFEDCBA987
# test_variable_2: 0xFFFFFFFFFFFFFFFFFFFFFFFFFFFFFFFFFFFFFFFFFFFFFFFFFFFFFFFFF0123456
# test_variable_1: 0x12345678
# test_variable_2: 0xFEDCBA9
# Passed 4 verify instructions
# Passed 0 timeout monitored bus access instructions
# Success
# testVariableInv ended
# Ended at simulation time of 1100ns
# **********END*TESTCASE*testSuiteVariable_testCaseVariableInv**********
# **********START*TESTCASE*testSuiteVariable_testCaseVariableLd**********
# Started at simulation time of 1103ns
# testVariableLd started
# test_variable_1: 0x1000
# test_variable_2: 0x80000000
# ** Warning: (vsim-3930) Integer exponentiation has overflowed; result is -2147483648.
#    Time: 1106800 ps  Iteration: 0  Instance: /tbtop/i_tb_simstm
# ** Warning: (vsim-86) Argument value -2147483648 is not in bounds of subtype NATURAL.
#    Time: 1106800 ps  Iteration: 0  Instance: /tbtop/i_tb_simstm
# test_variable_1: 12
# test_variable_2: 31
# Passed 2 verify instructions
# Passed 0 timeout monitored bus access instructions
# Success
# testVariableLd ended
# Ended at simulation time of 1110ns
# **********END*TESTCASE*testSuiteVariable_testCaseVariableLd**********
# Main test suite Variable ended
# ** Note: Verify passes 44
#    Time: 2113300 ps  Iteration: 0  Instance: /tbtop/i_tb_simstm
# ** Note: Timeout monitored bus access passes 0
#    Time: 2113300 ps  Iteration: 0  Instance: /tbtop/i_tb_simstm
# ** Note: SUCCESS
#    Time: 2113300 ps  Iteration: 0  Instance: /tbtop/i_tb_simstm
# ** Note: Test finished
#    Time: 2113300 ps  Iteration: 0  Instance: /tbtop/i_tb_simstm
# End time: 07:38:38 on Jan 15,2025, Elapsed time: 0:00:07
# Errors: 0, Warnings: 7
</system-out>
      <system-err/>
      <testcase name="testSuiteVariable_testCaseVariableAdd" assertions="4" classname="testSuiteVariable" file="TestSuites/TestSuiteVariable.stm" line="TestSuites/TestSuiteVariable.stm" time="0.100003">
         <properties>
            <property name="SimulatedStartTime" value="1002"/>
            <property name="SimulatedEndTime" value="1010"/>
            <property name="SimulatedDuration" value="8"/>
         </properties>
      </testcase>
      <testcase name="testSuiteVariable_testCaseVariableEqu" assertions="10" classname="testSuiteVariable" file="TestSuites/TestSuiteVariable.stm" line="TestSuites/TestSuiteVariable.stm" time="0.007">
         <properties>
            <property name="SimulatedStartTime" value="1035"/>
            <property name="SimulatedEndTime" value="1045"/>
            <property name="SimulatedDuration" value="10"/>
         </properties>
      </testcase>
      <testcase name="testSuiteVariable_testCaseVariableSub" assertions="4" classname="testSuiteVariable" file="TestSuites/TestSuiteVariable.stm" line="TestSuites/TestSuiteVariable.stm" time="0.098003">
         <properties>
            <property name="SimulatedStartTime" value="1070"/>
            <property name="SimulatedEndTime" value="1078"/>
            <property name="SimulatedDuration" value="8"/>
         </properties>
      </testcase>
      <testcase name="testSuiteVariable_testCaseVariableLd" assertions="2" classname="testSuiteVariable" file="TestSuites/TestSuiteVariable.stm" line="TestSuites/TestSuiteVariable.stm" time="0.098004">
         <properties>
            <property name="SimulatedStartTime" value="1103"/>
            <property name="SimulatedEndTime" value="1110"/>
            <property name="SimulatedDuration" value="7"/>
         </properties>
      </testcase>
      <testcase name="testSuiteVariable_testCaseVariableDiv" assertions="4" classname="testSuiteVariable" file="TestSuites/TestSuiteVariable.stm" line="TestSuites/TestSuiteVariable.stm" time="0.098003">
         <properties>
            <property name="SimulatedStartTime" value="1024"/>
            <property name="SimulatedEndTime" value="1032"/>
            <property name="SimulatedDuration" value="8"/>
         </properties>
      </testcase>
      <testcase name="testSuiteVariable_testCaseVariableAnd" assertions="4" classname="testSuiteVariable" file="TestSuites/TestSuiteVariable.stm" line="TestSuites/TestSuiteVariable.stm" time="0.101003">
         <properties>
            <property name="SimulatedStartTime" value="1013"/>
            <property name="SimulatedEndTime" value="1021"/>
            <property name="SimulatedDuration" value="8"/>
         </properties>
      </testcase>
      <testcase name="testSuiteVariable_testCaseVariableInv" assertions="4" classname="testSuiteVariable" file="TestSuites/TestSuiteVariable.stm" line="TestSuites/TestSuiteVariable.stm" time="0.101004">
         <properties>
            <property name="SimulatedStartTime" value="1092"/>
            <property name="SimulatedEndTime" value="1100"/>
            <property name="SimulatedDuration" value="8"/>
         </properties>
      </testcase>
      <testcase name="testSuiteVariable_testCaseVariableOr" assertions="4" classname="testSuiteVariable" file="TestSuites/TestSuiteVariable.stm" line="TestSuites/TestSuiteVariable.stm" time="0.098003">
         <properties>
            <property name="SimulatedStartTime" value="1059"/>
            <property name="SimulatedEndTime" value="1067"/>
            <property name="SimulatedDuration" value="8"/>
         </properties>
      </testcase>
      <testcase name="testSuiteVariable_testCaseVariableXor" assertions="4" classname="testSuiteVariable" file="TestSuites/TestSuiteVariable.stm" line="TestSuites/TestSuiteVariable.stm" time="0.099003">
         <properties>
            <property name="SimulatedStartTime" value="1081"/>
            <property name="SimulatedEndTime" value="1089"/>
            <property name="SimulatedDuration" value="8"/>
         </properties>
      </testcase>
      <testcase name="testSuiteVariable_testCaseVariableMul" assertions="4" classname="testSuiteVariable" file="TestSuites/TestSuiteVariable.stm" line="TestSuites/TestSuiteVariable.stm" time="0.097003">
         <properties>
            <property name="SimulatedStartTime" value="1048"/>
            <property name="SimulatedEndTime" value="1056"/>
            <property name="SimulatedDuration" value="8"/>
         </properties>
      </testcase>
   </testsuite>
   <testsuite name="testSuiteLines" tests="11" skipped="0" errors="0" failures="0" assertions="172" timestamp="2025-01-15T07:38:38.753287" time="0.099003" file="TestSuites/TestSuiteLines.stm">
      <system-out># vsim -t ps -L work work.tbTop -batch -gstimulus_path=/home/vagrant/git/tutorial/tutorial-hxs-bitfield-register-pulse-generator-plain/submodules/simstm/tb/simstm/ -gstimulus_file=testMainSuiteLines.stm -gstimulus_main_entry_label=$testMainSuiteLines -do &quot;run_all.do&quot; 
# Start time: 07:38:31 on Jan 15,2025
# ** Note: (vsim-3812) Design is being optimized...
# ** Warning: (vopt-6) -- Waiting for lock by &quot;vagrant@vagrant-box, pid = 292981&quot;. Lockfile is &quot;/home/vagrant/git/tutorial/tutorial-hxs-bitfield-register-pulse-generator-plain/submodules/simstm/simulation/modelsim/work/work/_lock&quot;.
# ** Warning: (vopt-2009) At least one design unit was compiled with optimization level -O0 or -O1.
# Use vdir -l command to find such design units.
# ** Note: (vsim-12126) Error and warning message counts have been restored: Errors=0, Warnings=2.
# //  Questa Intel Starter FPGA Edition-64
# //  Version 2023.3 linux_x86_64 Jul 17 2023
# //
# //  Copyright 1991-2023 Mentor Graphics Corporation
# //  All Rights Reserved.
# //
# //  QuestaSim and its associated documentation contain trade
# //  secrets and commercial or financial information that are the property of
# //  Mentor Graphics Corporation and are privileged, confidential,
# //  and exempt from disclosure under the Freedom of Information Act,
# //  5 U.S.C. Section 552. Furthermore, this information
# //  is prohibited from disclosure under the Trade Secrets Act,
# //  18 U.S.C. Section 1905.
# //
# Loading std.standard
# Loading std.textio(body)
# Loading ieee.std_logic_1164(body)
# Loading ieee.numeric_std(body)
# Loading ieee.math_real(body)
# Loading work.tb_base_pkg(body)
# Loading work.tb_bus_avalon_32_pkg(body)
# Loading work.tb_bus_axi4lite_32_pkg(body)
# Loading work.tb_bus_wishbone_32_pkg(body)
# Loading work.tb_bus_wishbone_64_pkg(body)
# Loading work.tb_bus_wishbone_128_pkg(body)
# Loading work.tb_bus_wishbone_256_pkg(body)
# Loading work.tb_bus_avalon_64_pkg(body)
# Loading work.tb_bus_ram_32_pkg(body)
# Loading work.tb_bus_pkg(body)
# Loading work.tb_signals_pkg(body)
# Loading work.basic(body)
# Loading std.env(body)
# Loading work.tb_instructions_pkg(body)
# Loading work.tb_interpreter_pkg(body)
# Loading work.tbtop(behavioural)#1
# Loading work.tb_simstm(behavioural)#1
# Loading work.ramavalon(simulation)#1
# Loading work.ramavalon(simulation)#2
# 
# do run_all.do
# ** Warning: NUMERIC_STD.TO_INTEGER: metavalue detected, returning 0
#    Time: 0 ps  Iteration: 0  Instance: /tbtop/i_Ram32
# ** Warning: NUMERIC_STD.TO_INTEGER: metavalue detected, returning 0
#    Time: 0 ps  Iteration: 0  Instance: /tbtop/i_RamAxi4Lite_32
# include found: loading file /home/vagrant/git/tutorial/tutorial-hxs-bitfield-register-pulse-generator-plain/submodules/simstm/tb/simstm/Common/Common.stm
# nested include found in : /home/vagrant/git/tutorial/tutorial-hxs-bitfield-register-pulse-generator-plain/submodules/simstm/tb/simstm/Common/Common.stm
# nested include found: loading file /home/vagrant/git/tutorial/tutorial-hxs-bitfield-register-pulse-generator-plain/submodules/simstm/tb/simstm/Base/Base.stm
# nested include found in : /home/vagrant/git/tutorial/tutorial-hxs-bitfield-register-pulse-generator-plain/submodules/simstm/tb/simstm/Common/Common.stm
# nested include found: loading file /home/vagrant/git/tutorial/tutorial-hxs-bitfield-register-pulse-generator-plain/submodules/simstm/tb/simstm/TestCase/TestCase.stm
# include found: loading file /home/vagrant/git/tutorial/tutorial-hxs-bitfield-register-pulse-generator-plain/submodules/simstm/tb/simstm/Base/Array.stm
# include found: loading file /home/vagrant/git/tutorial/tutorial-hxs-bitfield-register-pulse-generator-plain/submodules/simstm/tb/simstm/Lines/lines.stm
# include found: loading file /home/vagrant/git/tutorial/tutorial-hxs-bitfield-register-pulse-generator-plain/submodules/simstm/tb/simstm/TestSuites/TestSuiteLines.stm
# ** Warning: NUMERIC_STD.&quot;&gt;&quot;: metavalue detected, returning FALSE
#    Time: 0 ps  Iteration: 2  Instance: /tbtop/i_tb_simstm
# Main test suite Lines started
# **********START*TESTCASE*testSuiteLines_testCaseLinesAppendArray**********
# Started at simulation time of 1002ns
# testLinesAppendArray started
# 0000000000000000000000000000000000000000000000000000000000000000 0000000000000000000000000000000000000000000000000000000000000001 000000000000000000000000000000000000000000000000000000000000000A 0000000000000000000000000000000000000000000000000000000000000002 000000000000000000000000000000000000000000000000000000000000000B 000000000000000000000000000000000000000000000000000000007FFFFFFF 0000000000000000000000000000000000000000000000000000000080000000 00000000000000000000000000000000000000000000000000000000FFFFFFFF 
# 0000000000000000000000000000000000000000000000000000000000000001 0000000000000000000000000000000000000000000000000000000000000001 000000000000000000000000000000000000000000000000000000000000000A 0000000000000000000000000000000000000000000000000000000000000002 000000000000000000000000000000000000000000000000000000000000000B 000000000000000000000000000000000000000000000000000000007FFFFFFF 0000000000000000000000000000000000000000000000000000000080000000 00000000000000000000000000000000000000000000000000000000FFFFFFFF 
# 0000000000000000000000000000000000000000000000000000000000000002 0000000000000000000000000000000000000000000000000000000000000001 000000000000000000000000000000000000000000000000000000000000000A 0000000000000000000000000000000000000000000000000000000000000002 000000000000000000000000000000000000000000000000000000000000000B 000000000000000000000000000000000000000000000000000000007FFFFFFF 0000000000000000000000000000000000000000000000000000000080000000 00000000000000000000000000000000000000000000000000000000FFFFFFFF 
# Passed 1 verify instructions
# Passed 0 timeout monitored bus access instructions
# Success
# testLinesAppendArray ended
# Ended at simulation time of 1010ns
# **********END*TESTCASE*testSuiteLines_testCaseLinesAppendArray**********
# **********START*TESTCASE*testSuiteLines_testCaseLinesAppendText**********
# Started at simulation time of 1013ns
# testLinesAppendText started
# line 1
# line 2
# line 3
# Passed 1 verify instructions
# Passed 0 timeout monitored bus access instructions
# Success
# testLinesAppendText ended
# Ended at simulation time of 1020ns
# **********END*TESTCASE*testSuiteLines_testCaseLinesAppendText**********
# **********START*TESTCASE*testSuiteLines_testCaseLinesDeleteAllArray**********
# Started at simulation time of 1023ns
# testLinesDeleteAllArray started
# 0000000000000000000000000000000000000000000000000000000000000000 0000000000000000000000000000000000000000000000000000000000000001 000000000000000000000000000000000000000000000000000000000000000A 0000000000000000000000000000000000000000000000000000000000000002 000000000000000000000000000000000000000000000000000000000000000B 000000000000000000000000000000000000000000000000000000007FFFFFFF 0000000000000000000000000000000000000000000000000000000080000000 00000000000000000000000000000000000000000000000000000000FFFFFFFF 
# 0000000000000000000000000000000000000000000000000000000000000001 0000000000000000000000000000000000000000000000000000000000000001 000000000000000000000000000000000000000000000000000000000000000A 0000000000000000000000000000000000000000000000000000000000000002 000000000000000000000000000000000000000000000000000000000000000B 000000000000000000000000000000000000000000000000000000007FFFFFFF 0000000000000000000000000000000000000000000000000000000080000000 00000000000000000000000000000000000000000000000000000000FFFFFFFF 
# 0000000000000000000000000000000000000000000000000000000000000002 0000000000000000000000000000000000000000000000000000000000000001 000000000000000000000000000000000000000000000000000000000000000A 0000000000000000000000000000000000000000000000000000000000000002 000000000000000000000000000000000000000000000000000000000000000B 000000000000000000000000000000000000000000000000000000007FFFFFFF 0000000000000000000000000000000000000000000000000000000080000000 00000000000000000000000000000000000000000000000000000000FFFFFFFF 
# Passed 2 verify instructions
# Passed 0 timeout monitored bus access instructions
# Success
# testLinesDeleteAllArray ended
# Ended at simulation time of 1032ns
# **********END*TESTCASE*testSuiteLines_testCaseLinesDeleteAllArray**********
# **********START*TESTCASE*testSuiteLines_testCaseLinesDeleteArray**********
# Started at simulation time of 1035ns
# testLinesDeleteArray started
# 0000000000000000000000000000000000000000000000000000000000000000 0000000000000000000000000000000000000000000000000000000000000001 000000000000000000000000000000000000000000000000000000000000000A 0000000000000000000000000000000000000000000000000000000000000002 000000000000000000000000000000000000000000000000000000000000000B 000000000000000000000000000000000000000000000000000000007FFFFFFF 0000000000000000000000000000000000000000000000000000000080000000 00000000000000000000000000000000000000000000000000000000FFFFFFFF 
# 0000000000000000000000000000000000000000000000000000000000000001 0000000000000000000000000000000000000000000000000000000000000001 000000000000000000000000000000000000000000000000000000000000000A 0000000000000000000000000000000000000000000000000000000000000002 000000000000000000000000000000000000000000000000000000000000000B 000000000000000000000000000000000000000000000000000000007FFFFFFF 0000000000000000000000000000000000000000000000000000000080000000 00000000000000000000000000000000000000000000000000000000FFFFFFFF 
# 0000000000000000000000000000000000000000000000000000000000000002 0000000000000000000000000000000000000000000000000000000000000001 000000000000000000000000000000000000000000000000000000000000000A 0000000000000000000000000000000000000000000000000000000000000002 000000000000000000000000000000000000000000000000000000000000000B 000000000000000000000000000000000000000000000000000000007FFFFFFF 0000000000000000000000000000000000000000000000000000000080000000 00000000000000000000000000000000000000000000000000000000FFFFFFFF 
# 0000000000000000000000000000000000000000000000000000000000000000 0000000000000000000000000000000000000000000000000000000000000001 000000000000000000000000000000000000000000000000000000000000000A 0000000000000000000000000000000000000000000000000000000000000002 000000000000000000000000000000000000000000000000000000000000000B 000000000000000000000000000000000000000000000000000000007FFFFFFF 0000000000000000000000000000000000000000000000000000000080000000 00000000000000000000000000000000000000000000000000000000FFFFFFFF 
# 0000000000000000000000000000000000000000000000000000000000000002 0000000000000000000000000000000000000000000000000000000000000001 000000000000000000000000000000000000000000000000000000000000000A 0000000000000000000000000000000000000000000000000000000000000002 000000000000000000000000000000000000000000000000000000000000000B 000000000000000000000000000000000000000000000000000000007FFFFFFF 0000000000000000000000000000000000000000000000000000000080000000 00000000000000000000000000000000000000000000000000000000FFFFFFFF 
# 0000000000000000000000000000000000000000000000000000000000000000 0000000000000000000000000000000000000000000000000000000000000001 000000000000000000000000000000000000000000000000000000000000000A 0000000000000000000000000000000000000000000000000000000000000002 000000000000000000000000000000000000000000000000000000000000000B 000000000000000000000000000000000000000000000000000000007FFFFFFF 0000000000000000000000000000000000000000000000000000000080000000 00000000000000000000000000000000000000000000000000000000FFFFFFFF 
# Passed 4 verify instructions
# Passed 0 timeout monitored bus access instructions
# Success
# testLinesDeleteArray ended
# Ended at simulation time of 1044ns
# **********END*TESTCASE*testSuiteLines_testCaseLinesDeleteArray**********
# **********START*TESTCASE*testSuiteLines_testCaseLinesGetArray**********
# Started at simulation time of 1047ns
# testLinesGetArray started
# 0000000000000000000000000000000000000000000000000000000000000000 0000000000000000000000000000000000000000000000000000000000000001 000000000000000000000000000000000000000000000000000000000000000A 0000000000000000000000000000000000000000000000000000000000000002 000000000000000000000000000000000000000000000000000000000000000B 000000000000000000000000000000000000000000000000000000007FFFFFFF 0000000000000000000000000000000000000000000000000000000080000000 00000000000000000000000000000000000000000000000000000000FFFFFFFF 
# 0000000000000000000000000000000000000000000000000000000000000000 0000000000000000000000000000000000000000000000000000000000000001 000000000000000000000000000000000000000000000000000000000000000A 0000000000000000000000000000000000000000000000000000000000000002 000000000000000000000000000000000000000000000000000000000000000B 000000000000000000000000000000000000000000000000000000007FFFFFFF 0000000000000000000000000000000000000000000000000000000080000000 00000000000000000000000000000000000000000000000000000000FFFFFFFF 
# 0000000000000000000000000000000000000000000000000000000000000001 0000000000000000000000000000000000000000000000000000000000000001 000000000000000000000000000000000000000000000000000000000000000A 0000000000000000000000000000000000000000000000000000000000000002 000000000000000000000000000000000000000000000000000000000000000B 000000000000000000000000000000000000000000000000000000007FFFFFFF 0000000000000000000000000000000000000000000000000000000080000000 00000000000000000000000000000000000000000000000000000000FFFFFFFF 
# 0000000000000000000000000000000000000000000000000000000000000000 0000000000000000000000000000000000000000000000000000000000000001 000000000000000000000000000000000000000000000000000000000000000A 0000000000000000000000000000000000000000000000000000000000000002 000000000000000000000000000000000000000000000000000000000000000B 000000000000000000000000000000000000000000000000000000007FFFFFFF 0000000000000000000000000000000000000000000000000000000080000000 00000000000000000000000000000000000000000000000000000000FFFFFFFF 
# 0000000000000000000000000000000000000000000000000000000000000001 0000000000000000000000000000000000000000000000000000000000000001 000000000000000000000000000000000000000000000000000000000000000A 0000000000000000000000000000000000000000000000000000000000000002 000000000000000000000000000000000000000000000000000000000000000B 000000000000000000000000000000000000000000000000000000007FFFFFFF 0000000000000000000000000000000000000000000000000000000080000000 00000000000000000000000000000000000000000000000000000000FFFFFFFF 
# 0000000000000000000000000000000000000000000000000000000000000002 0000000000000000000000000000000000000000000000000000000000000001 000000000000000000000000000000000000000000000000000000000000000A 0000000000000000000000000000000000000000000000000000000000000002 000000000000000000000000000000000000000000000000000000000000000B 000000000000000000000000000000000000000000000000000000007FFFFFFF 0000000000000000000000000000000000000000000000000000000080000000 00000000000000000000000000000000000000000000000000000000FFFFFFFF 
# number_of_elements_got 0x8
# array: dump 
#  0x0 0x1 0xA 0x2 0xB 0x7FFFFFFF 0x80000000 0xFFFFFFFF
# number_of_elements_got 0x8
# array: dump 
#  0x1 0x1 0xA 0x2 0xB 0x7FFFFFFF 0x80000000 0xFFFFFFFF
# number_of_elements_got 0x8
# array: dump 
#  0x2 0x1 0xA 0x2 0xB 0x7FFFFFFF 0x80000000 0xFFFFFFFF
# Passed 25 verify instructions
# Passed 0 timeout monitored bus access instructions
# Success
# testLinesGetArray ended
# Ended at simulation time of 1074ns
# **********END*TESTCASE*testSuiteLines_testCaseLinesGetArray**********
# **********START*TESTCASE*testSuiteLines_testCaseLinesInsertArray**********
# Started at simulation time of 1077ns
# testLinesInsertArray started
# 0000000000000000000000000000000000000000000000000000000000000000 0000000000000000000000000000000000000000000000000000000000000001 000000000000000000000000000000000000000000000000000000000000000A 0000000000000000000000000000000000000000000000000000000000000002 000000000000000000000000000000000000000000000000000000000000000B 000000000000000000000000000000000000000000000000000000007FFFFFFF 0000000000000000000000000000000000000000000000000000000080000000 00000000000000000000000000000000000000000000000000000000FFFFFFFF 
# 0000000000000000000000000000000000000000000000000000000000000000 0000000000000000000000000000000000000000000000000000000000000001 000000000000000000000000000000000000000000000000000000000000000A 0000000000000000000000000000000000000000000000000000000000000002 000000000000000000000000000000000000000000000000000000000000000B 000000000000000000000000000000000000000000000000000000007FFFFFFF 0000000000000000000000000000000000000000000000000000000080000000 00000000000000000000000000000000000000000000000000000000FFFFFFFF 
# 0000000000000000000000000000000000000000000000000000000000000001 0000000000000000000000000000000000000000000000000000000000000001 000000000000000000000000000000000000000000000000000000000000000A 0000000000000000000000000000000000000000000000000000000000000002 000000000000000000000000000000000000000000000000000000000000000B 000000000000000000000000000000000000000000000000000000007FFFFFFF 0000000000000000000000000000000000000000000000000000000080000000 00000000000000000000000000000000000000000000000000000000FFFFFFFF 
# 0000000000000000000000000000000000000000000000000000000000000000 0000000000000000000000000000000000000000000000000000000000000001 000000000000000000000000000000000000000000000000000000000000000A 0000000000000000000000000000000000000000000000000000000000000002 000000000000000000000000000000000000000000000000000000000000000B 000000000000000000000000000000000000000000000000000000007FFFFFFF 0000000000000000000000000000000000000000000000000000000080000000 00000000000000000000000000000000000000000000000000000000FFFFFFFF 
# 0000000000000000000000000000000000000000000000000000000000000001 0000000000000000000000000000000000000000000000000000000000000001 000000000000000000000000000000000000000000000000000000000000000A 0000000000000000000000000000000000000000000000000000000000000002 000000000000000000000000000000000000000000000000000000000000000B 000000000000000000000000000000000000000000000000000000007FFFFFFF 0000000000000000000000000000000000000000000000000000000080000000 00000000000000000000000000000000000000000000000000000000FFFFFFFF 
# 0000000000000000000000000000000000000000000000000000000000000002 0000000000000000000000000000000000000000000000000000000000000001 000000000000000000000000000000000000000000000000000000000000000A 0000000000000000000000000000000000000000000000000000000000000002 000000000000000000000000000000000000000000000000000000000000000B 000000000000000000000000000000000000000000000000000000007FFFFFFF 0000000000000000000000000000000000000000000000000000000080000000 00000000000000000000000000000000000000000000000000000000FFFFFFFF 
# number_of_elements_got 0x8
# array: dump 
#  0x0 0x1 0xA 0x2 0xB 0x7FFFFFFF 0x80000000 0xFFFFFFFF
# number_of_elements_got 0x8
# array: dump 
#  0x1 0x1 0xA 0x2 0xB 0x7FFFFFFF 0x80000000 0xFFFFFFFF
# number_of_elements_got 0x8
# array: dump 
#  0x2 0x1 0xA 0x2 0xB 0x7FFFFFFF 0x80000000 0xFFFFFFFF
# 0000000000000000000000000000000000000000000000000000000000000000 0000000000000000000000000000000000000000000000000000000000000001 000000000000000000000000000000000000000000000000000000000000000A 0000000000000000000000000000000000000000000000000000000000000002 000000000000000000000000000000000000000000000000000000000000000B 000000000000000000000000000000000000000000000000000000007FFFFFFF 0000000000000000000000000000000000000000000000000000000080000000 00000000000000000000000000000000000000000000000000000000FFFFFFFF 
# 0000000000000000000000000000000000000000000000000000000000000003 0000000000000000000000000000000000000000000000000000000000000022 0000000000000000000000000000000000000000000000000000000000000033 0000000000000000000000000000000000000000000000000000000000000000 0000000000000000000000000000000000000000000000000000000012345678 0000000000000000000000000000000000000000000000000000000000000777 0000000000000000000000000000000000000000000000000000000000000800 0000000000000000000000000000000000000000000000000000000000000FFF 
# 0000000000000000000000000000000000000000000000000000000000000001 0000000000000000000000000000000000000000000000000000000000000001 000000000000000000000000000000000000000000000000000000000000000A 0000000000000000000000000000000000000000000000000000000000000002 000000000000000000000000000000000000000000000000000000000000000B 000000000000000000000000000000000000000000000000000000007FFFFFFF 0000000000000000000000000000000000000000000000000000000080000000 00000000000000000000000000000000000000000000000000000000FFFFFFFF 
# 0000000000000000000000000000000000000000000000000000000000000002 0000000000000000000000000000000000000000000000000000000000000001 000000000000000000000000000000000000000000000000000000000000000A 0000000000000000000000000000000000000000000000000000000000000002 000000000000000000000000000000000000000000000000000000000000000B 000000000000000000000000000000000000000000000000000000007FFFFFFF 0000000000000000000000000000000000000000000000000000000080000000 00000000000000000000000000000000000000000000000000000000FFFFFFFF 
# 6
# 0000000000000000000000000000000000000000000000000000000000000004 0000000000000000000000000000000000000000000000000000000000000022 0000000000000000000000000000000000000000000000000000000000000033 0000000000000000000000000000000000000000000000000000000000000000 0000000000000000000000000000000000000000000000000000000012345678 0000000000000000000000000000000000000000000000000000000000000777 0000000000000000000000000000000000000000000000000000000000000800 0000000000000000000000000000000000000000000000000000000000000FFF 
# 0000000000000000000000000000000000000000000000000000000000000000 0000000000000000000000000000000000000000000000000000000000000001 000000000000000000000000000000000000000000000000000000000000000A 0000000000000000000000000000000000000000000000000000000000000002 000000000000000000000000000000000000000000000000000000000000000B 000000000000000000000000000000000000000000000000000000007FFFFFFF 0000000000000000000000000000000000000000000000000000000080000000 00000000000000000000000000000000000000000000000000000000FFFFFFFF 
# 0000000000000000000000000000000000000000000000000000000000000003 0000000000000000000000000000000000000000000000000000000000000022 0000000000000000000000000000000000000000000000000000000000000033 0000000000000000000000000000000000000000000000000000000000000000 0000000000000000000000000000000000000000000000000000000012345678 0000000000000000000000000000000000000000000000000000000000000777 0000000000000000000000000000000000000000000000000000000000000800 0000000000000000000000000000000000000000000000000000000000000FFF 
# 0000000000000000000000000000000000000000000000000000000000000001 0000000000000000000000000000000000000000000000000000000000000001 000000000000000000000000000000000000000000000000000000000000000A 0000000000000000000000000000000000000000000000000000000000000002 000000000000000000000000000000000000000000000000000000000000000B 000000000000000000000000000000000000000000000000000000007FFFFFFF 0000000000000000000000000000000000000000000000000000000080000000 00000000000000000000000000000000000000000000000000000000FFFFFFFF 
# 0000000000000000000000000000000000000000000000000000000000000005 0000000000000000000000000000000000000000000000000000000000000022 0000000000000000000000000000000000000000000000000000000000000033 0000000000000000000000000000000000000000000000000000000000000000 0000000000000000000000000000000000000000000000000000000012345678 0000000000000000000000000000000000000000000000000000000000000777 0000000000000000000000000000000000000000000000000000000000000800 0000000000000000000000000000000000000000000000000000000000000FFF 
# 0000000000000000000000000000000000000000000000000000000000000002 0000000000000000000000000000000000000000000000000000000000000001 000000000000000000000000000000000000000000000000000000000000000A 0000000000000000000000000000000000000000000000000000000000000002 000000000000000000000000000000000000000000000000000000000000000B 000000000000000000000000000000000000000000000000000000007FFFFFFF 0000000000000000000000000000000000000000000000000000000080000000 00000000000000000000000000000000000000000000000000000000FFFFFFFF 
# number_of_elements_got 0x8
# array: dump 
#  0x0 0x1 0xA 0x2 0xB 0x7FFFFFFF 0x80000000 0xFFFFFFFF
# number_of_elements_got 0x8
# array: dump 
#  0x1 0x1 0xA 0x2 0xB 0x7FFFFFFF 0x80000000 0xFFFFFFFF
# number_of_elements_got 0x8
# array: dump 
#  0x2 0x1 0xA 0x2 0xB 0x7FFFFFFF 0x80000000 0xFFFFFFFF
# number_of_elements_got 0x8
# array: dump 
#  0x4 0x22 0x33 0x0 0x12345678 0x777 0x800 0xFFF
# number_of_elements_got 0x8
# array: dump 
#  0x3 0x22 0x33 0x0 0x12345678 0x777 0x800 0xFFF
# number_of_elements_got 0x8
# array: dump 
#  0x5 0x22 0x33 0x0 0x12345678 0x777 0x800 0xFFF
# Passed 74 verify instructions
# Passed 0 timeout monitored bus access instructions
# Success
# testLinesInsertArray ended
# Ended at simulation time of 1142ns
# **********END*TESTCASE*testSuiteLines_testCaseLinesInsertArray**********
# **********START*TESTCASE*testSuiteLines_testCaseLinesInsertText**********
# Started at simulation time of 1145ns
# testLinesInsertText started
# line 0
# line 1
# line 2
# line insert 1
# line 0
# line 1
# line 2
# line insert 1
# line insert 0
# line 0
# line 1
# line 2
# line insert 1
# line insert 0
# line 0
# line 1
# line insert 4
# line 2
# Passed 4 verify instructions
# Passed 0 timeout monitored bus access instructions
# Success
# testLinesInsertText ended
# Ended at simulation time of 1153ns
# **********END*TESTCASE*testSuiteLines_testCaseLinesInsertText**********
# **********START*TESTCASE*testSuiteLines_testCaseLinesPointerCopy**********
# Started at simulation time of 1157ns
# testLinesPointerCopy started
# 0000000000000000000000000000000000000000000000000000000000000000 0000000000000000000000000000000000000000000000000000000000000001 000000000000000000000000000000000000000000000000000000000000000A 0000000000000000000000000000000000000000000000000000000000000002 000000000000000000000000000000000000000000000000000000000000000B 000000000000000000000000000000000000000000000000000000007FFFFFFF 0000000000000000000000000000000000000000000000000000000080000000 00000000000000000000000000000000000000000000000000000000FFFFFFFF 
# 0000000000000000000000000000000000000000000000000000000000000001 0000000000000000000000000000000000000000000000000000000000000001 000000000000000000000000000000000000000000000000000000000000000A 0000000000000000000000000000000000000000000000000000000000000002 000000000000000000000000000000000000000000000000000000000000000B 000000000000000000000000000000000000000000000000000000007FFFFFFF 0000000000000000000000000000000000000000000000000000000080000000 00000000000000000000000000000000000000000000000000000000FFFFFFFF 
# 0000000000000000000000000000000000000000000000000000000000000002 0000000000000000000000000000000000000000000000000000000000000001 000000000000000000000000000000000000000000000000000000000000000A 0000000000000000000000000000000000000000000000000000000000000002 000000000000000000000000000000000000000000000000000000000000000B 000000000000000000000000000000000000000000000000000000007FFFFFFF 0000000000000000000000000000000000000000000000000000000080000000 00000000000000000000000000000000000000000000000000000000FFFFFFFF 
# 0000000000000000000000000000000000000000000000000000000000000000 0000000000000000000000000000000000000000000000000000000000000001 000000000000000000000000000000000000000000000000000000000000000A 0000000000000000000000000000000000000000000000000000000000000002 000000000000000000000000000000000000000000000000000000000000000B 000000000000000000000000000000000000000000000000000000007FFFFFFF 0000000000000000000000000000000000000000000000000000000080000000 00000000000000000000000000000000000000000000000000000000FFFFFFFF 
# 0000000000000000000000000000000000000000000000000000000000000001 0000000000000000000000000000000000000000000000000000000000000001 000000000000000000000000000000000000000000000000000000000000000A 0000000000000000000000000000000000000000000000000000000000000002 000000000000000000000000000000000000000000000000000000000000000B 000000000000000000000000000000000000000000000000000000007FFFFFFF 0000000000000000000000000000000000000000000000000000000080000000 00000000000000000000000000000000000000000000000000000000FFFFFFFF 
# 0000000000000000000000000000000000000000000000000000000000000002 0000000000000000000000000000000000000000000000000000000000000001 000000000000000000000000000000000000000000000000000000000000000A 0000000000000000000000000000000000000000000000000000000000000002 000000000000000000000000000000000000000000000000000000000000000B 000000000000000000000000000000000000000000000000000000007FFFFFFF 0000000000000000000000000000000000000000000000000000000080000000 00000000000000000000000000000000000000000000000000000000FFFFFFFF 
# 0000000000000000000000000000000000000000000000000000000000000000 0000000000000000000000000000000000000000000000000000000000000001 000000000000000000000000000000000000000000000000000000000000000A 0000000000000000000000000000000000000000000000000000000000000002 000000000000000000000000000000000000000000000000000000000000000B 000000000000000000000000000000000000000000000000000000007FFFFFFF 0000000000000000000000000000000000000000000000000000000080000000 00000000000000000000000000000000000000000000000000000000FFFFFFFF 
# 0000000000000000000000000000000000000000000000000000000000000001 0000000000000000000000000000000000000000000000000000000000000001 000000000000000000000000000000000000000000000000000000000000000A 0000000000000000000000000000000000000000000000000000000000000002 000000000000000000000000000000000000000000000000000000000000000B 000000000000000000000000000000000000000000000000000000007FFFFFFF 0000000000000000000000000000000000000000000000000000000080000000 00000000000000000000000000000000000000000000000000000000FFFFFFFF 
# 0000000000000000000000000000000000000000000000000000000000000002 0000000000000000000000000000000000000000000000000000000000000001 000000000000000000000000000000000000000000000000000000000000000A 0000000000000000000000000000000000000000000000000000000000000002 000000000000000000000000000000000000000000000000000000000000000B 000000000000000000000000000000000000000000000000000000007FFFFFFF 0000000000000000000000000000000000000000000000000000000080000000 00000000000000000000000000000000000000000000000000000000FFFFFFFF 
# 0000000000000000000000000000000000000000000000000000000000000000 0000000000000000000000000000000000000000000000000000000000000001 000000000000000000000000000000000000000000000000000000000000000A 0000000000000000000000000000000000000000000000000000000000000002 000000000000000000000000000000000000000000000000000000000000000B 000000000000000000000000000000000000000000000000000000007FFFFFFF 0000000000000000000000000000000000000000000000000000000080000000 00000000000000000000000000000000000000000000000000000000FFFFFFFF 
# 0000000000000000000000000000000000000000000000000000000000000001 0000000000000000000000000000000000000000000000000000000000000001 000000000000000000000000000000000000000000000000000000000000000A 0000000000000000000000000000000000000000000000000000000000000002 000000000000000000000000000000000000000000000000000000000000000B 000000000000000000000000000000000000000000000000000000007FFFFFFF 0000000000000000000000000000000000000000000000000000000080000000 00000000000000000000000000000000000000000000000000000000FFFFFFFF 
# 0000000000000000000000000000000000000000000000000000000000000002 0000000000000000000000000000000000000000000000000000000000000001 000000000000000000000000000000000000000000000000000000000000000A 0000000000000000000000000000000000000000000000000000000000000002 000000000000000000000000000000000000000000000000000000000000000B 000000000000000000000000000000000000000000000000000000007FFFFFFF 0000000000000000000000000000000000000000000000000000000080000000 00000000000000000000000000000000000000000000000000000000FFFFFFFF 
# 00000000000000000000000000000000000000000000000000000000AFAFAFEE 0000000000000000000000000000000000000000000000000000000000000001 000000000000000000000000000000000000000000000000000000000000000A 0000000000000000000000000000000000000000000000000000000000000002 000000000000000000000000000000000000000000000000000000000000000B 000000000000000000000000000000000000000000000000000000007FFFFFFF 0000000000000000000000000000000000000000000000000000000080000000 00000000000000000000000000000000000000000000000000000000FFFFFFFF 
# 0000000000000000000000000000000000000000000000000000000000000000 0000000000000000000000000000000000000000000000000000000000000001 000000000000000000000000000000000000000000000000000000000000000A 0000000000000000000000000000000000000000000000000000000000000002 000000000000000000000000000000000000000000000000000000000000000B 000000000000000000000000000000000000000000000000000000007FFFFFFF 0000000000000000000000000000000000000000000000000000000080000000 00000000000000000000000000000000000000000000000000000000FFFFFFFF 
# 0000000000000000000000000000000000000000000000000000000000000001 0000000000000000000000000000000000000000000000000000000000000001 000000000000000000000000000000000000000000000000000000000000000A 0000000000000000000000000000000000000000000000000000000000000002 000000000000000000000000000000000000000000000000000000000000000B 000000000000000000000000000000000000000000000000000000007FFFFFFF 0000000000000000000000000000000000000000000000000000000080000000 00000000000000000000000000000000000000000000000000000000FFFFFFFF 
# 0000000000000000000000000000000000000000000000000000000000000002 0000000000000000000000000000000000000000000000000000000000000001 000000000000000000000000000000000000000000000000000000000000000A 0000000000000000000000000000000000000000000000000000000000000002 000000000000000000000000000000000000000000000000000000000000000B 000000000000000000000000000000000000000000000000000000007FFFFFFF 0000000000000000000000000000000000000000000000000000000080000000 00000000000000000000000000000000000000000000000000000000FFFFFFFF 
# 00000000000000000000000000000000000000000000000000000000AFAFAFEE 0000000000000000000000000000000000000000000000000000000000000001 000000000000000000000000000000000000000000000000000000000000000A 0000000000000000000000000000000000000000000000000000000000000002 000000000000000000000000000000000000000000000000000000000000000B 000000000000000000000000000000000000000000000000000000007FFFFFFF 0000000000000000000000000000000000000000000000000000000080000000 00000000000000000000000000000000000000000000000000000000FFFFFFFF 
# Passed 6 verify instructions
# Passed 0 timeout monitored bus access instructions
# Success
# testLinesPointerCopy ended
# Ended at simulation time of 1166ns
# **********END*TESTCASE*testSuiteLines_testCaseLinesPointerCopy**********
# **********START*TESTCASE*testSuiteLines_testCaseLinesSetArray**********
# Started at simulation time of 1170ns
# testLinesSetArray started
# 0000000000000000000000000000000000000000000000000000000000000000 0000000000000000000000000000000000000000000000000000000000000001 000000000000000000000000000000000000000000000000000000000000000A 0000000000000000000000000000000000000000000000000000000000000002 000000000000000000000000000000000000000000000000000000000000000B 000000000000000000000000000000000000000000000000000000007FFFFFFF 0000000000000000000000000000000000000000000000000000000080000000 00000000000000000000000000000000000000000000000000000000FFFFFFFF 
# 0000000000000000000000000000000000000000000000000000000000000000 0000000000000000000000000000000000000000000000000000000000000001 000000000000000000000000000000000000000000000000000000000000000A 0000000000000000000000000000000000000000000000000000000000000002 000000000000000000000000000000000000000000000000000000000000000B 000000000000000000000000000000000000000000000000000000007FFFFFFF 0000000000000000000000000000000000000000000000000000000080000000 00000000000000000000000000000000000000000000000000000000FFFFFFFF 
# 0000000000000000000000000000000000000000000000000000000000000001 0000000000000000000000000000000000000000000000000000000000000001 000000000000000000000000000000000000000000000000000000000000000A 0000000000000000000000000000000000000000000000000000000000000002 000000000000000000000000000000000000000000000000000000000000000B 000000000000000000000000000000000000000000000000000000007FFFFFFF 0000000000000000000000000000000000000000000000000000000080000000 00000000000000000000000000000000000000000000000000000000FFFFFFFF 
# 0000000000000000000000000000000000000000000000000000000000000000 0000000000000000000000000000000000000000000000000000000000000001 000000000000000000000000000000000000000000000000000000000000000A 0000000000000000000000000000000000000000000000000000000000000002 000000000000000000000000000000000000000000000000000000000000000B 000000000000000000000000000000000000000000000000000000007FFFFFFF 0000000000000000000000000000000000000000000000000000000080000000 00000000000000000000000000000000000000000000000000000000FFFFFFFF 
# 0000000000000000000000000000000000000000000000000000000000000001 0000000000000000000000000000000000000000000000000000000000000001 000000000000000000000000000000000000000000000000000000000000000A 0000000000000000000000000000000000000000000000000000000000000002 000000000000000000000000000000000000000000000000000000000000000B 000000000000000000000000000000000000000000000000000000007FFFFFFF 0000000000000000000000000000000000000000000000000000000080000000 00000000000000000000000000000000000000000000000000000000FFFFFFFF 
# 0000000000000000000000000000000000000000000000000000000000000002 0000000000000000000000000000000000000000000000000000000000000001 000000000000000000000000000000000000000000000000000000000000000A 0000000000000000000000000000000000000000000000000000000000000002 000000000000000000000000000000000000000000000000000000000000000B 000000000000000000000000000000000000000000000000000000007FFFFFFF 0000000000000000000000000000000000000000000000000000000080000000 00000000000000000000000000000000000000000000000000000000FFFFFFFF 
# number_of_elements_got 0x8
# array: dump 
#  0x0 0x1 0xA 0x2 0xB 0x7FFFFFFF 0x80000000 0xFFFFFFFF
# number_of_elements_got 0x8
# array: dump 
#  0x1 0x1 0xA 0x2 0xB 0x7FFFFFFF 0x80000000 0xFFFFFFFF
# number_of_elements_got 0x8
# array: dump 
#  0x2 0x1 0xA 0x2 0xB 0x7FFFFFFF 0x80000000 0xFFFFFFFF
# 0000000000000000000000000000000000000000000000000000000000000000 0000000000000000000000000000000000000000000000000000000000000001 000000000000000000000000000000000000000000000000000000000000000A 0000000000000000000000000000000000000000000000000000000000000002 000000000000000000000000000000000000000000000000000000000000000B 000000000000000000000000000000000000000000000000000000007FFFFFFF 0000000000000000000000000000000000000000000000000000000080000000 00000000000000000000000000000000000000000000000000000000FFFFFFFF 
# 0000000000000000000000000000000000000000000000000000000000000003 0000000000000000000000000000000000000000000000000000000000000022 0000000000000000000000000000000000000000000000000000000000000033 0000000000000000000000000000000000000000000000000000000000000000 0000000000000000000000000000000000000000000000000000000012345678 0000000000000000000000000000000000000000000000000000000000000777 0000000000000000000000000000000000000000000000000000000000000800 0000000000000000000000000000000000000000000000000000000000000FFF 
# 0000000000000000000000000000000000000000000000000000000000000002 0000000000000000000000000000000000000000000000000000000000000001 000000000000000000000000000000000000000000000000000000000000000A 0000000000000000000000000000000000000000000000000000000000000002 000000000000000000000000000000000000000000000000000000000000000B 000000000000000000000000000000000000000000000000000000007FFFFFFF 0000000000000000000000000000000000000000000000000000000080000000 00000000000000000000000000000000000000000000000000000000FFFFFFFF 
# number_of_elements_got 0x8
# array: dump 
#  0x0 0x1 0xA 0x2 0xB 0x7FFFFFFF 0x80000000 0xFFFFFFFF
# number_of_elements_got 0x8
# array: dump 
#  0x3 0x22 0x33 0x0 0x12345678 0x777 0x800 0xFFF
# number_of_elements_got 0x8
# array: dump 
#  0x2 0x1 0xA 0x2 0xB 0x7FFFFFFF 0x80000000 0xFFFFFFFF
# number_of_elements_got 0x8
# array: dump 
#  0x0 0x1 0xA 0x2 0xB 0x7FFFFFFF 0x80000000 0xFFFFFFFF
# number_of_elements_got 0x8
# array: dump 
#  0x3 0x22 0x33 0x0 0x12345678 0x777 0x800 0xFFF
# number_of_elements_got 0x8
# array: dump 
#  0x2 0x1 0xA 0x2 0xB 0x7FFFFFFF 0x80000000 0xFFFFFFFF
# Passed 50 verify instructions
# Passed 0 timeout monitored bus access instructions
# Success
# testLinesSetArray ended
# Ended at simulation time of 1231ns
# **********END*TESTCASE*testSuiteLines_testCaseLinesSetArray**********
# **********START*TESTCASE*testSuiteLines_testCaseLinesSetText**********
# Started at simulation time of 1234ns
# testLinesSetText started
# line 1
# line 2
# line 3
# line set 1
# line set 2
# line set 3
# Passed 2 verify instructions
# Passed 0 timeout monitored bus access instructions
# Success
# testLinesSetText ended
# Ended at simulation time of 1242ns
# **********END*TESTCASE*testSuiteLines_testCaseLinesSetText**********
# **********START*TESTCASE*testSuiteLines_testCaseLinesSize**********
# Started at simulation time of 1245ns
# testLinesSize started
# 0000000000000000000000000000000000000000000000000000000000000000 0000000000000000000000000000000000000000000000000000000000000001 000000000000000000000000000000000000000000000000000000000000000A 0000000000000000000000000000000000000000000000000000000000000002 000000000000000000000000000000000000000000000000000000000000000B 000000000000000000000000000000000000000000000000000000007FFFFFFF 0000000000000000000000000000000000000000000000000000000080000000 00000000000000000000000000000000000000000000000000000000FFFFFFFF 
# 0000000000000000000000000000000000000000000000000000000000000001 0000000000000000000000000000000000000000000000000000000000000001 000000000000000000000000000000000000000000000000000000000000000A 0000000000000000000000000000000000000000000000000000000000000002 000000000000000000000000000000000000000000000000000000000000000B 000000000000000000000000000000000000000000000000000000007FFFFFFF 0000000000000000000000000000000000000000000000000000000080000000 00000000000000000000000000000000000000000000000000000000FFFFFFFF 
# 0000000000000000000000000000000000000000000000000000000000000002 0000000000000000000000000000000000000000000000000000000000000001 000000000000000000000000000000000000000000000000000000000000000A 0000000000000000000000000000000000000000000000000000000000000002 000000000000000000000000000000000000000000000000000000000000000B 000000000000000000000000000000000000000000000000000000007FFFFFFF 0000000000000000000000000000000000000000000000000000000080000000 00000000000000000000000000000000000000000000000000000000FFFFFFFF 
# lines size is 0x3
# Passed 3 verify instructions
# Passed 0 timeout monitored bus access instructions
# Success
# testLinesSize ended
# Ended at simulation time of 1254ns
# **********END*TESTCASE*testSuiteLines_testCaseLinesSize**********
# Main test suite Lines ended
# ** Note: Verify passes 172
#    Time: 2256800 ps  Iteration: 0  Instance: /tbtop/i_tb_simstm
# ** Note: Timeout monitored bus access passes 0
#    Time: 2256800 ps  Iteration: 0  Instance: /tbtop/i_tb_simstm
# ** Note: SUCCESS
#    Time: 2256800 ps  Iteration: 0  Instance: /tbtop/i_tb_simstm
# ** Note: Test finished
#    Time: 2256800 ps  Iteration: 0  Instance: /tbtop/i_tb_simstm
# End time: 07:38:41 on Jan 15,2025, Elapsed time: 0:00:10
# Errors: 0, Warnings: 5
</system-out>
      <system-err/>
      <testcase name="testSuiteLines_testCaseLinesSize" assertions="3" classname="testSuiteLines" file="TestSuites/TestSuiteLines.stm" line="TestSuites/TestSuiteLines.stm" time="0.098003">
         <properties>
            <property name="SimulatedStartTime" value="1245"/>
            <property name="SimulatedEndTime" value="1254"/>
            <property name="SimulatedDuration" value="9"/>
         </properties>
      </testcase>
      <testcase name="testSuiteLines_testCaseLinesPointerCopy" assertions="6" classname="testSuiteLines" file="TestSuites/TestSuiteLines.stm" line="TestSuites/TestSuiteLines.stm" time="0.101004">
         <properties>
            <property name="SimulatedStartTime" value="1157"/>
            <property name="SimulatedEndTime" value="1166"/>
            <property name="SimulatedDuration" value="9"/>
         </properties>
      </testcase>
      <testcase name="testSuiteLines_testCaseLinesSetArray" assertions="50" classname="testSuiteLines" file="TestSuites/TestSuiteLines.stm" line="TestSuites/TestSuiteLines.stm" time="1.005031">
         <properties>
            <property name="SimulatedStartTime" value="1170"/>
            <property name="SimulatedEndTime" value="1231"/>
            <property name="SimulatedDuration" value="61"/>
         </properties>
      </testcase>
      <testcase name="testSuiteLines_testCaseLinesDeleteArray" assertions="4" classname="testSuiteLines" file="TestSuites/TestSuiteLines.stm" line="TestSuites/TestSuiteLines.stm" time="0.006001">
         <properties>
            <property name="SimulatedStartTime" value="1035"/>
            <property name="SimulatedEndTime" value="1044"/>
            <property name="SimulatedDuration" value="9"/>
         </properties>
      </testcase>
      <testcase name="testSuiteLines_testCaseLinesAppendArray" assertions="1" classname="testSuiteLines" file="TestSuites/TestSuiteLines.stm" line="TestSuites/TestSuiteLines.stm" time="0.099003">
         <properties>
            <property name="SimulatedStartTime" value="1002"/>
            <property name="SimulatedEndTime" value="1010"/>
            <property name="SimulatedDuration" value="8"/>
         </properties>
      </testcase>
      <testcase name="testSuiteLines_testCaseLinesDeleteAllArray" assertions="2" classname="testSuiteLines" file="TestSuites/TestSuiteLines.stm" line="TestSuites/TestSuiteLines.stm" time="0.099003">
         <properties>
            <property name="SimulatedStartTime" value="1023"/>
            <property name="SimulatedEndTime" value="1032"/>
            <property name="SimulatedDuration" value="9"/>
         </properties>
      </testcase>
      <testcase name="testSuiteLines_testCaseLinesSetText" assertions="2" classname="testSuiteLines" file="TestSuites/TestSuiteLines.stm" line="TestSuites/TestSuiteLines.stm" time="0.098003">
         <properties>
            <property name="SimulatedStartTime" value="1234"/>
            <property name="SimulatedEndTime" value="1242"/>
            <property name="SimulatedDuration" value="8"/>
         </properties>
      </testcase>
      <testcase name="testSuiteLines_testCaseLinesGetArray" assertions="25" classname="testSuiteLines" file="TestSuites/TestSuiteLines.stm" line="TestSuites/TestSuiteLines.stm" time="0.417013">
         <properties>
            <property name="SimulatedStartTime" value="1047"/>
            <property name="SimulatedEndTime" value="1074"/>
            <property name="SimulatedDuration" value="27"/>
         </properties>
      </testcase>
      <testcase name="testSuiteLines_testCaseLinesInsertArray" assertions="74" classname="testSuiteLines" file="TestSuites/TestSuiteLines.stm" line="TestSuites/TestSuiteLines.stm" time="1.009031">
         <properties>
            <property name="SimulatedStartTime" value="1077"/>
            <property name="SimulatedEndTime" value="1142"/>
            <property name="SimulatedDuration" value="65"/>
         </properties>
      </testcase>
      <testcase name="testSuiteLines_testCaseLinesAppendText" assertions="1" classname="testSuiteLines" file="TestSuites/TestSuiteLines.stm" line="TestSuites/TestSuiteLines.stm" time="0.102003">
         <properties>
            <property name="SimulatedStartTime" value="1013"/>
            <property name="SimulatedEndTime" value="1020"/>
            <property name="SimulatedDuration" value="7"/>
         </properties>
      </testcase>
      <testcase name="testSuiteLines_testCaseLinesInsertText" assertions="4" classname="testSuiteLines" file="TestSuites/TestSuiteLines.stm" line="TestSuites/TestSuiteLines.stm" time="0.104004">
         <properties>
            <property name="SimulatedStartTime" value="1145"/>
            <property name="SimulatedEndTime" value="1153"/>
            <property name="SimulatedDuration" value="8"/>
         </properties>
      </testcase>
   </testsuite>
   <testsuite name="testSuiteInterrupt" tests="1" skipped="0" errors="0" failures="0" assertions="2" timestamp="2025-01-15T07:38:43.645439" time="0.228007" file="TestSuites/TestSuiteInterrupt.stm">
      <system-out># vsim -t ps -L work work.tbTop -batch -gstimulus_path=/home/vagrant/git/tutorial/tutorial-hxs-bitfield-register-pulse-generator-plain/submodules/simstm/tb/simstm/ -gstimulus_file=testMainSuiteInterrupt.stm -gstimulus_main_entry_label=$testMainSuiteInterrupt -do &quot;run_all.do&quot; 
# Start time: 07:38:31 on Jan 15,2025
# ** Note: (vsim-3812) Design is being optimized...
# ** Warning: (vopt-6) -- Waiting for lock by &quot;vagrant@vagrant-box, pid = 292981&quot;. Lockfile is &quot;/home/vagrant/git/tutorial/tutorial-hxs-bitfield-register-pulse-generator-plain/submodules/simstm/simulation/modelsim/work/work/_lock&quot;.
# ** Warning: (vopt-6) -- Waiting for lock by &quot;vagrant@vagrant-box, pid = 293075&quot;. Lockfile is &quot;/home/vagrant/git/tutorial/tutorial-hxs-bitfield-register-pulse-generator-plain/submodules/simstm/simulation/modelsim/work/work/_lock&quot;.
# ** Warning: (vopt-2009) At least one design unit was compiled with optimization level -O0 or -O1.
# Use vdir -l command to find such design units.
# ** Note: (vsim-12126) Error and warning message counts have been restored: Errors=0, Warnings=3.
# //  Questa Intel Starter FPGA Edition-64
# //  Version 2023.3 linux_x86_64 Jul 17 2023
# //
# //  Copyright 1991-2023 Mentor Graphics Corporation
# //  All Rights Reserved.
# //
# //  QuestaSim and its associated documentation contain trade
# //  secrets and commercial or financial information that are the property of
# //  Mentor Graphics Corporation and are privileged, confidential,
# //  and exempt from disclosure under the Freedom of Information Act,
# //  5 U.S.C. Section 552. Furthermore, this information
# //  is prohibited from disclosure under the Trade Secrets Act,
# //  18 U.S.C. Section 1905.
# //
# Loading std.standard
# Loading std.textio(body)
# Loading ieee.std_logic_1164(body)
# Loading ieee.numeric_std(body)
# Loading ieee.math_real(body)
# Loading work.tb_base_pkg(body)
# Loading work.tb_bus_avalon_32_pkg(body)
# Loading work.tb_bus_axi4lite_32_pkg(body)
# Loading work.tb_bus_wishbone_32_pkg(body)
# Loading work.tb_bus_wishbone_64_pkg(body)
# Loading work.tb_bus_wishbone_128_pkg(body)
# Loading work.tb_bus_wishbone_256_pkg(body)
# Loading work.tb_bus_avalon_64_pkg(body)
# Loading work.tb_bus_ram_32_pkg(body)
# Loading work.tb_bus_pkg(body)
# Loading work.tb_signals_pkg(body)
# Loading work.basic(body)
# Loading std.env(body)
# Loading work.tb_instructions_pkg(body)
# Loading work.tb_interpreter_pkg(body)
# Loading work.tbtop(behavioural)#1
# Loading work.tb_simstm(behavioural)#1
# Loading work.ramavalon(simulation)#1
# Loading work.ramavalon(simulation)#2
# 
# do run_all.do
# ** Warning: NUMERIC_STD.TO_INTEGER: metavalue detected, returning 0
#    Time: 0 ps  Iteration: 0  Instance: /tbtop/i_Ram32
# ** Warning: NUMERIC_STD.TO_INTEGER: metavalue detected, returning 0
#    Time: 0 ps  Iteration: 0  Instance: /tbtop/i_RamAxi4Lite_32
# include found: loading file /home/vagrant/git/tutorial/tutorial-hxs-bitfield-register-pulse-generator-plain/submodules/simstm/tb/simstm/Common/Common.stm
# nested include found in : /home/vagrant/git/tutorial/tutorial-hxs-bitfield-register-pulse-generator-plain/submodules/simstm/tb/simstm/Common/Common.stm
# nested include found: loading file /home/vagrant/git/tutorial/tutorial-hxs-bitfield-register-pulse-generator-plain/submodules/simstm/tb/simstm/Base/Base.stm
# nested include found in : /home/vagrant/git/tutorial/tutorial-hxs-bitfield-register-pulse-generator-plain/submodules/simstm/tb/simstm/Common/Common.stm
# nested include found: loading file /home/vagrant/git/tutorial/tutorial-hxs-bitfield-register-pulse-generator-plain/submodules/simstm/tb/simstm/TestCase/TestCase.stm
# include found: loading file /home/vagrant/git/tutorial/tutorial-hxs-bitfield-register-pulse-generator-plain/submodules/simstm/tb/simstm/Interrupt/interrupt.stm
# include found: loading file /home/vagrant/git/tutorial/tutorial-hxs-bitfield-register-pulse-generator-plain/submodules/simstm/tb/simstm/TestSuites/TestSuiteInterrupt.stm
# ** Warning: NUMERIC_STD.&quot;&gt;&quot;: metavalue detected, returning FALSE
#    Time: 0 ps  Iteration: 2  Instance: /tbtop/i_tb_simstm
# Main test suite Interrupt started
# **********START*TESTCASE*testSuiteInterrupt_testCaseInterrupt**********
# Started at simulation time of 1002ns
# testInterrupt started
# InterruptA happened
# InterruptB happened
# Passed 2 verify instructions
# Passed 0 timeout monitored bus access instructions
# Success
# testInterrupt ended
# Ended at simulation time of 3110ns
# **********END*TESTCASE*testSuiteInterrupt_testCaseInterrupt**********
# Main test suite Interrupt ended
# ** Note: Verify passes 2
#    Time: 4113100 ps  Iteration: 0  Instance: /tbtop/i_tb_simstm
# ** Note: Timeout monitored bus access passes 0
#    Time: 4113100 ps  Iteration: 0  Instance: /tbtop/i_tb_simstm
# ** Note: SUCCESS
#    Time: 4113100 ps  Iteration: 0  Instance: /tbtop/i_tb_simstm
# ** Note: Test finished
#    Time: 4113100 ps  Iteration: 0  Instance: /tbtop/i_tb_simstm
# End time: 07:38:43 on Jan 15,2025, Elapsed time: 0:00:12
# Errors: 0, Warnings: 6
</system-out>
      <system-err/>
      <testcase name="testSuiteInterrupt_testCaseInterrupt" assertions="2" classname="testSuiteInterrupt" file="TestSuites/TestSuiteInterrupt.stm" line="TestSuites/TestSuiteInterrupt.stm" time="0.228007">
         <properties>
            <property name="SimulatedStartTime" value="1002"/>
            <property name="SimulatedEndTime" value="3110"/>
            <property name="SimulatedDuration" value="2108"/>
         </properties>
      </testcase>
   </testsuite>
   <testsuite name="testSuiteOther" tests="10" skipped="0" errors="0" failures="0" assertions="0" timestamp="2025-01-15T07:38:44.970481" time="0.103003" file="TestSuites/TestSuiteOther.stm">
      <system-out># vsim -t ps -L work work.tbTop -batch -gstimulus_path=/home/vagrant/git/tutorial/tutorial-hxs-bitfield-register-pulse-generator-plain/submodules/simstm/tb/simstm/ -gstimulus_file=testMainSuiteOther.stm -gstimulus_main_entry_label=$testMainSuiteOther -do &quot;run_all.do&quot; 
# Start time: 07:38:31 on Jan 15,2025
# ** Note: (vsim-3812) Design is being optimized...
# ** Warning: (vopt-6) -- Waiting for lock by &quot;vagrant@vagrant-box, pid = 292981&quot;. Lockfile is &quot;/home/vagrant/git/tutorial/tutorial-hxs-bitfield-register-pulse-generator-plain/submodules/simstm/simulation/modelsim/work/work/_lock&quot;.
# ** Warning: (vopt-6) -- Waiting for lock by &quot;vagrant@vagrant-box, pid = 293075&quot;. Lockfile is &quot;/home/vagrant/git/tutorial/tutorial-hxs-bitfield-register-pulse-generator-plain/submodules/simstm/simulation/modelsim/work/work/_lock&quot;.
# ** Warning: (vopt-6) -- Waiting for lock by &quot;vagrant@vagrant-box, pid = 293176&quot;. Lockfile is &quot;/home/vagrant/git/tutorial/tutorial-hxs-bitfield-register-pulse-generator-plain/submodules/simstm/simulation/modelsim/work/work/_lock&quot;.
# ** Warning: (vopt-2009) At least one design unit was compiled with optimization level -O0 or -O1.
# Use vdir -l command to find such design units.
# ** Note: (vsim-12126) Error and warning message counts have been restored: Errors=0, Warnings=4.
# //  Questa Intel Starter FPGA Edition-64
# //  Version 2023.3 linux_x86_64 Jul 17 2023
# //
# //  Copyright 1991-2023 Mentor Graphics Corporation
# //  All Rights Reserved.
# //
# //  QuestaSim and its associated documentation contain trade
# //  secrets and commercial or financial information that are the property of
# //  Mentor Graphics Corporation and are privileged, confidential,
# //  and exempt from disclosure under the Freedom of Information Act,
# //  5 U.S.C. Section 552. Furthermore, this information
# //  is prohibited from disclosure under the Trade Secrets Act,
# //  18 U.S.C. Section 1905.
# //
# Loading std.standard
# Loading std.textio(body)
# Loading ieee.std_logic_1164(body)
# Loading ieee.numeric_std(body)
# Loading ieee.math_real(body)
# Loading work.tb_base_pkg(body)
# Loading work.tb_bus_avalon_32_pkg(body)
# Loading work.tb_bus_axi4lite_32_pkg(body)
# Loading work.tb_bus_wishbone_32_pkg(body)
# Loading work.tb_bus_wishbone_64_pkg(body)
# Loading work.tb_bus_wishbone_128_pkg(body)
# Loading work.tb_bus_wishbone_256_pkg(body)
# Loading work.tb_bus_avalon_64_pkg(body)
# Loading work.tb_bus_ram_32_pkg(body)
# Loading work.tb_bus_pkg(body)
# Loading work.tb_signals_pkg(body)
# Loading work.basic(body)
# Loading std.env(body)
# Loading work.tb_instructions_pkg(body)
# Loading work.tb_interpreter_pkg(body)
# Loading work.tbtop(behavioural)#1
# Loading work.tb_simstm(behavioural)#1
# Loading work.ramavalon(simulation)#1
# Loading work.ramavalon(simulation)#2
# 
# do run_all.do
# ** Warning: NUMERIC_STD.TO_INTEGER: metavalue detected, returning 0
#    Time: 0 ps  Iteration: 0  Instance: /tbtop/i_Ram32
# ** Warning: NUMERIC_STD.TO_INTEGER: metavalue detected, returning 0
#    Time: 0 ps  Iteration: 0  Instance: /tbtop/i_RamAxi4Lite_32
# include found: loading file /home/vagrant/git/tutorial/tutorial-hxs-bitfield-register-pulse-generator-plain/submodules/simstm/tb/simstm/Common/Common.stm
# nested include found in : /home/vagrant/git/tutorial/tutorial-hxs-bitfield-register-pulse-generator-plain/submodules/simstm/tb/simstm/Common/Common.stm
# nested include found: loading file /home/vagrant/git/tutorial/tutorial-hxs-bitfield-register-pulse-generator-plain/submodules/simstm/tb/simstm/Base/Base.stm
[...]
         </properties>
      </testcase>
      <testcase name="testSuiteIndexedBus_6_testCaseBus32TimeOutRead_0" assertions="2" classname="testSuiteIndexedBus_6" file="TestSuites/TestSuiteIndexedBus.stm" line="TestSuites/TestSuiteIndexedBus.stm" time="0.115004">
         <properties>
            <property name="SimulatedStartTime" value="11552"/>
            <property name="SimulatedEndTime" value="12749"/>
            <property name="SimulatedDuration" value="1197"/>
         </properties>
      </testcase>
      <testcase name="testSuiteIndexedBus_6_testCaseBus32_0" assertions="21" classname="testSuiteIndexedBus_6" file="TestSuites/TestSuiteIndexedBus.stm" line="TestSuites/TestSuiteIndexedBus.stm" time="0.29401">
         <properties>
            <property name="SimulatedStartTime" value="1004"/>
            <property name="SimulatedEndTime" value="8558"/>
            <property name="SimulatedDuration" value="7554"/>
         </properties>
      </testcase>
   </testsuite>
   <testsuite name="testSuiteIndexedBus_7" tests="5" skipped="0" errors="0" failures="0" assertions="32" timestamp="2025-01-15T07:38:48.868602" time="0.106004" file="TestSuites/TestSuiteIndexedBus.stm">
      <system-out># vsim -t ps -L work work.tbTop -batch -gstimulus_path=/home/vagrant/git/tutorial/tutorial-hxs-bitfield-register-pulse-generator-plain/submodules/simstm/tb/simstm/ -gstimulus_file=testMainSuiteIndexedBus.stm -gstimulus_main_entry_label=$testMainSuiteIndexedBus -gstimulus_test_suite_index=7 -do &quot;run_all.do&quot; 
# Start time: 07:38:44 on Jan 15,2025
# ** Note: (vsim-3812) Design is being optimized...
# ** Warning: (vopt-6) -- Waiting for lock by &quot;vagrant@vagrant-box, pid = 294174&quot;. Lockfile is &quot;/home/vagrant/git/tutorial/tutorial-hxs-bitfield-register-pulse-generator-plain/submodules/simstm/simulation/modelsim/work/work/_lock&quot;.
# ** Warning: (vopt-2009) At least one design unit was compiled with optimization level -O0 or -O1.
# Use vdir -l command to find such design units.
# ** Note: (vsim-12126) Error and warning message counts have been restored: Errors=0, Warnings=2.
# //  Questa Intel Starter FPGA Edition-64
# //  Version 2023.3 linux_x86_64 Jul 17 2023
# //
# //  Copyright 1991-2023 Mentor Graphics Corporation
# //  All Rights Reserved.
# //
# //  QuestaSim and its associated documentation contain trade
# //  secrets and commercial or financial information that are the property of
# //  Mentor Graphics Corporation and are privileged, confidential,
# //  and exempt from disclosure under the Freedom of Information Act,
# //  5 U.S.C. Section 552. Furthermore, this information
# //  is prohibited from disclosure under the Trade Secrets Act,
# //  18 U.S.C. Section 1905.
# //
# Loading std.standard
# Loading std.textio(body)
# Loading ieee.std_logic_1164(body)
# Loading ieee.numeric_std(body)
# Loading ieee.math_real(body)
# Loading work.tb_base_pkg(body)
# Loading work.tb_bus_avalon_32_pkg(body)
# Loading work.tb_bus_axi4lite_32_pkg(body)
# Loading work.tb_bus_wishbone_32_pkg(body)
# Loading work.tb_bus_wishbone_64_pkg(body)
# Loading work.tb_bus_wishbone_128_pkg(body)
# Loading work.tb_bus_wishbone_256_pkg(body)
# Loading work.tb_bus_avalon_64_pkg(body)
# Loading work.tb_bus_ram_32_pkg(body)
# Loading work.tb_bus_pkg(body)
# Loading work.tb_signals_pkg(body)
# Loading work.basic(body)
# Loading std.env(body)
# Loading work.tb_instructions_pkg(body)
# Loading work.tb_interpreter_pkg(body)
# Loading work.tbtop(behavioural)#1
# Loading work.tb_simstm(behavioural)#1
# Loading work.ramavalon(simulation)#1
# Loading work.ramavalon(simulation)#2
# 
# do run_all.do
# ** Warning: NUMERIC_STD.TO_INTEGER: metavalue detected, returning 0
#    Time: 0 ps  Iteration: 0  Instance: /tbtop/i_Ram32
# ** Warning: NUMERIC_STD.TO_INTEGER: metavalue detected, returning 0
#    Time: 0 ps  Iteration: 0  Instance: /tbtop/i_RamAxi4Lite_32
# include found: loading file /home/vagrant/git/tutorial/tutorial-hxs-bitfield-register-pulse-generator-plain/submodules/simstm/tb/simstm/Common/Common.stm
# nested include found in : /home/vagrant/git/tutorial/tutorial-hxs-bitfield-register-pulse-generator-plain/submodules/simstm/tb/simstm/Common/Common.stm
# nested include found: loading file /home/vagrant/git/tutorial/tutorial-hxs-bitfield-register-pulse-generator-plain/submodules/simstm/tb/simstm/Base/Base.stm
# nested include found in : /home/vagrant/git/tutorial/tutorial-hxs-bitfield-register-pulse-generator-plain/submodules/simstm/tb/simstm/Common/Common.stm
# nested include found: loading file /home/vagrant/git/tutorial/tutorial-hxs-bitfield-register-pulse-generator-plain/submodules/simstm/tb/simstm/TestCase/TestCase.stm
# include found: loading file /home/vagrant/git/tutorial/tutorial-hxs-bitfield-register-pulse-generator-plain/submodules/simstm/tb/simstm/Bus/bus32.stm
# include found: loading file /home/vagrant/git/tutorial/tutorial-hxs-bitfield-register-pulse-generator-plain/submodules/simstm/tb/simstm/Bus/bus64.stm
# include found: loading file /home/vagrant/git/tutorial/tutorial-hxs-bitfield-register-pulse-generator-plain/submodules/simstm/tb/simstm/Bus/bus128.stm
# include found: loading file /home/vagrant/git/tutorial/tutorial-hxs-bitfield-register-pulse-generator-plain/submodules/simstm/tb/simstm/Bus/bus256.stm
# include found: loading file /home/vagrant/git/tutorial/tutorial-hxs-bitfield-register-pulse-generator-plain/submodules/simstm/tb/simstm/TestSuites/TestSuiteIndexedBus.stm
# ** Warning: NUMERIC_STD.&quot;&gt;&quot;: metavalue detected, returning FALSE
#    Time: 0 ps  Iteration: 2  Instance: /tbtop/i_tb_simstm
# Main test main suite indexed Bus 7 started
# Testing bus(7) ram32 with machine value width 256
# **********START*TESTCASE*testSuiteIndexedBus_7_testCaseBus32_4294967295**********
# testBus32 started
# Passed 21 verify instructions
# Passed 36 timeout monitored bus access instructions
# Success
# testBus32 ended
# Ended at simulation time of 6038ns
# **********END*TESTCASE*testSuiteIndexedBus_7_testCaseBus32_4294967295**********
# **********START*TESTCASE*testSuiteIndexedBus_7_testCaseBus32VerifySuccess_4294967295**********
# testBus32VerifySuccess started
# Passed 3 verify instructions
# Passed 6 timeout monitored bus access instructions
# Success
# testBus32VerifySuccess ended
# Ended at simulation time of 7188ns
# **********END*TESTCASE*testSuiteIndexedBus_7_testCaseBus32VerifySuccess_4294967295**********
# **********START*TESTCASE*testSuiteIndexedBus_7_testCaseBus32VerifyFail_4294967295**********
# testBus32VerifyFail started
# bus verify intended error on no match
# bus      = 0x0000000000000000000000000000000000000000000000000000000000000000
# address  = 0x0000000000000000000000000000000000000000000000000000000000000000
# read     = 0x0000000000000000000000000000000000000000000000000000000055555555
# expected = 0x0000000000000000000000000000000000000000000000000000000000000000
# mask     = 0x00000000000000000000000000000000000000000000000000000000FFFFFFFF
# ** Error:  line 85, bus_verify, file Bus/bus32.stm
#    Time: 8395 ns  Iteration: 1  Instance: /tbtop/i_tb_simstm
# Passed 4 verify instructions
# Passed 7 timeout monitored bus access instructions
# Expected 1 verify failures, ignored
# Success
# testBus32VerifyFail ended
# Ended at simulation time of 8399ns
# **********END*TESTCASE*testSuiteIndexedBus_7_testCaseBus32VerifyFail_4294967295**********
# **********START*TESTCASE*testSuiteIndexedBus_7_testCaseBus32TimeOutRead_4294967295**********
# testBus32TimeOutRead started
# Passed 2 verify instructions
# Passed 2 timeout monitored bus access instructions
# Expected 1 bus timeout failures, ignored
# Success
# testBus32TimeOutRead ended
# Ended at simulation time of 9459ns
# **********END*TESTCASE*testSuiteIndexedBus_7_testCaseBus32TimeOutRead_4294967295**********
# **********START*TESTCASE*testSuiteIndexedBus_7_testCaseBus32TimeOutWrite_4294967295**********
# testBus32TimeOutWrite started
# Passed 2 verify instructions
# Passed 1 timeout monitored bus access instructions
# Expected 1 bus timeout failures, ignored
# Success
# testBus32TimeOutWrite ended
# Ended at simulation time of 10489ns
# **********END*TESTCASE*testSuiteIndexedBus_7_testCaseBus32TimeOutWrite_4294967295**********
# Main test main suite indexed Bus 7 ended
# ** Note: Verify passes 32
#    Time: 11492300 ps  Iteration: 0  Instance: /tbtop/i_tb_simstm
# ** Note: Timeout monitored bus access passes 52
#    Time: 11492300 ps  Iteration: 0  Instance: /tbtop/i_tb_simstm
# ** Note: Expected 1 verify failures, got 1
#    Time: 11492300 ps  Iteration: 0  Instance: /tbtop/i_tb_simstm
# ** Note: Expected 2 bus timeout failures, got 0
#    Time: 11492300 ps  Iteration: 0  Instance: /tbtop/i_tb_simstm
# ** Note: FAILURES
#    Time: 11492300 ps  Iteration: 0  Instance: /tbtop/i_tb_simstm
# ** Note: Test finished
#    Time: 11492300 ps  Iteration: 0  Instance: /tbtop/i_tb_simstm
# End time: 07:38:49 on Jan 15,2025, Elapsed time: 0:00:05
# Errors: 1, Warnings: 5
</system-out>
      <system-err/>
      <testcase name="testSuiteIndexedBus_7_testCaseBus32TimeOutWrite_4294967295" assertions="2" classname="testSuiteIndexedBus_7" file="TestSuites/TestSuiteIndexedBus.stm" line="TestSuites/TestSuiteIndexedBus.stm" time="0.132004">
         <properties>
            <property name="SimulatedStartTime" value="9462"/>
            <property name="SimulatedEndTime" value="10489"/>
            <property name="SimulatedDuration" value="1027"/>
         </properties>
      </testcase>
      <testcase name="testSuiteIndexedBus_7_testCaseBus32VerifyFail_4294967295" assertions="4" classname="testSuiteIndexedBus_7" file="TestSuites/TestSuiteIndexedBus.stm" line="TestSuites/TestSuiteIndexedBus.stm" time="0.006">
         <properties>
            <property name="SimulatedStartTime" value="7191"/>
            <property name="SimulatedEndTime" value="8399"/>
            <property name="SimulatedDuration" value="1208"/>
         </properties>
      </testcase>
      <testcase name="testSuiteIndexedBus_7_testCaseBus32_4294967295" assertions="21" classname="testSuiteIndexedBus_7" file="TestSuites/TestSuiteIndexedBus.stm" line="TestSuites/TestSuiteIndexedBus.stm" time="0.106004">
         <properties>
            <property name="SimulatedStartTime" value="1004"/>
            <property name="SimulatedEndTime" value="6038"/>
            <property name="SimulatedDuration" value="5034"/>
         </properties>
      </testcase>
      <testcase name="testSuiteIndexedBus_7_testCaseBus32TimeOutRead_4294967295" assertions="2" classname="testSuiteIndexedBus_7" file="TestSuites/TestSuiteIndexedBus.stm" line="TestSuites/TestSuiteIndexedBus.stm" time="0.0">
         <properties>
            <property name="SimulatedStartTime" value="8402"/>
            <property name="SimulatedEndTime" value="9459"/>
            <property name="SimulatedDuration" value="1057"/>
         </properties>
      </testcase>
      <testcase name="testSuiteIndexedBus_7_testCaseBus32VerifySuccess_4294967295" assertions="3" classname="testSuiteIndexedBus_7" file="TestSuites/TestSuiteIndexedBus.stm" line="TestSuites/TestSuiteIndexedBus.stm" time="0.097003">
         <properties>
            <property name="SimulatedStartTime" value="6041"/>
            <property name="SimulatedEndTime" value="7188"/>
            <property name="SimulatedDuration" value="1147"/>
         </properties>
      </testcase>
   </testsuite>
   <testsuite name="testSuiteSignal" tests="4" skipped="0" errors="0" failures="0" assertions="61" timestamp="2025-01-15T07:38:46.744536" time="0.007" file="TestSuites/TestSuiteSignal.stm">
      <system-out># vsim -t ps -L work work.tbTop -batch -gstimulus_path=/home/vagrant/git/tutorial/tutorial-hxs-bitfield-register-pulse-generator-plain/submodules/simstm/tb/simstm/ -gstimulus_file=testMainSuiteSignal.stm -gstimulus_main_entry_label=$testMainSuiteSignal -do &quot;run_all.do&quot; 
# Start time: 07:38:44 on Jan 15,2025
# ** Note: (vsim-3812) Design is being optimized...
# ** Warning: (vopt-2009) At least one design unit was compiled with optimization level -O0 or -O1.
# Use vdir -l command to find such design units.
# ** Note: (vsim-12126) Error and warning message counts have been restored: Errors=0, Warnings=1.
# //  Questa Intel Starter FPGA Edition-64
# //  Version 2023.3 linux_x86_64 Jul 17 2023
# //
# //  Copyright 1991-2023 Mentor Graphics Corporation
# //  All Rights Reserved.
# //
# //  QuestaSim and its associated documentation contain trade
# //  secrets and commercial or financial information that are the property of
# //  Mentor Graphics Corporation and are privileged, confidential,
# //  and exempt from disclosure under the Freedom of Information Act,
# //  5 U.S.C. Section 552. Furthermore, this information
# //  is prohibited from disclosure under the Trade Secrets Act,
# //  18 U.S.C. Section 1905.
# //
# Loading std.standard
# Loading std.textio(body)
# Loading ieee.std_logic_1164(body)
# Loading ieee.numeric_std(body)
# Loading ieee.math_real(body)
# Loading work.tb_base_pkg(body)
# Loading work.tb_bus_avalon_32_pkg(body)
# Loading work.tb_bus_axi4lite_32_pkg(body)
# Loading work.tb_bus_wishbone_32_pkg(body)
# Loading work.tb_bus_wishbone_64_pkg(body)
# Loading work.tb_bus_wishbone_128_pkg(body)
# Loading work.tb_bus_wishbone_256_pkg(body)
# Loading work.tb_bus_avalon_64_pkg(body)
# Loading work.tb_bus_ram_32_pkg(body)
# Loading work.tb_bus_pkg(body)
# Loading work.tb_signals_pkg(body)
# Loading work.basic(body)
# Loading std.env(body)
# Loading work.tb_instructions_pkg(body)
# Loading work.tb_interpreter_pkg(body)
# Loading work.tbtop(behavioural)#1
# Loading work.tb_simstm(behavioural)#1
# Loading work.ramavalon(simulation)#1
# Loading work.ramavalon(simulation)#2
# 
# do run_all.do
# ** Warning: NUMERIC_STD.TO_INTEGER: metavalue detected, returning 0
#    Time: 0 ps  Iteration: 0  Instance: /tbtop/i_Ram32
# ** Warning: NUMERIC_STD.TO_INTEGER: metavalue detected, returning 0
#    Time: 0 ps  Iteration: 0  Instance: /tbtop/i_RamAxi4Lite_32
# include found: loading file /home/vagrant/git/tutorial/tutorial-hxs-bitfield-register-pulse-generator-plain/submodules/simstm/tb/simstm/Common/Common.stm
# nested include found in : /home/vagrant/git/tutorial/tutorial-hxs-bitfield-register-pulse-generator-plain/submodules/simstm/tb/simstm/Common/Common.stm
# nested include found: loading file /home/vagrant/git/tutorial/tutorial-hxs-bitfield-register-pulse-generator-plain/submodules/simstm/tb/simstm/Base/Base.stm
# nested include found in : /home/vagrant/git/tutorial/tutorial-hxs-bitfield-register-pulse-generator-plain/submodules/simstm/tb/simstm/Common/Common.stm
# nested include found: loading file /home/vagrant/git/tutorial/tutorial-hxs-bitfield-register-pulse-generator-plain/submodules/simstm/tb/simstm/TestCase/TestCase.stm
# include found: loading file /home/vagrant/git/tutorial/tutorial-hxs-bitfield-register-pulse-generator-plain/submodules/simstm/tb/simstm/Signal/signal.stm
# include found: loading file /home/vagrant/git/tutorial/tutorial-hxs-bitfield-register-pulse-generator-plain/submodules/simstm/tb/simstm/Signal/signal_pointer.stm
# include found: loading file /home/vagrant/git/tutorial/tutorial-hxs-bitfield-register-pulse-generator-plain/submodules/simstm/tb/simstm/TestSuites/TestSuiteSignal.stm
# ** Warning: NUMERIC_STD.&quot;&gt;&quot;: metavalue detected, returning FALSE
#    Time: 0 ps  Iteration: 2  Instance: /tbtop/i_tb_simstm
# Main test suite Signal started
# **********START*TESTCASE*testSuiteSignal_testCaseSignalWriteReadVerify**********
# Started at simulation time of 1002ns
# testSignalWriteReadVerify started
# Passed 12 verify instructions
# Passed 0 timeout monitored bus access instructions
# Success
# testSignalWriteReadVerify ended
# Ended at simulation time of 1011ns
# **********END*TESTCASE*testSuiteSignal_testCaseSignalWriteReadVerify**********
# **********START*TESTCASE*testSuiteSignal_testCaseSignalVerifyFail**********
# Started at simulation time of 1014ns
# testSignalVerifyFail started
# signal verify intended error on no match
# signal   = 0x00000000000000000000000000000000000000000000000000000000000007D0
# read     = 0x0000000000000000000000000000000000000000000000000000000000000000
# expected = 0x0000000000000000000000000000000000000000000000000000000000000001
# mask     = 0x0000000000000000000000000000000000000000000000000000000000000001
# ** Error:  line 58, signal_verify, file Signal/signal.stm
#    Time: 1017600 ps  Iteration: 0  Instance: /tbtop/i_tb_simstm
# Passed 1 verify instructions
# Passed 0 timeout monitored bus access instructions
# Expected 1 verify failures, ignored
# Success
# testSignalVerifyFail ended
# Ended at simulation time of 1021ns
# **********END*TESTCASE*testSuiteSignal_testCaseSignalVerifyFail**********
# **********START*TESTCASE*testSuiteSignal_testCaseSignalPointerCopy**********
# Started at simulation time of 1025ns
# testSignalPointerCopy started
# Passed 24 verify instructions
# Passed 0 timeout monitored bus access instructions
# Success
# testSignalPointerCopy ended
# Ended at simulation time of 1037ns
# **********END*TESTCASE*testSuiteSignal_testCaseSignalPointerCopy**********
# **********START*TESTCASE*testSuiteSignal_testCaseSignalPointerGetSet**********
# Started at simulation time of 1040ns
# testSignalPointerGetSet started
# Passed 24 verify instructions
# Passed 0 timeout monitored bus access instructions
# Success
# testSignalPointerGetSet ended
# Ended at simulation time of 1053ns
# **********END*TESTCASE*testSuiteSignal_testCaseSignalPointerGetSet**********
# Main test suite Signal ended
# ** Note: Verify passes 61
#    Time: 2055500 ps  Iteration: 0  Instance: /tbtop/i_tb_simstm
# ** Note: Timeout monitored bus access passes 0
#    Time: 2055500 ps  Iteration: 0  Instance: /tbtop/i_tb_simstm
# ** Note: Expected 1 verify failures, got 1
#    Time: 2055500 ps  Iteration: 0  Instance: /tbtop/i_tb_simstm
# ** Note: SUCCESS
#    Time: 2055500 ps  Iteration: 0  Instance: /tbtop/i_tb_simstm
# End time: 07:38:47 on Jan 15,2025, Elapsed time: 0:00:03
# Errors: 1, Warnings: 4
</system-out>
      <system-err/>
      <testcase name="testSuiteSignal_testCaseSignalWriteReadVerify" assertions="12" classname="testSuiteSignal" file="TestSuites/TestSuiteSignal.stm" line="TestSuites/TestSuiteSignal.stm" time="0.007">
         <properties>
            <property name="SimulatedStartTime" value="1002"/>
            <property name="SimulatedEndTime" value="1011"/>
            <property name="SimulatedDuration" value="9"/>
         </properties>
      </testcase>
      <testcase name="testSuiteSignal_testCaseSignalPointerCopy" assertions="24" classname="testSuiteSignal" file="TestSuites/TestSuiteSignal.stm" line="TestSuites/TestSuiteSignal.stm" time="0.100003">
         <properties>
            <property name="SimulatedStartTime" value="1025"/>
            <property name="SimulatedEndTime" value="1037"/>
            <property name="SimulatedDuration" value="12"/>
         </properties>
      </testcase>
      <testcase name="testSuiteSignal_testCaseSignalVerifyFail" assertions="1" classname="testSuiteSignal" file="TestSuites/TestSuiteSignal.stm" line="TestSuites/TestSuiteSignal.stm" time="0.006">
         <properties>
            <property name="SimulatedStartTime" value="1014"/>
            <property name="SimulatedEndTime" value="1021"/>
            <property name="SimulatedDuration" value="7"/>
         </properties>
      </testcase>
      <testcase name="testSuiteSignal_testCaseSignalPointerGetSet" assertions="24" classname="testSuiteSignal" file="TestSuites/TestSuiteSignal.stm" line="TestSuites/TestSuiteSignal.stm" time="0.101003">
         <properties>
            <property name="SimulatedStartTime" value="1040"/>
            <property name="SimulatedEndTime" value="1053"/>
            <property name="SimulatedDuration" value="13"/>
         </properties>
      </testcase>
   </testsuite>
</testsuites>
