<?xml version="1.0" ?>
<testsuites name="testSuitesSimulation" tests="70" skipped="0" errors="0" failures="0" assertions="624" timestamp="2025-01-04T18:45:16.500356" time="0.583">
   <testsuite name="testSuiteConstant" tests="1" skipped="0" errors="0" failures="0" assertions="12" timestamp="2025-01-04T18:45:16.586356" time="0.013" file="TestSuites/TestSuiteConstant.stm">
      <system-out>../../src/ieee2008/numeric_std-body.vhdl:3036:7:@0ms:(assertion warning): NUMERIC_STD.TO_INTEGER: metavalue detected, returning 0
include found: loading file /home/vagrant/git/tutorial/tutorial-hxs-bitfield-register-pulse-generator-plain/submodules/simstm/tb/simstm/Common/Common.stm
nested include found in : /home/vagrant/git/tutorial/tutorial-hxs-bitfield-register-pulse-generator-plain/submodules/simstm/tb/simstm/Common/Common.stm
nested include found: loading file /home/vagrant/git/tutorial/tutorial-hxs-bitfield-register-pulse-generator-plain/submodules/simstm/tb/simstm/Base/Base.stm
nested include found in : /home/vagrant/git/tutorial/tutorial-hxs-bitfield-register-pulse-generator-plain/submodules/simstm/tb/simstm/Common/Common.stm
nested include found: loading file /home/vagrant/git/tutorial/tutorial-hxs-bitfield-register-pulse-generator-plain/submodules/simstm/tb/simstm/TestCase/TestCase.stm
include found: loading file /home/vagrant/git/tutorial/tutorial-hxs-bitfield-register-pulse-generator-plain/submodules/simstm/tb/simstm/Constant/constant.stm
include found: loading file /home/vagrant/git/tutorial/tutorial-hxs-bitfield-register-pulse-generator-plain/submodules/simstm/tb/simstm/TestSuites/TestSuiteConstant.stm
../../src/ieee2008/numeric_std-body.vhdl:1265:7:@0ms:(assertion warning): NUMERIC_STD.&quot;&gt;&quot;: metavalue detected, returning FALSE
Main test suite Constant started
**********START*TESTCASE*testSuiteConstant_testCaseConstantAdd**********
Started at simulation time of 1002ns
testConstantAdd started
test_variable_1: 0x1
test_variable_2: 0x2
test_variable_1: 0x2
test_variable_2: 0x4
test_variable_1: 0x3
test_variable_2: 0x6
Success
testConstantAdd ended
Ended at simulation time of 1009ns
**********END*TESTCASE*testSuiteConstant_testCaseConstantAdd**********
Main test suite Constant ended
/home/vagrant/git/tutorial/tutorial-hxs-bitfield-register-pulse-generator-plain/submodules/simstm/src/vhdl/tb_simstm.vhd:1384:21:@2011300ps:(report note): SUCCESS
/home/vagrant/git/tutorial/tutorial-hxs-bitfield-register-pulse-generator-plain/submodules/simstm/src/vhdl/tb_simstm.vhd:1385:21:@2011300ps:(report note): Test finished
simulation finished @3011300ps
</system-out>
      <system-err/>
      <testcase name="testSuiteConstant_testCaseConstantAdd" assertions="12" classname="testSuiteConstant" file="TestSuites/TestSuiteConstant.stm" line="TestSuites/TestSuiteConstant.stm" time="0.013">
         <properties>
            <property name="SimulatedStartTime" value="1002"/>
            <property name="SimulatedEndTime" value="1009"/>
            <property name="SimulatedDuration" value="7"/>
         </properties>
      </testcase>
   </testsuite>
   <testsuite name="testSuiteVariable" tests="10" skipped="0" errors="0" failures="0" assertions="120" timestamp="2025-01-04T18:45:16.607356" time="0.003" file="TestSuites/TestSuiteVariable.stm">
      <system-out>../../src/ieee2008/numeric_std-body.vhdl:3036:7:@0ms:(assertion warning): NUMERIC_STD.TO_INTEGER: metavalue detected, returning 0
include found: loading file /home/vagrant/git/tutorial/tutorial-hxs-bitfield-register-pulse-generator-plain/submodules/simstm/tb/simstm/Common/Common.stm
nested include found in : /home/vagrant/git/tutorial/tutorial-hxs-bitfield-register-pulse-generator-plain/submodules/simstm/tb/simstm/Common/Common.stm
nested include found: loading file /home/vagrant/git/tutorial/tutorial-hxs-bitfield-register-pulse-generator-plain/submodules/simstm/tb/simstm/Base/Base.stm
nested include found in : /home/vagrant/git/tutorial/tutorial-hxs-bitfield-register-pulse-generator-plain/submodules/simstm/tb/simstm/Common/Common.stm
nested include found: loading file /home/vagrant/git/tutorial/tutorial-hxs-bitfield-register-pulse-generator-plain/submodules/simstm/tb/simstm/TestCase/TestCase.stm
include found: loading file /home/vagrant/git/tutorial/tutorial-hxs-bitfield-register-pulse-generator-plain/submodules/simstm/tb/simstm/Variable/variable.stm
include found: loading file /home/vagrant/git/tutorial/tutorial-hxs-bitfield-register-pulse-generator-plain/submodules/simstm/tb/simstm/TestSuites/TestSuiteVariable.stm
../../src/ieee2008/numeric_std-body.vhdl:1265:7:@0ms:(assertion warning): NUMERIC_STD.&quot;&gt;&quot;: metavalue detected, returning FALSE
Main test suite Variable started
**********START*TESTCASE*testSuiteVariable_testCaseVariableAdd**********
Started at simulation time of 1002ns
testVariableAdd started
test_variable_1: 0x1
test_variable_2: 0x2
test_variable_1: 0xB
test_variable_2: 0x16
test_variable_1: 0x3044
test_variable_2: 0x6E
Success
testVariableAdd ended
Ended at simulation time of 1009ns
**********END*TESTCASE*testSuiteVariable_testCaseVariableAdd**********
**********START*TESTCASE*testSuiteVariable_testCaseVariableAnd**********
Started at simulation time of 1012ns
testVariableAnd started
test_variable_1: 0xAAAA
test_variable_2: 0xFFFFFF
test_variable_1: 0xA
test_variable_2: 0x14
test_variable_1: 0x0
test_variable_2: 0x4
Success
testVariableAnd ended
Ended at simulation time of 1018ns
**********END*TESTCASE*testSuiteVariable_testCaseVariableAnd**********
**********START*TESTCASE*testSuiteVariable_testCaseVariableDiv**********
Started at simulation time of 1021ns
testVariableDiv started
test_variable_1: 0x1F4
test_variable_2: 0x1388
test_variable_1: 0x32
test_variable_2: 0xFA
test_variable_1: 0xA
test_variable_2: 0x2
Success
testVariableDiv ended
Ended at simulation time of 1028ns
**********END*TESTCASE*testSuiteVariable_testCaseVariableDiv**********
**********START*TESTCASE*testSuiteVariable_testCaseVariableEqu**********
Started at simulation time of 1031ns
testVariableEqu started
test_variable_1: 0x1
test_variable_2: 0x2
test_variable_3: 0x3
test_variable_4: 0x4
test_variable_5: 0x5
test_variable_1: 0xA
test_variable_2: 0x14
test_variable_3: 0x1E
test_variable_4: 0x2C
test_variable_5: 0x37
test_variable_1: 0x63
test_variable_2: 0x58
test_variable_3: 0x37
test_variable_4: 0xB
test_variable_5: 0x0
Success
testVariableEqu ended
Ended at simulation time of 1039ns
**********END*TESTCASE*testSuiteVariable_testCaseVariableEqu**********
**********START*TESTCASE*testSuiteVariable_testCaseVariableMul**********
Started at simulation time of 1042ns
testVariableMul started
test_variable_1: 0x1
test_variable_2: 0x2
test_variable_1: 0xA
test_variable_2: 0x28
test_variable_1: 0x1E23A
test_variable_2: 0xDC0
Success
testVariableMul ended
Ended at simulation time of 1048ns
**********END*TESTCASE*testSuiteVariable_testCaseVariableMul**********
**********START*TESTCASE*testSuiteVariable_testCaseVariableOr**********
Started at simulation time of 1052ns
testVariableOr started
test_variable_1: 0x4D2
test_variable_2: 0x400
test_variable_1: 0x4DA
test_variable_2: 0x414
test_variable_1: 0x4DF
test_variable_2: 0x474
Success
testVariableOr ended
Ended at simulation time of 1058ns
**********END*TESTCASE*testSuiteVariable_testCaseVariableOr**********
**********START*TESTCASE*testSuiteVariable_testCaseVariableSub**********
Started at simulation time of 1061ns
testVariableSub started
test_variable_1: 0x3039
test_variable_2: 0x58
test_variable_1: 0x302F
test_variable_2: 0x44
test_variable_1: 0x302D
test_variable_2: 0x43
Success
testVariableSub ended
Ended at simulation time of 1068ns
**********END*TESTCASE*testSuiteVariable_testCaseVariableSub**********
**********START*TESTCASE*testSuiteVariable_testCaseVariableXor**********
Started at simulation time of 1071ns
testVariableXor started
test_variable_1: 0x4D2
test_variable_2: 0x400
test_variable_1: 0x4D8
test_variable_2: 0x414
test_variable_1: 0x4DD
test_variable_2: 0x470
Success
testVariableXor ended
Ended at simulation time of 1077ns
**********END*TESTCASE*testSuiteVariable_testCaseVariableXor**********
**********START*TESTCASE*testSuiteVariable_testCaseVariableInv**********
Started at simulation time of 1080ns
testVariableInv started
test_variable_1: 0x4D2
test_variable_2: 0x400
test_variable_1: 0xFFFFFB2D
test_variable_2: 0xFFFFFBFF
test_variable_1: 0xFFFFFB2D
test_variable_2: 0xFFFFFBFF
Success
testVariableInv ended
Ended at simulation time of 1087ns
**********END*TESTCASE*testSuiteVariable_testCaseVariableInv**********
**********START*TESTCASE*testSuiteVariable_testCaseVariableLd**********
Started at simulation time of 1090ns
testVariableLd started
test_variable_1: 0x1000
test_variable_2: 0x80000000
test_variable_1: 0xC
test_variable_2: 0x1F
Success
testVariableLd ended
Ended at simulation time of 1096ns
**********END*TESTCASE*testSuiteVariable_testCaseVariableLd**********
Main test suite Variable ended
/home/vagrant/git/tutorial/tutorial-hxs-bitfield-register-pulse-generator-plain/submodules/simstm/src/vhdl/tb_simstm.vhd:1384:21:@2098800ps:(report note): SUCCESS
/home/vagrant/git/tutorial/tutorial-hxs-bitfield-register-pulse-generator-plain/submodules/simstm/src/vhdl/tb_simstm.vhd:1385:21:@2098800ps:(report note): Test finished
simulation finished @3098800ps
</system-out>
      <system-err/>
      <testcase name="testSuiteVariable_testCaseVariableAdd" assertions="12" classname="testSuiteVariable" file="TestSuites/TestSuiteVariable.stm" line="TestSuites/TestSuiteVariable.stm" time="0.003">
         <properties>
            <property name="SimulatedStartTime" value="1002"/>
            <property name="SimulatedEndTime" value="1009"/>
            <property name="SimulatedDuration" value="7"/>
         </properties>
      </testcase>
      <testcase name="testSuiteVariable_testCaseVariableEqu" assertions="12" classname="testSuiteVariable" file="TestSuites/TestSuiteVariable.stm" line="TestSuites/TestSuiteVariable.stm" time="0.003">
         <properties>
            <property name="SimulatedStartTime" value="1031"/>
            <property name="SimulatedEndTime" value="1039"/>
            <property name="SimulatedDuration" value="8"/>
         </properties>
      </testcase>
      <testcase name="testSuiteVariable_testCaseVariableSub" assertions="12" classname="testSuiteVariable" file="TestSuites/TestSuiteVariable.stm" line="TestSuites/TestSuiteVariable.stm" time="0.003">
         <properties>
            <property name="SimulatedStartTime" value="1061"/>
            <property name="SimulatedEndTime" value="1068"/>
            <property name="SimulatedDuration" value="7"/>
         </properties>
      </testcase>
      <testcase name="testSuiteVariable_testCaseVariableLd" assertions="12" classname="testSuiteVariable" file="TestSuites/TestSuiteVariable.stm" line="TestSuites/TestSuiteVariable.stm" time="0.002">
         <properties>
            <property name="SimulatedStartTime" value="1090"/>
            <property name="SimulatedEndTime" value="1096"/>
            <property name="SimulatedDuration" value="6"/>
         </properties>
      </testcase>
      <testcase name="testSuiteVariable_testCaseVariableDiv" assertions="12" classname="testSuiteVariable" file="TestSuites/TestSuiteVariable.stm" line="TestSuites/TestSuiteVariable.stm" time="0.003">
         <properties>
            <property name="SimulatedStartTime" value="1021"/>
            <property name="SimulatedEndTime" value="1028"/>
            <property name="SimulatedDuration" value="7"/>
         </properties>
      </testcase>
      <testcase name="testSuiteVariable_testCaseVariableAnd" assertions="12" classname="testSuiteVariable" file="TestSuites/TestSuiteVariable.stm" line="TestSuites/TestSuiteVariable.stm" time="0.003">
         <properties>
            <property name="SimulatedStartTime" value="1012"/>
            <property name="SimulatedEndTime" value="1018"/>
            <property name="SimulatedDuration" value="6"/>
         </properties>
      </testcase>
      <testcase name="testSuiteVariable_testCaseVariableInv" assertions="12" classname="testSuiteVariable" file="TestSuites/TestSuiteVariable.stm" line="TestSuites/TestSuiteVariable.stm" time="0.003">
         <properties>
            <property name="SimulatedStartTime" value="1080"/>
            <property name="SimulatedEndTime" value="1087"/>
            <property name="SimulatedDuration" value="7"/>
         </properties>
      </testcase>
      <testcase name="testSuiteVariable_testCaseVariableOr" assertions="12" classname="testSuiteVariable" file="TestSuites/TestSuiteVariable.stm" line="TestSuites/TestSuiteVariable.stm" time="0.003">
         <properties>
            <property name="SimulatedStartTime" value="1052"/>
            <property name="SimulatedEndTime" value="1058"/>
            <property name="SimulatedDuration" value="6"/>
         </properties>
      </testcase>
      <testcase name="testSuiteVariable_testCaseVariableXor" assertions="12" classname="testSuiteVariable" file="TestSuites/TestSuiteVariable.stm" line="TestSuites/TestSuiteVariable.stm" time="0.004">
         <properties>
            <property name="SimulatedStartTime" value="1071"/>
            <property name="SimulatedEndTime" value="1077"/>
            <property name="SimulatedDuration" value="6"/>
         </properties>
      </testcase>
      <testcase name="testSuiteVariable_testCaseVariableMul" assertions="12" classname="testSuiteVariable" file="TestSuites/TestSuiteVariable.stm" line="TestSuites/TestSuiteVariable.stm" time="0.003">
         <properties>
            <property name="SimulatedStartTime" value="1042"/>
            <property name="SimulatedEndTime" value="1048"/>
            <property name="SimulatedDuration" value="6"/>
         </properties>
      </testcase>
   </testsuite>
   <testsuite name="testSuiteLines" tests="11" skipped="0" errors="0" failures="0" assertions="19" timestamp="2025-01-04T18:45:16.682356" time="0.013" file="TestSuites/TestSuiteLines.stm">
      <system-out>../../src/ieee2008/numeric_std-body.vhdl:3036:7:@0ms:(assertion warning): NUMERIC_STD.TO_INTEGER: metavalue detected, returning 0
include found: loading file /home/vagrant/git/tutorial/tutorial-hxs-bitfield-register-pulse-generator-plain/submodules/simstm/tb/simstm/Common/Common.stm
nested include found in : /home/vagrant/git/tutorial/tutorial-hxs-bitfield-register-pulse-generator-plain/submodules/simstm/tb/simstm/Common/Common.stm
nested include found: loading file /home/vagrant/git/tutorial/tutorial-hxs-bitfield-register-pulse-generator-plain/submodules/simstm/tb/simstm/Base/Base.stm
nested include found in : /home/vagrant/git/tutorial/tutorial-hxs-bitfield-register-pulse-generator-plain/submodules/simstm/tb/simstm/Common/Common.stm
nested include found: loading file /home/vagrant/git/tutorial/tutorial-hxs-bitfield-register-pulse-generator-plain/submodules/simstm/tb/simstm/TestCase/TestCase.stm
include found: loading file /home/vagrant/git/tutorial/tutorial-hxs-bitfield-register-pulse-generator-plain/submodules/simstm/tb/simstm/Base/Array.stm
include found: loading file /home/vagrant/git/tutorial/tutorial-hxs-bitfield-register-pulse-generator-plain/submodules/simstm/tb/simstm/Lines/lines.stm
include found: loading file /home/vagrant/git/tutorial/tutorial-hxs-bitfield-register-pulse-generator-plain/submodules/simstm/tb/simstm/TestSuites/TestSuiteLines.stm
../../src/ieee2008/numeric_std-body.vhdl:1265:7:@0ms:(assertion warning): NUMERIC_STD.&quot;&gt;&quot;: metavalue detected, returning FALSE
Main test suite Lines started
**********START*TESTCASE*testSuiteLines_testCaseLinesAppendArray**********
Started at simulation time of 1002ns
testLinesAppendArray started
00000000 00000001 0000000A 00000002 0000000B 7FFFFFFF 80000000 FFFFFFFF 
00000001 00000001 0000000A 00000002 0000000B 7FFFFFFF 80000000 FFFFFFFF 
00000002 00000001 0000000A 00000002 0000000B 7FFFFFFF 80000000 FFFFFFFF 
Success
testLinesAppendArray ended
Ended at simulation time of 1009ns
**********END*TESTCASE*testSuiteLines_testCaseLinesAppendArray**********
**********START*TESTCASE*testSuiteLines_testCaseLinesAppendText**********
Started at simulation time of 1012ns
testLinesAppendText started
00000000 00000001 0000000A 00000002 0000000B 7FFFFFFF 80000000 FFFFFFFF 
00000001 00000001 0000000A 00000002 0000000B 7FFFFFFF 80000000 FFFFFFFF 
00000002 00000001 0000000A 00000002 0000000B 7FFFFFFF 80000000 FFFFFFFF 
line 1
line 2
line 3
Success
testLinesAppendText ended
Ended at simulation time of 1018ns
**********END*TESTCASE*testSuiteLines_testCaseLinesAppendText**********
**********START*TESTCASE*testSuiteLines_testCaseLinesDeleteAllArray**********
Started at simulation time of 1021ns
testLinesDeleteAllArray started
00000000 00000001 0000000A 00000002 0000000B 7FFFFFFF 80000000 FFFFFFFF 
00000001 00000001 0000000A 00000002 0000000B 7FFFFFFF 80000000 FFFFFFFF 
00000002 00000001 0000000A 00000002 0000000B 7FFFFFFF 80000000 FFFFFFFF 
line 1
line 2
line 3
00000000 00000001 0000000A 00000002 0000000B 7FFFFFFF 80000000 FFFFFFFF 
00000001 00000001 0000000A 00000002 0000000B 7FFFFFFF 80000000 FFFFFFFF 
00000002 00000001 0000000A 00000002 0000000B 7FFFFFFF 80000000 FFFFFFFF 
Success
testLinesDeleteAllArray ended
Ended at simulation time of 1028ns
**********END*TESTCASE*testSuiteLines_testCaseLinesDeleteAllArray**********
**********START*TESTCASE*testSuiteLines_testCaseLinesDeleteArray**********
Started at simulation time of 1031ns
testLinesDeleteArray started
00000000 00000001 0000000A 00000002 0000000B 7FFFFFFF 80000000 FFFFFFFF 
00000001 00000001 0000000A 00000002 0000000B 7FFFFFFF 80000000 FFFFFFFF 
00000002 00000001 0000000A 00000002 0000000B 7FFFFFFF 80000000 FFFFFFFF 
00000000 00000001 0000000A 00000002 0000000B 7FFFFFFF 80000000 FFFFFFFF 
00000002 00000001 0000000A 00000002 0000000B 7FFFFFFF 80000000 FFFFFFFF 
00000000 00000001 0000000A 00000002 0000000B 7FFFFFFF 80000000 FFFFFFFF 
Success
testLinesDeleteArray ended
Ended at simulation time of 1039ns
**********END*TESTCASE*testSuiteLines_testCaseLinesDeleteArray**********
**********START*TESTCASE*testSuiteLines_testCaseLinesGetArray**********
Started at simulation time of 1042ns
testLinesGetArray started
00000000 00000001 0000000A 00000002 0000000B 7FFFFFFF 80000000 FFFFFFFF 
00000000 00000001 0000000A 00000002 0000000B 7FFFFFFF 80000000 FFFFFFFF 
00000001 00000001 0000000A 00000002 0000000B 7FFFFFFF 80000000 FFFFFFFF 
00000000 00000001 0000000A 00000002 0000000B 7FFFFFFF 80000000 FFFFFFFF 
00000001 00000001 0000000A 00000002 0000000B 7FFFFFFF 80000000 FFFFFFFF 
00000002 00000001 0000000A 00000002 0000000B 7FFFFFFF 80000000 FFFFFFFF 
number_of_elements_got 0x8
array: dump 
 0x0 0x1 0xA 0x2 0xB 0x7FFFFFFF 0x80000000 0xFFFFFFFF
number_of_elements_got 0x8
array: dump 
 0x1 0x1 0xA 0x2 0xB 0x7FFFFFFF 0x80000000 0xFFFFFFFF
number_of_elements_got 0x8
array: dump 
 0x2 0x1 0xA 0x2 0xB 0x7FFFFFFF 0x80000000 0xFFFFFFFF
Success
testLinesGetArray ended
Ended at simulation time of 1065ns
**********END*TESTCASE*testSuiteLines_testCaseLinesGetArray**********
**********START*TESTCASE*testSuiteLines_testCaseLinesInsertArray**********
Started at simulation time of 1068ns
testLinesInsertArray started
00000000 00000001 0000000A 00000002 0000000B 7FFFFFFF 80000000 FFFFFFFF 
00000001 00000001 0000000A 00000002 0000000B 7FFFFFFF 80000000 FFFFFFFF 
00000002 00000001 0000000A 00000002 0000000B 7FFFFFFF 80000000 FFFFFFFF 
00000000 00000001 0000000A 00000002 0000000B 7FFFFFFF 80000000 FFFFFFFF 
00000000 00000001 0000000A 00000002 0000000B 7FFFFFFF 80000000 FFFFFFFF 
00000001 00000001 0000000A 00000002 0000000B 7FFFFFFF 80000000 FFFFFFFF 
00000002 00000001 0000000A 00000002 0000000B 7FFFFFFF 80000000 FFFFFFFF 
00000000 00000001 0000000A 00000002 0000000B 7FFFFFFF 80000000 FFFFFFFF 
00000001 00000001 0000000A 00000002 0000000B 7FFFFFFF 80000000 FFFFFFFF 
00000000 00000001 0000000A 00000002 0000000B 7FFFFFFF 80000000 FFFFFFFF 
00000001 00000001 0000000A 00000002 0000000B 7FFFFFFF 80000000 FFFFFFFF 
00000002 00000001 0000000A 00000002 0000000B 7FFFFFFF 80000000 FFFFFFFF 
00000000 00000001 0000000A 00000002 0000000B 7FFFFFFF 80000000 FFFFFFFF 
00000001 00000001 0000000A 00000002 0000000B 7FFFFFFF 80000000 FFFFFFFF 
00000002 00000001 0000000A 00000002 0000000B 7FFFFFFF 80000000 FFFFFFFF 
number_of_elements_got 0x8
array: dump 
 0x0 0x1 0xA 0x2 0xB 0x7FFFFFFF 0x80000000 0xFFFFFFFF
number_of_elements_got 0x8
array: dump 
 0x1 0x1 0xA 0x2 0xB 0x7FFFFFFF 0x80000000 0xFFFFFFFF
number_of_elements_got 0x8
array: dump 
 0x2 0x1 0xA 0x2 0xB 0x7FFFFFFF 0x80000000 0xFFFFFFFF
number_of_elements_got 0x8
array: dump 
 0x0 0x1 0xA 0x2 0xB 0x7FFFFFFF 0x80000000 0xFFFFFFFF
number_of_elements_got 0x8
array: dump 
 0x1 0x1 0xA 0x2 0xB 0x7FFFFFFF 0x80000000 0xFFFFFFFF
number_of_elements_got 0x8
array: dump 
 0x2 0x1 0xA 0x2 0xB 0x7FFFFFFF 0x80000000 0xFFFFFFFF
00000000 00000001 0000000A 00000002 0000000B 7FFFFFFF 80000000 FFFFFFFF 
00000003 00000022 00000033 00000000 12345678 00000777 00000800 00000FFF 
00000001 00000001 0000000A 00000002 0000000B 7FFFFFFF 80000000 FFFFFFFF 
00000002 00000001 0000000A 00000002 0000000B 7FFFFFFF 80000000 FFFFFFFF 
00000000 00000001 0000000A 00000002 0000000B 7FFFFFFF 80000000 FFFFFFFF 
00000001 00000001 0000000A 00000002 0000000B 7FFFFFFF 80000000 FFFFFFFF 
00000002 00000001 0000000A 00000002 0000000B 7FFFFFFF 80000000 FFFFFFFF 
00000004 00000022 00000033 00000000 12345678 00000777 00000800 00000FFF 
00000000 00000001 0000000A 00000002 0000000B 7FFFFFFF 80000000 FFFFFFFF 
00000003 00000022 00000033 00000000 12345678 00000777 00000800 00000FFF 
00000001 00000001 0000000A 00000002 0000000B 7FFFFFFF 80000000 FFFFFFFF 
00000005 00000022 00000033 00000000 12345678 00000777 00000800 00000FFF 
00000002 00000001 0000000A 00000002 0000000B 7FFFFFFF 80000000 FFFFFFFF 
00000000 00000001 0000000A 00000002 0000000B 7FFFFFFF 80000000 FFFFFFFF 
00000001 00000001 0000000A 00000002 0000000B 7FFFFFFF 80000000 FFFFFFFF 
00000002 00000001 0000000A 00000002 0000000B 7FFFFFFF 80000000 FFFFFFFF 
number_of_elements_got 0x8
array: dump 
 0x4 0x22 0x33 0x0 0x12345678 0x777 0x800 0xFFF
number_of_elements_got 0x8
array: dump 
 0x0 0x1 0xA 0x2 0xB 0x7FFFFFFF 0x80000000 0xFFFFFFFF
number_of_elements_got 0x8
array: dump 
 0x3 0x22 0x33 0x0 0x12345678 0x777 0x800 0xFFF
number_of_elements_got 0x8
array: dump 
 0x1 0x1 0xA 0x2 0xB 0x7FFFFFFF 0x80000000 0xFFFFFFFF
number_of_elements_got 0x8
array: dump 
 0x5 0x22 0x33 0x0 0x12345678 0x777 0x800 0xFFF
number_of_elements_got 0x8
array: dump 
 0x2 0x1 0xA 0x2 0xB 0x7FFFFFFF 0x80000000 0xFFFFFFFF
number_of_elements_got 0x8
array: dump 
 0x0 0x1 0xA 0x2 0xB 0x7FFFFFFF 0x80000000 0xFFFFFFFF
number_of_elements_got 0x8
array: dump 
 0x1 0x1 0xA 0x2 0xB 0x7FFFFFFF 0x80000000 0xFFFFFFFF
number_of_elements_got 0x8
array: dump 
 0x2 0x1 0xA 0x2 0xB 0x7FFFFFFF 0x80000000 0xFFFFFFFF
Success
testLinesInsertArray ended
Ended at simulation time of 1153ns
**********END*TESTCASE*testSuiteLines_testCaseLinesInsertArray**********
**********START*TESTCASE*testSuiteLines_testCaseLinesInsertText**********
Started at simulation time of 1156ns
testLinesInsertText started
00000004 00000022 00000033 00000000 12345678 00000777 00000800 00000FFF 
00000000 00000001 0000000A 00000002 0000000B 7FFFFFFF 80000000 FFFFFFFF 
00000003 00000022 00000033 00000000 12345678 00000777 00000800 00000FFF 
00000001 00000001 0000000A 00000002 0000000B 7FFFFFFF 80000000 FFFFFFFF 
00000005 00000022 00000033 00000000 12345678 00000777 00000800 00000FFF 
00000002 00000001 0000000A 00000002 0000000B 7FFFFFFF 80000000 FFFFFFFF 
00000000 00000001 0000000A 00000002 0000000B 7FFFFFFF 80000000 FFFFFFFF 
00000001 00000001 0000000A 00000002 0000000B 7FFFFFFF 80000000 FFFFFFFF 
00000002 00000001 0000000A 00000002 0000000B 7FFFFFFF 80000000 FFFFFFFF 
line 0
line 1
line 2
line insert 1
00000004 00000022 00000033 00000000 12345678 00000777 00000800 00000FFF 
00000000 00000001 0000000A 00000002 0000000B 7FFFFFFF 80000000 FFFFFFFF 
00000003 00000022 00000033 00000000 12345678 00000777 00000800 00000FFF 
00000001 00000001 0000000A 00000002 0000000B 7FFFFFFF 80000000 FFFFFFFF 
00000005 00000022 00000033 00000000 12345678 00000777 00000800 00000FFF 
00000002 00000001 0000000A 00000002 0000000B 7FFFFFFF 80000000 FFFFFFFF 
00000000 00000001 0000000A 00000002 0000000B 7FFFFFFF 80000000 FFFFFFFF 
00000001 00000001 0000000A 00000002 0000000B 7FFFFFFF 80000000 FFFFFFFF 
00000002 00000001 0000000A 00000002 0000000B 7FFFFFFF 80000000 FFFFFFFF 
line 0
line 1
line 2
line insert 1
line insert 0
00000004 00000022 00000033 00000000 12345678 00000777 00000800 00000FFF 
00000000 00000001 0000000A 00000002 0000000B 7FFFFFFF 80000000 FFFFFFFF 
00000003 00000022 00000033 00000000 12345678 00000777 00000800 00000FFF 
00000001 00000001 0000000A 00000002 0000000B 7FFFFFFF 80000000 FFFFFFFF 
00000005 00000022 00000033 00000000 12345678 00000777 00000800 00000FFF 
00000002 00000001 0000000A 00000002 0000000B 7FFFFFFF 80000000 FFFFFFFF 
00000000 00000001 0000000A 00000002 0000000B 7FFFFFFF 80000000 FFFFFFFF 
00000001 00000001 0000000A 00000002 0000000B 7FFFFFFF 80000000 FFFFFFFF 
00000002 00000001 0000000A 00000002 0000000B 7FFFFFFF 80000000 FFFFFFFF 
line 0
line 1
line 2
line insert 1
line insert 0
00000004 00000022 00000033 00000000 12345678 00000777 00000800 00000FFF 
00000000 00000001 0000000A 00000002 0000000B 7FFFFFFF 80000000 FFFFFFFF 
line insert 4
00000003 00000022 00000033 00000000 12345678 00000777 00000800 00000FFF 
00000001 00000001 0000000A 00000002 0000000B 7FFFFFFF 80000000 FFFFFFFF 
00000005 00000022 00000033 00000000 12345678 00000777 00000800 00000FFF 
00000002 00000001 0000000A 00000002 0000000B 7FFFFFFF 80000000 FFFFFFFF 
00000000 00000001 0000000A 00000002 0000000B 7FFFFFFF 80000000 FFFFFFFF 
00000001 00000001 0000000A 00000002 0000000B 7FFFFFFF 80000000 FFFFFFFF 
00000002 00000001 0000000A 00000002 0000000B 7FFFFFFF 80000000 FFFFFFFF 
line 0
line 1
line 2
Success
testLinesInsertText ended
Ended at simulation time of 1163ns
**********END*TESTCASE*testSuiteLines_testCaseLinesInsertText**********
**********START*TESTCASE*testSuiteLines_testCaseLinesPointerCopy**********
Started at simulation time of 1166ns
testLinesPointerCopy started
line insert 1
line insert 0
00000004 00000022 00000033 00000000 12345678 00000777 00000800 00000FFF 
00000000 00000001 0000000A 00000002 0000000B 7FFFFFFF 80000000 FFFFFFFF 
line insert 4
00000003 00000022 00000033 00000000 12345678 00000777 00000800 00000FFF 
00000001 00000001 0000000A 00000002 0000000B 7FFFFFFF 80000000 FFFFFFFF 
00000005 00000022 00000033 00000000 12345678 00000777 00000800 00000FFF 
00000002 00000001 0000000A 00000002 0000000B 7FFFFFFF 80000000 FFFFFFFF 
00000000 00000001 0000000A 00000002 0000000B 7FFFFFFF 80000000 FFFFFFFF 
00000001 00000001 0000000A 00000002 0000000B 7FFFFFFF 80000000 FFFFFFFF 
00000002 00000001 0000000A 00000002 0000000B 7FFFFFFF 80000000 FFFFFFFF 
line 0
line 1
line 2
00000000 00000001 0000000A 00000002 0000000B 7FFFFFFF 80000000 FFFFFFFF 
00000001 00000001 0000000A 00000002 0000000B 7FFFFFFF 80000000 FFFFFFFF 
00000002 00000001 0000000A 00000002 0000000B 7FFFFFFF 80000000 FFFFFFFF 
line insert 1
line insert 0
00000004 00000022 00000033 00000000 12345678 00000777 00000800 00000FFF 
00000000 00000001 0000000A 00000002 0000000B 7FFFFFFF 80000000 FFFFFFFF 
line insert 4
00000003 00000022 00000033 00000000 12345678 00000777 00000800 00000FFF 
00000001 00000001 0000000A 00000002 0000000B 7FFFFFFF 80000000 FFFFFFFF 
00000005 00000022 00000033 00000000 12345678 00000777 00000800 00000FFF 
00000002 00000001 0000000A 00000002 0000000B 7FFFFFFF 80000000 FFFFFFFF 
00000000 00000001 0000000A 00000002 0000000B 7FFFFFFF 80000000 FFFFFFFF 
00000001 00000001 0000000A 00000002 0000000B 7FFFFFFF 80000000 FFFFFFFF 
00000002 00000001 0000000A 00000002 0000000B 7FFFFFFF 80000000 FFFFFFFF 
line 0
line 1
line 2
00000000 00000001 0000000A 00000002 0000000B 7FFFFFFF 80000000 FFFFFFFF 
00000001 00000001 0000000A 00000002 0000000B 7FFFFFFF 80000000 FFFFFFFF 
00000002 00000001 0000000A 00000002 0000000B 7FFFFFFF 80000000 FFFFFFFF 
line insert 1
line insert 0
00000004 00000022 00000033 00000000 12345678 00000777 00000800 00000FFF 
00000000 00000001 0000000A 00000002 0000000B 7FFFFFFF 80000000 FFFFFFFF 
line insert 4
00000003 00000022 00000033 00000000 12345678 00000777 00000800 00000FFF 
00000001 00000001 0000000A 00000002 0000000B 7FFFFFFF 80000000 FFFFFFFF 
00000005 00000022 00000033 00000000 12345678 00000777 00000800 00000FFF 
00000002 00000001 0000000A 00000002 0000000B 7FFFFFFF 80000000 FFFFFFFF 
00000000 00000001 0000000A 00000002 0000000B 7FFFFFFF 80000000 FFFFFFFF 
00000001 00000001 0000000A 00000002 0000000B 7FFFFFFF 80000000 FFFFFFFF 
00000002 00000001 0000000A 00000002 0000000B 7FFFFFFF 80000000 FFFFFFFF 
line 0
line 1
line 2
00000000 00000001 0000000A 00000002 0000000B 7FFFFFFF 80000000 FFFFFFFF 
00000001 00000001 0000000A 00000002 0000000B 7FFFFFFF 80000000 FFFFFFFF 
00000002 00000001 0000000A 00000002 0000000B 7FFFFFFF 80000000 FFFFFFFF 
line insert 1
line insert 0
00000004 00000022 00000033 00000000 12345678 00000777 00000800 00000FFF 
00000000 00000001 0000000A 00000002 0000000B 7FFFFFFF 80000000 FFFFFFFF 
line insert 4
00000003 00000022 00000033 00000000 12345678 00000777 00000800 00000FFF 
00000001 00000001 0000000A 00000002 0000000B 7FFFFFFF 80000000 FFFFFFFF 
00000005 00000022 00000033 00000000 12345678 00000777 00000800 00000FFF 
00000002 00000001 0000000A 00000002 0000000B 7FFFFFFF 80000000 FFFFFFFF 
00000000 00000001 0000000A 00000002 0000000B 7FFFFFFF 80000000 FFFFFFFF 
00000001 00000001 0000000A 00000002 0000000B 7FFFFFFF 80000000 FFFFFFFF 
00000002 00000001 0000000A 00000002 0000000B 7FFFFFFF 80000000 FFFFFFFF 
line 0
line 1
line 2
00000000 00000001 0000000A 00000002 0000000B 7FFFFFFF 80000000 FFFFFFFF 
00000001 00000001 0000000A 00000002 0000000B 7FFFFFFF 80000000 FFFFFFFF 
00000002 00000001 0000000A 00000002 0000000B 7FFFFFFF 80000000 FFFFFFFF 
AFAFAFEE 00000001 0000000A 00000002 0000000B 7FFFFFFF 80000000 FFFFFFFF 
line insert 1
line insert 0
00000004 00000022 00000033 00000000 12345678 00000777 00000800 00000FFF 
00000000 00000001 0000000A 00000002 0000000B 7FFFFFFF 80000000 FFFFFFFF 
line insert 4
00000003 00000022 00000033 00000000 12345678 00000777 00000800 00000FFF 
00000001 00000001 0000000A 00000002 0000000B 7FFFFFFF 80000000 FFFFFFFF 
00000005 00000022 00000033 00000000 12345678 00000777 00000800 00000FFF 
00000002 00000001 0000000A 00000002 0000000B 7FFFFFFF 80000000 FFFFFFFF 
00000000 00000001 0000000A 00000002 0000000B 7FFFFFFF 80000000 FFFFFFFF 
00000001 00000001 0000000A 00000002 0000000B 7FFFFFFF 80000000 FFFFFFFF 
00000002 00000001 0000000A 00000002 0000000B 7FFFFFFF 80000000 FFFFFFFF 
line 0
line 1
line 2
00000000 00000001 0000000A 00000002 0000000B 7FFFFFFF 80000000 FFFFFFFF 
00000001 00000001 0000000A 00000002 0000000B 7FFFFFFF 80000000 FFFFFFFF 
00000002 00000001 0000000A 00000002 0000000B 7FFFFFFF 80000000 FFFFFFFF 
AFAFAFEE 00000001 0000000A 00000002 0000000B 7FFFFFFF 80000000 FFFFFFFF 
Success
testLinesPointerCopy ended
Ended at simulation time of 1174ns
**********END*TESTCASE*testSuiteLines_testCaseLinesPointerCopy**********
**********START*TESTCASE*testSuiteLines_testCaseLinesSetArray**********
Started at simulation time of 1177ns
testLinesSetArray started
line insert 1
line insert 0
00000004 00000022 00000033 00000000 12345678 00000777 00000800 00000FFF 
00000000 00000001 0000000A 00000002 0000000B 7FFFFFFF 80000000 FFFFFFFF 
line insert 4
00000003 00000022 00000033 00000000 12345678 00000777 00000800 00000FFF 
00000001 00000001 0000000A 00000002 0000000B 7FFFFFFF 80000000 FFFFFFFF 
00000005 00000022 00000033 00000000 12345678 00000777 00000800 00000FFF 
00000002 00000001 0000000A 00000002 0000000B 7FFFFFFF 80000000 FFFFFFFF 
00000000 00000001 0000000A 00000002 0000000B 7FFFFFFF 80000000 FFFFFFFF 
00000001 00000001 0000000A 00000002 0000000B 7FFFFFFF 80000000 FFFFFFFF 
00000002 00000001 0000000A 00000002 0000000B 7FFFFFFF 80000000 FFFFFFFF 
line 0
line 1
line 2
00000000 00000001 0000000A 00000002 0000000B 7FFFFFFF 80000000 FFFFFFFF 
00000001 00000001 0000000A 00000002 0000000B 7FFFFFFF 80000000 FFFFFFFF 
00000002 00000001 0000000A 00000002 0000000B 7FFFFFFF 80000000 FFFFFFFF 
AFAFAFEE 00000001 0000000A 00000002 0000000B 7FFFFFFF 80000000 FFFFFFFF 
00000000 00000001 0000000A 00000002 0000000B 7FFFFFFF 80000000 FFFFFFFF 
line insert 1
line insert 0
00000004 00000022 00000033 00000000 12345678 00000777 00000800 00000FFF 
00000000 00000001 0000000A 00000002 0000000B 7FFFFFFF 80000000 FFFFFFFF 
line insert 4
00000003 00000022 00000033 00000000 12345678 00000777 00000800 00000FFF 
00000001 00000001 0000000A 00000002 0000000B 7FFFFFFF 80000000 FFFFFFFF 
00000005 00000022 00000033 00000000 12345678 00000777 00000800 00000FFF 
00000002 00000001 0000000A 00000002 0000000B 7FFFFFFF 80000000 FFFFFFFF 
00000000 00000001 0000000A 00000002 0000000B 7FFFFFFF 80000000 FFFFFFFF 
00000001 00000001 0000000A 00000002 0000000B 7FFFFFFF 80000000 FFFFFFFF 
00000002 00000001 0000000A 00000002 0000000B 7FFFFFFF 80000000 FFFFFFFF 
line 0
line 1
line 2
00000000 00000001 0000000A 00000002 0000000B 7FFFFFFF 80000000 FFFFFFFF 
00000001 00000001 0000000A 00000002 0000000B 7FFFFFFF 80000000 FFFFFFFF 
00000002 00000001 0000000A 00000002 0000000B 7FFFFFFF 80000000 FFFFFFFF 
AFAFAFEE 00000001 0000000A 00000002 0000000B 7FFFFFFF 80000000 FFFFFFFF 
00000000 00000001 0000000A 00000002 0000000B 7FFFFFFF 80000000 FFFFFFFF 
00000001 00000001 0000000A 00000002 0000000B 7FFFFFFF 80000000 FFFFFFFF 
line insert 1
line insert 0
00000004 00000022 00000033 00000000 12345678 00000777 00000800 00000FFF 
00000000 00000001 0000000A 00000002 0000000B 7FFFFFFF 80000000 FFFFFFFF 
line insert 4
00000003 00000022 00000033 00000000 12345678 00000777 00000800 00000FFF 
00000001 00000001 0000000A 00000002 0000000B 7FFFFFFF 80000000 FFFFFFFF 
00000005 00000022 00000033 00000000 12345678 00000777 00000800 00000FFF 
00000002 00000001 0000000A 00000002 0000000B 7FFFFFFF 80000000 FFFFFFFF 
00000000 00000001 0000000A 00000002 0000000B 7FFFFFFF 80000000 FFFFFFFF 
00000001 00000001 0000000A 00000002 0000000B 7FFFFFFF 80000000 FFFFFFFF 
00000002 00000001 0000000A 00000002 0000000B 7FFFFFFF 80000000 FFFFFFFF 
line 0
line 1
line 2
00000000 00000001 0000000A 00000002 0000000B 7FFFFFFF 80000000 FFFFFFFF 
00000001 00000001 0000000A 00000002 0000000B 7FFFFFFF 80000000 FFFFFFFF 
00000002 00000001 0000000A 00000002 0000000B 7FFFFFFF 80000000 FFFFFFFF 
AFAFAFEE 00000001 0000000A 00000002 0000000B 7FFFFFFF 80000000 FFFFFFFF 
00000000 00000001 0000000A 00000002 0000000B 7FFFFFFF 80000000 FFFFFFFF 
00000001 00000001 0000000A 00000002 0000000B 7FFFFFFF 80000000 FFFFFFFF 
00000002 00000001 0000000A 00000002 0000000B 7FFFFFFF 80000000 FFFFFFFF 
number_of_elements_got 0x0
array: dump 
 0x2 0x1 0xA 0x2 0xB 0x7FFFFFFF 0x80000000 0xFFFFFFFF
number_of_elements_got 0x0
array: dump 
 0x2 0x1 0xA 0x2 0xB 0x7FFFFFFF 0x80000000 0xFFFFFFFF
number_of_elements_got 0x8
array: dump 
 0x4 0x22 0x33 0x0 0x12345678 0x777 0x800 0xFFF
number_of_elements_got 0x8
array: dump 
 0x0 0x1 0xA 0x2 0xB 0x7FFFFFFF 0x80000000 0xFFFFFFFF
number_of_elements_got 0x0
array: dump 
 0x0 0x1 0xA 0x2 0xB 0x7FFFFFFF 0x80000000 0xFFFFFFFF
number_of_elements_got 0x8
array: dump 
 0x3 0x22 0x33 0x0 0x12345678 0x777 0x800 0xFFF
number_of_elements_got 0x8
array: dump 
 0x1 0x1 0xA 0x2 0xB 0x7FFFFFFF 0x80000000 0xFFFFFFFF
number_of_elements_got 0x8
array: dump 
 0x5 0x22 0x33 0x0 0x12345678 0x777 0x800 0xFFF
number_of_elements_got 0x8
array: dump 
 0x2 0x1 0xA 0x2 0xB 0x7FFFFFFF 0x80000000 0xFFFFFFFF
number_of_elements_got 0x8
array: dump 
 0x0 0x1 0xA 0x2 0xB 0x7FFFFFFF 0x80000000 0xFFFFFFFF
number_of_elements_got 0x8
array: dump 
 0x1 0x1 0xA 0x2 0xB 0x7FFFFFFF 0x80000000 0xFFFFFFFF
number_of_elements_got 0x8
array: dump 
 0x2 0x1 0xA 0x2 0xB 0x7FFFFFFF 0x80000000 0xFFFFFFFF
number_of_elements_got 0x0
array: dump 
 0x2 0x1 0xA 0x2 0xB 0x7FFFFFFF 0x80000000 0xFFFFFFFF
number_of_elements_got 0x0
array: dump 
 0x2 0x1 0xA 0x2 0xB 0x7FFFFFFF 0x80000000 0xFFFFFFFF
number_of_elements_got 0x0
array: dump 
 0x2 0x1 0xA 0x2 0xB 0x7FFFFFFF 0x80000000 0xFFFFFFFF
number_of_elements_got 0x8
array: dump 
 0x0 0x1 0xA 0x2 0xB 0x7FFFFFFF 0x80000000 0xFFFFFFFF
number_of_elements_got 0x8
array: dump 
 0x1 0x1 0xA 0x2 0xB 0x7FFFFFFF 0x80000000 0xFFFFFFFF
number_of_elements_got 0x8
array: dump 
 0x2 0x1 0xA 0x2 0xB 0x7FFFFFFF 0x80000000 0xFFFFFFFF
number_of_elements_got 0x8
array: dump 
 0xAFAFAFEE 0x1 0xA 0x2 0xB 0x7FFFFFFF 0x80000000 0xFFFFFFFF
number_of_elements_got 0x8
array: dump 
 0x0 0x1 0xA 0x2 0xB 0x7FFFFFFF 0x80000000 0xFFFFFFFF
number_of_elements_got 0x8
array: dump 
 0x1 0x1 0xA 0x2 0xB 0x7FFFFFFF 0x80000000 0xFFFFFFFF
number_of_elements_got 0x8
array: dump 
 0x2 0x1 0xA 0x2 0xB 0x7FFFFFFF 0x80000000 0xFFFFFFFF
line insert 1
00000003 00000022 00000033 00000000 12345678 00000777 00000800 00000FFF 
00000004 00000022 00000033 00000000 12345678 00000777 00000800 00000FFF 
00000000 00000001 0000000A 00000002 0000000B 7FFFFFFF 80000000 FFFFFFFF 
line insert 4
00000003 00000022 00000033 00000000 12345678 00000777 00000800 00000FFF 
00000001 00000001 0000000A 00000002 0000000B 7FFFFFFF 80000000 FFFFFFFF 
00000005 00000022 00000033 00000000 12345678 00000777 00000800 00000FFF 
00000002 00000001 0000000A 00000002 0000000B 7FFFFFFF 80000000 FFFFFFFF 
00000000 00000001 0000000A 00000002 0000000B 7FFFFFFF 80000000 FFFFFFFF 
00000001 00000001 0000000A 00000002 0000000B 7FFFFFFF 80000000 FFFFFFFF 
00000002 00000001 0000000A 00000002 0000000B 7FFFFFFF 80000000 FFFFFFFF 
line 0
line 1
line 2
00000000 00000001 0000000A 00000002 0000000B 7FFFFFFF 80000000 FFFFFFFF 
00000001 00000001 0000000A 00000002 0000000B 7FFFFFFF 80000000 FFFFFFFF 
00000002 00000001 0000000A 00000002 0000000B 7FFFFFFF 80000000 FFFFFFFF 
AFAFAFEE 00000001 0000000A 00000002 0000000B 7FFFFFFF 80000000 FFFFFFFF 
00000000 00000001 0000000A 00000002 0000000B 7FFFFFFF 80000000 FFFFFFFF 
00000001 00000001 0000000A 00000002 0000000B 7FFFFFFF 80000000 FFFFFFFF 
00000002 00000001 0000000A 00000002 0000000B 7FFFFFFF 80000000 FFFFFFFF 
number_of_elements_got 0x0
array: dump 
 0x3 0x22 0x33 0x0 0x12345678 0x777 0x800 0xFFF
number_of_elements_got 0x8
array: dump 
 0x3 0x22 0x33 0x0 0x12345678 0x777 0x800 0xFFF
number_of_elements_got 0x8
array: dump 
 0x4 0x22 0x33 0x0 0x12345678 0x777 0x800 0xFFF
number_of_elements_got 0x8
array: dump 
 0x0 0x1 0xA 0x2 0xB 0x7FFFFFFF 0x80000000 0xFFFFFFFF
number_of_elements_got 0x0
array: dump 
 0x0 0x1 0xA 0x2 0xB 0x7FFFFFFF 0x80000000 0xFFFFFFFF
number_of_elements_got 0x8
array: dump 
 0x3 0x22 0x33 0x0 0x12345678 0x777 0x800 0xFFF
number_of_elements_got 0x8
array: dump 
 0x1 0x1 0xA 0x2 0xB 0x7FFFFFFF 0x80000000 0xFFFFFFFF
number_of_elements_got 0x8
array: dump 
 0x5 0x22 0x33 0x0 0x12345678 0x777 0x800 0xFFF
number_of_elements_got 0x8
array: dump 
 0x2 0x1 0xA 0x2 0xB 0x7FFFFFFF 0x80000000 0xFFFFFFFF
number_of_elements_got 0x8
array: dump 
 0x0 0x1 0xA 0x2 0xB 0x7FFFFFFF 0x80000000 0xFFFFFFFF
number_of_elements_got 0x8
array: dump 
 0x1 0x1 0xA 0x2 0xB 0x7FFFFFFF 0x80000000 0xFFFFFFFF
number_of_elements_got 0x8
array: dump 
 0x2 0x1 0xA 0x2 0xB 0x7FFFFFFF 0x80000000 0xFFFFFFFF
number_of_elements_got 0x0
array: dump 
 0x2 0x1 0xA 0x2 0xB 0x7FFFFFFF 0x80000000 0xFFFFFFFF
number_of_elements_got 0x0
array: dump 
 0x2 0x1 0xA 0x2 0xB 0x7FFFFFFF 0x80000000 0xFFFFFFFF
number_of_elements_got 0x0
array: dump 
 0x2 0x1 0xA 0x2 0xB 0x7FFFFFFF 0x80000000 0xFFFFFFFF
number_of_elements_got 0x8
array: dump 
 0x0 0x1 0xA 0x2 0xB 0x7FFFFFFF 0x80000000 0xFFFFFFFF
number_of_elements_got 0x8
array: dump 
 0x1 0x1 0xA 0x2 0xB 0x7FFFFFFF 0x80000000 0xFFFFFFFF
number_of_elements_got 0x8
array: dump 
 0x2 0x1 0xA 0x2 0xB 0x7FFFFFFF 0x80000000 0xFFFFFFFF
number_of_elements_got 0x8
array: dump 
 0xAFAFAFEE 0x1 0xA 0x2 0xB 0x7FFFFFFF 0x80000000 0xFFFFFFFF
number_of_elements_got 0x8
array: dump 
 0x0 0x1 0xA 0x2 0xB 0x7FFFFFFF 0x80000000 0xFFFFFFFF
number_of_elements_got 0x8
array: dump 
 0x1 0x1 0xA 0x2 0xB 0x7FFFFFFF 0x80000000 0xFFFFFFFF
number_of_elements_got 0x8
array: dump 
 0x2 0x1 0xA 0x2 0xB 0x7FFFFFFF 0x80000000 0xFFFFFFFF
Success
testLinesSetArray ended
Ended at simulation time of 1410ns
**********END*TESTCASE*testSuiteLines_testCaseLinesSetArray**********
**********START*TESTCASE*testSuiteLines_testCaseLinesSetText**********
Started at simulation time of 1413ns
testLinesSetText started
line insert 1
00000003 00000022 00000033 00000000 12345678 00000777 00000800 00000FFF 
00000004 00000022 00000033 00000000 12345678 00000777 00000800 00000FFF 
00000000 00000001 0000000A 00000002 0000000B 7FFFFFFF 80000000 FFFFFFFF 
line insert 4
00000003 00000022 00000033 00000000 12345678 00000777 00000800 00000FFF 
00000001 00000001 0000000A 00000002 0000000B 7FFFFFFF 80000000 FFFFFFFF 
00000005 00000022 00000033 00000000 12345678 00000777 00000800 00000FFF 
00000002 00000001 0000000A 00000002 0000000B 7FFFFFFF 80000000 FFFFFFFF 
00000000 00000001 0000000A 00000002 0000000B 7FFFFFFF 80000000 FFFFFFFF 
00000001 00000001 0000000A 00000002 0000000B 7FFFFFFF 80000000 FFFFFFFF 
00000002 00000001 0000000A 00000002 0000000B 7FFFFFFF 80000000 FFFFFFFF 
line 0
line 1
line 2
00000000 00000001 0000000A 00000002 0000000B 7FFFFFFF 80000000 FFFFFFFF 
00000001 00000001 0000000A 00000002 0000000B 7FFFFFFF 80000000 FFFFFFFF 
00000002 00000001 0000000A 00000002 0000000B 7FFFFFFF 80000000 FFFFFFFF 
AFAFAFEE 00000001 0000000A 00000002 0000000B 7FFFFFFF 80000000 FFFFFFFF 
00000000 00000001 0000000A 00000002 0000000B 7FFFFFFF 80000000 FFFFFFFF 
00000001 00000001 0000000A 00000002 0000000B 7FFFFFFF 80000000 FFFFFFFF 
00000002 00000001 0000000A 00000002 0000000B 7FFFFFFF 80000000 FFFFFFFF 
line 1
line 2
line 3
line set 1
line set 2
line set 3
00000000 00000001 0000000A 00000002 0000000B 7FFFFFFF 80000000 FFFFFFFF 
line insert 4
00000003 00000022 00000033 00000000 12345678 00000777 00000800 00000FFF 
00000001 00000001 0000000A 00000002 0000000B 7FFFFFFF 80000000 FFFFFFFF 
00000005 00000022 00000033 00000000 12345678 00000777 00000800 00000FFF 
00000002 00000001 0000000A 00000002 0000000B 7FFFFFFF 80000000 FFFFFFFF 
00000000 00000001 0000000A 00000002 0000000B 7FFFFFFF 80000000 FFFFFFFF 
00000001 00000001 0000000A 00000002 0000000B 7FFFFFFF 80000000 FFFFFFFF 
00000002 00000001 0000000A 00000002 0000000B 7FFFFFFF 80000000 FFFFFFFF 
line 0
line 1
line 2
00000000 00000001 0000000A 00000002 0000000B 7FFFFFFF 80000000 FFFFFFFF 
00000001 00000001 0000000A 00000002 0000000B 7FFFFFFF 80000000 FFFFFFFF 
00000002 00000001 0000000A 00000002 0000000B 7FFFFFFF 80000000 FFFFFFFF 
AFAFAFEE 00000001 0000000A 00000002 0000000B 7FFFFFFF 80000000 FFFFFFFF 
00000000 00000001 0000000A 00000002 0000000B 7FFFFFFF 80000000 FFFFFFFF 
00000001 00000001 0000000A 00000002 0000000B 7FFFFFFF 80000000 FFFFFFFF 
00000002 00000001 0000000A 00000002 0000000B 7FFFFFFF 80000000 FFFFFFFF 
line 1
line 2
line 3
Success
testLinesSetText ended
Ended at simulation time of 1419ns
**********END*TESTCASE*testSuiteLines_testCaseLinesSetText**********
**********START*TESTCASE*testSuiteLines_testCaseLinesSize**********
Started at simulation time of 1422ns
testLinesSize started
line set 1
line set 2
line set 3
00000000 00000001 0000000A 00000002 0000000B 7FFFFFFF 80000000 FFFFFFFF 
line insert 4
00000003 00000022 00000033 00000000 12345678 00000777 00000800 00000FFF 
00000001 00000001 0000000A 00000002 0000000B 7FFFFFFF 80000000 FFFFFFFF 
00000005 00000022 00000033 00000000 12345678 00000777 00000800 00000FFF 
00000002 00000001 0000000A 00000002 0000000B 7FFFFFFF 80000000 FFFFFFFF 
00000000 00000001 0000000A 00000002 0000000B 7FFFFFFF 80000000 FFFFFFFF 
00000001 00000001 0000000A 00000002 0000000B 7FFFFFFF 80000000 FFFFFFFF 
00000002 00000001 0000000A 00000002 0000000B 7FFFFFFF 80000000 FFFFFFFF 
line 0
line 1
line 2
00000000 00000001 0000000A 00000002 0000000B 7FFFFFFF 80000000 FFFFFFFF 
00000001 00000001 0000000A 00000002 0000000B 7FFFFFFF 80000000 FFFFFFFF 
00000002 00000001 0000000A 00000002 0000000B 7FFFFFFF 80000000 FFFFFFFF 
AFAFAFEE 00000001 0000000A 00000002 0000000B 7FFFFFFF 80000000 FFFFFFFF 
00000000 00000001 0000000A 00000002 0000000B 7FFFFFFF 80000000 FFFFFFFF 
00000001 00000001 0000000A 00000002 0000000B 7FFFFFFF 80000000 FFFFFFFF 
00000002 00000001 0000000A 00000002 0000000B 7FFFFFFF 80000000 FFFFFFFF 
line 1
line 2
line 3
00000000 00000001 0000000A 00000002 0000000B 7FFFFFFF 80000000 FFFFFFFF 
00000001 00000001 0000000A 00000002 0000000B 7FFFFFFF 80000000 FFFFFFFF 
00000002 00000001 0000000A 00000002 0000000B 7FFFFFFF 80000000 FFFFFFFF 
lines size is 0x1C
Success
testLinesSize ended
Ended at simulation time of 1429ns
**********END*TESTCASE*testSuiteLines_testCaseLinesSize**********
Main test suite Lines ended
/home/vagrant/git/tutorial/tutorial-hxs-bitfield-register-pulse-generator-plain/submodules/simstm/src/vhdl/tb_simstm.vhd:1384:21:@2432200ps:(report note): SUCCESS
/home/vagrant/git/tutorial/tutorial-hxs-bitfield-register-pulse-generator-plain/submodules/simstm/src/vhdl/tb_simstm.vhd:1385:21:@2432200ps:(report note): Test finished
simulation finished @3432200ps
</system-out>
      <system-err/>
      <testcase name="testSuiteLines_testCaseLinesSize" assertions="3" classname="testSuiteLines" file="TestSuites/TestSuiteLines.stm" line="TestSuites/TestSuiteLines.stm" time="0.004">
         <properties>
            <property name="SimulatedStartTime" value="1422"/>
            <property name="SimulatedEndTime" value="1429"/>
            <property name="SimulatedDuration" value="7"/>
         </properties>
      </testcase>
      <testcase name="testSuiteLines_testCaseLinesPointerCopy" assertions="1" classname="testSuiteLines" file="TestSuites/TestSuiteLines.stm" line="TestSuites/TestSuiteLines.stm" time="0.004">
         <properties>
            <property name="SimulatedStartTime" value="1166"/>
            <property name="SimulatedEndTime" value="1174"/>
            <property name="SimulatedDuration" value="8"/>
         </properties>
      </testcase>
      <testcase name="testSuiteLines_testCaseLinesSetArray" assertions="1" classname="testSuiteLines" file="TestSuites/TestSuiteLines.stm" line="TestSuites/TestSuiteLines.stm" time="0.225">
         <properties>
            <property name="SimulatedStartTime" value="1177"/>
            <property name="SimulatedEndTime" value="1410"/>
            <property name="SimulatedDuration" value="233"/>
         </properties>
      </testcase>
      <testcase name="testSuiteLines_testCaseLinesDeleteArray" assertions="1" classname="testSuiteLines" file="TestSuites/TestSuiteLines.stm" line="TestSuites/TestSuiteLines.stm" time="0.004">
         <properties>
            <property name="SimulatedStartTime" value="1031"/>
            <property name="SimulatedEndTime" value="1039"/>
            <property name="SimulatedDuration" value="8"/>
         </properties>
      </testcase>
      <testcase name="testSuiteLines_testCaseLinesAppendArray" assertions="3" classname="testSuiteLines" file="TestSuites/TestSuiteLines.stm" line="TestSuites/TestSuiteLines.stm" time="0.013">
         <properties>
            <property name="SimulatedStartTime" value="1002"/>
            <property name="SimulatedEndTime" value="1009"/>
            <property name="SimulatedDuration" value="7"/>
         </properties>
      </testcase>
      <testcase name="testSuiteLines_testCaseLinesDeleteAllArray" assertions="3" classname="testSuiteLines" file="TestSuites/TestSuiteLines.stm" line="TestSuites/TestSuiteLines.stm" time="0.005">
         <properties>
            <property name="SimulatedStartTime" value="1021"/>
            <property name="SimulatedEndTime" value="1028"/>
            <property name="SimulatedDuration" value="7"/>
         </properties>
      </testcase>
      <testcase name="testSuiteLines_testCaseLinesSetText" assertions="1" classname="testSuiteLines" file="TestSuites/TestSuiteLines.stm" line="TestSuites/TestSuiteLines.stm" time="0.003">
         <properties>
            <property name="SimulatedStartTime" value="1413"/>
            <property name="SimulatedEndTime" value="1419"/>
            <property name="SimulatedDuration" value="6"/>
         </properties>
      </testcase>
      <testcase name="testSuiteLines_testCaseLinesGetArray" assertions="1" classname="testSuiteLines" file="TestSuites/TestSuiteLines.stm" line="TestSuites/TestSuiteLines.stm" time="0.017">
         <properties>
            <property name="SimulatedStartTime" value="1042"/>
            <property name="SimulatedEndTime" value="1065"/>
            <property name="SimulatedDuration" value="23"/>
         </properties>
      </testcase>
      <testcase name="testSuiteLines_testCaseLinesInsertArray" assertions="1" classname="testSuiteLines" file="TestSuites/TestSuiteLines.stm" line="TestSuites/TestSuiteLines.stm" time="0.075">
         <properties>
            <property name="SimulatedStartTime" value="1068"/>
            <property name="SimulatedEndTime" value="1153"/>
            <property name="SimulatedDuration" value="85"/>
         </properties>
      </testcase>
      <testcase name="testSuiteLines_testCaseLinesAppendText" assertions="3" classname="testSuiteLines" file="TestSuites/TestSuiteLines.stm" line="TestSuites/TestSuiteLines.stm" time="0.014">
         <properties>
            <property name="SimulatedStartTime" value="1012"/>
            <property name="SimulatedEndTime" value="1018"/>
            <property name="SimulatedDuration" value="6"/>
         </properties>
      </testcase>
      <testcase name="testSuiteLines_testCaseLinesInsertText" assertions="1" classname="testSuiteLines" file="TestSuites/TestSuiteLines.stm" line="TestSuites/TestSuiteLines.stm" time="0.004">
         <properties>
            <property name="SimulatedStartTime" value="1156"/>
            <property name="SimulatedEndTime" value="1163"/>
            <property name="SimulatedDuration" value="7"/>
         </properties>
      </testcase>
   </testsuite>
   <testsuite name="testSuiteInterrupt" tests="1" skipped="0" errors="0" failures="0" assertions="12" timestamp="2025-01-04T18:45:16.606356" time="0.008" file="TestSuites/TestSuiteInterrupt.stm">
      <system-out>../../src/ieee2008/numeric_std-body.vhdl:3036:7:@0ms:(assertion warning): NUMERIC_STD.TO_INTEGER: metavalue detected, returning 0
include found: loading file /home/vagrant/git/tutorial/tutorial-hxs-bitfield-register-pulse-generator-plain/submodules/simstm/tb/simstm/Common/Common.stm
nested include found in : /home/vagrant/git/tutorial/tutorial-hxs-bitfield-register-pulse-generator-plain/submodules/simstm/tb/simstm/Common/Common.stm
nested include found: loading file /home/vagrant/git/tutorial/tutorial-hxs-bitfield-register-pulse-generator-plain/submodules/simstm/tb/simstm/Base/Base.stm
nested include found in : /home/vagrant/git/tutorial/tutorial-hxs-bitfield-register-pulse-generator-plain/submodules/simstm/tb/simstm/Common/Common.stm
nested include found: loading file /home/vagrant/git/tutorial/tutorial-hxs-bitfield-register-pulse-generator-plain/submodules/simstm/tb/simstm/TestCase/TestCase.stm
include found: loading file /home/vagrant/git/tutorial/tutorial-hxs-bitfield-register-pulse-generator-plain/submodules/simstm/tb/simstm/Interrupt/interrupt.stm
include found: loading file /home/vagrant/git/tutorial/tutorial-hxs-bitfield-register-pulse-generator-plain/submodules/simstm/tb/simstm/TestSuites/TestSuiteInterrupt.stm
../../src/ieee2008/numeric_std-body.vhdl:1265:7:@0ms:(assertion warning): NUMERIC_STD.&quot;&gt;&quot;: metavalue detected, returning FALSE
Main test suite Interrupt started
**********START*TESTCASE*testSuiteInterrupt_testCaseInterrupt**********
Started at simulation time of 1002ns
testInterrupt started
InterruptA happened
InterruptB happened
Success
testInterrupt ended
Ended at simulation time of 3009ns
**********END*TESTCASE*testSuiteInterrupt_testCaseInterrupt**********
Main test suite Interrupt ended
/home/vagrant/git/tutorial/tutorial-hxs-bitfield-register-pulse-generator-plain/submodules/simstm/src/vhdl/tb_simstm.vhd:1384:21:@4011300ps:(report note): SUCCESS
/home/vagrant/git/tutorial/tutorial-hxs-bitfield-register-pulse-generator-plain/submodules/simstm/src/vhdl/tb_simstm.vhd:1385:21:@4011300ps:(report note): Test finished
simulation finished @5011300ps
</system-out>
      <system-err/>
      <testcase name="testSuiteInterrupt_testCaseInterrupt" assertions="12" classname="testSuiteInterrupt" file="TestSuites/TestSuiteInterrupt.stm" line="TestSuites/TestSuiteInterrupt.stm" time="0.008">
         <properties>
            <property name="SimulatedStartTime" value="1002"/>
            <property name="SimulatedEndTime" value="3009"/>
            <property name="SimulatedDuration" value="2007"/>
         </properties>
      </testcase>
   </testsuite>
   <testsuite name="testSuiteBusAvalon" tests="5" skipped="0" errors="0" failures="0" assertions="60" timestamp="2025-01-04T18:45:16.603356" time="0.013" file="TestSuites/TestSuiteBusAvalon.stm">
      <system-out>../../src/ieee2008/numeric_std-body.vhdl:3036:7:@0ms:(assertion warning): NUMERIC_STD.TO_INTEGER: metavalue detected, returning 0
include found: loading file /home/vagrant/git/tutorial/tutorial-hxs-bitfield-register-pulse-generator-plain/submodules/simstm/tb/simstm/Common/Common.stm
nested include found in : /home/vagrant/git/tutorial/tutorial-hxs-bitfield-register-pulse-generator-plain/submodules/simstm/tb/simstm/Common/Common.stm
nested include found: loading file /home/vagrant/git/tutorial/tutorial-hxs-bitfield-register-pulse-generator-plain/submodules/simstm/tb/simstm/Base/Base.stm
nested include found in : /home/vagrant/git/tutorial/tutorial-hxs-bitfield-register-pulse-generator-plain/submodules/simstm/tb/simstm/Common/Common.stm
nested include found: loading file /home/vagrant/git/tutorial/tutorial-hxs-bitfield-register-pulse-generator-plain/submodules/simstm/tb/simstm/TestCase/TestCase.stm
include found: loading file /home/vagrant/git/tutorial/tutorial-hxs-bitfield-register-pulse-generator-plain/submodules/simstm/tb/simstm/Bus/bus.stm
include found: loading file /home/vagrant/git/tutorial/tutorial-hxs-bitfield-register-pulse-generator-plain/submodules/simstm/tb/simstm/TestSuites/TestSuiteBusAvalon.stm
../../src/ieee2008/numeric_std-body.vhdl:1265:7:@0ms:(assertion warning): NUMERIC_STD.&quot;&gt;&quot;: metavalue detected, returning FALSE
Main test suite Bus Avalon started
testBus started
Success
testBus ended
**********START*TESTCASE*testSuiteBusAvalon_testCaseBus**********
Started at simulation time of 6319ns
testBus started
Success
testBus ended
Ended at simulation time of 11778ns
**********END*TESTCASE*testSuiteBusAvalon_testCaseBus**********
**********START*TESTCASE*testSuiteBusAvalon_testCaseBusVerifySuccess**********
Started at simulation time of 11781ns
testBusVerifySuccess started
Success
testBusVerifySuccess ended
Ended at simulation time of 13018ns
**********END*TESTCASE*testSuiteBusAvalon_testCaseBusVerifySuccess**********
**********START*TESTCASE*testSuiteBusAvalon_testCaseBusVerifyFail**********
Started at simulation time of 13021ns
testBusVerifyFail started
bus verify intended error on no match
/home/vagrant/git/tutorial/tutorial-hxs-bitfield-register-pulse-generator-plain/submodules/simstm/src/vhdl/tb_simstm.vhd:1715:33:@14295ns:(assertion error):  line 83, bus_verify: address=0x00000008, read=0x55555555, expected=0x00000000, mask=0xFFFFFFFF, file Bus/bus.stm
Expected 1 verify failures, ignored
Success
testBusVerifyFail ended
Ended at simulation time of 14298ns
**********END*TESTCASE*testSuiteBusAvalon_testCaseBusVerifyFail**********
**********START*TESTCASE*testSuiteBusAvalon_testCaseBusTimeOutRead**********
Started at simulation time of 14301ns
testBusTimeOutRead started
/home/vagrant/git/tutorial/tutorial-hxs-bitfield-register-pulse-generator-plain/submodules/simstm/src/vhdl/tb_simstm.vhd:1694:25:@15340ns:(assertion error): Bus Read timeout
Expected 1 bus timeout failures, ignored
Success
testBusTimeOutRead ended
Ended at simulation time of 15343ns
**********END*TESTCASE*testSuiteBusAvalon_testCaseBusTimeOutRead**********
**********START*TESTCASE*testSuiteBusAvalon_testCaseBusTimeOutWrite**********
Started at simulation time of 15346ns
testBusTimeOutWrite started
/home/vagrant/git/tutorial/tutorial-hxs-bitfield-register-pulse-generator-plain/submodules/simstm/src/vhdl/tb_simstm.vhd:1665:25:@16355ns:(assertion error): Bus Write timeout
Expected 1 bus timeout failures, ignored
Success
testBusTimeOutWrite ended
Ended at simulation time of 16358ns
**********END*TESTCASE*testSuiteBusAvalon_testCaseBusTimeOutWrite**********
Main test suite Bus Avalon ended
/home/vagrant/git/tutorial/tutorial-hxs-bitfield-register-pulse-generator-plain/submodules/simstm/src/vhdl/tb_simstm.vhd:1344:25:@17360900ps:(report note): Expected 1 verify failures, got 1
/home/vagrant/git/tutorial/tutorial-hxs-bitfield-register-pulse-generator-plain/submodules/simstm/src/vhdl/tb_simstm.vhd:1345:25:@17360900ps:(report note): Expected 2 bus timeout failures, got 2
/home/vagrant/git/tutorial/tutorial-hxs-bitfield-register-pulse-generator-plain/submodules/simstm/src/vhdl/tb_simstm.vhd:1358:25:@17360900ps:(report note): SUCCESS
simulation finished @18360900ps
</system-out>
      <system-err/>
      <testcase name="testSuiteBusAvalon_testCaseBusVerifySuccess" assertions="12" classname="testSuiteBusAvalon" file="TestSuites/TestSuiteBusAvalon.stm" line="TestSuites/TestSuiteBusAvalon.stm" time="0.008">
         <properties>
            <property name="SimulatedStartTime" value="11781"/>
            <property name="SimulatedEndTime" value="13018"/>
            <property name="SimulatedDuration" value="1237"/>
         </properties>
      </testcase>
      <testcase name="testSuiteBusAvalon_testCaseBusVerifyFail" assertions="12" classname="testSuiteBusAvalon" file="TestSuites/TestSuiteBusAvalon.stm" line="TestSuites/TestSuiteBusAvalon.stm" time="0.005">
         <properties>
            <property name="SimulatedStartTime" value="13021"/>
            <property name="SimulatedEndTime" value="14298"/>
            <property name="SimulatedDuration" value="1277"/>
         </properties>
      </testcase>
      <testcase name="testSuiteBusAvalon_testCaseBusTimeOutWrite" assertions="12" classname="testSuiteBusAvalon" file="TestSuites/TestSuiteBusAvalon.stm" line="TestSuites/TestSuiteBusAvalon.stm" time="0.011">
         <properties>
            <property name="SimulatedStartTime" value="15346"/>
            <property name="SimulatedEndTime" value="16358"/>
            <property name="SimulatedDuration" value="1012"/>
         </properties>
      </testcase>
      <testcase name="testSuiteBusAvalon_testCaseBus" assertions="12" classname="testSuiteBusAvalon" file="TestSuites/TestSuiteBusAvalon.stm" line="TestSuites/TestSuiteBusAvalon.stm" time="0.013">
         <properties>
            <property name="SimulatedStartTime" value="6319"/>
            <property name="SimulatedEndTime" value="11778"/>
            <property name="SimulatedDuration" value="5459"/>
         </properties>
      </testcase>
      <testcase name="testSuiteBusAvalon_testCaseBusTimeOutRead" assertions="12" classname="testSuiteBusAvalon" file="TestSuites/TestSuiteBusAvalon.stm" line="TestSuites/TestSuiteBusAvalon.stm" time="0.007">
         <properties>
            <property name="SimulatedStartTime" value="14301"/>
            <property name="SimulatedEndTime" value="15343"/>
            <property name="SimulatedDuration" value="1042"/>
         </properties>
      </testcase>
   </testsuite>
   <testsuite name="testSuiteOther" tests="10" skipped="0" errors="0" failures="0" assertions="120" timestamp="2025-01-04T18:45:16.597356" time="0.006" file="TestSuites/TestSuiteOther.stm">
      <system-out>../../src/ieee2008/numeric_std-body.vhdl:3036:7:@0ms:(assertion warning): NUMERIC_STD.TO_INTEGER: metavalue detected, returning 0
include found: loading file /home/vagrant/git/tutorial/tutorial-hxs-bitfield-register-pulse-generator-plain/submodules/simstm/tb/simstm/Common/Common.stm
nested include found in : /home/vagrant/git/tutorial/tutorial-hxs-bitfield-register-pulse-generator-plain/submodules/simstm/tb/simstm/Common/Common.stm
nested include found: loading file /home/vagrant/git/tutorial/tutorial-hxs-bitfield-register-pulse-generator-plain/submodules/simstm/tb/simstm/Base/Base.stm
nested include found in : /home/vagrant/git/tutorial/tutorial-hxs-bitfield-register-pulse-generator-plain/submodules/simstm/tb/simstm/Common/Common.stm
nested include found: loading file /home/vagrant/git/tutorial/tutorial-hxs-bitfield-register-pulse-generator-plain/submodules/simstm/tb/simstm/TestCase/TestCase.stm
include found: loading file /home/vagrant/git/tutorial/tutorial-hxs-bitfield-register-pulse-generator-plain/submodules/simstm/tb/simstm/Other/other.stm
include found: loading file /home/vagrant/git/tutorial/tutorial-hxs-bitfield-register-pulse-generator-plain/submodules/simstm/tb/simstm/TestSuites/TestSuiteOther.stm
../../src/ieee2008/numeric_std-body.vhdl:1265:7:@0ms:(assertion warning): NUMERIC_STD.&quot;&gt;&quot;: metavalue detected, returning FALSE
Main test suite Other started
**********START*TESTCASE*testSuiteOther_testCaseOtherRandom**********
Started at simulation time of 1002ns
testOtherRandom started
random_number: 0xA
random_number: 0xA
random_number: 0x7
random_number: 0x3
random_number: 0x0
random_number: 0x1
random_number: 0x7
random_number: 0x0
random_number: 0x2
random_number: 0x1
random_number: 0x7
random_number: 0x1
random_number: 0xA
random_number: 0x1
random_number: 0x3
random_number: 0x2
random_number: 0x7
random_number: 0xA
random_number: 0x1
random_number: 0x9
Success
testOtherRandom ended
Ended at simulation time of 1014ns
**********END*TESTCASE*testSuiteOther_testCaseOtherRandom**********
**********START*TESTCASE*testSuiteOther_testCaseOtherSeed**********
Started at simulation time of 1017ns
testOtherSeed started
random_number: 0xA
random_number: 0xA
random_number: 0x7
random_number: 0x3
random_number: 0x0
random_number: 0x0
random_number: 0xA
random_number: 0x1
random_number: 0x1
random_number: 0x4
Success
testOtherSeed ended
Ended at simulation time of 1026ns
**********END*TESTCASE*testSuiteOther_testCaseOtherSeed**********
**********START*TESTCASE*testSuiteOther_testCaseOtherTrace**********
Started at simulation time of 1029ns
testOtherTrace started
/home/vagrant/git/tutorial/tutorial-hxs-bitfield-register-pulse-generator-plain/submodules/simstm/src/vhdl/tb_simstm.vhd:347:21:@1031900ps:(report note): exec line 49 wait file Other/other.stm
/home/vagrant/git/tutorial/tutorial-hxs-bitfield-register-pulse-generator-plain/submodules/simstm/src/vhdl/tb_simstm.vhd:347:21:@1132ns:(report note): exec line 50 marker file Other/other.stm
/home/vagrant/git/tutorial/tutorial-hxs-bitfield-register-pulse-generator-plain/submodules/simstm/src/vhdl/tb_simstm.vhd:347:21:@1132100ps:(report note): exec line 51 marker file Other/other.stm
/home/vagrant/git/tutorial/tutorial-hxs-bitfield-register-pulse-generator-plain/submodules/simstm/src/vhdl/tb_simstm.vhd:347:21:@1132200ps:(report note): exec line 52 trace file Other/other.stm
/home/vagrant/git/tutorial/tutorial-hxs-bitfield-register-pulse-generator-plain/submodules/simstm/src/vhdl/tb_simstm.vhd:347:21:@2132700ps:(report note): exec line 58 wait file Other/other.stm
/home/vagrant/git/tutorial/tutorial-hxs-bitfield-register-pulse-generator-plain/submodules/simstm/src/vhdl/tb_simstm.vhd:347:21:@2232800ps:(report note): exec line 59 marker file Other/other.stm
/home/vagrant/git/tutorial/tutorial-hxs-bitfield-register-pulse-generator-plain/submodules/simstm/src/vhdl/tb_simstm.vhd:347:21:@2232900ps:(report note): exec line 60 marker file Other/other.stm
/home/vagrant/git/tutorial/tutorial-hxs-bitfield-register-pulse-generator-plain/submodules/simstm/src/vhdl/tb_simstm.vhd:347:21:@2233ns:(report note): exec line 61 wait file Other/other.stm
/home/vagrant/git/tutorial/tutorial-hxs-bitfield-register-pulse-generator-plain/submodules/simstm/src/vhdl/tb_simstm.vhd:347:21:@2333100ps:(report note): exec line 62 marker file Other/other.stm
/home/vagrant/git/tutorial/tutorial-hxs-bitfield-register-pulse-generator-plain/submodules/simstm/src/vhdl/tb_simstm.vhd:347:21:@2333200ps:(report note): exec line 63 marker file Other/other.stm
/home/vagrant/git/tutorial/tutorial-hxs-bitfield-register-pulse-generator-plain/submodules/simstm/src/vhdl/tb_simstm.vhd:347:21:@2333300ps:(report note): exec line 64 trace file Other/other.stm
Success
testOtherTrace ended
Ended at simulation time of 2536ns
**********END*TESTCASE*testSuiteOther_testCaseOtherTrace**********
**********START*TESTCASE*testSuiteOther_testCaseOtherMarker**********
Started at simulation time of 2540ns
testOtherMarker started
Success
testOtherMarker ended
Ended at simulation time of 4047ns
**********END*TESTCASE*testSuiteOther_testCaseOtherMarker**********
**********START*TESTCASE*testSuiteOther_testCaseOtherWait**********
Started at simulation time of 4050ns
testOtherWait started
/home/vagrant/git/tutorial/tutorial-hxs-bitfield-register-pulse-generator-plain/submodules/simstm/src/vhdl/tb_simstm.vhd:347:21:@4053100ps:(report note): exec line 109 wait file Other/other.stm
/home/vagrant/git/tutorial/tutorial-hxs-bitfield-register-pulse-generator-plain/submodules/simstm/src/vhdl/tb_simstm.vhd:347:21:@5053200ps:(report note): exec line 110 trace file Other/other.stm
Success
testOtherWait ended
Ended at simulation time of 5056ns
**********END*TESTCASE*testSuiteOther_testCaseOtherWait**********
**********START*TESTCASE*testSuiteOther_testCaseOtherLogSubstitutions**********
Started at simulation time of 5059ns
testOtherLogSubstitutions started
test_variable_1: 0xA1
test_variable_1: 0xA1 test_variable_2: 0xB2
test_variable_1: 0xA1 test_variable_2: 0xB2 test_variable_3: 0xB2
test_variable_1: 0xA1 test_variable_2: 0xB2 test_variable_3: 0xC3 test_variable_4: 0xE4
test_variable_1: 0xA1 test_variable_2: 0xB2 test_variable_3: 0xC3 test_variable_4: 0xE4 test_variable_5: 0xF5
0xA10xB20xC30xE40xF5
test_variable_2: 0xB2
test_variable_3: 0xC3
test_variable_4: 0xE4
test_variable_5: 0xF5
Main test call $endStandardTestShelled 0x1E
Success
testOtherLogSubstitutions ended
Ended at simulation time of 6066ns
**********END*TESTCASE*testSuiteOther_testCaseOtherLogSubstitutions**********
**********START*TESTCASE*testSuiteOther_testCaseOtherLogFormats**********
Started at simulation time of 6069ns
testOtherLogFormats started
testContent started
test_variable_lf_1: 0xA1
test_variable_lf_1: 0xA1 test_variable_lf_2: 0xB2
test_variable_lf_1: 0xA1 test_variable_lf_2: 0xB2 test_variable_lf_3: 0xB2
test_variable_lf_1: 0xA1 test_variable_lf_2: 0xB2 test_variable_lf_3: 0xC3 test_variable_lf_4: 0xE4
test_variable_lf_1: 0xA1
test_variable_lf_1: 0xA1 test_variable_lf_2: 178 test_variable_lf_3: 0o303 test_variable_lf_4: 0b11100100
test_variable_lf_1: 0xA1
test_variable_lf_1: 0xA1 test_variable_lf_2: 178 test_variable_lf_3: 0o303 test_variable_lf_4: 0b11100100
label: testContent
file: 'Other/other.stm', line: '155'
file: &quot;Other/other.stm&quot;, line: &quot;155&quot;
file: &quot;Other/other.stm&quot;, line: &quot;155&quot;
file: 'Other/other.stm', line: '155'
Main test call $endStandardTestShelled 0x1E
Success
testOtherLogFormats ended
Ended at simulation time of 7077ns
**********END*TESTCASE*testSuiteOther_testCaseOtherLogFormats**********
**********START*TESTCASE*testSuiteOther_testCaseOtherLog**********
Started at simulation time of 7080ns
testOtherLog started
log 0
log 1
log 2
log 0
log 1
log 2
log 0
log 0
log 1
log 0
log 1
log 2
log 0
log 1
log 2
Success
testOtherLog ended
Ended at simulation time of 7088ns
**********END*TESTCASE*testSuiteOther_testCaseOtherLog**********
**********START*TESTCASE*testSuiteOther_testCaseOtherHelloWorld**********
Started at simulation time of 7091ns
testOtherHelloWorld started
Hello World 0x2023-0x11-0x22
Hello World 0x2023-0x11-0x22
Hello World 0x2023-0x11-0x22
Success
testOtherHelloWorld ended
Ended at simulation time of 10097ns
**********END*TESTCASE*testSuiteOther_testCaseOtherHelloWorld**********
**********START*TESTCASE*testSuiteOther_testCaseOtherCall**********
Started at simulation time of 10100ns
testOtherHelloWorld started
Hello World 0x2023-0x11-0x22
Hello World 0x2023-0x11-0x22
Hello World 0x2023-0x11-0x22
Success
testOtherHelloWorld ended
Ended at simulation time of 13107ns
**********END*TESTCASE*testSuiteOther_testCaseOtherCall**********
/home/vagrant/git/tutorial/tutorial-hxs-bitfield-register-pulse-generator-plain/submodules/simstm/src/vhdl/tb_simstm.vhd:1384:21:@14109600ps:(report note): SUCCESS
/home/vagrant/git/tutorial/tutorial-hxs-bitfield-register-pulse-generator-plain/submodules/simstm/src/vhdl/tb_simstm.vhd:1385:21:@14109600ps:(report note): Test finished
simulation finished @15109600ps
</system-out>
      <system-err/>
      <testcase name="testSuiteOther_testCaseOtherRandom" assertions="12" classname="testSuiteOther" file="TestSuites/TestSuiteOther.stm" line="TestSuites/TestSuiteOther.stm" time="0.006">
         <properties>
            <property name="SimulatedStartTime" value="1002"/>
            <property name="SimulatedEndTime" value="1014"/>
            <property name="SimulatedDuration" value="12"/>
         </properties>
      </testcase>
      <testcase name="testSuiteOther_testCaseOtherLogFormats" assertions="12" classname="testSuiteOther" file="TestSuites/TestSuiteOther.stm" line="TestSuites/TestSuiteOther.stm" time="0.014">
         <properties>
            <property name="SimulatedStartTime" value="6069"/>
            <property name="SimulatedEndTime" value="7077"/>
            <property name="SimulatedDuration" value="1008"/>
         </properties>
      </testcase>
      <testcase name="testSuiteOther_testCaseOtherSeed" assertions="12" classname="testSuiteOther" file="TestSuites/TestSuiteOther.stm" line="TestSuites/TestSuiteOther.stm" time="0.009">
         <properties>
            <property name="SimulatedStartTime" value="1017"/>
            <property name="SimulatedEndTime" value="1026"/>
            <property name="SimulatedDuration" value="9"/>
         </properties>
      </testcase>
      <testcase name="testSuiteOther_testCaseOtherHelloWorld" assertions="12" classname="testSuiteOther" file="TestSuites/TestSuiteOther.stm" line="TestSuites/TestSuiteOther.stm" time="0.008">
         <properties>
            <property name="SimulatedStartTime" value="7091"/>
            <property name="SimulatedEndTime" value="10097"/>
            <property name="SimulatedDuration" value="3006"/>
         </properties>
      </testcase>
      <testcase name="testSuiteOther_testCaseOtherMarker" assertions="12" classname="testSuiteOther" file="TestSuites/TestSuiteOther.stm" line="TestSuites/TestSuiteOther.stm" time="0.008">
         <properties>
            <property name="SimulatedStartTime" value="2540"/>
            <property name="SimulatedEndTime" value="4047"/>
            <property name="SimulatedDuration" value="1507"/>
         </properties>
      </testcase>
      <testcase name="testSuiteOther_testCaseOtherLog" assertions="12" classname="testSuiteOther" file="TestSuites/TestSuiteOther.stm" line="TestSuites/TestSuiteOther.stm" time="0.007">
         <properties>
            <property name="SimulatedStartTime" value="7080"/>
            <property name="SimulatedEndTime" value="7088"/>
            <property name="SimulatedDuration" value="8"/>
         </properties>
      </testcase>
      <testcase name="testSuiteOther_testCaseOtherLogSubstitutions" assertions="12" classname="testSuiteOther" file="TestSuites/TestSuiteOther.stm" line="TestSuites/TestSuiteOther.stm" time="0.005">
         <properties>
            <property name="SimulatedStartTime" value="5059"/>
            <property name="SimulatedEndTime" value="6066"/>
            <property name="SimulatedDuration" value="1007"/>
         </properties>
      </testcase>
      <testcase name="testSuiteOther_testCaseOtherTrace" assertions="12" classname="testSuiteOther" file="TestSuites/TestSuiteOther.stm" line="TestSuites/TestSuiteOther.stm" time="0.008">
         <properties>
            <property name="SimulatedStartTime" value="1029"/>
            <property name="SimulatedEndTime" value="2536"/>
            <property name="SimulatedDuration" value="1507"/>
         </properties>
      </testcase>
      <testcase name="testSuiteOther_testCaseOtherCall" assertions="12" classname="testSuiteOther" file="TestSuites/TestSuiteOther.stm" line="TestSuites/TestSuiteOther.stm" time="0.006">
         <properties>
            <property name="SimulatedStartTime" value="10100"/>
            <property name="SimulatedEndTime" value="13107"/>
            <property name="SimulatedDuration" value="3007"/>
         </properties>
      </testcase>
      <testcase name="testSuiteOther_testCaseOtherWait" assertions="12" classname="testSuiteOther" file="TestSuites/TestSuiteOther.stm" line="TestSuites/TestSuiteOther.stm" time="0.005">
         <properties>
            <property name="SimulatedStartTime" value="4050"/>
            <property name="SimulatedEndTime" value="5056"/>
            <property name="SimulatedDuration" value="1006"/>
         </properties>
      </testcase>
   </testsuite>
   <testsuite name="testSuiteFile" tests="6" skipped="0" errors="0" failures="0" assertions="12" timestamp="2025-01-04T18:45:16.562356" time="0.004" file="TestSuites/TestSuiteFile.stm">
      <system-out>../../src/ieee2008/numeric_std-body.vhdl:3036:7:@0ms:(assertion warning): NUMERIC_STD.TO_INTEGER: metavalue detected, returning 0
include found: loading file /home/vagrant/git/tutorial/tutorial-hxs-bitfield-register-pulse-generator-plain/submodules/simstm/tb/simstm/Common/Common.stm
nested include found in : /home/vagrant/git/tutorial/tutorial-hxs-bitfield-register-pulse-generator-plain/submodules/simstm/tb/simstm/Common/Common.stm
nested include found: loading file /home/vagrant/git/tutorial/tutorial-hxs-bitfield-register-pulse-generator-plain/submodules/simstm/tb/simstm/Base/Base.stm
nested include found in : /home/vagrant/git/tutorial/tutorial-hxs-bitfield-register-pulse-generator-plain/submodules/simstm/tb/simstm/Common/Common.stm
nested include found: loading file /home/vagrant/git/tutorial/tutorial-hxs-bitfield-register-pulse-generator-plain/submodules/simstm/tb/simstm/TestCase/TestCase.stm
include found: loading file /home/vagrant/git/tutorial/tutorial-hxs-bitfield-register-pulse-generator-plain/submodules/simstm/tb/simstm/File/file.stm
include found: loading file /home/vagrant/git/tutorial/tutorial-hxs-bitfield-register-pulse-generator-plain/submodules/simstm/tb/simstm/TestSuites/TestSuiteFile.stm
../../src/ieee2008/numeric_std-body.vhdl:1265:7:@0ms:(assertion warning): NUMERIC_STD.&quot;&gt;&quot;: metavalue detected, returning FALSE
Main test suite File started
**********START*TESTCASE*testSuiteFile_testCaseFileAppendArray**********
Started at simulation time of 1002ns
testFileAppendArray started
Success
testFileAppendArray ended
Ended at simulation time of 1009ns
**********END*TESTCASE*testSuiteFile_testCaseFileAppendArray**********
**********START*TESTCASE*testSuiteFile_testCaseFileReadAllArray**********
Started at simulation time of 1012ns
testFileReadAllArray started
Success
testFileReadAllArray ended
Ended at simulation time of 1019ns
**********END*TESTCASE*testSuiteFile_testCaseFileReadAllArray**********
**********START*TESTCASE*testSuiteFile_testCaseFileReadArray**********
Started at simulation time of 1022ns
testFileReadArray started
Success
testFileReadArray ended
Ended at simulation time of 1029ns
**********END*TESTCASE*testSuiteFile_testCaseFileReadArray**********
**********START*TESTCASE*testSuiteFile_testCaseFileStatus**********
Started at simulation time of 1033ns
testFileStatus started
Check if file is readable, which doesn't exist
STATUS_OK
Check if file is writeable, which doesn't exist
STATUS_OK
Check if file is appendable, which doesn't exist
STATUS_OK
Success
testFileStatus ended
Ended at simulation time of 1042ns
**********END*TESTCASE*testSuiteFile_testCaseFileStatus**********
**********START*TESTCASE*testSuiteFile_testCaseFileWriteArray**********
Started at simulation time of 1045ns
testFileWriteArray started
Success
testFileWriteArray ended
Ended at simulation time of 1052ns
**********END*TESTCASE*testSuiteFile_testCaseFileWriteArray**********
**********START*TESTCASE*testSuiteFile_testCaseFilePointerCopy**********
Started at simulation time of 1055ns
testFilePointerCopy started
Success
testFilePointerCopy ended
Ended at simulation time of 1062ns
**********END*TESTCASE*testSuiteFile_testCaseFilePointerCopy**********
Main test suite File ended
/home/vagrant/git/tutorial/tutorial-hxs-bitfield-register-pulse-generator-plain/submodules/simstm/src/vhdl/tb_simstm.vhd:1384:21:@2065200ps:(report note): SUCCESS
/home/vagrant/git/tutorial/tutorial-hxs-bitfield-register-pulse-generator-plain/submodules/simstm/src/vhdl/tb_simstm.vhd:1385:21:@2065200ps:(report note): Test finished
simulation finished @3065200ps
</system-out>
      <system-err/>
      <testcase name="testSuiteFile_testCaseFileAppendArray" assertions="3" classname="testSuiteFile" file="TestSuites/TestSuiteFile.stm" line="TestSuites/TestSuiteFile.stm" time="0.004">
         <properties>
            <property name="SimulatedStartTime" value="1002"/>
            <property name="SimulatedEndTime" value="1009"/>
            <property name="SimulatedDuration" value="7"/>
         </properties>
      </testcase>
      <testcase name="testSuiteFile_testCaseFileWriteArray" assertions="1" classname="testSuiteFile" file="TestSuites/TestSuiteFile.stm" line="TestSuites/TestSuiteFile.stm" time="0.025">
         <properties>
            <property name="SimulatedStartTime" value="1045"/>
            <property name="SimulatedEndTime" value="1052"/>
            <property name="SimulatedDuration" value="7"/>
         </properties>
      </testcase>
      <testcase name="testSuiteFile_testCaseFileReadAllArray" assertions="3" classname="testSuiteFile" file="TestSuites/TestSuiteFile.stm" line="TestSuites/TestSuiteFile.stm" time="0.007">
         <properties>
            <property name="SimulatedStartTime" value="1012"/>
            <property name="SimulatedEndTime" value="1019"/>
            <property name="SimulatedDuration" value="7"/>
         </properties>
      </testcase>
      <testcase name="testSuiteFile_testCaseFileReadArray" assertions="1" classname="testSuiteFile" file="TestSuites/TestSuiteFile.stm" line="TestSuites/TestSuiteFile.stm" time="0.01">
         <properties>
            <property name="SimulatedStartTime" value="1022"/>
            <property name="SimulatedEndTime" value="1029"/>
            <property name="SimulatedDuration" value="7"/>
         </properties>
      </testcase>
      <testcase name="testSuiteFile_testCaseFileStatus" assertions="3" classname="testSuiteFile" file="TestSuites/TestSuiteFile.stm" line="TestSuites/TestSuiteFile.stm" time="0.016">
         <properties>
            <property name="SimulatedStartTime" value="1033"/>
            <property name="SimulatedEndTime" value="1042"/>
            <property name="SimulatedDuration" value="9"/>
         </properties>
      </testcase>
      <testcase name="testSuiteFile_testCaseFilePointerCopy" assertions="1" classname="testSuiteFile" file="TestSuites/TestSuiteFile.stm" line="TestSuites/TestSuiteFile.stm" time="0.008">
         <properties>
            <property name="SimulatedStartTime" value="1055"/>
            <property name="SimulatedEndTime" value="1062"/>
            <property name="SimulatedDuration" value="7"/>
         </properties>
      </testcase>
   </testsuite>
[...]
         <properties>
            <property name="SimulatedStartTime" value="1039"/>
            <property name="SimulatedEndTime" value="1047"/>
            <property name="SimulatedDuration" value="8"/>
         </properties>
      </testcase>
      <testcase name="testSuiteArray_testCaseArraySize" assertions="1" classname="testSuiteArray" file="TestSuites/TestSuiteArray.stm" line="TestSuites/TestSuiteArray.stm" time="0.007">
         <properties>
            <property name="SimulatedStartTime" value="1031"/>
            <property name="SimulatedEndTime" value="1036"/>
            <property name="SimulatedDuration" value="5"/>
         </properties>
      </testcase>
   </testsuite>
   <testsuite name="testSuiteBusAxi4Lite" tests="5" skipped="0" errors="0" failures="0" assertions="60" timestamp="2025-01-04T18:45:16.739356" time="0.007" file="TestSuites/TestSuiteBusAxi4Lite.stm">
      <system-out>../../src/ieee2008/numeric_std-body.vhdl:3036:7:@0ms:(assertion warning): NUMERIC_STD.TO_INTEGER: metavalue detected, returning 0
include found: loading file /home/vagrant/git/tutorial/tutorial-hxs-bitfield-register-pulse-generator-plain/submodules/simstm/tb/simstm/Common/Common.stm
nested include found in : /home/vagrant/git/tutorial/tutorial-hxs-bitfield-register-pulse-generator-plain/submodules/simstm/tb/simstm/Common/Common.stm
nested include found: loading file /home/vagrant/git/tutorial/tutorial-hxs-bitfield-register-pulse-generator-plain/submodules/simstm/tb/simstm/Base/Base.stm
nested include found in : /home/vagrant/git/tutorial/tutorial-hxs-bitfield-register-pulse-generator-plain/submodules/simstm/tb/simstm/Common/Common.stm
nested include found: loading file /home/vagrant/git/tutorial/tutorial-hxs-bitfield-register-pulse-generator-plain/submodules/simstm/tb/simstm/TestCase/TestCase.stm
include found: loading file /home/vagrant/git/tutorial/tutorial-hxs-bitfield-register-pulse-generator-plain/submodules/simstm/tb/simstm/Bus/bus.stm
include found: loading file /home/vagrant/git/tutorial/tutorial-hxs-bitfield-register-pulse-generator-plain/submodules/simstm/tb/simstm/TestSuites/TestSuiteBusAxi4Lite.stm
../../src/ieee2008/numeric_std-body.vhdl:1265:7:@0ms:(assertion warning): NUMERIC_STD.&quot;&gt;&quot;: metavalue detected, returning FALSE
Main test suite Bus Axi4Lite started
testBus started
Success
testBus ended
**********START*TESTCASE*testSuiteBusAxi4Lite_testCaseBus**********
Started at simulation time of 8499ns
testBus started
Success
testBus ended
Ended at simulation time of 13958ns
**********END*TESTCASE*testSuiteBusAxi4Lite_testCaseBus**********
**********START*TESTCASE*testSuiteBusAxi4Lite_testCaseBusVerifySuccess**********
Started at simulation time of 13961ns
testBusVerifySuccess started
Success
testBusVerifySuccess ended
Ended at simulation time of 15198ns
**********END*TESTCASE*testSuiteBusAxi4Lite_testCaseBusVerifySuccess**********
**********START*TESTCASE*testSuiteBusAxi4Lite_testCaseBusVerifyFail**********
Started at simulation time of 15201ns
testBusVerifyFail started
bus verify intended error on no match
/home/vagrant/git/tutorial/tutorial-hxs-bitfield-register-pulse-generator-plain/submodules/simstm/src/vhdl/tb_simstm.vhd:1715:33:@16475ns:(assertion error):  line 83, bus_verify: address=0x00000008, read=0x55555555, expected=0x00000000, mask=0xFFFFFFFF, file Bus/bus.stm
Expected 1 verify failures, ignored
Success
testBusVerifyFail ended
Ended at simulation time of 16478ns
**********END*TESTCASE*testSuiteBusAxi4Lite_testCaseBusVerifyFail**********
**********START*TESTCASE*testSuiteBusAxi4Lite_testCaseBusTimeOutRead**********
Started at simulation time of 16481ns
testBusTimeOutRead started
/home/vagrant/git/tutorial/tutorial-hxs-bitfield-register-pulse-generator-plain/submodules/simstm/src/vhdl/tb_simstm.vhd:1694:25:@17520ns:(assertion error): Bus Read timeout
Expected 1 bus timeout failures, ignored
Success
testBusTimeOutRead ended
Ended at simulation time of 17523ns
**********END*TESTCASE*testSuiteBusAxi4Lite_testCaseBusTimeOutRead**********
**********START*TESTCASE*testSuiteBusAxi4Lite_testCaseBusTimeOutWrite**********
Started at simulation time of 17526ns
testBusTimeOutWrite started
/home/vagrant/git/tutorial/tutorial-hxs-bitfield-register-pulse-generator-plain/submodules/simstm/src/vhdl/tb_simstm.vhd:1665:25:@18535ns:(assertion error): Bus Write timeout
Expected 1 bus timeout failures, ignored
Success
testBusTimeOutWrite ended
Ended at simulation time of 18538ns
**********END*TESTCASE*testSuiteBusAxi4Lite_testCaseBusTimeOutWrite**********
Main test suite Bus Axi4Lite ended
/home/vagrant/git/tutorial/tutorial-hxs-bitfield-register-pulse-generator-plain/submodules/simstm/src/vhdl/tb_simstm.vhd:1344:25:@19540900ps:(report note): Expected 1 verify failures, got 1
/home/vagrant/git/tutorial/tutorial-hxs-bitfield-register-pulse-generator-plain/submodules/simstm/src/vhdl/tb_simstm.vhd:1345:25:@19540900ps:(report note): Expected 2 bus timeout failures, got 2
/home/vagrant/git/tutorial/tutorial-hxs-bitfield-register-pulse-generator-plain/submodules/simstm/src/vhdl/tb_simstm.vhd:1358:25:@19540900ps:(report note): SUCCESS
simulation finished @20540900ps
</system-out>
      <system-err/>
      <testcase name="testSuiteBusAxi4Lite_testCaseBus" assertions="12" classname="testSuiteBusAxi4Lite" file="TestSuites/TestSuiteBusAxi4Lite.stm" line="TestSuites/TestSuiteBusAxi4Lite.stm" time="0.007">
         <properties>
            <property name="SimulatedStartTime" value="8499"/>
            <property name="SimulatedEndTime" value="13958"/>
            <property name="SimulatedDuration" value="5459"/>
         </properties>
      </testcase>
      <testcase name="testSuiteBusAxi4Lite_testCaseBusVerifyFail" assertions="12" classname="testSuiteBusAxi4Lite" file="TestSuites/TestSuiteBusAxi4Lite.stm" line="TestSuites/TestSuiteBusAxi4Lite.stm" time="0.004">
         <properties>
            <property name="SimulatedStartTime" value="15201"/>
            <property name="SimulatedEndTime" value="16478"/>
            <property name="SimulatedDuration" value="1277"/>
         </properties>
      </testcase>
      <testcase name="testSuiteBusAxi4Lite_testCaseBusTimeOutRead" assertions="12" classname="testSuiteBusAxi4Lite" file="TestSuites/TestSuiteBusAxi4Lite.stm" line="TestSuites/TestSuiteBusAxi4Lite.stm" time="0.004">
         <properties>
            <property name="SimulatedStartTime" value="16481"/>
            <property name="SimulatedEndTime" value="17523"/>
            <property name="SimulatedDuration" value="1042"/>
         </properties>
      </testcase>
      <testcase name="testSuiteBusAxi4Lite_testCaseBusVerifySuccess" assertions="12" classname="testSuiteBusAxi4Lite" file="TestSuites/TestSuiteBusAxi4Lite.stm" line="TestSuites/TestSuiteBusAxi4Lite.stm" time="0.004">
         <properties>
            <property name="SimulatedStartTime" value="13961"/>
            <property name="SimulatedEndTime" value="15198"/>
            <property name="SimulatedDuration" value="1237"/>
         </properties>
      </testcase>
      <testcase name="testSuiteBusAxi4Lite_testCaseBusTimeOutWrite" assertions="12" classname="testSuiteBusAxi4Lite" file="TestSuites/TestSuiteBusAxi4Lite.stm" line="TestSuites/TestSuiteBusAxi4Lite.stm" time="0.004">
         <properties>
            <property name="SimulatedStartTime" value="17526"/>
            <property name="SimulatedEndTime" value="18538"/>
            <property name="SimulatedDuration" value="1012"/>
         </properties>
      </testcase>
   </testsuite>
   <testsuite name="testSuiteSignal" tests="4" skipped="0" errors="0" failures="0" assertions="48" timestamp="2025-01-04T18:45:16.808356" time="0.004" file="TestSuites/TestSuiteSignal.stm">
      <system-out>../../src/ieee2008/numeric_std-body.vhdl:3036:7:@0ms:(assertion warning): NUMERIC_STD.TO_INTEGER: metavalue detected, returning 0
include found: loading file /home/vagrant/git/tutorial/tutorial-hxs-bitfield-register-pulse-generator-plain/submodules/simstm/tb/simstm/Common/Common.stm
nested include found in : /home/vagrant/git/tutorial/tutorial-hxs-bitfield-register-pulse-generator-plain/submodules/simstm/tb/simstm/Common/Common.stm
nested include found: loading file /home/vagrant/git/tutorial/tutorial-hxs-bitfield-register-pulse-generator-plain/submodules/simstm/tb/simstm/Base/Base.stm
nested include found in : /home/vagrant/git/tutorial/tutorial-hxs-bitfield-register-pulse-generator-plain/submodules/simstm/tb/simstm/Common/Common.stm
nested include found: loading file /home/vagrant/git/tutorial/tutorial-hxs-bitfield-register-pulse-generator-plain/submodules/simstm/tb/simstm/TestCase/TestCase.stm
include found: loading file /home/vagrant/git/tutorial/tutorial-hxs-bitfield-register-pulse-generator-plain/submodules/simstm/tb/simstm/Signal/signal.stm
include found: loading file /home/vagrant/git/tutorial/tutorial-hxs-bitfield-register-pulse-generator-plain/submodules/simstm/tb/simstm/Signal/signal_pointer.stm
include found: loading file /home/vagrant/git/tutorial/tutorial-hxs-bitfield-register-pulse-generator-plain/submodules/simstm/tb/simstm/TestSuites/TestSuiteSignal.stm
../../src/ieee2008/numeric_std-body.vhdl:1265:7:@0ms:(assertion warning): NUMERIC_STD.&quot;&gt;&quot;: metavalue detected, returning FALSE
Main test suite Signal started
**********START*TESTCASE*testSuiteSignal_testCaseSignalWriteReadVerify**********
Started at simulation time of 1002ns
testSignalWriteReadVerify started
Success
testSignalWriteReadVerify ended
Ended at simulation time of 1010ns
**********END*TESTCASE*testSuiteSignal_testCaseSignalWriteReadVerify**********
**********START*TESTCASE*testSuiteSignal_testCaseSignalVerifyFail**********
Started at simulation time of 1013ns
testSignalVerifyFail started
signal verify intended error on no match
/home/vagrant/git/tutorial/tutorial-hxs-bitfield-register-pulse-generator-plain/submodules/simstm/src/vhdl/tb_simstm.vhd:1604:33:@1016300ps:(assertion error):  line 58, signal_verify:, read=0x00000000, expected=0x00000001, mask=0x00000001, file Signal/signal.stm
Expected 1 verify failures, ignored
Success
testSignalVerifyFail ended
Ended at simulation time of 1019ns
**********END*TESTCASE*testSuiteSignal_testCaseSignalVerifyFail**********
**********START*TESTCASE*testSuiteSignal_testCaseSignalPointerCopy**********
Started at simulation time of 1023ns
testSignalPointerCopy started
Success
testSignalPointerCopy ended
Ended at simulation time of 1034ns
**********END*TESTCASE*testSuiteSignal_testCaseSignalPointerCopy**********
**********START*TESTCASE*testSuiteSignal_testCaseSignalPointerGetSet**********
Started at simulation time of 1037ns
testSignalPointerGetSet started
Success
testSignalPointerGetSet ended
Ended at simulation time of 1049ns
**********END*TESTCASE*testSuiteSignal_testCaseSignalPointerGetSet**********
Main test suite Signal ended
/home/vagrant/git/tutorial/tutorial-hxs-bitfield-register-pulse-generator-plain/submodules/simstm/src/vhdl/tb_simstm.vhd:1362:25:@2051400ps:(report note): Expected 1 verify failures, got 1
/home/vagrant/git/tutorial/tutorial-hxs-bitfield-register-pulse-generator-plain/submodules/simstm/src/vhdl/tb_simstm.vhd:1369:25:@2051400ps:(report note): SUCCESS
simulation finished @3051400ps
</system-out>
      <system-err/>
      <testcase name="testSuiteSignal_testCaseSignalWriteReadVerify" assertions="12" classname="testSuiteSignal" file="TestSuites/TestSuiteSignal.stm" line="TestSuites/TestSuiteSignal.stm" time="0.004">
         <properties>
            <property name="SimulatedStartTime" value="1002"/>
            <property name="SimulatedEndTime" value="1010"/>
            <property name="SimulatedDuration" value="8"/>
         </properties>
      </testcase>
      <testcase name="testSuiteSignal_testCaseSignalPointerCopy" assertions="12" classname="testSuiteSignal" file="TestSuites/TestSuiteSignal.stm" line="TestSuites/TestSuiteSignal.stm" time="0.005">
         <properties>
            <property name="SimulatedStartTime" value="1023"/>
            <property name="SimulatedEndTime" value="1034"/>
            <property name="SimulatedDuration" value="11"/>
         </properties>
      </testcase>
      <testcase name="testSuiteSignal_testCaseSignalVerifyFail" assertions="12" classname="testSuiteSignal" file="TestSuites/TestSuiteSignal.stm" line="TestSuites/TestSuiteSignal.stm" time="0.002">
         <properties>
            <property name="SimulatedStartTime" value="1013"/>
            <property name="SimulatedEndTime" value="1019"/>
            <property name="SimulatedDuration" value="6"/>
         </properties>
      </testcase>
      <testcase name="testSuiteSignal_testCaseSignalPointerGetSet" assertions="12" classname="testSuiteSignal" file="TestSuites/TestSuiteSignal.stm" line="TestSuites/TestSuiteSignal.stm" time="0.006">
         <properties>
            <property name="SimulatedStartTime" value="1037"/>
            <property name="SimulatedEndTime" value="1049"/>
            <property name="SimulatedDuration" value="12"/>
         </properties>
      </testcase>
   </testsuite>
   <testsuite name="testSuiteBusWishbone" tests="5" skipped="0" errors="0" failures="0" assertions="60" timestamp="2025-01-04T18:45:16.813356" time="0.006" file="TestSuites/TestSuiteBusWishbone.stm">
      <system-out>../../src/ieee2008/numeric_std-body.vhdl:3036:7:@0ms:(assertion warning): NUMERIC_STD.TO_INTEGER: metavalue detected, returning 0
include found: loading file /home/vagrant/git/tutorial/tutorial-hxs-bitfield-register-pulse-generator-plain/submodules/simstm/tb/simstm/Common/Common.stm
nested include found in : /home/vagrant/git/tutorial/tutorial-hxs-bitfield-register-pulse-generator-plain/submodules/simstm/tb/simstm/Common/Common.stm
nested include found: loading file /home/vagrant/git/tutorial/tutorial-hxs-bitfield-register-pulse-generator-plain/submodules/simstm/tb/simstm/Base/Base.stm
nested include found in : /home/vagrant/git/tutorial/tutorial-hxs-bitfield-register-pulse-generator-plain/submodules/simstm/tb/simstm/Common/Common.stm
nested include found: loading file /home/vagrant/git/tutorial/tutorial-hxs-bitfield-register-pulse-generator-plain/submodules/simstm/tb/simstm/TestCase/TestCase.stm
include found: loading file /home/vagrant/git/tutorial/tutorial-hxs-bitfield-register-pulse-generator-plain/submodules/simstm/tb/simstm/Bus/bus.stm
include found: loading file /home/vagrant/git/tutorial/tutorial-hxs-bitfield-register-pulse-generator-plain/submodules/simstm/tb/simstm/TestSuites/TestSuiteBusWishbone.stm
../../src/ieee2008/numeric_std-body.vhdl:1265:7:@0ms:(assertion warning): NUMERIC_STD.&quot;&gt;&quot;: metavalue detected, returning FALSE
Main test suite Bus Wishbone started
testBus started
Success
testBus ended
**********START*TESTCASE*testSuiteBusWishbone_testCaseBus**********
Started at simulation time of 6459ns
testBus started
Success
testBus ended
Ended at simulation time of 11918ns
**********END*TESTCASE*testSuiteBusWishbone_testCaseBus**********
**********START*TESTCASE*testSuiteBusWishbone_testCaseBusVerifySuccess**********
Started at simulation time of 11921ns
testBusVerifySuccess started
Success
testBusVerifySuccess ended
Ended at simulation time of 13158ns
**********END*TESTCASE*testSuiteBusWishbone_testCaseBusVerifySuccess**********
**********START*TESTCASE*testSuiteBusWishbone_testCaseBusVerifyFail**********
Started at simulation time of 13161ns
testBusVerifyFail started
bus verify intended error on no match
/home/vagrant/git/tutorial/tutorial-hxs-bitfield-register-pulse-generator-plain/submodules/simstm/src/vhdl/tb_simstm.vhd:1715:33:@14435ns:(assertion error):  line 83, bus_verify: address=0x00000008, read=0x55555555, expected=0x00000000, mask=0xFFFFFFFF, file Bus/bus.stm
Expected 1 verify failures, ignored
Success
testBusVerifyFail ended
Ended at simulation time of 14438ns
**********END*TESTCASE*testSuiteBusWishbone_testCaseBusVerifyFail**********
**********START*TESTCASE*testSuiteBusWishbone_testCaseBusTimeOutRead**********
Started at simulation time of 14441ns
testBusTimeOutRead started
/home/vagrant/git/tutorial/tutorial-hxs-bitfield-register-pulse-generator-plain/submodules/simstm/src/vhdl/tb_simstm.vhd:1694:25:@15480ns:(assertion error): Bus Read timeout
Expected 1 bus timeout failures, ignored
Success
testBusTimeOutRead ended
Ended at simulation time of 15483ns
**********END*TESTCASE*testSuiteBusWishbone_testCaseBusTimeOutRead**********
**********START*TESTCASE*testSuiteBusWishbone_testCaseBusTimeOutWrite**********
Started at simulation time of 15486ns
testBusTimeOutWrite started
/home/vagrant/git/tutorial/tutorial-hxs-bitfield-register-pulse-generator-plain/submodules/simstm/src/vhdl/tb_simstm.vhd:1665:25:@16495ns:(assertion error): Bus Write timeout
Expected 1 bus timeout failures, ignored
Success
testBusTimeOutWrite ended
Ended at simulation time of 16498ns
**********END*TESTCASE*testSuiteBusWishbone_testCaseBusTimeOutWrite**********
Main test suite Bus Wishbone ended
/home/vagrant/git/tutorial/tutorial-hxs-bitfield-register-pulse-generator-plain/submodules/simstm/src/vhdl/tb_simstm.vhd:1344:25:@17500900ps:(report note): Expected 1 verify failures, got 1
/home/vagrant/git/tutorial/tutorial-hxs-bitfield-register-pulse-generator-plain/submodules/simstm/src/vhdl/tb_simstm.vhd:1345:25:@17500900ps:(report note): Expected 2 bus timeout failures, got 2
/home/vagrant/git/tutorial/tutorial-hxs-bitfield-register-pulse-generator-plain/submodules/simstm/src/vhdl/tb_simstm.vhd:1358:25:@17500900ps:(report note): SUCCESS
simulation finished @18500900ps
</system-out>
      <system-err/>
      <testcase name="testSuiteBusWishbone_testCaseBusVerifySuccess" assertions="12" classname="testSuiteBusWishbone" file="TestSuites/TestSuiteBusWishbone.stm" line="TestSuites/TestSuiteBusWishbone.stm" time="0.006">
         <properties>
            <property name="SimulatedStartTime" value="11921"/>
            <property name="SimulatedEndTime" value="13158"/>
            <property name="SimulatedDuration" value="1237"/>
         </properties>
      </testcase>
      <testcase name="testSuiteBusWishbone_testCaseBus" assertions="12" classname="testSuiteBusWishbone" file="TestSuites/TestSuiteBusWishbone.stm" line="TestSuites/TestSuiteBusWishbone.stm" time="0.006">
         <properties>
            <property name="SimulatedStartTime" value="6459"/>
            <property name="SimulatedEndTime" value="11918"/>
            <property name="SimulatedDuration" value="5459"/>
         </properties>
      </testcase>
      <testcase name="testSuiteBusWishbone_testCaseBusVerifyFail" assertions="12" classname="testSuiteBusWishbone" file="TestSuites/TestSuiteBusWishbone.stm" line="TestSuites/TestSuiteBusWishbone.stm" time="0.006">
         <properties>
            <property name="SimulatedStartTime" value="13161"/>
            <property name="SimulatedEndTime" value="14438"/>
            <property name="SimulatedDuration" value="1277"/>
         </properties>
      </testcase>
      <testcase name="testSuiteBusWishbone_testCaseBusTimeOutWrite" assertions="12" classname="testSuiteBusWishbone" file="TestSuites/TestSuiteBusWishbone.stm" line="TestSuites/TestSuiteBusWishbone.stm" time="0.004">
         <properties>
            <property name="SimulatedStartTime" value="15486"/>
            <property name="SimulatedEndTime" value="16498"/>
            <property name="SimulatedDuration" value="1012"/>
         </properties>
      </testcase>
      <testcase name="testSuiteBusWishbone_testCaseBusTimeOutRead" assertions="12" classname="testSuiteBusWishbone" file="TestSuites/TestSuiteBusWishbone.stm" line="TestSuites/TestSuiteBusWishbone.stm" time="0.004">
         <properties>
            <property name="SimulatedStartTime" value="14441"/>
            <property name="SimulatedEndTime" value="15483"/>
            <property name="SimulatedDuration" value="1042"/>
         </properties>
      </testcase>
   </testsuite>
</testsuites>
