<?xml version="1.0" ?>
<testsuites name="testSuitesSimulation" tests="69" skipped="0" errors="0" failures="0" assertions="334" timestamp="2025-01-06T15:22:18.006747" time="11.444002">
   <testsuite name="testSuiteConstant" tests="1" skipped="0" errors="0" failures="0" assertions="4" timestamp="2025-01-06T15:22:19.792747" time="0.005001" file="TestSuites/TestSuiteConstant.stm">
      <system-out># vsim -t ps -L work work.tbTop -batch -gstimulus_path=/home/vagrant/git/tutorial/tutorial-hxs-bitfield-register-pulse-generator-plain/submodules/simstm/tb/simstm/ -gstimulus_file=testMainSuiteConstant.stm -gstimulus_main_entry_label=$testMainSuiteConstant -do &quot;run_all.do&quot; 
# Start time: 15:22:18 on Jan 06,2025
# ** Note: (vsim-3812) Design is being optimized...
# ** Warning: (vopt-2009) At least one design unit was compiled with optimization level -O0 or -O1.
# Use vdir -l command to find such design units.
# ** Note: (vsim-12126) Error and warning message counts have been restored: Errors=0, Warnings=1.
# //  Questa Intel Starter FPGA Edition-64
# //  Version 2023.3 linux_x86_64 Jul 17 2023
# //
# //  Copyright 1991-2023 Mentor Graphics Corporation
# //  All Rights Reserved.
# //
# //  QuestaSim and its associated documentation contain trade
# //  secrets and commercial or financial information that are the property of
# //  Mentor Graphics Corporation and are privileged, confidential,
# //  and exempt from disclosure under the Freedom of Information Act,
# //  5 U.S.C. Section 552. Furthermore, this information
# //  is prohibited from disclosure under the Trade Secrets Act,
# //  18 U.S.C. Section 1905.
# //
# Loading std.standard
# Loading std.textio(body)
# Loading ieee.std_logic_1164(body)
# Loading ieee.numeric_std(body)
# Loading ieee.math_real(body)
# Loading work.tb_base_pkg(body)
# Loading work.tb_bus_avalon_pkg(body)
# Loading work.tb_bus_axi4lite_pkg(body)
# Loading work.tb_bus_wishbone_pkg(body)
# Loading work.tb_bus_pkg(body)
# Loading work.tb_signals_pkg(body)
# Loading std.env(body)
# Loading work.tb_instructions_pkg(body)
# Loading work.tb_interpreter_pkg(body)
# Loading work.tbtop(behavioural)#1
# Loading work.tb_simstm(behavioural)#1
# Loading work.ramavalon(simulation)#1
# 
# do run_all.do
# ** Warning: NUMERIC_STD.TO_INTEGER: metavalue detected, returning 0
#    Time: 0 ps  Iteration: 0  Instance: /tbtop/i_RamAxi4Lite
# include found: loading file /home/vagrant/git/tutorial/tutorial-hxs-bitfield-register-pulse-generator-plain/submodules/simstm/tb/simstm/Common/Common.stm
# nested include found in : /home/vagrant/git/tutorial/tutorial-hxs-bitfield-register-pulse-generator-plain/submodules/simstm/tb/simstm/Common/Common.stm
# nested include found: loading file /home/vagrant/git/tutorial/tutorial-hxs-bitfield-register-pulse-generator-plain/submodules/simstm/tb/simstm/Base/Base.stm
# nested include found in : /home/vagrant/git/tutorial/tutorial-hxs-bitfield-register-pulse-generator-plain/submodules/simstm/tb/simstm/Common/Common.stm
# nested include found: loading file /home/vagrant/git/tutorial/tutorial-hxs-bitfield-register-pulse-generator-plain/submodules/simstm/tb/simstm/TestCase/TestCase.stm
# include found: loading file /home/vagrant/git/tutorial/tutorial-hxs-bitfield-register-pulse-generator-plain/submodules/simstm/tb/simstm/Constant/constant.stm
# include found: loading file /home/vagrant/git/tutorial/tutorial-hxs-bitfield-register-pulse-generator-plain/submodules/simstm/tb/simstm/TestSuites/TestSuiteConstant.stm
# ** Warning: NUMERIC_STD.&quot;&gt;&quot;: metavalue detected, returning FALSE
#    Time: 0 ps  Iteration: 2  Instance: /tbtop/i_tb_simstm
# Main test suite Constant started
# **********START*TESTCASE*testSuiteConstant_testCaseConstantAdd**********
# Started at simulation time of 1002ns
# testConstantAdd started
# test_variable_1: 0x1
# test_variable_2: 0x2
# test_variable_1: 0x2
# test_variable_2: 0x4
# test_variable_1: 0x3
# test_variable_2: 0x6
# Passed 4 verify instructions
# Passed 0 timeout monitored bus access instructions
# Success
# testConstantAdd ended
# Ended at simulation time of 1010ns
# **********END*TESTCASE*testSuiteConstant_testCaseConstantAdd**********
# Main test suite Constant ended
# ** Note: Verify passes 4
#    Time: 2012700 ps  Iteration: 0  Instance: /tbtop/i_tb_simstm
# ** Note: Timeout monitored bus access passes 0
#    Time: 2012700 ps  Iteration: 0  Instance: /tbtop/i_tb_simstm
# ** Note: SUCCESS
#    Time: 2012700 ps  Iteration: 0  Instance: /tbtop/i_tb_simstm
# ** Note: Test finished
#    Time: 2012700 ps  Iteration: 0  Instance: /tbtop/i_tb_simstm
# End time: 15:22:19 on Jan 06,2025, Elapsed time: 0:00:01
# Errors: 0, Warnings: 3
</system-out>
      <system-err/>
      <testcase name="testSuiteConstant_testCaseConstantAdd" assertions="4" classname="testSuiteConstant" file="TestSuites/TestSuiteConstant.stm" line="TestSuites/TestSuiteConstant.stm" time="0.005001">
         <properties>
            <property name="SimulatedStartTime" value="1002"/>
            <property name="SimulatedEndTime" value="1010"/>
            <property name="SimulatedDuration" value="8"/>
         </properties>
      </testcase>
   </testsuite>
   <testsuite name="testSuiteVariable" tests="10" skipped="0" errors="0" failures="0" assertions="44" timestamp="2025-01-06T15:22:21.146748" time="0.1" file="TestSuites/TestSuiteVariable.stm">
      <system-out># vsim -t ps -L work work.tbTop -batch -gstimulus_path=/home/vagrant/git/tutorial/tutorial-hxs-bitfield-register-pulse-generator-plain/submodules/simstm/tb/simstm/ -gstimulus_file=testMainSuiteVariable.stm -gstimulus_main_entry_label=$testMainSuiteVariable -do &quot;run_all.do&quot; 
# Start time: 15:22:18 on Jan 06,2025
# ** Note: (vsim-3812) Design is being optimized...
# ** Warning: (vopt-6) -- Waiting for lock by &quot;vagrant@vagrant-box, pid = 344436&quot;. Lockfile is &quot;/home/vagrant/git/tutorial/tutorial-hxs-bitfield-register-pulse-generator-plain/submodules/simstm/simulation/modelsim/work/work/_lock&quot;.
# ** Warning: (vopt-2009) At least one design unit was compiled with optimization level -O0 or -O1.
# Use vdir -l command to find such design units.
# ** Note: (vsim-12126) Error and warning message counts have been restored: Errors=0, Warnings=2.
# //  Questa Intel Starter FPGA Edition-64
# //  Version 2023.3 linux_x86_64 Jul 17 2023
# //
# //  Copyright 1991-2023 Mentor Graphics Corporation
# //  All Rights Reserved.
# //
# //  QuestaSim and its associated documentation contain trade
# //  secrets and commercial or financial information that are the property of
# //  Mentor Graphics Corporation and are privileged, confidential,
# //  and exempt from disclosure under the Freedom of Information Act,
# //  5 U.S.C. Section 552. Furthermore, this information
# //  is prohibited from disclosure under the Trade Secrets Act,
# //  18 U.S.C. Section 1905.
# //
# Loading std.standard
# Loading std.textio(body)
# Loading ieee.std_logic_1164(body)
# Loading ieee.numeric_std(body)
# Loading ieee.math_real(body)
# Loading work.tb_base_pkg(body)
# Loading work.tb_bus_avalon_pkg(body)
# Loading work.tb_bus_axi4lite_pkg(body)
# Loading work.tb_bus_wishbone_pkg(body)
# Loading work.tb_bus_pkg(body)
# Loading work.tb_signals_pkg(body)
# Loading std.env(body)
# Loading work.tb_instructions_pkg(body)
# Loading work.tb_interpreter_pkg(body)
# Loading work.tbtop(behavioural)#1
# Loading work.tb_simstm(behavioural)#1
# Loading work.ramavalon(simulation)#1
# 
# do run_all.do
# ** Warning: NUMERIC_STD.TO_INTEGER: metavalue detected, returning 0
#    Time: 0 ps  Iteration: 0  Instance: /tbtop/i_RamAxi4Lite
# include found: loading file /home/vagrant/git/tutorial/tutorial-hxs-bitfield-register-pulse-generator-plain/submodules/simstm/tb/simstm/Common/Common.stm
# nested include found in : /home/vagrant/git/tutorial/tutorial-hxs-bitfield-register-pulse-generator-plain/submodules/simstm/tb/simstm/Common/Common.stm
# nested include found: loading file /home/vagrant/git/tutorial/tutorial-hxs-bitfield-register-pulse-generator-plain/submodules/simstm/tb/simstm/Base/Base.stm
# nested include found in : /home/vagrant/git/tutorial/tutorial-hxs-bitfield-register-pulse-generator-plain/submodules/simstm/tb/simstm/Common/Common.stm
# nested include found: loading file /home/vagrant/git/tutorial/tutorial-hxs-bitfield-register-pulse-generator-plain/submodules/simstm/tb/simstm/TestCase/TestCase.stm
# include found: loading file /home/vagrant/git/tutorial/tutorial-hxs-bitfield-register-pulse-generator-plain/submodules/simstm/tb/simstm/Variable/variable.stm
# include found: loading file /home/vagrant/git/tutorial/tutorial-hxs-bitfield-register-pulse-generator-plain/submodules/simstm/tb/simstm/TestSuites/TestSuiteVariable.stm
# ** Warning: NUMERIC_STD.&quot;&gt;&quot;: metavalue detected, returning FALSE
#    Time: 0 ps  Iteration: 2  Instance: /tbtop/i_tb_simstm
# Main test suite Variable started
# **********START*TESTCASE*testSuiteVariable_testCaseVariableAdd**********
# Started at simulation time of 1002ns
# testVariableAdd started
# test_variable_1: 1
# test_variable_2: 2
# test_variable_1: 11
# test_variable_2: 22
# test_variable_1: 12356
# test_variable_2: 110
# Passed 4 verify instructions
# Passed 0 timeout monitored bus access instructions
# Success
# testVariableAdd ended
# Ended at simulation time of 1010ns
# **********END*TESTCASE*testSuiteVariable_testCaseVariableAdd**********
# **********START*TESTCASE*testSuiteVariable_testCaseVariableAnd**********
# Started at simulation time of 1013ns
# testVariableAnd started
# test_variable_1: 0xAAAA
# test_variable_2: 0x77777777
# test_variable_1: 0xAA02
# test_variable_2: 0x70745607
# test_variable_1: 0xAA02
# test_variable_2: 0x70745607
# Passed 4 verify instructions
# Passed 0 timeout monitored bus access instructions
# Success
# testVariableAnd ended
# Ended at simulation time of 1021ns
# **********END*TESTCASE*testSuiteVariable_testCaseVariableAnd**********
# **********START*TESTCASE*testSuiteVariable_testCaseVariableDiv**********
# Started at simulation time of 1024ns
# testVariableDiv started
# test_variable_1: 500
# test_variable_2: 5000
# test_variable_1: 50
# test_variable_2: 250
# test_variable_1: 10
# test_variable_2: 2
# Passed 4 verify instructions
# Passed 0 timeout monitored bus access instructions
# Success
# testVariableDiv ended
# Ended at simulation time of 1032ns
# **********END*TESTCASE*testSuiteVariable_testCaseVariableDiv**********
# **********START*TESTCASE*testSuiteVariable_testCaseVariableEqu**********
# Started at simulation time of 1035ns
# testVariableEqu started
# test_variable_1: 1
# test_variable_2: 2
# test_variable_3: 3
# test_variable_4: 4
# test_variable_5: 5
# test_variable_1: 10
# test_variable_2: 20
# test_variable_3: 30
# test_variable_4: 44
# test_variable_5: 55
# test_variable_1: 99
# test_variable_2: 88
# test_variable_3: 55
# test_variable_4: 11
# test_variable_5: 0
# Passed 10 verify instructions
# Passed 0 timeout monitored bus access instructions
# Success
# testVariableEqu ended
# Ended at simulation time of 1045ns
# **********END*TESTCASE*testSuiteVariable_testCaseVariableEqu**********
# **********START*TESTCASE*testSuiteVariable_testCaseVariableMul**********
# Started at simulation time of 1048ns
# testVariableMul started
# test_variable_1: 1
# test_variable_2: 2
# test_variable_1: 10
# test_variable_2: 40
# test_variable_1: 123450
# test_variable_2: 3520
# Passed 4 verify instructions
# Passed 0 timeout monitored bus access instructions
# Success
# testVariableMul ended
# Ended at simulation time of 1056ns
# **********END*TESTCASE*testSuiteVariable_testCaseVariableMul**********
# **********START*TESTCASE*testSuiteVariable_testCaseVariableOr**********
# Started at simulation time of 1059ns
# testVariableOr started
# test_variable_1: 0x1234
# test_variable_2: 0x80000000
# test_variable_1: 0x3675
# test_variable_2: 0x80000001
# test_variable_1: 0x3675
# test_variable_2: 0x80000001
# Passed 4 verify instructions
# Passed 0 timeout monitored bus access instructions
# Success
# testVariableOr ended
# Ended at simulation time of 1067ns
# **********END*TESTCASE*testSuiteVariable_testCaseVariableOr**********
# **********START*TESTCASE*testSuiteVariable_testCaseVariableSub**********
# Started at simulation time of 1070ns
# testVariableSub started
# test_variable_1: 12345
# test_variable_2: 88
# test_variable_1: 12335
# test_variable_2: 68
# test_variable_1: 12333
# test_variable_2: 67
# Passed 4 verify instructions
# Passed 0 timeout monitored bus access instructions
# Success
# testVariableSub ended
# Ended at simulation time of 1078ns
# **********END*TESTCASE*testSuiteVariable_testCaseVariableSub**********
# **********START*TESTCASE*testSuiteVariable_testCaseVariableXor**********
# Started at simulation time of 1081ns
# testVariableXor started
# test_variable_1: 0xFFFFFFFF
# test_variable_2: 0x0
# ** Warning: (vsim-3930) Integer exponentiation has overflowed; result is 0.
#    Time: 1084500 ps  Iteration: 1  Instance: /tbtop/i_tb_simstm
# ** Warning: (vsim-3930) Integer exponentiation has overflowed; result is 0.
#    Time: 1084600 ps  Iteration: 1  Instance: /tbtop/i_tb_simstm
# test_variable_1: 0x55555555
# test_variable_2: 0x33333333
# ** Warning: (vsim-3930) Integer exponentiation has overflowed; result is 0.
#    Time: 1085 ns  Iteration: 1  Instance: /tbtop/i_tb_simstm
# test_variable_1: 0x0
# test_variable_2: 0xFFFFFFFF
# Passed 4 verify instructions
# Passed 0 timeout monitored bus access instructions
# Success
# testVariableXor ended
# Ended at simulation time of 1089ns
# **********END*TESTCASE*testSuiteVariable_testCaseVariableXor**********
# **********START*TESTCASE*testSuiteVariable_testCaseVariableInv**********
# Started at simulation time of 1092ns
# testVariableInv started
# test_variable_1: 0x12345678
# test_variable_2: 0xFEDCBA9
# test_variable_1: 0xEDCBA987
# test_variable_2: 0xF0123456
# test_variable_1: 0x12345678
# test_variable_2: 0xFEDCBA9
# Passed 4 verify instructions
# Passed 0 timeout monitored bus access instructions
# Success
# testVariableInv ended
# Ended at simulation time of 1100ns
# **********END*TESTCASE*testSuiteVariable_testCaseVariableInv**********
# **********START*TESTCASE*testSuiteVariable_testCaseVariableLd**********
# Started at simulation time of 1103ns
# testVariableLd started
# test_variable_1: 0x1000
# test_variable_2: 0x80000000
# test_variable_1: 12
# test_variable_2: 31
# Passed 2 verify instructions
# Passed 0 timeout monitored bus access instructions
# Success
# testVariableLd ended
# Ended at simulation time of 1110ns
# **********END*TESTCASE*testSuiteVariable_testCaseVariableLd**********
# Main test suite Variable ended
# ** Note: Verify passes 44
#    Time: 2113200 ps  Iteration: 0  Instance: /tbtop/i_tb_simstm
# ** Note: Timeout monitored bus access passes 0
#    Time: 2113200 ps  Iteration: 0  Instance: /tbtop/i_tb_simstm
# ** Note: SUCCESS
#    Time: 2113200 ps  Iteration: 0  Instance: /tbtop/i_tb_simstm
# ** Note: Test finished
#    Time: 2113200 ps  Iteration: 0  Instance: /tbtop/i_tb_simstm
# End time: 15:22:21 on Jan 06,2025, Elapsed time: 0:00:03
# Errors: 0, Warnings: 7
</system-out>
      <system-err/>
      <testcase name="testSuiteVariable_testCaseVariableAdd" assertions="4" classname="testSuiteVariable" file="TestSuites/TestSuiteVariable.stm" line="TestSuites/TestSuiteVariable.stm" time="0.1">
         <properties>
            <property name="SimulatedStartTime" value="1002"/>
            <property name="SimulatedEndTime" value="1010"/>
            <property name="SimulatedDuration" value="8"/>
         </properties>
      </testcase>
      <testcase name="testSuiteVariable_testCaseVariableEqu" assertions="10" classname="testSuiteVariable" file="TestSuites/TestSuiteVariable.stm" line="TestSuites/TestSuiteVariable.stm" time="0.005">
         <properties>
            <property name="SimulatedStartTime" value="1035"/>
            <property name="SimulatedEndTime" value="1045"/>
            <property name="SimulatedDuration" value="10"/>
         </properties>
      </testcase>
      <testcase name="testSuiteVariable_testCaseVariableSub" assertions="4" classname="testSuiteVariable" file="TestSuites/TestSuiteVariable.stm" line="TestSuites/TestSuiteVariable.stm" time="0.004">
         <properties>
            <property name="SimulatedStartTime" value="1070"/>
            <property name="SimulatedEndTime" value="1078"/>
            <property name="SimulatedDuration" value="8"/>
         </properties>
      </testcase>
      <testcase name="testSuiteVariable_testCaseVariableLd" assertions="2" classname="testSuiteVariable" file="TestSuites/TestSuiteVariable.stm" line="TestSuites/TestSuiteVariable.stm" time="0.0">
         <properties>
            <property name="SimulatedStartTime" value="1103"/>
            <property name="SimulatedEndTime" value="1110"/>
            <property name="SimulatedDuration" value="7"/>
         </properties>
      </testcase>
      <testcase name="testSuiteVariable_testCaseVariableDiv" assertions="4" classname="testSuiteVariable" file="TestSuites/TestSuiteVariable.stm" line="TestSuites/TestSuiteVariable.stm" time="0.097">
         <properties>
            <property name="SimulatedStartTime" value="1024"/>
            <property name="SimulatedEndTime" value="1032"/>
            <property name="SimulatedDuration" value="8"/>
         </properties>
      </testcase>
      <testcase name="testSuiteVariable_testCaseVariableAnd" assertions="4" classname="testSuiteVariable" file="TestSuites/TestSuiteVariable.stm" line="TestSuites/TestSuiteVariable.stm" time="0.099">
         <properties>
            <property name="SimulatedStartTime" value="1013"/>
            <property name="SimulatedEndTime" value="1021"/>
            <property name="SimulatedDuration" value="8"/>
         </properties>
      </testcase>
      <testcase name="testSuiteVariable_testCaseVariableInv" assertions="4" classname="testSuiteVariable" file="TestSuites/TestSuiteVariable.stm" line="TestSuites/TestSuiteVariable.stm" time="0.005">
         <properties>
            <property name="SimulatedStartTime" value="1092"/>
            <property name="SimulatedEndTime" value="1100"/>
            <property name="SimulatedDuration" value="8"/>
         </properties>
      </testcase>
      <testcase name="testSuiteVariable_testCaseVariableOr" assertions="4" classname="testSuiteVariable" file="TestSuites/TestSuiteVariable.stm" line="TestSuites/TestSuiteVariable.stm" time="0.005">
         <properties>
            <property name="SimulatedStartTime" value="1059"/>
            <property name="SimulatedEndTime" value="1067"/>
            <property name="SimulatedDuration" value="8"/>
         </properties>
      </testcase>
      <testcase name="testSuiteVariable_testCaseVariableXor" assertions="4" classname="testSuiteVariable" file="TestSuites/TestSuiteVariable.stm" line="TestSuites/TestSuiteVariable.stm" time="0.106">
         <properties>
            <property name="SimulatedStartTime" value="1081"/>
            <property name="SimulatedEndTime" value="1089"/>
            <property name="SimulatedDuration" value="8"/>
         </properties>
      </testcase>
      <testcase name="testSuiteVariable_testCaseVariableMul" assertions="4" classname="testSuiteVariable" file="TestSuites/TestSuiteVariable.stm" line="TestSuites/TestSuiteVariable.stm" time="0.096">
         <properties>
            <property name="SimulatedStartTime" value="1048"/>
            <property name="SimulatedEndTime" value="1056"/>
            <property name="SimulatedDuration" value="8"/>
         </properties>
      </testcase>
   </testsuite>
   <testsuite name="testSuiteLines" tests="11" skipped="0" errors="0" failures="0" assertions="0" timestamp="2025-01-06T15:22:19.018747" time="0.099001" file="TestSuites/TestSuiteLines.stm">
      <system-out># vsim -t ps -L work work.tbTop -batch -gstimulus_path=/home/vagrant/git/tutorial/tutorial-hxs-bitfield-register-pulse-generator-plain/submodules/simstm/tb/simstm/ -gstimulus_file=testMainSuiteLines.stm -gstimulus_main_entry_label=$testMainSuiteLines -do &quot;run_all.do&quot; 
# Start time: 15:22:18 on Jan 06,2025
# ** Note: (vsim-8009) Loading existing optimized design _opt3
# //  Questa Intel Starter FPGA Edition-64
# //  Version 2023.3 linux_x86_64 Jul 17 2023
# //
# //  Copyright 1991-2023 Mentor Graphics Corporation
# //  All Rights Reserved.
# //
# //  QuestaSim and its associated documentation contain trade
# //  secrets and commercial or financial information that are the property of
# //  Mentor Graphics Corporation and are privileged, confidential,
# //  and exempt from disclosure under the Freedom of Information Act,
# //  5 U.S.C. Section 552. Furthermore, this information
# //  is prohibited from disclosure under the Trade Secrets Act,
# //  18 U.S.C. Section 1905.
# //
# Loading std.standard
# Loading std.textio(body)
# Loading ieee.std_logic_1164(body)
# Loading ieee.numeric_std(body)
# Loading ieee.math_real(body)
# Loading work.tb_base_pkg(body)
# Loading work.tb_bus_avalon_pkg(body)
# Loading work.tb_bus_axi4lite_pkg(body)
# Loading work.tb_bus_wishbone_pkg(body)
# Loading work.tb_bus_pkg(body)
# Loading work.tb_signals_pkg(body)
# Loading std.env(body)
# Loading work.tb_instructions_pkg(body)
# Loading work.tb_interpreter_pkg(body)
# Loading work.tbtop(behavioural)#1
# Loading work.tb_simstm(behavioural)#1
# Loading work.ramavalon(simulation)#1
# 
# do run_all.do
# ** Warning: NUMERIC_STD.TO_INTEGER: metavalue detected, returning 0
#    Time: 0 ps  Iteration: 0  Instance: /tbtop/i_RamAxi4Lite
# include found: loading file /home/vagrant/git/tutorial/tutorial-hxs-bitfield-register-pulse-generator-plain/submodules/simstm/tb/simstm/Common/Common.stm
# nested include found in : /home/vagrant/git/tutorial/tutorial-hxs-bitfield-register-pulse-generator-plain/submodules/simstm/tb/simstm/Common/Common.stm
# nested include found: loading file /home/vagrant/git/tutorial/tutorial-hxs-bitfield-register-pulse-generator-plain/submodules/simstm/tb/simstm/Base/Base.stm
# nested include found in : /home/vagrant/git/tutorial/tutorial-hxs-bitfield-register-pulse-generator-plain/submodules/simstm/tb/simstm/Common/Common.stm
# nested include found: loading file /home/vagrant/git/tutorial/tutorial-hxs-bitfield-register-pulse-generator-plain/submodules/simstm/tb/simstm/TestCase/TestCase.stm
# include found: loading file /home/vagrant/git/tutorial/tutorial-hxs-bitfield-register-pulse-generator-plain/submodules/simstm/tb/simstm/Base/Array.stm
# include found: loading file /home/vagrant/git/tutorial/tutorial-hxs-bitfield-register-pulse-generator-plain/submodules/simstm/tb/simstm/Lines/lines.stm
# include found: loading file /home/vagrant/git/tutorial/tutorial-hxs-bitfield-register-pulse-generator-plain/submodules/simstm/tb/simstm/TestSuites/TestSuiteLines.stm
# ** Warning: NUMERIC_STD.&quot;&gt;&quot;: metavalue detected, returning FALSE
#    Time: 0 ps  Iteration: 2  Instance: /tbtop/i_tb_simstm
# Main test suite Lines started
# **********START*TESTCASE*testSuiteLines_testCaseLinesAppendArray**********
# Started at simulation time of 1002ns
# testLinesAppendArray started
# 00000000 00000001 0000000A 00000002 0000000B 7FFFFFFF 80000000 FFFFFFFF 
# 00000001 00000001 0000000A 00000002 0000000B 7FFFFFFF 80000000 FFFFFFFF 
# 00000002 00000001 0000000A 00000002 0000000B 7FFFFFFF 80000000 FFFFFFFF 
# Passed 0 verify instructions
# Passed 0 timeout monitored bus access instructions
# Success
# testLinesAppendArray ended
# Ended at simulation time of 1010ns
# **********END*TESTCASE*testSuiteLines_testCaseLinesAppendArray**********
# **********START*TESTCASE*testSuiteLines_testCaseLinesAppendText**********
# Started at simulation time of 1013ns
# testLinesAppendText started
# 00000000 00000001 0000000A 00000002 0000000B 7FFFFFFF 80000000 FFFFFFFF 
# 00000001 00000001 0000000A 00000002 0000000B 7FFFFFFF 80000000 FFFFFFFF 
# 00000002 00000001 0000000A 00000002 0000000B 7FFFFFFF 80000000 FFFFFFFF 
# line 1
# line 2
# line 3
# Passed 0 verify instructions
# Passed 0 timeout monitored bus access instructions
# Success
# testLinesAppendText ended
# Ended at simulation time of 1020ns
# **********END*TESTCASE*testSuiteLines_testCaseLinesAppendText**********
# **********START*TESTCASE*testSuiteLines_testCaseLinesDeleteAllArray**********
# Started at simulation time of 1023ns
# testLinesDeleteAllArray started
# 00000000 00000001 0000000A 00000002 0000000B 7FFFFFFF 80000000 FFFFFFFF 
# 00000001 00000001 0000000A 00000002 0000000B 7FFFFFFF 80000000 FFFFFFFF 
# 00000002 00000001 0000000A 00000002 0000000B 7FFFFFFF 80000000 FFFFFFFF 
# line 1
# line 2
# line 3
# 00000000 00000001 0000000A 00000002 0000000B 7FFFFFFF 80000000 FFFFFFFF 
# 00000001 00000001 0000000A 00000002 0000000B 7FFFFFFF 80000000 FFFFFFFF 
# 00000002 00000001 0000000A 00000002 0000000B 7FFFFFFF 80000000 FFFFFFFF 
# Passed 0 verify instructions
# Passed 0 timeout monitored bus access instructions
# Success
# testLinesDeleteAllArray ended
# Ended at simulation time of 1031ns
# **********END*TESTCASE*testSuiteLines_testCaseLinesDeleteAllArray**********
# **********START*TESTCASE*testSuiteLines_testCaseLinesDeleteArray**********
# Started at simulation time of 1034ns
# testLinesDeleteArray started
# 00000000 00000001 0000000A 00000002 0000000B 7FFFFFFF 80000000 FFFFFFFF 
# 00000001 00000001 0000000A 00000002 0000000B 7FFFFFFF 80000000 FFFFFFFF 
# 00000002 00000001 0000000A 00000002 0000000B 7FFFFFFF 80000000 FFFFFFFF 
# 00000000 00000001 0000000A 00000002 0000000B 7FFFFFFF 80000000 FFFFFFFF 
# 00000002 00000001 0000000A 00000002 0000000B 7FFFFFFF 80000000 FFFFFFFF 
# 00000000 00000001 0000000A 00000002 0000000B 7FFFFFFF 80000000 FFFFFFFF 
# Passed 0 verify instructions
# Passed 0 timeout monitored bus access instructions
# Success
# testLinesDeleteArray ended
# Ended at simulation time of 1043ns
# **********END*TESTCASE*testSuiteLines_testCaseLinesDeleteArray**********
# **********START*TESTCASE*testSuiteLines_testCaseLinesGetArray**********
# Started at simulation time of 1046ns
# testLinesGetArray started
# 00000000 00000001 0000000A 00000002 0000000B 7FFFFFFF 80000000 FFFFFFFF 
# 00000000 00000001 0000000A 00000002 0000000B 7FFFFFFF 80000000 FFFFFFFF 
# 00000001 00000001 0000000A 00000002 0000000B 7FFFFFFF 80000000 FFFFFFFF 
# 00000000 00000001 0000000A 00000002 0000000B 7FFFFFFF 80000000 FFFFFFFF 
# 00000001 00000001 0000000A 00000002 0000000B 7FFFFFFF 80000000 FFFFFFFF 
# 00000002 00000001 0000000A 00000002 0000000B 7FFFFFFF 80000000 FFFFFFFF 
# number_of_elements_got 0x8
# array: dump 
#  0x2 0x1 0xA 0x2 0xB 0x7FFFFFFF 0x80000000 0xFFFFFFFF
# number_of_elements_got 0x8
# array: dump 
#  0x2 0x1 0xA 0x2 0xB 0x7FFFFFFF 0x80000000 0xFFFFFFFF
# number_of_elements_got 0x8
# array: dump 
#  0x2 0x1 0xA 0x2 0xB 0x7FFFFFFF 0x80000000 0xFFFFFFFF
# Passed 0 verify instructions
# Passed 0 timeout monitored bus access instructions
# Success
# testLinesGetArray ended
# Ended at simulation time of 1069ns
# **********END*TESTCASE*testSuiteLines_testCaseLinesGetArray**********
# **********START*TESTCASE*testSuiteLines_testCaseLinesInsertArray**********
# Started at simulation time of 1073ns
# testLinesInsertArray started
# 00000000 00000001 0000000A 00000002 0000000B 7FFFFFFF 80000000 FFFFFFFF 
# 00000001 00000001 0000000A 00000002 0000000B 7FFFFFFF 80000000 FFFFFFFF 
# 00000002 00000001 0000000A 00000002 0000000B 7FFFFFFF 80000000 FFFFFFFF 
# 00000000 00000001 0000000A 00000002 0000000B 7FFFFFFF 80000000 FFFFFFFF 
# 00000000 00000001 0000000A 00000002 0000000B 7FFFFFFF 80000000 FFFFFFFF 
# 00000001 00000001 0000000A 00000002 0000000B 7FFFFFFF 80000000 FFFFFFFF 
# 00000002 00000001 0000000A 00000002 0000000B 7FFFFFFF 80000000 FFFFFFFF 
# 00000000 00000001 0000000A 00000002 0000000B 7FFFFFFF 80000000 FFFFFFFF 
# 00000001 00000001 0000000A 00000002 0000000B 7FFFFFFF 80000000 FFFFFFFF 
# 00000000 00000001 0000000A 00000002 0000000B 7FFFFFFF 80000000 FFFFFFFF 
# 00000001 00000001 0000000A 00000002 0000000B 7FFFFFFF 80000000 FFFFFFFF 
# 00000002 00000001 0000000A 00000002 0000000B 7FFFFFFF 80000000 FFFFFFFF 
# 00000000 00000001 0000000A 00000002 0000000B 7FFFFFFF 80000000 FFFFFFFF 
# 00000001 00000001 0000000A 00000002 0000000B 7FFFFFFF 80000000 FFFFFFFF 
# 00000002 00000001 0000000A 00000002 0000000B 7FFFFFFF 80000000 FFFFFFFF 
# number_of_elements_got 0x8
# array: dump 
#  0x2 0x1 0xA 0x2 0xB 0x7FFFFFFF 0x80000000 0xFFFFFFFF
# number_of_elements_got 0x8
# array: dump 
#  0x2 0x1 0xA 0x2 0xB 0x7FFFFFFF 0x80000000 0xFFFFFFFF
# number_of_elements_got 0x8
# array: dump 
#  0x2 0x1 0xA 0x2 0xB 0x7FFFFFFF 0x80000000 0xFFFFFFFF
# number_of_elements_got 0x8
# array: dump 
#  0x2 0x1 0xA 0x2 0xB 0x7FFFFFFF 0x80000000 0xFFFFFFFF
# number_of_elements_got 0x8
# array: dump 
#  0x2 0x1 0xA 0x2 0xB 0x7FFFFFFF 0x80000000 0xFFFFFFFF
# number_of_elements_got 0x8
# array: dump 
#  0x2 0x1 0xA 0x2 0xB 0x7FFFFFFF 0x80000000 0xFFFFFFFF
# 00000000 00000001 0000000A 00000002 0000000B 7FFFFFFF 80000000 FFFFFFFF 
# 00000003 00000022 00000033 00000000 12345678 00000777 00000800 00000FFF 
# 00000001 00000001 0000000A 00000002 0000000B 7FFFFFFF 80000000 FFFFFFFF 
# 00000002 00000001 0000000A 00000002 0000000B 7FFFFFFF 80000000 FFFFFFFF 
# 00000000 00000001 0000000A 00000002 0000000B 7FFFFFFF 80000000 FFFFFFFF 
# 00000001 00000001 0000000A 00000002 0000000B 7FFFFFFF 80000000 FFFFFFFF 
# 00000002 00000001 0000000A 00000002 0000000B 7FFFFFFF 80000000 FFFFFFFF 
# 00000004 00000022 00000033 00000000 12345678 00000777 00000800 00000FFF 
# 00000000 00000001 0000000A 00000002 0000000B 7FFFFFFF 80000000 FFFFFFFF 
# 00000003 00000022 00000033 00000000 12345678 00000777 00000800 00000FFF 
# 00000001 00000001 0000000A 00000002 0000000B 7FFFFFFF 80000000 FFFFFFFF 
# 00000005 00000022 00000033 00000000 12345678 00000777 00000800 00000FFF 
# 00000002 00000001 0000000A 00000002 0000000B 7FFFFFFF 80000000 FFFFFFFF 
# 00000000 00000001 0000000A 00000002 0000000B 7FFFFFFF 80000000 FFFFFFFF 
# 00000001 00000001 0000000A 00000002 0000000B 7FFFFFFF 80000000 FFFFFFFF 
# 00000002 00000001 0000000A 00000002 0000000B 7FFFFFFF 80000000 FFFFFFFF 
# number_of_elements_got 0x8
# array: dump 
#  0x5 0x22 0x33 0x0 0x12345678 0x777 0x800 0xFFF
# number_of_elements_got 0x8
# array: dump 
#  0x5 0x22 0x33 0x0 0x12345678 0x777 0x800 0xFFF
# number_of_elements_got 0x8
# array: dump 
#  0x5 0x22 0x33 0x0 0x12345678 0x777 0x800 0xFFF
# number_of_elements_got 0x8
# array: dump 
#  0x5 0x22 0x33 0x0 0x12345678 0x777 0x800 0xFFF
# number_of_elements_got 0x8
# array: dump 
#  0x5 0x22 0x33 0x0 0x12345678 0x777 0x800 0xFFF
# number_of_elements_got 0x8
# array: dump 
#  0x5 0x22 0x33 0x0 0x12345678 0x777 0x800 0xFFF
# number_of_elements_got 0x8
# array: dump 
#  0x5 0x22 0x33 0x0 0x12345678 0x777 0x800 0xFFF
# number_of_elements_got 0x8
# array: dump 
#  0x5 0x22 0x33 0x0 0x12345678 0x777 0x800 0xFFF
# number_of_elements_got 0x8
# array: dump 
#  0x5 0x22 0x33 0x0 0x12345678 0x777 0x800 0xFFF
# Passed 0 verify instructions
# Passed 0 timeout monitored bus access instructions
# Success
# testLinesInsertArray ended
# Ended at simulation time of 1159ns
# **********END*TESTCASE*testSuiteLines_testCaseLinesInsertArray**********
# **********START*TESTCASE*testSuiteLines_testCaseLinesInsertText**********
# Started at simulation time of 1162ns
# testLinesInsertText started
# 00000004 00000022 00000033 00000000 12345678 00000777 00000800 00000FFF 
# 00000000 00000001 0000000A 00000002 0000000B 7FFFFFFF 80000000 FFFFFFFF 
# 00000003 00000022 00000033 00000000 12345678 00000777 00000800 00000FFF 
# 00000001 00000001 0000000A 00000002 0000000B 7FFFFFFF 80000000 FFFFFFFF 
# 00000005 00000022 00000033 00000000 12345678 00000777 00000800 00000FFF 
# 00000002 00000001 0000000A 00000002 0000000B 7FFFFFFF 80000000 FFFFFFFF 
# 00000000 00000001 0000000A 00000002 0000000B 7FFFFFFF 80000000 FFFFFFFF 
# 00000001 00000001 0000000A 00000002 0000000B 7FFFFFFF 80000000 FFFFFFFF 
# 00000002 00000001 0000000A 00000002 0000000B 7FFFFFFF 80000000 FFFFFFFF 
# line 0
# line 1
# line 2
# line insert 1
# 00000004 00000022 00000033 00000000 12345678 00000777 00000800 00000FFF 
# 00000000 00000001 0000000A 00000002 0000000B 7FFFFFFF 80000000 FFFFFFFF 
# 00000003 00000022 00000033 00000000 12345678 00000777 00000800 00000FFF 
# 00000001 00000001 0000000A 00000002 0000000B 7FFFFFFF 80000000 FFFFFFFF 
# 00000005 00000022 00000033 00000000 12345678 00000777 00000800 00000FFF 
# 00000002 00000001 0000000A 00000002 0000000B 7FFFFFFF 80000000 FFFFFFFF 
# 00000000 00000001 0000000A 00000002 0000000B 7FFFFFFF 80000000 FFFFFFFF 
# 00000001 00000001 0000000A 00000002 0000000B 7FFFFFFF 80000000 FFFFFFFF 
# 00000002 00000001 0000000A 00000002 0000000B 7FFFFFFF 80000000 FFFFFFFF 
# line 0
# line 1
# line 2
# line insert 1
# line insert 0
# 00000004 00000022 00000033 00000000 12345678 00000777 00000800 00000FFF 
# 00000000 00000001 0000000A 00000002 0000000B 7FFFFFFF 80000000 FFFFFFFF 
# 00000003 00000022 00000033 00000000 12345678 00000777 00000800 00000FFF 
# 00000001 00000001 0000000A 00000002 0000000B 7FFFFFFF 80000000 FFFFFFFF 
# 00000005 00000022 00000033 00000000 12345678 00000777 00000800 00000FFF 
# 00000002 00000001 0000000A 00000002 0000000B 7FFFFFFF 80000000 FFFFFFFF 
# 00000000 00000001 0000000A 00000002 0000000B 7FFFFFFF 80000000 FFFFFFFF 
# 00000001 00000001 0000000A 00000002 0000000B 7FFFFFFF 80000000 FFFFFFFF 
# 00000002 00000001 0000000A 00000002 0000000B 7FFFFFFF 80000000 FFFFFFFF 
# line 0
# line 1
# line 2
# line insert 1
# line insert 0
# 00000004 00000022 00000033 00000000 12345678 00000777 00000800 00000FFF 
# 00000000 00000001 0000000A 00000002 0000000B 7FFFFFFF 80000000 FFFFFFFF 
# line insert 4
# 00000003 00000022 00000033 00000000 12345678 00000777 00000800 00000FFF 
# 00000001 00000001 0000000A 00000002 0000000B 7FFFFFFF 80000000 FFFFFFFF 
# 00000005 00000022 00000033 00000000 12345678 00000777 00000800 00000FFF 
# 00000002 00000001 0000000A 00000002 0000000B 7FFFFFFF 80000000 FFFFFFFF 
# 00000000 00000001 0000000A 00000002 0000000B 7FFFFFFF 80000000 FFFFFFFF 
# 00000001 00000001 0000000A 00000002 0000000B 7FFFFFFF 80000000 FFFFFFFF 
# 00000002 00000001 0000000A 00000002 0000000B 7FFFFFFF 80000000 FFFFFFFF 
# line 0
# line 1
# line 2
# Passed 0 verify instructions
# Passed 0 timeout monitored bus access instructions
# Success
# testLinesInsertText ended
# Ended at simulation time of 1170ns
# **********END*TESTCASE*testSuiteLines_testCaseLinesInsertText**********
# **********START*TESTCASE*testSuiteLines_testCaseLinesPointerCopy**********
# Started at simulation time of 1173ns
# testLinesPointerCopy started
# line insert 1
# line insert 0
# 00000004 00000022 00000033 00000000 12345678 00000777 00000800 00000FFF 
# 00000000 00000001 0000000A 00000002 0000000B 7FFFFFFF 80000000 FFFFFFFF 
# line insert 4
# 00000003 00000022 00000033 00000000 12345678 00000777 00000800 00000FFF 
# 00000001 00000001 0000000A 00000002 0000000B 7FFFFFFF 80000000 FFFFFFFF 
# 00000005 00000022 00000033 00000000 12345678 00000777 00000800 00000FFF 
# 00000002 00000001 0000000A 00000002 0000000B 7FFFFFFF 80000000 FFFFFFFF 
# 00000000 00000001 0000000A 00000002 0000000B 7FFFFFFF 80000000 FFFFFFFF 
# 00000001 00000001 0000000A 00000002 0000000B 7FFFFFFF 80000000 FFFFFFFF 
# 00000002 00000001 0000000A 00000002 0000000B 7FFFFFFF 80000000 FFFFFFFF 
# line 0
# line 1
# line 2
# 00000000 00000001 0000000A 00000002 0000000B 7FFFFFFF 80000000 FFFFFFFF 
# 00000001 00000001 0000000A 00000002 0000000B 7FFFFFFF 80000000 FFFFFFFF 
# 00000002 00000001 0000000A 00000002 0000000B 7FFFFFFF 80000000 FFFFFFFF 
# line insert 1
# line insert 0
# 00000004 00000022 00000033 00000000 12345678 00000777 00000800 00000FFF 
# 00000000 00000001 0000000A 00000002 0000000B 7FFFFFFF 80000000 FFFFFFFF 
# line insert 4
# 00000003 00000022 00000033 00000000 12345678 00000777 00000800 00000FFF 
# 00000001 00000001 0000000A 00000002 0000000B 7FFFFFFF 80000000 FFFFFFFF 
# 00000005 00000022 00000033 00000000 12345678 00000777 00000800 00000FFF 
# 00000002 00000001 0000000A 00000002 0000000B 7FFFFFFF 80000000 FFFFFFFF 
# 00000000 00000001 0000000A 00000002 0000000B 7FFFFFFF 80000000 FFFFFFFF 
# 00000001 00000001 0000000A 00000002 0000000B 7FFFFFFF 80000000 FFFFFFFF 
# 00000002 00000001 0000000A 00000002 0000000B 7FFFFFFF 80000000 FFFFFFFF 
# line 0
# line 1
# line 2
# 00000000 00000001 0000000A 00000002 0000000B 7FFFFFFF 80000000 FFFFFFFF 
# 00000001 00000001 0000000A 00000002 0000000B 7FFFFFFF 80000000 FFFFFFFF 
# 00000002 00000001 0000000A 00000002 0000000B 7FFFFFFF 80000000 FFFFFFFF 
# line insert 1
# line insert 0
# 00000004 00000022 00000033 00000000 12345678 00000777 00000800 00000FFF 
# 00000000 00000001 0000000A 00000002 0000000B 7FFFFFFF 80000000 FFFFFFFF 
# line insert 4
# 00000003 00000022 00000033 00000000 12345678 00000777 00000800 00000FFF 
# 00000001 00000001 0000000A 00000002 0000000B 7FFFFFFF 80000000 FFFFFFFF 
# 00000005 00000022 00000033 00000000 12345678 00000777 00000800 00000FFF 
# 00000002 00000001 0000000A 00000002 0000000B 7FFFFFFF 80000000 FFFFFFFF 
# 00000000 00000001 0000000A 00000002 0000000B 7FFFFFFF 80000000 FFFFFFFF 
# 00000001 00000001 0000000A 00000002 0000000B 7FFFFFFF 80000000 FFFFFFFF 
# 00000002 00000001 0000000A 00000002 0000000B 7FFFFFFF 80000000 FFFFFFFF 
# line 0
# line 1
# line 2
# 00000000 00000001 0000000A 00000002 0000000B 7FFFFFFF 80000000 FFFFFFFF 
# 00000001 00000001 0000000A 00000002 0000000B 7FFFFFFF 80000000 FFFFFFFF 
# 00000002 00000001 0000000A 00000002 0000000B 7FFFFFFF 80000000 FFFFFFFF 
# line insert 1
# line insert 0
# 00000004 00000022 00000033 00000000 12345678 00000777 00000800 00000FFF 
# 00000000 00000001 0000000A 00000002 0000000B 7FFFFFFF 80000000 FFFFFFFF 
# line insert 4
# 00000003 00000022 00000033 00000000 12345678 00000777 00000800 00000FFF 
# 00000001 00000001 0000000A 00000002 0000000B 7FFFFFFF 80000000 FFFFFFFF 
# 00000005 00000022 00000033 00000000 12345678 00000777 00000800 00000FFF 
# 00000002 00000001 0000000A 00000002 0000000B 7FFFFFFF 80000000 FFFFFFFF 
# 00000000 00000001 0000000A 00000002 0000000B 7FFFFFFF 80000000 FFFFFFFF 
# 00000001 00000001 0000000A 00000002 0000000B 7FFFFFFF 80000000 FFFFFFFF 
# 00000002 00000001 0000000A 00000002 0000000B 7FFFFFFF 80000000 FFFFFFFF 
# line 0
# line 1
# line 2
# 00000000 00000001 0000000A 00000002 0000000B 7FFFFFFF 80000000 FFFFFFFF 
# 00000001 00000001 0000000A 00000002 0000000B 7FFFFFFF 80000000 FFFFFFFF 
# 00000002 00000001 0000000A 00000002 0000000B 7FFFFFFF 80000000 FFFFFFFF 
# AFAFAFEE 00000001 0000000A 00000002 0000000B 7FFFFFFF 80000000 FFFFFFFF 
# line insert 1
# line insert 0
# 00000004 00000022 00000033 00000000 12345678 00000777 00000800 00000FFF 
# 00000000 00000001 0000000A 00000002 0000000B 7FFFFFFF 80000000 FFFFFFFF 
# line insert 4
# 00000003 00000022 00000033 00000000 12345678 00000777 00000800 00000FFF 
# 00000001 00000001 0000000A 00000002 0000000B 7FFFFFFF 80000000 FFFFFFFF 
# 00000005 00000022 00000033 00000000 12345678 00000777 00000800 00000FFF 
# 00000002 00000001 0000000A 00000002 0000000B 7FFFFFFF 80000000 FFFFFFFF 
# 00000000 00000001 0000000A 00000002 0000000B 7FFFFFFF 80000000 FFFFFFFF 
# 00000001 00000001 0000000A 00000002 0000000B 7FFFFFFF 80000000 FFFFFFFF 
# 00000002 00000001 0000000A 00000002 0000000B 7FFFFFFF 80000000 FFFFFFFF 
# line 0
# line 1
# line 2
# 00000000 00000001 0000000A 00000002 0000000B 7FFFFFFF 80000000 FFFFFFFF 
# 00000001 00000001 0000000A 00000002 0000000B 7FFFFFFF 80000000 FFFFFFFF 
# 00000002 00000001 0000000A 00000002 0000000B 7FFFFFFF 80000000 FFFFFFFF 
# AFAFAFEE 00000001 0000000A 00000002 0000000B 7FFFFFFF 80000000 FFFFFFFF 
# Passed 0 verify instructions
# Passed 0 timeout monitored bus access instructions
# Success
# testLinesPointerCopy ended
# Ended at simulation time of 1182ns
# **********END*TESTCASE*testSuiteLines_testCaseLinesPointerCopy**********
# **********START*TESTCASE*testSuiteLines_testCaseLinesSetArray**********
# Started at simulation time of 1185ns
# testLinesSetArray started
# line insert 1
# line insert 0
# 00000004 00000022 00000033 00000000 12345678 00000777 00000800 00000FFF 
# 00000000 00000001 0000000A 00000002 0000000B 7FFFFFFF 80000000 FFFFFFFF 
# line insert 4
# 00000003 00000022 00000033 00000000 12345678 00000777 00000800 00000FFF 
# 00000001 00000001 0000000A 00000002 0000000B 7FFFFFFF 80000000 FFFFFFFF 
# 00000005 00000022 00000033 00000000 12345678 00000777 00000800 00000FFF 
# 00000002 00000001 0000000A 00000002 0000000B 7FFFFFFF 80000000 FFFFFFFF 
# 00000000 00000001 0000000A 00000002 0000000B 7FFFFFFF 80000000 FFFFFFFF 
# 00000001 00000001 0000000A 00000002 0000000B 7FFFFFFF 80000000 FFFFFFFF 
# 00000002 00000001 0000000A 00000002 0000000B 7FFFFFFF 80000000 FFFFFFFF 
# line 0
# line 1
# line 2
# 00000000 00000001 0000000A 00000002 0000000B 7FFFFFFF 80000000 FFFFFFFF 
# 00000001 00000001 0000000A 00000002 0000000B 7FFFFFFF 80000000 FFFFFFFF 
# 00000002 00000001 0000000A 00000002 0000000B 7FFFFFFF 80000000 FFFFFFFF 
# AFAFAFEE 00000001 0000000A 00000002 0000000B 7FFFFFFF 80000000 FFFFFFFF 
# 00000000 00000001 0000000A 00000002 0000000B 7FFFFFFF 80000000 FFFFFFFF 
# line insert 1
# line insert 0
# 00000004 00000022 00000033 00000000 12345678 00000777 00000800 00000FFF 
# 00000000 00000001 0000000A 00000002 0000000B 7FFFFFFF 80000000 FFFFFFFF 
# line insert 4
# 00000003 00000022 00000033 00000000 12345678 00000777 00000800 00000FFF 
# 00000001 00000001 0000000A 00000002 0000000B 7FFFFFFF 80000000 FFFFFFFF 
# 00000005 00000022 00000033 00000000 12345678 00000777 00000800 00000FFF 
# 00000002 00000001 0000000A 00000002 0000000B 7FFFFFFF 80000000 FFFFFFFF 
# 00000000 00000001 0000000A 00000002 0000000B 7FFFFFFF 80000000 FFFFFFFF 
# 00000001 00000001 0000000A 00000002 0000000B 7FFFFFFF 80000000 FFFFFFFF 
# 00000002 00000001 0000000A 00000002 0000000B 7FFFFFFF 80000000 FFFFFFFF 
# line 0
# line 1
# line 2
# 00000000 00000001 0000000A 00000002 0000000B 7FFFFFFF 80000000 FFFFFFFF 
# 00000001 00000001 0000000A 00000002 0000000B 7FFFFFFF 80000000 FFFFFFFF 
# 00000002 00000001 0000000A 00000002 0000000B 7FFFFFFF 80000000 FFFFFFFF 
# AFAFAFEE 00000001 0000000A 00000002 0000000B 7FFFFFFF 80000000 FFFFFFFF 
# 00000000 00000001 0000000A 00000002 0000000B 7FFFFFFF 80000000 FFFFFFFF 
# 00000001 00000001 0000000A 00000002 0000000B 7FFFFFFF 80000000 FFFFFFFF 
# line insert 1
# line insert 0
# 00000004 00000022 00000033 00000000 12345678 00000777 00000800 00000FFF 
# 00000000 00000001 0000000A 00000002 0000000B 7FFFFFFF 80000000 FFFFFFFF 
# line insert 4
# 00000003 00000022 00000033 00000000 12345678 00000777 00000800 00000FFF 
# 00000001 00000001 0000000A 00000002 0000000B 7FFFFFFF 80000000 FFFFFFFF 
# 00000005 00000022 00000033 00000000 12345678 00000777 00000800 00000FFF 
# 00000002 00000001 0000000A 00000002 0000000B 7FFFFFFF 80000000 FFFFFFFF 
# 00000000 00000001 0000000A 00000002 0000000B 7FFFFFFF 80000000 FFFFFFFF 
# 00000001 00000001 0000000A 00000002 0000000B 7FFFFFFF 80000000 FFFFFFFF 
# 00000002 00000001 0000000A 00000002 0000000B 7FFFFFFF 80000000 FFFFFFFF 
# line 0
# line 1
# line 2
# 00000000 00000001 0000000A 00000002 0000000B 7FFFFFFF 80000000 FFFFFFFF 
# 00000001 00000001 0000000A 00000002 0000000B 7FFFFFFF 80000000 FFFFFFFF 
# 00000002 00000001 0000000A 00000002 0000000B 7FFFFFFF 80000000 FFFFFFFF 
# AFAFAFEE 00000001 0000000A 00000002 0000000B 7FFFFFFF 80000000 FFFFFFFF 
# 00000000 00000001 0000000A 00000002 0000000B 7FFFFFFF 80000000 FFFFFFFF 
# 00000001 00000001 0000000A 00000002 0000000B 7FFFFFFF 80000000 FFFFFFFF 
# 00000002 00000001 0000000A 00000002 0000000B 7FFFFFFF 80000000 FFFFFFFF 
# number_of_elements_got 0x0
# array: dump 
#  0x2 0x1 0xA 0x2 0xB 0x7FFFFFFF 0x80000000 0xFFFFFFFF
# number_of_elements_got 0x0
# array: dump 
#  0x2 0x1 0xA 0x2 0xB 0x7FFFFFFF 0x80000000 0xFFFFFFFF
# number_of_elements_got 0x8
# array: dump 
#  0x2 0x1 0xA 0x2 0xB 0x7FFFFFFF 0x80000000 0xFFFFFFFF
# number_of_elements_got 0x8
# array: dump 
#  0x2 0x1 0xA 0x2 0xB 0x7FFFFFFF 0x80000000 0xFFFFFFFF
# number_of_elements_got 0x0
# array: dump 
#  0x2 0x1 0xA 0x2 0xB 0x7FFFFFFF 0x80000000 0xFFFFFFFF
# number_of_elements_got 0x8
# array: dump 
#  0x2 0x1 0xA 0x2 0xB 0x7FFFFFFF 0x80000000 0xFFFFFFFF
# number_of_elements_got 0x8
# array: dump 
#  0x2 0x1 0xA 0x2 0xB 0x7FFFFFFF 0x80000000 0xFFFFFFFF
# number_of_elements_got 0x8
# array: dump 
#  0x2 0x1 0xA 0x2 0xB 0x7FFFFFFF 0x80000000 0xFFFFFFFF
# number_of_elements_got 0x8
# array: dump 
#  0x2 0x1 0xA 0x2 0xB 0x7FFFFFFF 0x80000000 0xFFFFFFFF
# number_of_elements_got 0x8
# array: dump 
#  0x2 0x1 0xA 0x2 0xB 0x7FFFFFFF 0x80000000 0xFFFFFFFF
# number_of_elements_got 0x8
# array: dump 
#  0x2 0x1 0xA 0x2 0xB 0x7FFFFFFF 0x80000000 0xFFFFFFFF
# number_of_elements_got 0x8
# array: dump 
#  0x2 0x1 0xA 0x2 0xB 0x7FFFFFFF 0x80000000 0xFFFFFFFF
# number_of_elements_got 0x0
# array: dump 
#  0x2 0x1 0xA 0x2 0xB 0x7FFFFFFF 0x80000000 0xFFFFFFFF
# number_of_elements_got 0x0
# array: dump 
#  0x2 0x1 0xA 0x2 0xB 0x7FFFFFFF 0x80000000 0xFFFFFFFF
# number_of_elements_got 0x0
# array: dump 
#  0x2 0x1 0xA 0x2 0xB 0x7FFFFFFF 0x80000000 0xFFFFFFFF
# number_of_elements_got 0x8
# array: dump 
#  0x2 0x1 0xA 0x2 0xB 0x7FFFFFFF 0x80000000 0xFFFFFFFF
# number_of_elements_got 0x8
# array: dump 
#  0x2 0x1 0xA 0x2 0xB 0x7FFFFFFF 0x80000000 0xFFFFFFFF
# number_of_elements_got 0x8
# array: dump 
#  0x2 0x1 0xA 0x2 0xB 0x7FFFFFFF 0x80000000 0xFFFFFFFF
# number_of_elements_got 0x8
# array: dump 
#  0x2 0x1 0xA 0x2 0xB 0x7FFFFFFF 0x80000000 0xFFFFFFFF
# number_of_elements_got 0x8
# array: dump 
#  0x2 0x1 0xA 0x2 0xB 0x7FFFFFFF 0x80000000 0xFFFFFFFF
# number_of_elements_got 0x8
# array: dump 
#  0x2 0x1 0xA 0x2 0xB 0x7FFFFFFF 0x80000000 0xFFFFFFFF
# number_of_elements_got 0x8
# array: dump 
#  0x2 0x1 0xA 0x2 0xB 0x7FFFFFFF 0x80000000 0xFFFFFFFF
# line insert 1
# 00000003 00000022 00000033 00000000 12345678 00000777 00000800 00000FFF 
# 00000004 00000022 00000033 00000000 12345678 00000777 00000800 00000FFF 
# 00000000 00000001 0000000A 00000002 0000000B 7FFFFFFF 80000000 FFFFFFFF 
# line insert 4
# 00000003 00000022 00000033 00000000 12345678 00000777 00000800 00000FFF 
# 00000001 00000001 0000000A 00000002 0000000B 7FFFFFFF 80000000 FFFFFFFF 
# 00000005 00000022 00000033 00000000 12345678 00000777 00000800 00000FFF 
# 00000002 00000001 0000000A 00000002 0000000B 7FFFFFFF 80000000 FFFFFFFF 
# 00000000 00000001 0000000A 00000002 0000000B 7FFFFFFF 80000000 FFFFFFFF 
# 00000001 00000001 0000000A 00000002 0000000B 7FFFFFFF 80000000 FFFFFFFF 
# 00000002 00000001 0000000A 00000002 0000000B 7FFFFFFF 80000000 FFFFFFFF 
# line 0
# line 1
# line 2
# 00000000 00000001 0000000A 00000002 0000000B 7FFFFFFF 80000000 FFFFFFFF 
# 00000001 00000001 0000000A 00000002 0000000B 7FFFFFFF 80000000 FFFFFFFF 
# 00000002 00000001 0000000A 00000002 0000000B 7FFFFFFF 80000000 FFFFFFFF 
# AFAFAFEE 00000001 0000000A 00000002 0000000B 7FFFFFFF 80000000 FFFFFFFF 
# 00000000 00000001 0000000A 00000002 0000000B 7FFFFFFF 80000000 FFFFFFFF 
# 00000001 00000001 0000000A 00000002 0000000B 7FFFFFFF 80000000 FFFFFFFF 
# 00000002 00000001 0000000A 00000002 0000000B 7FFFFFFF 80000000 FFFFFFFF 
# number_of_elements_got 0x0
# array: dump 
#  0x3 0x22 0x33 0x0 0x12345678 0x777 0x800 0xFFF
# number_of_elements_got 0x8
# array: dump 
#  0x3 0x22 0x33 0x0 0x12345678 0x777 0x800 0xFFF
# number_of_elements_got 0x8
# array: dump 
#  0x3 0x22 0x33 0x0 0x12345678 0x777 0x800 0xFFF
# number_of_elements_got 0x8
# array: dump 
#  0x3 0x22 0x33 0x0 0x12345678 0x777 0x800 0xFFF
# number_of_elements_got 0x0
# array: dump 
#  0x3 0x22 0x33 0x0 0x12345678 0x777 0x800 0xFFF
# number_of_elements_got 0x8
# array: dump 
#  0x3 0x22 0x33 0x0 0x12345678 0x777 0x800 0xFFF
# number_of_elements_got 0x8
# array: dump 
#  0x3 0x22 0x33 0x0 0x12345678 0x777 0x800 0xFFF
# number_of_elements_got 0x8
# array: dump 
#  0x3 0x22 0x33 0x0 0x12345678 0x777 0x800 0xFFF
# number_of_elements_got 0x8
# array: dump 
#  0x3 0x22 0x33 0x0 0x12345678 0x777 0x800 0xFFF
# number_of_elements_got 0x8
# array: dump 
#  0x3 0x22 0x33 0x0 0x12345678 0x777 0x800 0xFFF
# number_of_elements_got 0x8
# array: dump 
#  0x3 0x22 0x33 0x0 0x12345678 0x777 0x800 0xFFF
# number_of_elements_got 0x8
# array: dump 
#  0x3 0x22 0x33 0x0 0x12345678 0x777 0x800 0xFFF
# number_of_elements_got 0x0
# array: dump 
#  0x3 0x22 0x33 0x0 0x12345678 0x777 0x800 0xFFF
# number_of_elements_got 0x0
# array: dump 
#  0x3 0x22 0x33 0x0 0x12345678 0x777 0x800 0xFFF
# number_of_elements_got 0x0
# array: dump 
#  0x3 0x22 0x33 0x0 0x12345678 0x777 0x800 0xFFF
# number_of_elements_got 0x8
# array: dump 
#  0x3 0x22 0x33 0x0 0x12345678 0x777 0x800 0xFFF
# number_of_elements_got 0x8
# array: dump 
#  0x3 0x22 0x33 0x0 0x12345678 0x777 0x800 0xFFF
# number_of_elements_got 0x8
# array: dump 
#  0x3 0x22 0x33 0x0 0x12345678 0x777 0x800 0xFFF
# number_of_elements_got 0x8
# array: dump 
#  0x3 0x22 0x33 0x0 0x12345678 0x777 0x800 0xFFF
# number_of_elements_got 0x8
# array: dump 
#  0x3 0x22 0x33 0x0 0x12345678 0x777 0x800 0xFFF
# number_of_elements_got 0x8
# array: dump 
#  0x3 0x22 0x33 0x0 0x12345678 0x777 0x800 0xFFF
# number_of_elements_got 0x8
# array: dump 
#  0x3 0x22 0x33 0x0 0x12345678 0x777 0x800 0xFFF
# Passed 0 verify instructions
# Passed 0 timeout monitored bus access instructions
# Success
# testLinesSetArray ended
# Ended at simulation time of 1419ns
# **********END*TESTCASE*testSuiteLines_testCaseLinesSetArray**********
# **********START*TESTCASE*testSuiteLines_testCaseLinesSetText**********
# Started at simulation time of 1422ns
# testLinesSetText started
# line insert 1
# 00000003 00000022 00000033 00000000 12345678 00000777 00000800 00000FFF 
# 00000004 00000022 00000033 00000000 12345678 00000777 00000800 00000FFF 
# 00000000 00000001 0000000A 00000002 0000000B 7FFFFFFF 80000000 FFFFFFFF 
# line insert 4
# 00000003 00000022 00000033 00000000 12345678 00000777 00000800 00000FFF 
# 00000001 00000001 0000000A 00000002 0000000B 7FFFFFFF 80000000 FFFFFFFF 
# 00000005 00000022 00000033 00000000 12345678 00000777 00000800 00000FFF 
# 00000002 00000001 0000000A 00000002 0000000B 7FFFFFFF 80000000 FFFFFFFF 
# 00000000 00000001 0000000A 00000002 0000000B 7FFFFFFF 80000000 FFFFFFFF 
# 00000001 00000001 0000000A 00000002 0000000B 7FFFFFFF 80000000 FFFFFFFF 
# 00000002 00000001 0000000A 00000002 0000000B 7FFFFFFF 80000000 FFFFFFFF 
# line 0
# line 1
# line 2
# 00000000 00000001 0000000A 00000002 0000000B 7FFFFFFF 80000000 FFFFFFFF 
# 00000001 00000001 0000000A 00000002 0000000B 7FFFFFFF 80000000 FFFFFFFF 
# 00000002 00000001 0000000A 00000002 0000000B 7FFFFFFF 80000000 FFFFFFFF 
# AFAFAFEE 00000001 0000000A 00000002 0000000B 7FFFFFFF 80000000 FFFFFFFF 
# 00000000 00000001 0000000A 00000002 0000000B 7FFFFFFF 80000000 FFFFFFFF 
# 00000001 00000001 0000000A 00000002 0000000B 7FFFFFFF 80000000 FFFFFFFF 
# 00000002 00000001 0000000A 00000002 0000000B 7FFFFFFF 80000000 FFFFFFFF 
# line 1
# line 2
# line 3
# line set 1
# line set 2
# line set 3
# 00000000 00000001 0000000A 00000002 0000000B 7FFFFFFF 80000000 FFFFFFFF 
# line insert 4
# 00000003 00000022 00000033 00000000 12345678 00000777 00000800 00000FFF 
# 00000001 00000001 0000000A 00000002 0000000B 7FFFFFFF 80000000 FFFFFFFF 
# 00000005 00000022 00000033 00000000 12345678 00000777 00000800 00000FFF 
# 00000002 00000001 0000000A 00000002 0000000B 7FFFFFFF 80000000 FFFFFFFF 
# 00000000 00000001 0000000A 00000002 0000000B 7FFFFFFF 80000000 FFFFFFFF 
# 00000001 00000001 0000000A 00000002 0000000B 7FFFFFFF 80000000 FFFFFFFF 
# 00000002 00000001 0000000A 00000002 0000000B 7FFFFFFF 80000000 FFFFFFFF 
# line 0
# line 1
# line 2
# 00000000 00000001 0000000A 00000002 0000000B 7FFFFFFF 80000000 FFFFFFFF 
# 00000001 00000001 0000000A 00000002 0000000B 7FFFFFFF 80000000 FFFFFFFF 
# 00000002 00000001 0000000A 00000002 0000000B 7FFFFFFF 80000000 FFFFFFFF 
# AFAFAFEE 00000001 0000000A 00000002 0000000B 7FFFFFFF 80000000 FFFFFFFF 
# 00000000 00000001 0000000A 00000002 0000000B 7FFFFFFF 80000000 FFFFFFFF 
# 00000001 00000001 0000000A 00000002 0000000B 7FFFFFFF 80000000 FFFFFFFF 
# 00000002 00000001 0000000A 00000002 0000000B 7FFFFFFF 80000000 FFFFFFFF 
# line 1
# line 2
# line 3
# Passed 0 verify instructions
# Passed 0 timeout monitored bus access instructions
# Success
# testLinesSetText ended
# Ended at simulation time of 1429ns
# **********END*TESTCASE*testSuiteLines_testCaseLinesSetText**********
# **********START*TESTCASE*testSuiteLines_testCaseLinesSize**********
# Started at simulation time of 1432ns
# testLinesSize started
# line set 1
# line set 2
# line set 3
# 00000000 00000001 0000000A 00000002 0000000B 7FFFFFFF 80000000 FFFFFFFF 
# line insert 4
# 00000003 00000022 00000033 00000000 12345678 00000777 00000800 00000FFF 
# 00000001 00000001 0000000A 00000002 0000000B 7FFFFFFF 80000000 FFFFFFFF 
# 00000005 00000022 00000033 00000000 12345678 00000777 00000800 00000FFF 
# 00000002 00000001 0000000A 00000002 0000000B 7FFFFFFF 80000000 FFFFFFFF 
# 00000000 00000001 0000000A 00000002 0000000B 7FFFFFFF 80000000 FFFFFFFF 
# 00000001 00000001 0000000A 00000002 0000000B 7FFFFFFF 80000000 FFFFFFFF 
# 00000002 00000001 0000000A 00000002 0000000B 7FFFFFFF 80000000 FFFFFFFF 
# line 0
# line 1
# line 2
# 00000000 00000001 0000000A 00000002 0000000B 7FFFFFFF 80000000 FFFFFFFF 
# 00000001 00000001 0000000A 00000002 0000000B 7FFFFFFF 80000000 FFFFFFFF 
# 00000002 00000001 0000000A 00000002 0000000B 7FFFFFFF 80000000 FFFFFFFF 
# AFAFAFEE 00000001 0000000A 00000002 0000000B 7FFFFFFF 80000000 FFFFFFFF 
# 00000000 00000001 0000000A 00000002 0000000B 7FFFFFFF 80000000 FFFFFFFF 
# 00000001 00000001 0000000A 00000002 0000000B 7FFFFFFF 80000000 FFFFFFFF 
# 00000002 00000001 0000000A 00000002 0000000B 7FFFFFFF 80000000 FFFFFFFF 
# line 1
# line 2
# line 3
# 00000000 00000001 0000000A 00000002 0000000B 7FFFFFFF 80000000 FFFFFFFF 
# 00000001 00000001 0000000A 00000002 0000000B 7FFFFFFF 80000000 FFFFFFFF 
# 00000002 00000001 0000000A 00000002 0000000B 7FFFFFFF 80000000 FFFFFFFF 
# lines size is 0x1C
# Passed 0 verify instructions
# Passed 0 timeout monitored bus access instructions
# Success
# testLinesSize ended
# Ended at simulation time of 1440ns
# **********END*TESTCASE*testSuiteLines_testCaseLinesSize**********
# Main test suite Lines ended
# ** Note: Verify passes 0
#    Time: 2443200 ps  Iteration: 0  Instance: /tbtop/i_tb_simstm
# ** Note: Timeout monitored bus access passes 0
#    Time: 2443200 ps  Iteration: 0  Instance: /tbtop/i_tb_simstm
# ** Note: SUCCESS
#    Time: 2443200 ps  Iteration: 0  Instance: /tbtop/i_tb_simstm
# ** Note: Test finished
#    Time: 2443200 ps  Iteration: 0  Instance: /tbtop/i_tb_simstm
# End time: 15:22:24 on Jan 06,2025, Elapsed time: 0:00:06
# Errors: 0, Warnings: 2
</system-out>
      <system-err/>
      <testcase name="testSuiteLines_testCaseLinesSize" assertions="0" classname="testSuiteLines" file="TestSuites/TestSuiteLines.stm" line="TestSuites/TestSuiteLines.stm" time="0.003">
         <properties>
            <property name="SimulatedStartTime" value="1432"/>
            <property name="SimulatedEndTime" value="1440"/>
            <property name="SimulatedDuration" value="8"/>
         </properties>
      </testcase>
      <testcase name="testSuiteLines_testCaseLinesPointerCopy" assertions="0" classname="testSuiteLines" file="TestSuites/TestSuiteLines.stm" line="TestSuites/TestSuiteLines.stm" time="0.105">
         <properties>
            <property name="SimulatedStartTime" value="1173"/>
            <property name="SimulatedEndTime" value="1182"/>
            <property name="SimulatedDuration" value="9"/>
         </properties>
      </testcase>
      <testcase name="testSuiteLines_testCaseLinesSetArray" assertions="0" classname="testSuiteLines" file="TestSuites/TestSuiteLines.stm" line="TestSuites/TestSuiteLines.stm" time="3.753001">
         <properties>
            <property name="SimulatedStartTime" value="1185"/>
            <property name="SimulatedEndTime" value="1419"/>
            <property name="SimulatedDuration" value="234"/>
         </properties>
      </testcase>
      <testcase name="testSuiteLines_testCaseLinesDeleteArray" assertions="0" classname="testSuiteLines" file="TestSuites/TestSuiteLines.stm" line="TestSuites/TestSuiteLines.stm" time="0.006">
         <properties>
            <property name="SimulatedStartTime" value="1034"/>
            <property name="SimulatedEndTime" value="1043"/>
            <property name="SimulatedDuration" value="9"/>
         </properties>
      </testcase>
      <testcase name="testSuiteLines_testCaseLinesAppendArray" assertions="0" classname="testSuiteLines" file="TestSuites/TestSuiteLines.stm" line="TestSuites/TestSuiteLines.stm" time="0.099001">
         <properties>
            <property name="SimulatedStartTime" value="1002"/>
            <property name="SimulatedEndTime" value="1010"/>
            <property name="SimulatedDuration" value="8"/>
         </properties>
      </testcase>
      <testcase name="testSuiteLines_testCaseLinesDeleteAllArray" assertions="0" classname="testSuiteLines" file="TestSuites/TestSuiteLines.stm" line="TestSuites/TestSuiteLines.stm" time="0.004999">
         <properties>
            <property name="SimulatedStartTime" value="1023"/>
            <property name="SimulatedEndTime" value="1031"/>
            <property name="SimulatedDuration" value="8"/>
         </properties>
      </testcase>
      <testcase name="testSuiteLines_testCaseLinesSetText" assertions="0" classname="testSuiteLines" file="TestSuites/TestSuiteLines.stm" line="TestSuites/TestSuiteLines.stm" time="0.093">
         <properties>
            <property name="SimulatedStartTime" value="1422"/>
            <property name="SimulatedEndTime" value="1429"/>
            <property name="SimulatedDuration" value="7"/>
         </properties>
      </testcase>
      <testcase name="testSuiteLines_testCaseLinesGetArray" assertions="0" classname="testSuiteLines" file="TestSuites/TestSuiteLines.stm" line="TestSuites/TestSuiteLines.stm" time="0.312">
         <properties>
            <property name="SimulatedStartTime" value="1046"/>
            <property name="SimulatedEndTime" value="1069"/>
            <property name="SimulatedDuration" value="23"/>
         </properties>
      </testcase>
      <testcase name="testSuiteLines_testCaseLinesInsertArray" assertions="0" classname="testSuiteLines" file="TestSuites/TestSuiteLines.stm" line="TestSuites/TestSuiteLines.stm" time="1.324">
         <properties>
            <property name="SimulatedStartTime" value="1073"/>
            <property name="SimulatedEndTime" value="1159"/>
            <property name="SimulatedDuration" value="86"/>
         </properties>
      </testcase>
      <testcase name="testSuiteLines_testCaseLinesAppendText" assertions="0" classname="testSuiteLines" file="TestSuites/TestSuiteLines.stm" line="TestSuites/TestSuiteLines.stm" time="0.098">
         <properties>
            <property name="SimulatedStartTime" value="1013"/>
            <property name="SimulatedEndTime" value="1020"/>
            <property name="SimulatedDuration" value="7"/>
         </properties>
      </testcase>
      <testcase name="testSuiteLines_testCaseLinesInsertText" assertions="0" classname="testSuiteLines" file="TestSuites/TestSuiteLines.stm" line="TestSuites/TestSuiteLines.stm" time="0.001">
         <properties>
            <property name="SimulatedStartTime" value="1162"/>
            <property name="SimulatedEndTime" value="1170"/>
            <property name="SimulatedDuration" value="8"/>
         </properties>
      </testcase>
   </testsuite>
   <testsuite name="testSuiteInterrupt" tests="1" skipped="0" errors="0" failures="0" assertions="2" timestamp="2025-01-06T15:22:26.932749" time="0.202" file="TestSuites/TestSuiteInterrupt.stm">
      <system-out># vsim -t ps -L work work.tbTop -batch -gstimulus_path=/home/vagrant/git/tutorial/tutorial-hxs-bitfield-register-pulse-generator-plain/submodules/simstm/tb/simstm/ -gstimulus_file=testMainSuiteInterrupt.stm -gstimulus_main_entry_label=$testMainSuiteInterrupt -do &quot;run_all.do&quot; 
# Start time: 15:22:18 on Jan 06,2025
# ** Note: (vsim-3812) Design is being optimized...
# ** Warning: (vopt-6) -- Waiting for lock by &quot;vagrant@vagrant-box, pid = 344436&quot;. Lockfile is &quot;/home/vagrant/git/tutorial/tutorial-hxs-bitfield-register-pulse-generator-plain/submodules/simstm/simulation/modelsim/work/work/_lock&quot;.
# ** Warning: (vopt-6) -- Waiting for lock by &quot;vagrant@vagrant-box, pid = 344603&quot;. Lockfile is &quot;/home/vagrant/git/tutorial/tutorial-hxs-bitfield-register-pulse-generator-plain/submodules/simstm/simulation/modelsim/work/work/_lock&quot;.
# ** Warning: (vopt-2009) At least one design unit was compiled with optimization level -O0 or -O1.
# Use vdir -l command to find such design units.
# ** Note: (vsim-12126) Error and warning message counts have been restored: Errors=0, Warnings=3.
# //  Questa Intel Starter FPGA Edition-64
# //  Version 2023.3 linux_x86_64 Jul 17 2023
# //
# //  Copyright 1991-2023 Mentor Graphics Corporation
# //  All Rights Reserved.
# //
# //  QuestaSim and its associated documentation contain trade
# //  secrets and commercial or financial information that are the property of
# //  Mentor Graphics Corporation and are privileged, confidential,
# //  and exempt from disclosure under the Freedom of Information Act,
# //  5 U.S.C. Section 552. Furthermore, this information
# //  is prohibited from disclosure under the Trade Secrets Act,
# //  18 U.S.C. Section 1905.
# //
# Loading std.standard
# Loading std.textio(body)
# Loading ieee.std_logic_1164(body)
# Loading ieee.numeric_std(body)
# Loading ieee.math_real(body)
# Loading work.tb_base_pkg(body)
# Loading work.tb_bus_avalon_pkg(body)
# Loading work.tb_bus_axi4lite_pkg(body)
# Loading work.tb_bus_wishbone_pkg(body)
# Loading work.tb_bus_pkg(body)
# Loading work.tb_signals_pkg(body)
# Loading std.env(body)
# Loading work.tb_instructions_pkg(body)
# Loading work.tb_interpreter_pkg(body)
# Loading work.tbtop(behavioural)#1
# Loading work.tb_simstm(behavioural)#1
# Loading work.ramavalon(simulation)#1
# 
# do run_all.do
# ** Warning: NUMERIC_STD.TO_INTEGER: metavalue detected, returning 0
#    Time: 0 ps  Iteration: 0  Instance: /tbtop/i_RamAxi4Lite
# include found: loading file /home/vagrant/git/tutorial/tutorial-hxs-bitfield-register-pulse-generator-plain/submodules/simstm/tb/simstm/Common/Common.stm
# nested include found in : /home/vagrant/git/tutorial/tutorial-hxs-bitfield-register-pulse-generator-plain/submodules/simstm/tb/simstm/Common/Common.stm
# nested include found: loading file /home/vagrant/git/tutorial/tutorial-hxs-bitfield-register-pulse-generator-plain/submodules/simstm/tb/simstm/Base/Base.stm
# nested include found in : /home/vagrant/git/tutorial/tutorial-hxs-bitfield-register-pulse-generator-plain/submodules/simstm/tb/simstm/Common/Common.stm
# nested include found: loading file /home/vagrant/git/tutorial/tutorial-hxs-bitfield-register-pulse-generator-plain/submodules/simstm/tb/simstm/TestCase/TestCase.stm
# include found: loading file /home/vagrant/git/tutorial/tutorial-hxs-bitfield-register-pulse-generator-plain/submodules/simstm/tb/simstm/Interrupt/interrupt.stm
# include found: loading file /home/vagrant/git/tutorial/tutorial-hxs-bitfield-register-pulse-generator-plain/submodules/simstm/tb/simstm/TestSuites/TestSuiteInterrupt.stm
# ** Warning: NUMERIC_STD.&quot;&gt;&quot;: metavalue detected, returning FALSE
#    Time: 0 ps  Iteration: 2  Instance: /tbtop/i_tb_simstm
# Main test suite Interrupt started
# **********START*TESTCASE*testSuiteInterrupt_testCaseInterrupt**********
# Started at simulation time of 1002ns
# testInterrupt started
# InterruptA happened
# InterruptB happened
# Passed 2 verify instructions
# Passed 0 timeout monitored bus access instructions
# Success
# testInterrupt ended
# Ended at simulation time of 3110ns
# **********END*TESTCASE*testSuiteInterrupt_testCaseInterrupt**********
# Main test suite Interrupt ended
# ** Note: Verify passes 2
#    Time: 4113 ns  Iteration: 0  Instance: /tbtop/i_tb_simstm
# ** Note: Timeout monitored bus access passes 0
#    Time: 4113 ns  Iteration: 0  Instance: /tbtop/i_tb_simstm
# ** Note: SUCCESS
#    Time: 4113 ns  Iteration: 0  Instance: /tbtop/i_tb_simstm
# ** Note: Test finished
#    Time: 4113 ns  Iteration: 0  Instance: /tbtop/i_tb_simstm
# End time: 15:22:27 on Jan 06,2025, Elapsed time: 0:00:09
# Errors: 0, Warnings: 5
</system-out>
      <system-err/>
      <testcase name="testSuiteInterrupt_testCaseInterrupt" assertions="2" classname="testSuiteInterrupt" file="TestSuites/TestSuiteInterrupt.stm" line="TestSuites/TestSuiteInterrupt.stm" time="0.202">
         <properties>
            <property name="SimulatedStartTime" value="1002"/>
            <property name="SimulatedEndTime" value="3110"/>
            <property name="SimulatedDuration" value="2108"/>
         </properties>
      </testcase>
   </testsuite>
   <testsuite name="testSuiteBusAvalon" tests="5" skipped="0" errors="0" failures="0" assertions="28" timestamp="2025-01-06T15:22:25.951749" time="0.098" file="TestSuites/TestSuiteBusAvalon.stm">
      <system-out># vsim -t ps -L work work.tbTop -batch -gstimulus_path=/home/vagrant/git/tutorial/tutorial-hxs-bitfield-register-pulse-generator-plain/submodules/simstm/tb/simstm/ -gstimulus_file=testMainSuiteBusAvalon.stm -gstimulus_main_entry_label=$testMainSuiteBusAvalon -do &quot;run_all.do&quot; 
# Start time: 15:22:18 on Jan 06,2025
# ** Note: (vsim-3812) Design is being optimized...
# ** Warning: (vopt-6) -- Waiting for lock by &quot;vagrant@vagrant-box, pid = 344436&quot;. Lockfile is &quot;/home/vagrant/git/tutorial/tutorial-hxs-bitfield-register-pulse-generator-plain/submodules/simstm/simulation/modelsim/work/work/_lock&quot;.
# ** Warning: (vopt-6) -- Waiting for lock by &quot;vagrant@vagrant-box, pid = 344603&quot;. Lockfile is &quot;/home/vagrant/git/tutorial/tutorial-hxs-bitfield-register-pulse-generator-plain/submodules/simstm/simulation/modelsim/work/work/_lock&quot;.
# ** Warning: (vopt-2009) At least one design unit was compiled with optimization level -O0 or -O1.
# Use vdir -l command to find such design units.
# ** Note: (vsim-12126) Error and warning message counts have been restored: Errors=0, Warnings=3.
# //  Questa Intel Starter FPGA Edition-64
# //  Version 2023.3 linux_x86_64 Jul 17 2023
# //
# //  Copyright 1991-2023 Mentor Graphics Corporation
# //  All Rights Reserved.
# //
# //  QuestaSim and its associated documentation contain trade
# //  secrets and commercial or financial information that are the property of
# //  Mentor Graphics Corporation and are privileged, confidential,
# //  and exempt from disclosure under the Freedom of Information Act,
# //  5 U.S.C. Section 552. Furthermore, this information
# //  is prohibited from disclosure under the Trade Secrets Act,
# //  18 U.S.C. Section 1905.
# //
# Loading std.standard
# Loading std.textio(body)
# Loading ieee.std_logic_1164(body)
# Loading ieee.numeric_std(body)
# Loading ieee.math_real(body)
# Loading work.tb_base_pkg(body)
# Loading work.tb_bus_avalon_pkg(body)
# Loading work.tb_bus_axi4lite_pkg(body)
# Loading work.tb_bus_wishbone_pkg(body)
# Loading work.tb_bus_pkg(body)
# Loading work.tb_signals_pkg(body)
# Loading std.env(body)
# Loading work.tb_instructions_pkg(body)
# Loading work.tb_interpreter_pkg(body)
# Loading work.tbtop(behavioural)#1
# Loading work.tb_simstm(behavioural)#1
# Loading work.ramavalon(simulation)#1
# 
# do run_all.do
# ** Warning: NUMERIC_STD.TO_INTEGER: metavalue detected, returning 0
#    Time: 0 ps  Iteration: 0  Instance: /tbtop/i_RamAxi4Lite
# include found: loading file /home/vagrant/git/tutorial/tutorial-hxs-bitfield-register-pulse-generator-plain/submodules/simstm/tb/simstm/Common/Common.stm
# nested include found in : /home/vagrant/git/tutorial/tutorial-hxs-bitfield-register-pulse-generator-plain/submodules/simstm/tb/simstm/Common/Common.stm
# nested include found: loading file /home/vagrant/git/tutorial/tutorial-hxs-bitfield-register-pulse-generator-plain/submodules/simstm/tb/simstm/Base/Base.stm
# nested include found in : /home/vagrant/git/tutorial/tutorial-hxs-bitfield-register-pulse-generator-plain/submodules/simstm/tb/simstm/Common/Common.stm
# nested include found: loading file /home/vagrant/git/tutorial/tutorial-hxs-bitfield-register-pulse-generator-plain/submodules/simstm/tb/simstm/TestCase/TestCase.stm
# include found: loading file /home/vagrant/git/tutorial/tutorial-hxs-bitfield-register-pulse-generator-plain/submodules/simstm/tb/simstm/Bus/bus.stm
# include found: loading file /home/vagrant/git/tutorial/tutorial-hxs-bitfield-register-pulse-generator-plain/submodules/simstm/tb/simstm/TestSuites/TestSuiteBusAvalon.stm
# ** Warning: NUMERIC_STD.&quot;&gt;&quot;: metavalue detected, returning FALSE
#    Time: 0 ps  Iteration: 2  Instance: /tbtop/i_tb_simstm
# Main test suite Bus Avalon started
# testBus started
# Passed 20 verify instructions
# Passed 34 timeout monitored bus access instructions
# Success
# testBus ended
# **********START*TESTCASE*testSuiteBusAvalon_testCaseBus**********
# Started at simulation time of 6319ns
# testBus started
# Passed 20 verify instructions
# Passed 34 timeout monitored bus access instructions
# Success
# testBus ended
# Ended at simulation time of 11778ns
# **********END*TESTCASE*testSuiteBusAvalon_testCaseBus**********
# **********START*TESTCASE*testSuiteBusAvalon_testCaseBusVerifySuccess**********
# Started at simulation time of 11781ns
# testBusVerifySuccess started
# Passed 3 verify instructions
# Passed 6 timeout monitored bus access instructions
# Success
# testBusVerifySuccess ended
# Ended at simulation time of 13018ns
# **********END*TESTCASE*testSuiteBusAvalon_testCaseBusVerifySuccess**********
# **********START*TESTCASE*testSuiteBusAvalon_testCaseBusVerifyFail**********
# Started at simulation time of 13021ns
# testBusVerifyFail started
# bus verify intended error on no match
# ** Error:  line 83, bus_verify: address=0x00000008, read=0x55555555, expected=0x00000000, mask=0xFFFFFFFF, file Bus/bus.stm
#    Time: 14295 ns  Iteration: 1  Instance: /tbtop/i_tb_simstm
# Passed 4 verify instructions
# Passed 7 timeout monitored bus access instructions
# Expected 1 verify failures, ignored
# Success
# testBusVerifyFail ended
# Ended at simulation time of 14299ns
# **********END*TESTCASE*testSuiteBusAvalon_testCaseBusVerifyFail**********
# **********START*TESTCASE*testSuiteBusAvalon_testCaseBusTimeOutRead**********
# Started at simulation time of 14302ns
# testBusTimeOutRead started
# ** Error: Bus Read timeout
#    Time: 15350 ns  Iteration: 1  Instance: /tbtop/i_tb_simstm
# ** Warning: NUMERIC_STD.TO_INTEGER: metavalue detected, returning 0
#    Time: 15350 ns  Iteration: 1  Instance: /tbtop/i_tb_simstm
# Passed 1 verify instructions
# Passed 2 timeout monitored bus access instructions
# Expected 1 bus timeout failures, ignored
# Success
# testBusTimeOutRead ended
# Ended at simulation time of 15354ns
# **********END*TESTCASE*testSuiteBusAvalon_testCaseBusTimeOutRead**********
# **********START*TESTCASE*testSuiteBusAvalon_testCaseBusTimeOutWrite**********
# Started at simulation time of 15357ns
# testBusTimeOutWrite started
# ** Error: Bus Write timeout
#    Time: 16365 ns  Iteration: 1  Instance: /tbtop/i_tb_simstm
# Passed 0 verify instructions
# Passed 1 timeout monitored bus access instructions
# Expected 1 bus timeout failures, ignored
# Success
# testBusTimeOutWrite ended
# Ended at simulation time of 16369ns
# **********END*TESTCASE*testSuiteBusAvalon_testCaseBusTimeOutWrite**********
# Main test suite Bus Avalon ended
# ** Note: Verify passes 48
#    Time: 17371700 ps  Iteration: 0  Instance: /tbtop/i_tb_simstm
# ** Note: Timeout monitored bus access passes 84
#    Time: 17371700 ps  Iteration: 0  Instance: /tbtop/i_tb_simstm
# ** Note: Expected 1 verify failures, got 1
#    Time: 17371700 ps  Iteration: 0  Instance: /tbtop/i_tb_simstm
# ** Note: Expected 2 bus timeout failures, got 2
#    Time: 17371700 ps  Iteration: 0  Instance: /tbtop/i_tb_simstm
# ** Note: SUCCESS
#    Time: 17371700 ps  Iteration: 0  Instance: /tbtop/i_tb_simstm
# End time: 15:22:26 on Jan 06,2025, Elapsed time: 0:00:08
# Errors: 3, Warnings: 6
</system-out>
      <system-err/>
      <testcase name="testSuiteBusAvalon_testCaseBusVerifySuccess" assertions="3" classname="testSuiteBusAvalon" file="TestSuites/TestSuiteBusAvalon.stm" line="TestSuites/TestSuiteBusAvalon.stm" time="0.005">
         <properties>
            <property name="SimulatedStartTime" value="11781"/>
            <property name="SimulatedEndTime" value="13018"/>
            <property name="SimulatedDuration" value="1237"/>
         </properties>
      </testcase>
      <testcase name="testSuiteBusAvalon_testCaseBusVerifyFail" assertions="4" classname="testSuiteBusAvalon" file="TestSuites/TestSuiteBusAvalon.stm" line="TestSuites/TestSuiteBusAvalon.stm" time="0.096">
         <properties>
            <property name="SimulatedStartTime" value="13021"/>
            <property name="SimulatedEndTime" value="14299"/>
            <property name="SimulatedDuration" value="1278"/>
         </properties>
      </testcase>
      <testcase name="testSuiteBusAvalon_testCaseBusTimeOutWrite" assertions="0" classname="testSuiteBusAvalon" file="TestSuites/TestSuiteBusAvalon.stm" line="TestSuites/TestSuiteBusAvalon.stm" time="0.004">
         <properties>
            <property name="SimulatedStartTime" value="15357"/>
            <property name="SimulatedEndTime" value="16369"/>
            <property name="SimulatedDuration" value="1012"/>
         </properties>
      </testcase>
      <testcase name="testSuiteBusAvalon_testCaseBus" assertions="20" classname="testSuiteBusAvalon" file="TestSuites/TestSuiteBusAvalon.stm" line="TestSuites/TestSuiteBusAvalon.stm" time="0.098">
         <properties>
            <property name="SimulatedStartTime" value="6319"/>
            <property name="SimulatedEndTime" value="11778"/>
            <property name="SimulatedDuration" value="5459"/>
         </properties>
      </testcase>
      <testcase name="testSuiteBusAvalon_testCaseBusTimeOutRead" assertions="1" classname="testSuiteBusAvalon" file="TestSuites/TestSuiteBusAvalon.stm" line="TestSuites/TestSuiteBusAvalon.stm" time="0.004">
         <properties>
            <property name="SimulatedStartTime" value="14302"/>
            <property name="SimulatedEndTime" value="15354"/>
            <property name="SimulatedDuration" value="1052"/>
         </properties>
      </testcase>
   </testsuite>
   <testsuite name="testSuiteOther" tests="10" skipped="0" errors="0" failures="0" assertions="0" timestamp="2025-01-06T15:22:24.681749" time="0.103" file="TestSuites/TestSuiteOther.stm">
      <system-out># vsim -t ps -L work work.tbTop -batch -gstimulus_path=/home/vagrant/git/tutorial/tutorial-hxs-bitfield-register-pulse-generator-plain/submodules/simstm/tb/simstm/ -gstimulus_file=testMainSuiteOther.stm -gstimulus_main_entry_label=$testMainSuiteOther -do &quot;run_all.do&quot; 
# Start time: 15:22:18 on Jan 06,2025
# ** Note: (vsim-3812) Design is being optimized...
# ** Warning: (vopt-6) -- Waiting for lock by &quot;vagrant@vagrant-box, pid = 344436&quot;. Lockfile is &quot;/home/vagrant/git/tutorial/tutorial-hxs-bitfield-register-pulse-generator-plain/submodules/simstm/simulation/modelsim/work/work/_lock&quot;.
# ** Warning: (vopt-2009) At least one design unit was compiled with optimization level -O0 or -O1.
# Use vdir -l command to find such design units.
# ** Note: (vsim-12126) Error and warning message counts have been restored: Errors=0, Warnings=2.
# //  Questa Intel Starter FPGA Edition-64
# //  Version 2023.3 linux_x86_64 Jul 17 2023
# //
# //  Copyright 1991-2023 Mentor Graphics Corporation
# //  All Rights Reserved.
# //
# //  QuestaSim and its associated documentation contain trade
# //  secrets and commercial or financial information that are the property of
# //  Mentor Graphics Corporation and are privileged, confidential,
# //  and exempt from disclosure under the Freedom of Information Act,
# //  5 U.S.C. Section 552. Furthermore, this information
# //  is prohibited from disclosure under the Trade Secrets Act,
# //  18 U.S.C. Section 1905.
# //
# Loading std.standard
# Loading std.textio(body)
# Loading ieee.std_logic_1164(body)
# Loading ieee.numeric_std(body)
# Loading ieee.math_real(body)
# Loading work.tb_base_pkg(body)
# Loading work.tb_bus_avalon_pkg(body)
# Loading work.tb_bus_axi4lite_pkg(body)
# Loading work.tb_bus_wishbone_pkg(body)
# Loading work.tb_bus_pkg(body)
# Loading work.tb_signals_pkg(body)
# Loading std.env(body)
# Loading work.tb_instructions_pkg(body)
# Loading work.tb_interpreter_pkg(body)
# Loading work.tbtop(behavioural)#1
# Loading work.tb_simstm(behavioural)#1
# Loading work.ramavalon(simulation)#1
# 
# do run_all.do
# ** Warning: NUMERIC_STD.TO_INTEGER: metavalue detected, returning 0
#    Time: 0 ps  Iteration: 0  Instance: /tbtop/i_RamAxi4Lite
# include found: loading file /home/vagrant/git/tutorial/tutorial-hxs-bitfield-register-pulse-generator-plain/submodules/simstm/tb/simstm/Common/Common.stm
# nested include found in : /home/vagrant/git/tutorial/tutorial-hxs-bitfield-register-pulse-generator-plain/submodules/simstm/tb/simstm/Common/Common.stm
# nested include found: loading file /home/vagrant/git/tutorial/tutorial-hxs-bitfield-register-pulse-generator-plain/submodules/simstm/tb/simstm/Base/Base.stm
# nested include found in : /home/vagrant/git/tutorial/tutorial-hxs-bitfield-register-pulse-generator-plain/submodules/simstm/tb/simstm/Common/Common.stm
# nested include found: loading file /home/vagrant/git/tutorial/tutorial-hxs-bitfield-register-pulse-generator-plain/submodules/simstm/tb/simstm/TestCase/TestCase.stm
# include found: loading file /home/vagrant/git/tutorial/tutorial-hxs-bitfield-register-pulse-generator-plain/submodules/simstm/tb/simstm/Other/other.stm
# include found: loading file /home/vagrant/git/tutorial/tutorial-hxs-bitfield-register-pulse-generator-plain/submodules/simstm/tb/simstm/TestSuites/TestSuiteOther.stm
# ** Warning: NUMERIC_STD.&quot;&gt;&quot;: metavalue detected, returning FALSE
#    Time: 0 ps  Iteration: 2  Instance: /tbtop/i_tb_simstm
# Main test suite Other started
# **********START*TESTCASE*testSuiteOther_testCaseOtherRandom**********
# Started at simulation time of 1002ns
# testOtherRandom started
# random_number: 0xA
# random_number: 0xA
# random_number: 0x7
# random_number: 0x3
# random_number: 0x0
# random_number: 0x1
# random_number: 0x7
# random_number: 0x0
# random_number: 0x2
# random_number: 0x1
# random_number: 0x7
# random_number: 0x1
# random_number: 0xA
# random_number: 0x1
# random_number: 0x3
# random_number: 0x2
# random_number: 0x7
# random_number: 0xA
# random_number: 0x1
# random_number: 0x9
# Passed 0 verify instructions
# Passed 0 timeout monitored bus access instructions
# Success
# testOtherRandom ended
# Ended at simulation time of 1014ns
# **********END*TESTCASE*testSuiteOther_testCaseOtherRandom**********
# **********START*TESTCASE*testSuiteOther_testCaseOtherSeed**********
# Started at simulation time of 1018ns
# testOtherSeed started
# random_number: 0xA
# random_number: 0xA
# random_number: 0x7
# random_number: 0x3
# random_number: 0x0
# random_number: 0x0
# random_number: 0xA
# random_number: 0x1
# random_number: 0x1
# random_number: 0x4
# Passed 0 verify instructions
# Passed 0 timeout monitored bus access instructions
# Success
# testOtherSeed ended
# Ended at simulation time of 1027ns
# **********END*TESTCASE*testSuiteOther_testCaseOtherSeed**********
# **********START*TESTCASE*testSuiteOther_testCaseOtherTrace**********
# Started at simulation time of 1031ns
# testOtherTrace started
[...]
# ** Note: Expected 2 bus timeout failures, got 2
#    Time: 19551700 ps  Iteration: 0  Instance: /tbtop/i_tb_simstm
# ** Note: SUCCESS
#    Time: 19551700 ps  Iteration: 0  Instance: /tbtop/i_tb_simstm
# End time: 15:22:23 on Jan 06,2025, Elapsed time: 0:00:03
# Errors: 3, Warnings: 5
</system-out>
      <system-err/>
      <testcase name="testSuiteBusAxi4Lite_testCaseBus" assertions="20" classname="testSuiteBusAxi4Lite" file="TestSuites/TestSuiteBusAxi4Lite.stm" line="TestSuites/TestSuiteBusAxi4Lite.stm" time="0.101">
         <properties>
            <property name="SimulatedStartTime" value="8499"/>
            <property name="SimulatedEndTime" value="13958"/>
            <property name="SimulatedDuration" value="5459"/>
         </properties>
      </testcase>
      <testcase name="testSuiteBusAxi4Lite_testCaseBusVerifyFail" assertions="4" classname="testSuiteBusAxi4Lite" file="TestSuites/TestSuiteBusAxi4Lite.stm" line="TestSuites/TestSuiteBusAxi4Lite.stm" time="0.006">
         <properties>
            <property name="SimulatedStartTime" value="15201"/>
            <property name="SimulatedEndTime" value="16479"/>
            <property name="SimulatedDuration" value="1278"/>
         </properties>
      </testcase>
      <testcase name="testSuiteBusAxi4Lite_testCaseBusTimeOutRead" assertions="1" classname="testSuiteBusAxi4Lite" file="TestSuites/TestSuiteBusAxi4Lite.stm" line="TestSuites/TestSuiteBusAxi4Lite.stm" time="0.005">
         <properties>
            <property name="SimulatedStartTime" value="16482"/>
            <property name="SimulatedEndTime" value="17534"/>
            <property name="SimulatedDuration" value="1052"/>
         </properties>
      </testcase>
      <testcase name="testSuiteBusAxi4Lite_testCaseBusVerifySuccess" assertions="3" classname="testSuiteBusAxi4Lite" file="TestSuites/TestSuiteBusAxi4Lite.stm" line="TestSuites/TestSuiteBusAxi4Lite.stm" time="0.097">
         <properties>
            <property name="SimulatedStartTime" value="13961"/>
            <property name="SimulatedEndTime" value="15198"/>
            <property name="SimulatedDuration" value="1237"/>
         </properties>
      </testcase>
      <testcase name="testSuiteBusAxi4Lite_testCaseBusTimeOutWrite" assertions="0" classname="testSuiteBusAxi4Lite" file="TestSuites/TestSuiteBusAxi4Lite.stm" line="TestSuites/TestSuiteBusAxi4Lite.stm" time="0.096">
         <properties>
            <property name="SimulatedStartTime" value="17537"/>
            <property name="SimulatedEndTime" value="18549"/>
            <property name="SimulatedDuration" value="1012"/>
         </properties>
      </testcase>
   </testsuite>
   <testsuite name="testSuiteSignal" tests="4" skipped="0" errors="0" failures="0" assertions="61" timestamp="2025-01-06T15:22:23.722748" time="0.007" file="TestSuites/TestSuiteSignal.stm">
      <system-out># vsim -t ps -L work work.tbTop -batch -gstimulus_path=/home/vagrant/git/tutorial/tutorial-hxs-bitfield-register-pulse-generator-plain/submodules/simstm/tb/simstm/ -gstimulus_file=testMainSuiteSignal.stm -gstimulus_main_entry_label=$testMainSuiteSignal -do &quot;run_all.do&quot; 
# Start time: 15:22:21 on Jan 06,2025
# ** Note: (vsim-3812) Design is being optimized...
# ** Warning: (vopt-2009) At least one design unit was compiled with optimization level -O0 or -O1.
# Use vdir -l command to find such design units.
# ** Note: (vsim-12126) Error and warning message counts have been restored: Errors=0, Warnings=1.
# //  Questa Intel Starter FPGA Edition-64
# //  Version 2023.3 linux_x86_64 Jul 17 2023
# //
# //  Copyright 1991-2023 Mentor Graphics Corporation
# //  All Rights Reserved.
# //
# //  QuestaSim and its associated documentation contain trade
# //  secrets and commercial or financial information that are the property of
# //  Mentor Graphics Corporation and are privileged, confidential,
# //  and exempt from disclosure under the Freedom of Information Act,
# //  5 U.S.C. Section 552. Furthermore, this information
# //  is prohibited from disclosure under the Trade Secrets Act,
# //  18 U.S.C. Section 1905.
# //
# Loading std.standard
# Loading std.textio(body)
# Loading ieee.std_logic_1164(body)
# Loading ieee.numeric_std(body)
# Loading ieee.math_real(body)
# Loading work.tb_base_pkg(body)
# Loading work.tb_bus_avalon_pkg(body)
# Loading work.tb_bus_axi4lite_pkg(body)
# Loading work.tb_bus_wishbone_pkg(body)
# Loading work.tb_bus_pkg(body)
# Loading work.tb_signals_pkg(body)
# Loading std.env(body)
# Loading work.tb_instructions_pkg(body)
# Loading work.tb_interpreter_pkg(body)
# Loading work.tbtop(behavioural)#1
# Loading work.tb_simstm(behavioural)#1
# Loading work.ramavalon(simulation)#1
# 
# do run_all.do
# ** Warning: NUMERIC_STD.TO_INTEGER: metavalue detected, returning 0
#    Time: 0 ps  Iteration: 0  Instance: /tbtop/i_RamAxi4Lite
# include found: loading file /home/vagrant/git/tutorial/tutorial-hxs-bitfield-register-pulse-generator-plain/submodules/simstm/tb/simstm/Common/Common.stm
# nested include found in : /home/vagrant/git/tutorial/tutorial-hxs-bitfield-register-pulse-generator-plain/submodules/simstm/tb/simstm/Common/Common.stm
# nested include found: loading file /home/vagrant/git/tutorial/tutorial-hxs-bitfield-register-pulse-generator-plain/submodules/simstm/tb/simstm/Base/Base.stm
# nested include found in : /home/vagrant/git/tutorial/tutorial-hxs-bitfield-register-pulse-generator-plain/submodules/simstm/tb/simstm/Common/Common.stm
# nested include found: loading file /home/vagrant/git/tutorial/tutorial-hxs-bitfield-register-pulse-generator-plain/submodules/simstm/tb/simstm/TestCase/TestCase.stm
# include found: loading file /home/vagrant/git/tutorial/tutorial-hxs-bitfield-register-pulse-generator-plain/submodules/simstm/tb/simstm/Signal/signal.stm
# include found: loading file /home/vagrant/git/tutorial/tutorial-hxs-bitfield-register-pulse-generator-plain/submodules/simstm/tb/simstm/Signal/signal_pointer.stm
# include found: loading file /home/vagrant/git/tutorial/tutorial-hxs-bitfield-register-pulse-generator-plain/submodules/simstm/tb/simstm/TestSuites/TestSuiteSignal.stm
# ** Warning: NUMERIC_STD.&quot;&gt;&quot;: metavalue detected, returning FALSE
#    Time: 0 ps  Iteration: 2  Instance: /tbtop/i_tb_simstm
# Main test suite Signal started
# **********START*TESTCASE*testSuiteSignal_testCaseSignalWriteReadVerify**********
# Started at simulation time of 1002ns
# testSignalWriteReadVerify started
# Passed 12 verify instructions
# Passed 0 timeout monitored bus access instructions
# Success
# testSignalWriteReadVerify ended
# Ended at simulation time of 1011ns
# **********END*TESTCASE*testSuiteSignal_testCaseSignalWriteReadVerify**********
# **********START*TESTCASE*testSuiteSignal_testCaseSignalVerifyFail**********
# Started at simulation time of 1014ns
# testSignalVerifyFail started
# signal verify intended error on no match
# ** Error:  line 58, signal_verify:, read=0x00000000, expected=0x00000001, mask=0x00000001, file Signal/signal.stm
#    Time: 1017500 ps  Iteration: 0  Instance: /tbtop/i_tb_simstm
# Passed 1 verify instructions
# Passed 0 timeout monitored bus access instructions
# Expected 1 verify failures, ignored
# Success
# testSignalVerifyFail ended
# Ended at simulation time of 1021ns
# **********END*TESTCASE*testSuiteSignal_testCaseSignalVerifyFail**********
# **********START*TESTCASE*testSuiteSignal_testCaseSignalPointerCopy**********
# Started at simulation time of 1024ns
# testSignalPointerCopy started
# Passed 24 verify instructions
# Passed 0 timeout monitored bus access instructions
# Success
# testSignalPointerCopy ended
# Ended at simulation time of 1037ns
# **********END*TESTCASE*testSuiteSignal_testCaseSignalPointerCopy**********
# **********START*TESTCASE*testSuiteSignal_testCaseSignalPointerGetSet**********
# Started at simulation time of 1040ns
# testSignalPointerGetSet started
# Passed 24 verify instructions
# Passed 0 timeout monitored bus access instructions
# Success
# testSignalPointerGetSet ended
# Ended at simulation time of 1052ns
# **********END*TESTCASE*testSuiteSignal_testCaseSignalPointerGetSet**********
# Main test suite Signal ended
# ** Note: Verify passes 61
#    Time: 2055400 ps  Iteration: 0  Instance: /tbtop/i_tb_simstm
# ** Note: Timeout monitored bus access passes 0
#    Time: 2055400 ps  Iteration: 0  Instance: /tbtop/i_tb_simstm
# ** Note: Expected 1 verify failures, got 1
#    Time: 2055400 ps  Iteration: 0  Instance: /tbtop/i_tb_simstm
# ** Note: SUCCESS
#    Time: 2055400 ps  Iteration: 0  Instance: /tbtop/i_tb_simstm
# End time: 15:22:24 on Jan 06,2025, Elapsed time: 0:00:03
# Errors: 1, Warnings: 3
</system-out>
      <system-err/>
      <testcase name="testSuiteSignal_testCaseSignalWriteReadVerify" assertions="12" classname="testSuiteSignal" file="TestSuites/TestSuiteSignal.stm" line="TestSuites/TestSuiteSignal.stm" time="0.007">
         <properties>
            <property name="SimulatedStartTime" value="1002"/>
            <property name="SimulatedEndTime" value="1011"/>
            <property name="SimulatedDuration" value="9"/>
         </properties>
      </testcase>
      <testcase name="testSuiteSignal_testCaseSignalPointerCopy" assertions="24" classname="testSuiteSignal" file="TestSuites/TestSuiteSignal.stm" line="TestSuites/TestSuiteSignal.stm" time="0.009">
         <properties>
            <property name="SimulatedStartTime" value="1024"/>
            <property name="SimulatedEndTime" value="1037"/>
            <property name="SimulatedDuration" value="13"/>
         </properties>
      </testcase>
      <testcase name="testSuiteSignal_testCaseSignalVerifyFail" assertions="1" classname="testSuiteSignal" file="TestSuites/TestSuiteSignal.stm" line="TestSuites/TestSuiteSignal.stm" time="0.008">
         <properties>
            <property name="SimulatedStartTime" value="1014"/>
            <property name="SimulatedEndTime" value="1021"/>
            <property name="SimulatedDuration" value="7"/>
         </properties>
      </testcase>
      <testcase name="testSuiteSignal_testCaseSignalPointerGetSet" assertions="24" classname="testSuiteSignal" file="TestSuites/TestSuiteSignal.stm" line="TestSuites/TestSuiteSignal.stm" time="0.008">
         <properties>
            <property name="SimulatedStartTime" value="1040"/>
            <property name="SimulatedEndTime" value="1052"/>
            <property name="SimulatedDuration" value="12"/>
         </properties>
      </testcase>
   </testsuite>
   <testsuite name="testSuiteBusWishbone" tests="5" skipped="0" errors="0" failures="0" assertions="28" timestamp="2025-01-06T15:22:29.200749" time="0.007" file="TestSuites/TestSuiteBusWishbone.stm">
      <system-out># vsim -t ps -L work work.tbTop -batch -gstimulus_path=/home/vagrant/git/tutorial/tutorial-hxs-bitfield-register-pulse-generator-plain/submodules/simstm/tb/simstm/ -gstimulus_file=testMainSuiteBusWishbone.stm -gstimulus_main_entry_label=$testMainSuiteBusWishbone -do &quot;run_all.do&quot; 
# Start time: 15:22:22 on Jan 06,2025
# ** Note: (vsim-3812) Design is being optimized...
# ** Warning: (vopt-6) -- Waiting for lock by &quot;vagrant@vagrant-box, pid = 345069&quot;. Lockfile is &quot;/home/vagrant/git/tutorial/tutorial-hxs-bitfield-register-pulse-generator-plain/submodules/simstm/simulation/modelsim/work/work/_lock&quot;.
# ** Warning: (vopt-2009) At least one design unit was compiled with optimization level -O0 or -O1.
# Use vdir -l command to find such design units.
# ** Note: (vsim-12126) Error and warning message counts have been restored: Errors=0, Warnings=2.
# //  Questa Intel Starter FPGA Edition-64
# //  Version 2023.3 linux_x86_64 Jul 17 2023
# //
# //  Copyright 1991-2023 Mentor Graphics Corporation
# //  All Rights Reserved.
# //
# //  QuestaSim and its associated documentation contain trade
# //  secrets and commercial or financial information that are the property of
# //  Mentor Graphics Corporation and are privileged, confidential,
# //  and exempt from disclosure under the Freedom of Information Act,
# //  5 U.S.C. Section 552. Furthermore, this information
# //  is prohibited from disclosure under the Trade Secrets Act,
# //  18 U.S.C. Section 1905.
# //
# Loading std.standard
# Loading std.textio(body)
# Loading ieee.std_logic_1164(body)
# Loading ieee.numeric_std(body)
# Loading ieee.math_real(body)
# Loading work.tb_base_pkg(body)
# Loading work.tb_bus_avalon_pkg(body)
# Loading work.tb_bus_axi4lite_pkg(body)
# Loading work.tb_bus_wishbone_pkg(body)
# Loading work.tb_bus_pkg(body)
# Loading work.tb_signals_pkg(body)
# Loading std.env(body)
# Loading work.tb_instructions_pkg(body)
# Loading work.tb_interpreter_pkg(body)
# Loading work.tbtop(behavioural)#1
# Loading work.tb_simstm(behavioural)#1
# Loading work.ramavalon(simulation)#1
# 
# do run_all.do
# ** Warning: NUMERIC_STD.TO_INTEGER: metavalue detected, returning 0
#    Time: 0 ps  Iteration: 0  Instance: /tbtop/i_RamAxi4Lite
# include found: loading file /home/vagrant/git/tutorial/tutorial-hxs-bitfield-register-pulse-generator-plain/submodules/simstm/tb/simstm/Common/Common.stm
# nested include found in : /home/vagrant/git/tutorial/tutorial-hxs-bitfield-register-pulse-generator-plain/submodules/simstm/tb/simstm/Common/Common.stm
# nested include found: loading file /home/vagrant/git/tutorial/tutorial-hxs-bitfield-register-pulse-generator-plain/submodules/simstm/tb/simstm/Base/Base.stm
# nested include found in : /home/vagrant/git/tutorial/tutorial-hxs-bitfield-register-pulse-generator-plain/submodules/simstm/tb/simstm/Common/Common.stm
# nested include found: loading file /home/vagrant/git/tutorial/tutorial-hxs-bitfield-register-pulse-generator-plain/submodules/simstm/tb/simstm/TestCase/TestCase.stm
# include found: loading file /home/vagrant/git/tutorial/tutorial-hxs-bitfield-register-pulse-generator-plain/submodules/simstm/tb/simstm/Bus/bus.stm
# include found: loading file /home/vagrant/git/tutorial/tutorial-hxs-bitfield-register-pulse-generator-plain/submodules/simstm/tb/simstm/TestSuites/TestSuiteBusWishbone.stm
# ** Warning: NUMERIC_STD.&quot;&gt;&quot;: metavalue detected, returning FALSE
#    Time: 0 ps  Iteration: 2  Instance: /tbtop/i_tb_simstm
# Main test suite Bus Wishbone started
# testBus started
# Passed 20 verify instructions
# Passed 34 timeout monitored bus access instructions
# Success
# testBus ended
# **********START*TESTCASE*testSuiteBusWishbone_testCaseBus**********
# Started at simulation time of 6459ns
# testBus started
# Passed 20 verify instructions
# Passed 34 timeout monitored bus access instructions
# Success
# testBus ended
# Ended at simulation time of 11918ns
# **********END*TESTCASE*testSuiteBusWishbone_testCaseBus**********
# **********START*TESTCASE*testSuiteBusWishbone_testCaseBusVerifySuccess**********
# Started at simulation time of 11921ns
# testBusVerifySuccess started
# Passed 3 verify instructions
# Passed 6 timeout monitored bus access instructions
# Success
# testBusVerifySuccess ended
# Ended at simulation time of 13158ns
# **********END*TESTCASE*testSuiteBusWishbone_testCaseBusVerifySuccess**********
# **********START*TESTCASE*testSuiteBusWishbone_testCaseBusVerifyFail**********
# Started at simulation time of 13161ns
# testBusVerifyFail started
# bus verify intended error on no match
# ** Error:  line 83, bus_verify: address=0x00000008, read=0x55555555, expected=0x00000000, mask=0xFFFFFFFF, file Bus/bus.stm
#    Time: 14435 ns  Iteration: 1  Instance: /tbtop/i_tb_simstm
# Passed 4 verify instructions
# Passed 7 timeout monitored bus access instructions
# Expected 1 verify failures, ignored
# Success
# testBusVerifyFail ended
# Ended at simulation time of 14439ns
# **********END*TESTCASE*testSuiteBusWishbone_testCaseBusVerifyFail**********
# **********START*TESTCASE*testSuiteBusWishbone_testCaseBusTimeOutRead**********
# Started at simulation time of 14442ns
# testBusTimeOutRead started
# ** Error: Bus Read timeout
#    Time: 15490 ns  Iteration: 1  Instance: /tbtop/i_tb_simstm
# ** Warning: NUMERIC_STD.TO_INTEGER: metavalue detected, returning 0
#    Time: 15490 ns  Iteration: 1  Instance: /tbtop/i_tb_simstm
# Passed 1 verify instructions
# Passed 2 timeout monitored bus access instructions
# Expected 1 bus timeout failures, ignored
# Success
# testBusTimeOutRead ended
# Ended at simulation time of 15494ns
# **********END*TESTCASE*testSuiteBusWishbone_testCaseBusTimeOutRead**********
# **********START*TESTCASE*testSuiteBusWishbone_testCaseBusTimeOutWrite**********
# Started at simulation time of 15497ns
# testBusTimeOutWrite started
# ** Error: Bus Write timeout
#    Time: 16505 ns  Iteration: 1  Instance: /tbtop/i_tb_simstm
# Passed 0 verify instructions
# Passed 1 timeout monitored bus access instructions
# Expected 1 bus timeout failures, ignored
# Success
# testBusTimeOutWrite ended
# Ended at simulation time of 16509ns
# **********END*TESTCASE*testSuiteBusWishbone_testCaseBusTimeOutWrite**********
# Main test suite Bus Wishbone ended
# ** Note: Verify passes 48
#    Time: 17511700 ps  Iteration: 0  Instance: /tbtop/i_tb_simstm
# ** Note: Timeout monitored bus access passes 84
#    Time: 17511700 ps  Iteration: 0  Instance: /tbtop/i_tb_simstm
# ** Note: Expected 1 verify failures, got 1
#    Time: 17511700 ps  Iteration: 0  Instance: /tbtop/i_tb_simstm
# ** Note: Expected 2 bus timeout failures, got 2
#    Time: 17511700 ps  Iteration: 0  Instance: /tbtop/i_tb_simstm
# ** Note: SUCCESS
#    Time: 17511700 ps  Iteration: 0  Instance: /tbtop/i_tb_simstm
# End time: 15:22:29 on Jan 06,2025, Elapsed time: 0:00:07
# Errors: 3, Warnings: 5
</system-out>
      <system-err/>
      <testcase name="testSuiteBusWishbone_testCaseBusVerifySuccess" assertions="3" classname="testSuiteBusWishbone" file="TestSuites/TestSuiteBusWishbone.stm" line="TestSuites/TestSuiteBusWishbone.stm" time="0.002999">
         <properties>
            <property name="SimulatedStartTime" value="11921"/>
            <property name="SimulatedEndTime" value="13158"/>
            <property name="SimulatedDuration" value="1237"/>
         </properties>
      </testcase>
      <testcase name="testSuiteBusWishbone_testCaseBus" assertions="20" classname="testSuiteBusWishbone" file="TestSuites/TestSuiteBusWishbone.stm" line="TestSuites/TestSuiteBusWishbone.stm" time="0.007">
         <properties>
            <property name="SimulatedStartTime" value="6459"/>
            <property name="SimulatedEndTime" value="11918"/>
            <property name="SimulatedDuration" value="5459"/>
         </properties>
      </testcase>
      <testcase name="testSuiteBusWishbone_testCaseBusVerifyFail" assertions="4" classname="testSuiteBusWishbone" file="TestSuites/TestSuiteBusWishbone.stm" line="TestSuites/TestSuiteBusWishbone.stm" time="0.109">
         <properties>
            <property name="SimulatedStartTime" value="13161"/>
            <property name="SimulatedEndTime" value="14439"/>
            <property name="SimulatedDuration" value="1278"/>
         </properties>
      </testcase>
      <testcase name="testSuiteBusWishbone_testCaseBusTimeOutWrite" assertions="0" classname="testSuiteBusWishbone" file="TestSuites/TestSuiteBusWishbone.stm" line="TestSuites/TestSuiteBusWishbone.stm" time="0.005">
         <properties>
            <property name="SimulatedStartTime" value="15497"/>
            <property name="SimulatedEndTime" value="16509"/>
            <property name="SimulatedDuration" value="1012"/>
         </properties>
      </testcase>
      <testcase name="testSuiteBusWishbone_testCaseBusTimeOutRead" assertions="1" classname="testSuiteBusWishbone" file="TestSuites/TestSuiteBusWishbone.stm" line="TestSuites/TestSuiteBusWishbone.stm" time="0.002999">
         <properties>
            <property name="SimulatedStartTime" value="14442"/>
            <property name="SimulatedEndTime" value="15494"/>
            <property name="SimulatedDuration" value="1052"/>
         </properties>
      </testcase>
   </testsuite>
</testsuites>
