<?xml version="1.0" ?>
<testsuites name="testSuitesSimulation" tests="84" skipped="0" errors="0" failures="0" assertions="454" timestamp="2025-01-10T18:29:22.778604" time="19.934712">
   <testsuite name="testSuiteConstant" tests="1" skipped="0" errors="0" failures="0" assertions="4" timestamp="2025-01-10T18:29:33.489381" time="0.104988" file="TestSuites/TestSuiteConstant.stm">
      <system-out># vsim -t ps -L work work.tbTop -batch -gstimulus_path=/home/vagrant/git/tutorial/tutorial-hxs-bitfield-register-pulse-generator-plain/submodules/simstm/tb/simstm/ -gstimulus_file=testMainSuiteConstant.stm -gstimulus_main_entry_label=$testMainSuiteConstant -do &quot;run_all.do&quot; 
# Start time: 18:29:22 on Jan 10,2025
# ** Note: (vsim-3812) Design is being optimized...
# ** Warning: (vopt-6) -- Waiting for lock by &quot;vagrant@vagrant-box, pid = 29886&quot;. Lockfile is &quot;/home/vagrant/git/tutorial/tutorial-hxs-bitfield-register-pulse-generator-plain/submodules/simstm/simulation/modelsim/work/work/_lock&quot;.
# ** Warning: (vopt-6) -- Waiting for lock by &quot;vagrant@vagrant-box, pid = 30030&quot;. Lockfile is &quot;/home/vagrant/git/tutorial/tutorial-hxs-bitfield-register-pulse-generator-plain/submodules/simstm/simulation/modelsim/work/work/_lock&quot;.
# ** Warning: (vopt-2009) At least one design unit was compiled with optimization level -O0 or -O1.
# Use vdir -l command to find such design units.
# ** Note: (vsim-12126) Error and warning message counts have been restored: Errors=0, Warnings=3.
# //  Questa Intel Starter FPGA Edition-64
# //  Version 2023.3 linux_x86_64 Jul 17 2023
# //
# //  Copyright 1991-2023 Mentor Graphics Corporation
# //  All Rights Reserved.
# //
# //  QuestaSim and its associated documentation contain trade
# //  secrets and commercial or financial information that are the property of
# //  Mentor Graphics Corporation and are privileged, confidential,
# //  and exempt from disclosure under the Freedom of Information Act,
# //  5 U.S.C. Section 552. Furthermore, this information
# //  is prohibited from disclosure under the Trade Secrets Act,
# //  18 U.S.C. Section 1905.
# //
# Loading std.standard
# Loading std.textio(body)
# Loading ieee.std_logic_1164(body)
# Loading ieee.numeric_std(body)
# Loading ieee.math_real(body)
# Loading work.tb_base_pkg(body)
# Loading work.tb_bus_avalon_32_pkg(body)
# Loading work.tb_bus_axi4lite_32_pkg(body)
# Loading work.tb_bus_wishbone_32_pkg(body)
# Loading work.tb_bus_wishbone_64_pkg(body)
# Loading work.tb_bus_avalon_64_pkg(body)
# Loading work.tb_bus_ram_32_pkg(body)
# Loading work.tb_bus_pkg(body)
# Loading work.tb_signals_pkg(body)
# Loading work.basic(body)
# Loading std.env(body)
# Loading work.tb_instructions_pkg(body)
# Loading work.tb_interpreter_pkg(body)
# Loading work.tbtop(behavioural)#1
# Loading work.tb_simstm(behavioural)#1
# Loading work.ramavalon(simulation)#1
# Loading work.ramavalon(simulation)#2
# 
# do run_all.do
# ** Warning: NUMERIC_STD.TO_INTEGER: metavalue detected, returning 0
#    Time: 0 ps  Iteration: 0  Instance: /tbtop/i_Ram32
# ** Warning: NUMERIC_STD.TO_INTEGER: metavalue detected, returning 0
#    Time: 0 ps  Iteration: 0  Instance: /tbtop/i_RamAxi4Lite_32
# include found: loading file /home/vagrant/git/tutorial/tutorial-hxs-bitfield-register-pulse-generator-plain/submodules/simstm/tb/simstm/Common/Common.stm
# nested include found in : /home/vagrant/git/tutorial/tutorial-hxs-bitfield-register-pulse-generator-plain/submodules/simstm/tb/simstm/Common/Common.stm
# nested include found: loading file /home/vagrant/git/tutorial/tutorial-hxs-bitfield-register-pulse-generator-plain/submodules/simstm/tb/simstm/Base/Base.stm
# nested include found in : /home/vagrant/git/tutorial/tutorial-hxs-bitfield-register-pulse-generator-plain/submodules/simstm/tb/simstm/Common/Common.stm
# nested include found: loading file /home/vagrant/git/tutorial/tutorial-hxs-bitfield-register-pulse-generator-plain/submodules/simstm/tb/simstm/TestCase/TestCase.stm
# include found: loading file /home/vagrant/git/tutorial/tutorial-hxs-bitfield-register-pulse-generator-plain/submodules/simstm/tb/simstm/Constant/constant.stm
# include found: loading file /home/vagrant/git/tutorial/tutorial-hxs-bitfield-register-pulse-generator-plain/submodules/simstm/tb/simstm/TestSuites/TestSuiteConstant.stm
# ** Warning: NUMERIC_STD.&quot;&gt;&quot;: metavalue detected, returning FALSE
#    Time: 0 ps  Iteration: 2  Instance: /tbtop/i_tb_simstm
# Main test suite Constant started
# **********START*TESTCASE*testSuiteConstant_testCaseConstantAdd**********
# Started at simulation time of 1002ns
# testConstantAdd started
# test_variable_1: 0x1
# test_variable_2: 0x2
# test_variable_1: 0x2
# test_variable_2: 0x4
# test_variable_1: 0x3
# test_variable_2: 0x6
# Passed 4 verify instructions
# Passed 0 timeout monitored bus access instructions
# Success
# testConstantAdd ended
# Ended at simulation time of 1010ns
# **********END*TESTCASE*testSuiteConstant_testCaseConstantAdd**********
# Main test suite Constant ended
# ** Note: Verify passes 4
#    Time: 2012700 ps  Iteration: 0  Instance: /tbtop/i_tb_simstm
# ** Note: Timeout monitored bus access passes 0
#    Time: 2012700 ps  Iteration: 0  Instance: /tbtop/i_tb_simstm
# ** Note: SUCCESS
#    Time: 2012700 ps  Iteration: 0  Instance: /tbtop/i_tb_simstm
# ** Note: Test finished
#    Time: 2012700 ps  Iteration: 0  Instance: /tbtop/i_tb_simstm
# End time: 18:29:33 on Jan 10,2025, Elapsed time: 0:00:11
# Errors: 0, Warnings: 6
</system-out>
      <system-err/>
      <testcase name="testSuiteConstant_testCaseConstantAdd" assertions="4" classname="testSuiteConstant" file="TestSuites/TestSuiteConstant.stm" line="TestSuites/TestSuiteConstant.stm" time="0.104988">
         <properties>
            <property name="SimulatedStartTime" value="1002"/>
            <property name="SimulatedEndTime" value="1010"/>
            <property name="SimulatedDuration" value="8"/>
         </properties>
      </testcase>
   </testsuite>
   <testsuite name="testSuiteVariable" tests="10" skipped="0" errors="0" failures="0" assertions="44" timestamp="2025-01-10T18:29:26.153220" time="0.004" file="TestSuites/TestSuiteVariable.stm">
      <system-out># vsim -t ps -L work work.tbTop -batch -gstimulus_path=/home/vagrant/git/tutorial/tutorial-hxs-bitfield-register-pulse-generator-plain/submodules/simstm/tb/simstm/ -gstimulus_file=testMainSuiteVariable.stm -gstimulus_main_entry_label=$testMainSuiteVariable -do &quot;run_all.do&quot; 
# Start time: 18:29:22 on Jan 10,2025
# ** Note: (vsim-3812) Design is being optimized...
# ** Warning: (vopt-6) -- Waiting for lock by &quot;vagrant@vagrant-box, pid = 29886&quot;. Lockfile is &quot;/home/vagrant/git/tutorial/tutorial-hxs-bitfield-register-pulse-generator-plain/submodules/simstm/simulation/modelsim/work/work/_lock&quot;.
# ** Warning: (vopt-2009) At least one design unit was compiled with optimization level -O0 or -O1.
# Use vdir -l command to find such design units.
# ** Note: (vsim-12126) Error and warning message counts have been restored: Errors=0, Warnings=2.
# //  Questa Intel Starter FPGA Edition-64
# //  Version 2023.3 linux_x86_64 Jul 17 2023
# //
# //  Copyright 1991-2023 Mentor Graphics Corporation
# //  All Rights Reserved.
# //
# //  QuestaSim and its associated documentation contain trade
# //  secrets and commercial or financial information that are the property of
# //  Mentor Graphics Corporation and are privileged, confidential,
# //  and exempt from disclosure under the Freedom of Information Act,
# //  5 U.S.C. Section 552. Furthermore, this information
# //  is prohibited from disclosure under the Trade Secrets Act,
# //  18 U.S.C. Section 1905.
# //
# Loading std.standard
# Loading std.textio(body)
# Loading ieee.std_logic_1164(body)
# Loading ieee.numeric_std(body)
# Loading ieee.math_real(body)
# Loading work.tb_base_pkg(body)
# Loading work.tb_bus_avalon_32_pkg(body)
# Loading work.tb_bus_axi4lite_32_pkg(body)
# Loading work.tb_bus_wishbone_32_pkg(body)
# Loading work.tb_bus_wishbone_64_pkg(body)
# Loading work.tb_bus_avalon_64_pkg(body)
# Loading work.tb_bus_ram_32_pkg(body)
# Loading work.tb_bus_pkg(body)
# Loading work.tb_signals_pkg(body)
# Loading work.basic(body)
# Loading std.env(body)
# Loading work.tb_instructions_pkg(body)
# Loading work.tb_interpreter_pkg(body)
# Loading work.tbtop(behavioural)#1
# Loading work.tb_simstm(behavioural)#1
# Loading work.ramavalon(simulation)#1
# Loading work.ramavalon(simulation)#2
# 
# do run_all.do
# ** Warning: NUMERIC_STD.TO_INTEGER: metavalue detected, returning 0
#    Time: 0 ps  Iteration: 0  Instance: /tbtop/i_Ram32
# ** Warning: NUMERIC_STD.TO_INTEGER: metavalue detected, returning 0
#    Time: 0 ps  Iteration: 0  Instance: /tbtop/i_RamAxi4Lite_32
# include found: loading file /home/vagrant/git/tutorial/tutorial-hxs-bitfield-register-pulse-generator-plain/submodules/simstm/tb/simstm/Common/Common.stm
# nested include found in : /home/vagrant/git/tutorial/tutorial-hxs-bitfield-register-pulse-generator-plain/submodules/simstm/tb/simstm/Common/Common.stm
# nested include found: loading file /home/vagrant/git/tutorial/tutorial-hxs-bitfield-register-pulse-generator-plain/submodules/simstm/tb/simstm/Base/Base.stm
# nested include found in : /home/vagrant/git/tutorial/tutorial-hxs-bitfield-register-pulse-generator-plain/submodules/simstm/tb/simstm/Common/Common.stm
# nested include found: loading file /home/vagrant/git/tutorial/tutorial-hxs-bitfield-register-pulse-generator-plain/submodules/simstm/tb/simstm/TestCase/TestCase.stm
# include found: loading file /home/vagrant/git/tutorial/tutorial-hxs-bitfield-register-pulse-generator-plain/submodules/simstm/tb/simstm/Variable/variable.stm
# include found: loading file /home/vagrant/git/tutorial/tutorial-hxs-bitfield-register-pulse-generator-plain/submodules/simstm/tb/simstm/TestSuites/TestSuiteVariable.stm
# ** Warning: NUMERIC_STD.&quot;&gt;&quot;: metavalue detected, returning FALSE
#    Time: 0 ps  Iteration: 2  Instance: /tbtop/i_tb_simstm
# Main test suite Variable started
# **********START*TESTCASE*testSuiteVariable_testCaseVariableAdd**********
# Started at simulation time of 1002ns
# testVariableAdd started
# test_variable_1: 1
# test_variable_2: 2
# test_variable_1: 11
# test_variable_2: 22
# test_variable_1: 12356
# test_variable_2: 110
# Passed 4 verify instructions
# Passed 0 timeout monitored bus access instructions
# Success
# testVariableAdd ended
# Ended at simulation time of 1010ns
# **********END*TESTCASE*testSuiteVariable_testCaseVariableAdd**********
# **********START*TESTCASE*testSuiteVariable_testCaseVariableAnd**********
# Started at simulation time of 1013ns
# testVariableAnd started
# test_variable_1: 0xAAAA
# test_variable_2: 0x77777777
# test_variable_1: 0xAA02
# test_variable_2: 0x70745607
# test_variable_1: 0xAA02
# test_variable_2: 0x70745607
# Passed 4 verify instructions
# Passed 0 timeout monitored bus access instructions
# Success
# testVariableAnd ended
# Ended at simulation time of 1021ns
# **********END*TESTCASE*testSuiteVariable_testCaseVariableAnd**********
# **********START*TESTCASE*testSuiteVariable_testCaseVariableDiv**********
# Started at simulation time of 1024ns
# testVariableDiv started
# test_variable_1: 500
# test_variable_2: 5000
# test_variable_1: 50
# test_variable_2: 250
# test_variable_1: 10
# test_variable_2: 2
# Passed 4 verify instructions
# Passed 0 timeout monitored bus access instructions
# Success
# testVariableDiv ended
# Ended at simulation time of 1032ns
# **********END*TESTCASE*testSuiteVariable_testCaseVariableDiv**********
# **********START*TESTCASE*testSuiteVariable_testCaseVariableEqu**********
# Started at simulation time of 1035ns
# testVariableEqu started
# test_variable_1: 1
# test_variable_2: 2
# test_variable_3: 3
# test_variable_4: 4
# test_variable_5: 5
# test_variable_1: 10
# test_variable_2: 20
# test_variable_3: 30
# test_variable_4: 44
# test_variable_5: 55
# test_variable_1: 99
# test_variable_2: 88
# test_variable_3: 55
# test_variable_4: 11
# test_variable_5: 0
# Passed 10 verify instructions
# Passed 0 timeout monitored bus access instructions
# Success
# testVariableEqu ended
# Ended at simulation time of 1045ns
# **********END*TESTCASE*testSuiteVariable_testCaseVariableEqu**********
# **********START*TESTCASE*testSuiteVariable_testCaseVariableMul**********
# Started at simulation time of 1048ns
# testVariableMul started
# test_variable_1: 1
# test_variable_2: 2
# test_variable_1: 10
# test_variable_2: 40
# test_variable_1: 123450
# test_variable_2: 3520
# Passed 4 verify instructions
# Passed 0 timeout monitored bus access instructions
# Success
# testVariableMul ended
# Ended at simulation time of 1056ns
# **********END*TESTCASE*testSuiteVariable_testCaseVariableMul**********
# **********START*TESTCASE*testSuiteVariable_testCaseVariableOr**********
# Started at simulation time of 1059ns
# testVariableOr started
# test_variable_1: 0x1234
# test_variable_2: 0x80000000
# test_variable_1: 0x3675
# test_variable_2: 0x80000001
# test_variable_1: 0x3675
# test_variable_2: 0x80000001
# Passed 4 verify instructions
# Passed 0 timeout monitored bus access instructions
# Success
# testVariableOr ended
# Ended at simulation time of 1067ns
# **********END*TESTCASE*testSuiteVariable_testCaseVariableOr**********
# **********START*TESTCASE*testSuiteVariable_testCaseVariableSub**********
# Started at simulation time of 1070ns
# testVariableSub started
# test_variable_1: 12345
# test_variable_2: 88
# test_variable_1: 12335
# test_variable_2: 68
# test_variable_1: 12333
# test_variable_2: 67
# Passed 4 verify instructions
# Passed 0 timeout monitored bus access instructions
# Success
# testVariableSub ended
# Ended at simulation time of 1078ns
# **********END*TESTCASE*testSuiteVariable_testCaseVariableSub**********
# **********START*TESTCASE*testSuiteVariable_testCaseVariableXor**********
# Started at simulation time of 1081ns
# testVariableXor started
# test_variable_1: 0xFFFFFFFF
# test_variable_2: 0x0
# test_variable_1: 0xA55555555
# test_variable_2: 0x333333333
# test_variable_1: 0xA00000000
# test_variable_2: 0x3FFFFFFFF
# Passed 4 verify instructions
# Passed 0 timeout monitored bus access instructions
# Success
# testVariableXor ended
# Ended at simulation time of 1089ns
# **********END*TESTCASE*testSuiteVariable_testCaseVariableXor**********
# **********START*TESTCASE*testSuiteVariable_testCaseVariableInv**********
# Started at simulation time of 1092ns
# testVariableInv started
# test_variable_1: 0x12345678
# test_variable_2: 0xFEDCBA9
# test_variable_1: 0xFFFFFFFFEDCBA987
# test_variable_2: 0xFFFFFFFFF0123456
# test_variable_1: 0x12345678
# test_variable_2: 0xFEDCBA9
# Passed 4 verify instructions
# Passed 0 timeout monitored bus access instructions
# Success
# testVariableInv ended
# Ended at simulation time of 1100ns
# **********END*TESTCASE*testSuiteVariable_testCaseVariableInv**********
# **********START*TESTCASE*testSuiteVariable_testCaseVariableLd**********
# Started at simulation time of 1103ns
# testVariableLd started
# test_variable_1: 0x1000
# test_variable_2: 0x80000000
# ** Warning: (vsim-3930) Integer exponentiation has overflowed; result is -2147483648.
#    Time: 1106700 ps  Iteration: 0  Instance: /tbtop/i_tb_simstm
# ** Warning: (vsim-86) Argument value -2147483648 is not in bounds of subtype NATURAL.
#    Time: 1106700 ps  Iteration: 0  Instance: /tbtop/i_tb_simstm
# test_variable_1: 12
# test_variable_2: 31
# Passed 2 verify instructions
# Passed 0 timeout monitored bus access instructions
# Success
# testVariableLd ended
# Ended at simulation time of 1110ns
# **********END*TESTCASE*testSuiteVariable_testCaseVariableLd**********
# Main test suite Variable ended
# ** Note: Verify passes 44
#    Time: 2113200 ps  Iteration: 0  Instance: /tbtop/i_tb_simstm
# ** Note: Timeout monitored bus access passes 0
#    Time: 2113200 ps  Iteration: 0  Instance: /tbtop/i_tb_simstm
# ** Note: SUCCESS
#    Time: 2113200 ps  Iteration: 0  Instance: /tbtop/i_tb_simstm
# ** Note: Test finished
#    Time: 2113200 ps  Iteration: 0  Instance: /tbtop/i_tb_simstm
# End time: 18:29:26 on Jan 10,2025, Elapsed time: 0:00:04
# Errors: 0, Warnings: 7
</system-out>
      <system-err/>
      <testcase name="testSuiteVariable_testCaseVariableAdd" assertions="4" classname="testSuiteVariable" file="TestSuites/TestSuiteVariable.stm" line="TestSuites/TestSuiteVariable.stm" time="0.004">
         <properties>
            <property name="SimulatedStartTime" value="1002"/>
            <property name="SimulatedEndTime" value="1010"/>
            <property name="SimulatedDuration" value="8"/>
         </properties>
      </testcase>
      <testcase name="testSuiteVariable_testCaseVariableEqu" assertions="10" classname="testSuiteVariable" file="TestSuites/TestSuiteVariable.stm" line="TestSuites/TestSuiteVariable.stm" time="0.102988">
         <properties>
            <property name="SimulatedStartTime" value="1035"/>
            <property name="SimulatedEndTime" value="1045"/>
            <property name="SimulatedDuration" value="10"/>
         </properties>
      </testcase>
      <testcase name="testSuiteVariable_testCaseVariableSub" assertions="4" classname="testSuiteVariable" file="TestSuites/TestSuiteVariable.stm" line="TestSuites/TestSuiteVariable.stm" time="0.005">
         <properties>
            <property name="SimulatedStartTime" value="1070"/>
            <property name="SimulatedEndTime" value="1078"/>
            <property name="SimulatedDuration" value="8"/>
         </properties>
      </testcase>
      <testcase name="testSuiteVariable_testCaseVariableLd" assertions="2" classname="testSuiteVariable" file="TestSuites/TestSuiteVariable.stm" line="TestSuites/TestSuiteVariable.stm" time="0.114987">
         <properties>
            <property name="SimulatedStartTime" value="1103"/>
            <property name="SimulatedEndTime" value="1110"/>
            <property name="SimulatedDuration" value="7"/>
         </properties>
      </testcase>
      <testcase name="testSuiteVariable_testCaseVariableDiv" assertions="4" classname="testSuiteVariable" file="TestSuites/TestSuiteVariable.stm" line="TestSuites/TestSuiteVariable.stm" time="0.003999">
         <properties>
            <property name="SimulatedStartTime" value="1024"/>
            <property name="SimulatedEndTime" value="1032"/>
            <property name="SimulatedDuration" value="8"/>
         </properties>
      </testcase>
      <testcase name="testSuiteVariable_testCaseVariableAnd" assertions="4" classname="testSuiteVariable" file="TestSuites/TestSuiteVariable.stm" line="TestSuites/TestSuiteVariable.stm" time="0.109987">
         <properties>
            <property name="SimulatedStartTime" value="1013"/>
            <property name="SimulatedEndTime" value="1021"/>
            <property name="SimulatedDuration" value="8"/>
         </properties>
      </testcase>
      <testcase name="testSuiteVariable_testCaseVariableInv" assertions="4" classname="testSuiteVariable" file="TestSuites/TestSuiteVariable.stm" line="TestSuites/TestSuiteVariable.stm" time="0.105988">
         <properties>
            <property name="SimulatedStartTime" value="1092"/>
            <property name="SimulatedEndTime" value="1100"/>
            <property name="SimulatedDuration" value="8"/>
         </properties>
      </testcase>
      <testcase name="testSuiteVariable_testCaseVariableOr" assertions="4" classname="testSuiteVariable" file="TestSuites/TestSuiteVariable.stm" line="TestSuites/TestSuiteVariable.stm" time="0.106988">
         <properties>
            <property name="SimulatedStartTime" value="1059"/>
            <property name="SimulatedEndTime" value="1067"/>
            <property name="SimulatedDuration" value="8"/>
         </properties>
      </testcase>
      <testcase name="testSuiteVariable_testCaseVariableXor" assertions="4" classname="testSuiteVariable" file="TestSuites/TestSuiteVariable.stm" line="TestSuites/TestSuiteVariable.stm" time="0.102988">
         <properties>
            <property name="SimulatedStartTime" value="1081"/>
            <property name="SimulatedEndTime" value="1089"/>
            <property name="SimulatedDuration" value="8"/>
         </properties>
      </testcase>
      <testcase name="testSuiteVariable_testCaseVariableMul" assertions="4" classname="testSuiteVariable" file="TestSuites/TestSuiteVariable.stm" line="TestSuites/TestSuiteVariable.stm" time="0.007999">
         <properties>
            <property name="SimulatedStartTime" value="1048"/>
            <property name="SimulatedEndTime" value="1056"/>
            <property name="SimulatedDuration" value="8"/>
         </properties>
      </testcase>
   </testsuite>
   <testsuite name="testSuiteLines" tests="11" skipped="0" errors="0" failures="0" assertions="0" timestamp="2025-01-10T18:29:36.850994" time="0.006999" file="TestSuites/TestSuiteLines.stm">
      <system-out># vsim -t ps -L work work.tbTop -batch -gstimulus_path=/home/vagrant/git/tutorial/tutorial-hxs-bitfield-register-pulse-generator-plain/submodules/simstm/tb/simstm/ -gstimulus_file=testMainSuiteLines.stm -gstimulus_main_entry_label=$testMainSuiteLines -do &quot;run_all.do&quot; 
# Start time: 18:29:22 on Jan 10,2025
# ** Note: (vsim-3812) Design is being optimized...
# ** Warning: (vopt-6) -- Waiting for lock by &quot;vagrant@vagrant-box, pid = 29886&quot;. Lockfile is &quot;/home/vagrant/git/tutorial/tutorial-hxs-bitfield-register-pulse-generator-plain/submodules/simstm/simulation/modelsim/work/work/_lock&quot;.
# ** Warning: (vopt-6) -- Waiting for lock by &quot;vagrant@vagrant-box, pid = 30030&quot;. Lockfile is &quot;/home/vagrant/git/tutorial/tutorial-hxs-bitfield-register-pulse-generator-plain/submodules/simstm/simulation/modelsim/work/work/_lock&quot;.
# ** Warning: (vopt-6) -- Waiting for lock by &quot;vagrant@vagrant-box, pid = 30116&quot;. Lockfile is &quot;/home/vagrant/git/tutorial/tutorial-hxs-bitfield-register-pulse-generator-plain/submodules/simstm/simulation/modelsim/work/work/_lock&quot;.
# ** Warning: (vopt-2009) At least one design unit was compiled with optimization level -O0 or -O1.
# Use vdir -l command to find such design units.
# ** Note: (vsim-12126) Error and warning message counts have been restored: Errors=0, Warnings=4.
# //  Questa Intel Starter FPGA Edition-64
# //  Version 2023.3 linux_x86_64 Jul 17 2023
# //
# //  Copyright 1991-2023 Mentor Graphics Corporation
# //  All Rights Reserved.
# //
# //  QuestaSim and its associated documentation contain trade
# //  secrets and commercial or financial information that are the property of
# //  Mentor Graphics Corporation and are privileged, confidential,
# //  and exempt from disclosure under the Freedom of Information Act,
# //  5 U.S.C. Section 552. Furthermore, this information
# //  is prohibited from disclosure under the Trade Secrets Act,
# //  18 U.S.C. Section 1905.
# //
# Loading std.standard
# Loading std.textio(body)
# Loading ieee.std_logic_1164(body)
# Loading ieee.numeric_std(body)
# Loading ieee.math_real(body)
# Loading work.tb_base_pkg(body)
# Loading work.tb_bus_avalon_32_pkg(body)
# Loading work.tb_bus_axi4lite_32_pkg(body)
# Loading work.tb_bus_wishbone_32_pkg(body)
# Loading work.tb_bus_wishbone_64_pkg(body)
# Loading work.tb_bus_avalon_64_pkg(body)
# Loading work.tb_bus_ram_32_pkg(body)
# Loading work.tb_bus_pkg(body)
# Loading work.tb_signals_pkg(body)
# Loading work.basic(body)
# Loading std.env(body)
# Loading work.tb_instructions_pkg(body)
# Loading work.tb_interpreter_pkg(body)
# Loading work.tbtop(behavioural)#1
# Loading work.tb_simstm(behavioural)#1
# Loading work.ramavalon(simulation)#1
# Loading work.ramavalon(simulation)#2
# 
# do run_all.do
# ** Warning: NUMERIC_STD.TO_INTEGER: metavalue detected, returning 0
#    Time: 0 ps  Iteration: 0  Instance: /tbtop/i_Ram32
# ** Warning: NUMERIC_STD.TO_INTEGER: metavalue detected, returning 0
#    Time: 0 ps  Iteration: 0  Instance: /tbtop/i_RamAxi4Lite_32
# include found: loading file /home/vagrant/git/tutorial/tutorial-hxs-bitfield-register-pulse-generator-plain/submodules/simstm/tb/simstm/Common/Common.stm
# nested include found in : /home/vagrant/git/tutorial/tutorial-hxs-bitfield-register-pulse-generator-plain/submodules/simstm/tb/simstm/Common/Common.stm
# nested include found: loading file /home/vagrant/git/tutorial/tutorial-hxs-bitfield-register-pulse-generator-plain/submodules/simstm/tb/simstm/Base/Base.stm
# nested include found in : /home/vagrant/git/tutorial/tutorial-hxs-bitfield-register-pulse-generator-plain/submodules/simstm/tb/simstm/Common/Common.stm
# nested include found: loading file /home/vagrant/git/tutorial/tutorial-hxs-bitfield-register-pulse-generator-plain/submodules/simstm/tb/simstm/TestCase/TestCase.stm
# include found: loading file /home/vagrant/git/tutorial/tutorial-hxs-bitfield-register-pulse-generator-plain/submodules/simstm/tb/simstm/Base/Array.stm
# include found: loading file /home/vagrant/git/tutorial/tutorial-hxs-bitfield-register-pulse-generator-plain/submodules/simstm/tb/simstm/Lines/lines.stm
# include found: loading file /home/vagrant/git/tutorial/tutorial-hxs-bitfield-register-pulse-generator-plain/submodules/simstm/tb/simstm/TestSuites/TestSuiteLines.stm
# ** Warning: NUMERIC_STD.&quot;&gt;&quot;: metavalue detected, returning FALSE
#    Time: 0 ps  Iteration: 2  Instance: /tbtop/i_tb_simstm
# Main test suite Lines started
# **********START*TESTCASE*testSuiteLines_testCaseLinesAppendArray**********
# Started at simulation time of 1002ns
# testLinesAppendArray started
# 00000000000000000000000000000001000000000000000A0000000000000002000000000000000B000000007FFFFFFF000000008000000000000000FFFFFFFF
# 00000000000000010000000000000001000000000000000A0000000000000002000000000000000B000000007FFFFFFF000000008000000000000000FFFFFFFF
# 00000000000000020000000000000001000000000000000A0000000000000002000000000000000B000000007FFFFFFF000000008000000000000000FFFFFFFF
# Passed 0 verify instructions
# Passed 0 timeout monitored bus access instructions
# Success
# testLinesAppendArray ended
# Ended at simulation time of 1010ns
# **********END*TESTCASE*testSuiteLines_testCaseLinesAppendArray**********
# **********START*TESTCASE*testSuiteLines_testCaseLinesAppendText**********
# Started at simulation time of 1013ns
# testLinesAppendText started
# 00000000000000000000000000000001000000000000000A0000000000000002000000000000000B000000007FFFFFFF000000008000000000000000FFFFFFFF
# 00000000000000010000000000000001000000000000000A0000000000000002000000000000000B000000007FFFFFFF000000008000000000000000FFFFFFFF
# 00000000000000020000000000000001000000000000000A0000000000000002000000000000000B000000007FFFFFFF000000008000000000000000FFFFFFFF
# line 1
# line 2
# line 3
# Passed 0 verify instructions
# Passed 0 timeout monitored bus access instructions
# Success
# testLinesAppendText ended
# Ended at simulation time of 1020ns
# **********END*TESTCASE*testSuiteLines_testCaseLinesAppendText**********
# **********START*TESTCASE*testSuiteLines_testCaseLinesDeleteAllArray**********
# Started at simulation time of 1023ns
# testLinesDeleteAllArray started
# 00000000000000000000000000000001000000000000000A0000000000000002000000000000000B000000007FFFFFFF000000008000000000000000FFFFFFFF
# 00000000000000010000000000000001000000000000000A0000000000000002000000000000000B000000007FFFFFFF000000008000000000000000FFFFFFFF
# 00000000000000020000000000000001000000000000000A0000000000000002000000000000000B000000007FFFFFFF000000008000000000000000FFFFFFFF
# line 1
# line 2
# line 3
# 00000000000000000000000000000001000000000000000A0000000000000002000000000000000B000000007FFFFFFF000000008000000000000000FFFFFFFF
# 00000000000000010000000000000001000000000000000A0000000000000002000000000000000B000000007FFFFFFF000000008000000000000000FFFFFFFF
# 00000000000000020000000000000001000000000000000A0000000000000002000000000000000B000000007FFFFFFF000000008000000000000000FFFFFFFF
# Passed 0 verify instructions
# Passed 0 timeout monitored bus access instructions
# Success
# testLinesDeleteAllArray ended
# Ended at simulation time of 1031ns
# **********END*TESTCASE*testSuiteLines_testCaseLinesDeleteAllArray**********
# **********START*TESTCASE*testSuiteLines_testCaseLinesDeleteArray**********
# Started at simulation time of 1034ns
# testLinesDeleteArray started
# 00000000000000000000000000000001000000000000000A0000000000000002000000000000000B000000007FFFFFFF000000008000000000000000FFFFFFFF
# 00000000000000010000000000000001000000000000000A0000000000000002000000000000000B000000007FFFFFFF000000008000000000000000FFFFFFFF
# 00000000000000020000000000000001000000000000000A0000000000000002000000000000000B000000007FFFFFFF000000008000000000000000FFFFFFFF
# 00000000000000000000000000000001000000000000000A0000000000000002000000000000000B000000007FFFFFFF000000008000000000000000FFFFFFFF
# 00000000000000020000000000000001000000000000000A0000000000000002000000000000000B000000007FFFFFFF000000008000000000000000FFFFFFFF
# 00000000000000000000000000000001000000000000000A0000000000000002000000000000000B000000007FFFFFFF000000008000000000000000FFFFFFFF
# Passed 0 verify instructions
# Passed 0 timeout monitored bus access instructions
# Success
# testLinesDeleteArray ended
# Ended at simulation time of 1043ns
# **********END*TESTCASE*testSuiteLines_testCaseLinesDeleteArray**********
# **********START*TESTCASE*testSuiteLines_testCaseLinesGetArray**********
# Started at simulation time of 1046ns
# testLinesGetArray started
# 00000000000000000000000000000001000000000000000A0000000000000002000000000000000B000000007FFFFFFF000000008000000000000000FFFFFFFF
# 00000000000000000000000000000001000000000000000A0000000000000002000000000000000B000000007FFFFFFF000000008000000000000000FFFFFFFF
# 00000000000000010000000000000001000000000000000A0000000000000002000000000000000B000000007FFFFFFF000000008000000000000000FFFFFFFF
# 00000000000000000000000000000001000000000000000A0000000000000002000000000000000B000000007FFFFFFF000000008000000000000000FFFFFFFF
# 00000000000000010000000000000001000000000000000A0000000000000002000000000000000B000000007FFFFFFF000000008000000000000000FFFFFFFF
# 00000000000000020000000000000001000000000000000A0000000000000002000000000000000B000000007FFFFFFF000000008000000000000000FFFFFFFF
# number_of_elements_got 0x8
# array: dump 
#  0x2 0x1 0xA 0x2 0xB 0x7FFFFFFF 0x80000000 0xFFFFFFFF
# number_of_elements_got 0x8
# array: dump 
#  0x2 0x1 0xA 0x2 0xB 0x7FFFFFFF 0x80000000 0xFFFFFFFF
# number_of_elements_got 0x8
# array: dump 
#  0x2 0x1 0xA 0x2 0xB 0x7FFFFFFF 0x80000000 0xFFFFFFFF
# Passed 0 verify instructions
# Passed 0 timeout monitored bus access instructions
# Success
# testLinesGetArray ended
# Ended at simulation time of 1069ns
# **********END*TESTCASE*testSuiteLines_testCaseLinesGetArray**********
# **********START*TESTCASE*testSuiteLines_testCaseLinesInsertArray**********
# Started at simulation time of 1073ns
# testLinesInsertArray started
# 00000000000000000000000000000001000000000000000A0000000000000002000000000000000B000000007FFFFFFF000000008000000000000000FFFFFFFF
# 00000000000000010000000000000001000000000000000A0000000000000002000000000000000B000000007FFFFFFF000000008000000000000000FFFFFFFF
# 00000000000000020000000000000001000000000000000A0000000000000002000000000000000B000000007FFFFFFF000000008000000000000000FFFFFFFF
# 00000000000000000000000000000001000000000000000A0000000000000002000000000000000B000000007FFFFFFF000000008000000000000000FFFFFFFF
# 00000000000000000000000000000001000000000000000A0000000000000002000000000000000B000000007FFFFFFF000000008000000000000000FFFFFFFF
# 00000000000000010000000000000001000000000000000A0000000000000002000000000000000B000000007FFFFFFF000000008000000000000000FFFFFFFF
# 00000000000000020000000000000001000000000000000A0000000000000002000000000000000B000000007FFFFFFF000000008000000000000000FFFFFFFF
# 00000000000000000000000000000001000000000000000A0000000000000002000000000000000B000000007FFFFFFF000000008000000000000000FFFFFFFF
# 00000000000000010000000000000001000000000000000A0000000000000002000000000000000B000000007FFFFFFF000000008000000000000000FFFFFFFF
# 00000000000000000000000000000001000000000000000A0000000000000002000000000000000B000000007FFFFFFF000000008000000000000000FFFFFFFF
# 00000000000000010000000000000001000000000000000A0000000000000002000000000000000B000000007FFFFFFF000000008000000000000000FFFFFFFF
# 00000000000000020000000000000001000000000000000A0000000000000002000000000000000B000000007FFFFFFF000000008000000000000000FFFFFFFF
# 00000000000000000000000000000001000000000000000A0000000000000002000000000000000B000000007FFFFFFF000000008000000000000000FFFFFFFF
# 00000000000000010000000000000001000000000000000A0000000000000002000000000000000B000000007FFFFFFF000000008000000000000000FFFFFFFF
# 00000000000000020000000000000001000000000000000A0000000000000002000000000000000B000000007FFFFFFF000000008000000000000000FFFFFFFF
# number_of_elements_got 0x8
# array: dump 
#  0x2 0x1 0xA 0x2 0xB 0x7FFFFFFF 0x80000000 0xFFFFFFFF
# number_of_elements_got 0x8
# array: dump 
#  0x2 0x1 0xA 0x2 0xB 0x7FFFFFFF 0x80000000 0xFFFFFFFF
# number_of_elements_got 0x8
# array: dump 
#  0x2 0x1 0xA 0x2 0xB 0x7FFFFFFF 0x80000000 0xFFFFFFFF
# number_of_elements_got 0x8
# array: dump 
#  0x2 0x1 0xA 0x2 0xB 0x7FFFFFFF 0x80000000 0xFFFFFFFF
# number_of_elements_got 0x8
# array: dump 
#  0x2 0x1 0xA 0x2 0xB 0x7FFFFFFF 0x80000000 0xFFFFFFFF
# number_of_elements_got 0x8
# array: dump 
#  0x2 0x1 0xA 0x2 0xB 0x7FFFFFFF 0x80000000 0xFFFFFFFF
# 00000000000000000000000000000001000000000000000A0000000000000002000000000000000B000000007FFFFFFF000000008000000000000000FFFFFFFF
# 00000000000000030000000000000022000000000000003300000000000000000000000012345678000000000000077700000000000008000000000000000FFF
# 00000000000000010000000000000001000000000000000A0000000000000002000000000000000B000000007FFFFFFF000000008000000000000000FFFFFFFF
# 00000000000000020000000000000001000000000000000A0000000000000002000000000000000B000000007FFFFFFF000000008000000000000000FFFFFFFF
# 00000000000000000000000000000001000000000000000A0000000000000002000000000000000B000000007FFFFFFF000000008000000000000000FFFFFFFF
# 00000000000000010000000000000001000000000000000A0000000000000002000000000000000B000000007FFFFFFF000000008000000000000000FFFFFFFF
# 00000000000000020000000000000001000000000000000A0000000000000002000000000000000B000000007FFFFFFF000000008000000000000000FFFFFFFF
# 00000000000000040000000000000022000000000000003300000000000000000000000012345678000000000000077700000000000008000000000000000FFF
# 00000000000000000000000000000001000000000000000A0000000000000002000000000000000B000000007FFFFFFF000000008000000000000000FFFFFFFF
# 00000000000000030000000000000022000000000000003300000000000000000000000012345678000000000000077700000000000008000000000000000FFF
# 00000000000000010000000000000001000000000000000A0000000000000002000000000000000B000000007FFFFFFF000000008000000000000000FFFFFFFF
# 00000000000000050000000000000022000000000000003300000000000000000000000012345678000000000000077700000000000008000000000000000FFF
# 00000000000000020000000000000001000000000000000A0000000000000002000000000000000B000000007FFFFFFF000000008000000000000000FFFFFFFF
# 00000000000000000000000000000001000000000000000A0000000000000002000000000000000B000000007FFFFFFF000000008000000000000000FFFFFFFF
# 00000000000000010000000000000001000000000000000A0000000000000002000000000000000B000000007FFFFFFF000000008000000000000000FFFFFFFF
# 00000000000000020000000000000001000000000000000A0000000000000002000000000000000B000000007FFFFFFF000000008000000000000000FFFFFFFF
# number_of_elements_got 0x8
# array: dump 
#  0x5 0x22 0x33 0x0 0x12345678 0x777 0x800 0xFFF
# number_of_elements_got 0x8
# array: dump 
#  0x5 0x22 0x33 0x0 0x12345678 0x777 0x800 0xFFF
# number_of_elements_got 0x8
# array: dump 
#  0x5 0x22 0x33 0x0 0x12345678 0x777 0x800 0xFFF
# number_of_elements_got 0x8
# array: dump 
#  0x5 0x22 0x33 0x0 0x12345678 0x777 0x800 0xFFF
# number_of_elements_got 0x8
# array: dump 
#  0x5 0x22 0x33 0x0 0x12345678 0x777 0x800 0xFFF
# number_of_elements_got 0x8
# array: dump 
#  0x5 0x22 0x33 0x0 0x12345678 0x777 0x800 0xFFF
# number_of_elements_got 0x8
# array: dump 
#  0x5 0x22 0x33 0x0 0x12345678 0x777 0x800 0xFFF
# number_of_elements_got 0x8
# array: dump 
#  0x5 0x22 0x33 0x0 0x12345678 0x777 0x800 0xFFF
# number_of_elements_got 0x8
# array: dump 
#  0x5 0x22 0x33 0x0 0x12345678 0x777 0x800 0xFFF
# Passed 0 verify instructions
# Passed 0 timeout monitored bus access instructions
# Success
# testLinesInsertArray ended
# Ended at simulation time of 1159ns
# **********END*TESTCASE*testSuiteLines_testCaseLinesInsertArray**********
# **********START*TESTCASE*testSuiteLines_testCaseLinesInsertText**********
# Started at simulation time of 1162ns
# testLinesInsertText started
# 00000000000000040000000000000022000000000000003300000000000000000000000012345678000000000000077700000000000008000000000000000FFF
# 00000000000000000000000000000001000000000000000A0000000000000002000000000000000B000000007FFFFFFF000000008000000000000000FFFFFFFF
# 00000000000000030000000000000022000000000000003300000000000000000000000012345678000000000000077700000000000008000000000000000FFF
# 00000000000000010000000000000001000000000000000A0000000000000002000000000000000B000000007FFFFFFF000000008000000000000000FFFFFFFF
# 00000000000000050000000000000022000000000000003300000000000000000000000012345678000000000000077700000000000008000000000000000FFF
# 00000000000000020000000000000001000000000000000A0000000000000002000000000000000B000000007FFFFFFF000000008000000000000000FFFFFFFF
# 00000000000000000000000000000001000000000000000A0000000000000002000000000000000B000000007FFFFFFF000000008000000000000000FFFFFFFF
# 00000000000000010000000000000001000000000000000A0000000000000002000000000000000B000000007FFFFFFF000000008000000000000000FFFFFFFF
# 00000000000000020000000000000001000000000000000A0000000000000002000000000000000B000000007FFFFFFF000000008000000000000000FFFFFFFF
# line 0
# line 1
# line 2
# line insert 1
# 00000000000000040000000000000022000000000000003300000000000000000000000012345678000000000000077700000000000008000000000000000FFF
# 00000000000000000000000000000001000000000000000A0000000000000002000000000000000B000000007FFFFFFF000000008000000000000000FFFFFFFF
# 00000000000000030000000000000022000000000000003300000000000000000000000012345678000000000000077700000000000008000000000000000FFF
# 00000000000000010000000000000001000000000000000A0000000000000002000000000000000B000000007FFFFFFF000000008000000000000000FFFFFFFF
# 00000000000000050000000000000022000000000000003300000000000000000000000012345678000000000000077700000000000008000000000000000FFF
# 00000000000000020000000000000001000000000000000A0000000000000002000000000000000B000000007FFFFFFF000000008000000000000000FFFFFFFF
# 00000000000000000000000000000001000000000000000A0000000000000002000000000000000B000000007FFFFFFF000000008000000000000000FFFFFFFF
# 00000000000000010000000000000001000000000000000A0000000000000002000000000000000B000000007FFFFFFF000000008000000000000000FFFFFFFF
# 00000000000000020000000000000001000000000000000A0000000000000002000000000000000B000000007FFFFFFF000000008000000000000000FFFFFFFF
# line 0
# line 1
# line 2
# line insert 1
# line insert 0
# 00000000000000040000000000000022000000000000003300000000000000000000000012345678000000000000077700000000000008000000000000000FFF
# 00000000000000000000000000000001000000000000000A0000000000000002000000000000000B000000007FFFFFFF000000008000000000000000FFFFFFFF
# 00000000000000030000000000000022000000000000003300000000000000000000000012345678000000000000077700000000000008000000000000000FFF
# 00000000000000010000000000000001000000000000000A0000000000000002000000000000000B000000007FFFFFFF000000008000000000000000FFFFFFFF
# 00000000000000050000000000000022000000000000003300000000000000000000000012345678000000000000077700000000000008000000000000000FFF
# 00000000000000020000000000000001000000000000000A0000000000000002000000000000000B000000007FFFFFFF000000008000000000000000FFFFFFFF
# 00000000000000000000000000000001000000000000000A0000000000000002000000000000000B000000007FFFFFFF000000008000000000000000FFFFFFFF
# 00000000000000010000000000000001000000000000000A0000000000000002000000000000000B000000007FFFFFFF000000008000000000000000FFFFFFFF
# 00000000000000020000000000000001000000000000000A0000000000000002000000000000000B000000007FFFFFFF000000008000000000000000FFFFFFFF
# line 0
# line 1
# line 2
# line insert 1
# line insert 0
# 00000000000000040000000000000022000000000000003300000000000000000000000012345678000000000000077700000000000008000000000000000FFF
# 00000000000000000000000000000001000000000000000A0000000000000002000000000000000B000000007FFFFFFF000000008000000000000000FFFFFFFF
# line insert 4
# 00000000000000030000000000000022000000000000003300000000000000000000000012345678000000000000077700000000000008000000000000000FFF
# 00000000000000010000000000000001000000000000000A0000000000000002000000000000000B000000007FFFFFFF000000008000000000000000FFFFFFFF
# 00000000000000050000000000000022000000000000003300000000000000000000000012345678000000000000077700000000000008000000000000000FFF
# 00000000000000020000000000000001000000000000000A0000000000000002000000000000000B000000007FFFFFFF000000008000000000000000FFFFFFFF
# 00000000000000000000000000000001000000000000000A0000000000000002000000000000000B000000007FFFFFFF000000008000000000000000FFFFFFFF
# 00000000000000010000000000000001000000000000000A0000000000000002000000000000000B000000007FFFFFFF000000008000000000000000FFFFFFFF
# 00000000000000020000000000000001000000000000000A0000000000000002000000000000000B000000007FFFFFFF000000008000000000000000FFFFFFFF
# line 0
# line 1
# line 2
# Passed 0 verify instructions
# Passed 0 timeout monitored bus access instructions
# Success
# testLinesInsertText ended
# Ended at simulation time of 1170ns
# **********END*TESTCASE*testSuiteLines_testCaseLinesInsertText**********
# **********START*TESTCASE*testSuiteLines_testCaseLinesPointerCopy**********
# Started at simulation time of 1173ns
# testLinesPointerCopy started
# line insert 1
# line insert 0
# 00000000000000040000000000000022000000000000003300000000000000000000000012345678000000000000077700000000000008000000000000000FFF
# 00000000000000000000000000000001000000000000000A0000000000000002000000000000000B000000007FFFFFFF000000008000000000000000FFFFFFFF
# line insert 4
# 00000000000000030000000000000022000000000000003300000000000000000000000012345678000000000000077700000000000008000000000000000FFF
# 00000000000000010000000000000001000000000000000A0000000000000002000000000000000B000000007FFFFFFF000000008000000000000000FFFFFFFF
# 00000000000000050000000000000022000000000000003300000000000000000000000012345678000000000000077700000000000008000000000000000FFF
# 00000000000000020000000000000001000000000000000A0000000000000002000000000000000B000000007FFFFFFF000000008000000000000000FFFFFFFF
# 00000000000000000000000000000001000000000000000A0000000000000002000000000000000B000000007FFFFFFF000000008000000000000000FFFFFFFF
# 00000000000000010000000000000001000000000000000A0000000000000002000000000000000B000000007FFFFFFF000000008000000000000000FFFFFFFF
# 00000000000000020000000000000001000000000000000A0000000000000002000000000000000B000000007FFFFFFF000000008000000000000000FFFFFFFF
# line 0
# line 1
# line 2
# 00000000000000000000000000000001000000000000000A0000000000000002000000000000000B000000007FFFFFFF000000008000000000000000FFFFFFFF
# 00000000000000010000000000000001000000000000000A0000000000000002000000000000000B000000007FFFFFFF000000008000000000000000FFFFFFFF
# 00000000000000020000000000000001000000000000000A0000000000000002000000000000000B000000007FFFFFFF000000008000000000000000FFFFFFFF
# line insert 1
# line insert 0
# 00000000000000040000000000000022000000000000003300000000000000000000000012345678000000000000077700000000000008000000000000000FFF
# 00000000000000000000000000000001000000000000000A0000000000000002000000000000000B000000007FFFFFFF000000008000000000000000FFFFFFFF
# line insert 4
# 00000000000000030000000000000022000000000000003300000000000000000000000012345678000000000000077700000000000008000000000000000FFF
# 00000000000000010000000000000001000000000000000A0000000000000002000000000000000B000000007FFFFFFF000000008000000000000000FFFFFFFF
# 00000000000000050000000000000022000000000000003300000000000000000000000012345678000000000000077700000000000008000000000000000FFF
# 00000000000000020000000000000001000000000000000A0000000000000002000000000000000B000000007FFFFFFF000000008000000000000000FFFFFFFF
# 00000000000000000000000000000001000000000000000A0000000000000002000000000000000B000000007FFFFFFF000000008000000000000000FFFFFFFF
# 00000000000000010000000000000001000000000000000A0000000000000002000000000000000B000000007FFFFFFF000000008000000000000000FFFFFFFF
# 00000000000000020000000000000001000000000000000A0000000000000002000000000000000B000000007FFFFFFF000000008000000000000000FFFFFFFF
# line 0
# line 1
# line 2
# 00000000000000000000000000000001000000000000000A0000000000000002000000000000000B000000007FFFFFFF000000008000000000000000FFFFFFFF
# 00000000000000010000000000000001000000000000000A0000000000000002000000000000000B000000007FFFFFFF000000008000000000000000FFFFFFFF
# 00000000000000020000000000000001000000000000000A0000000000000002000000000000000B000000007FFFFFFF000000008000000000000000FFFFFFFF
# line insert 1
# line insert 0
# 00000000000000040000000000000022000000000000003300000000000000000000000012345678000000000000077700000000000008000000000000000FFF
# 00000000000000000000000000000001000000000000000A0000000000000002000000000000000B000000007FFFFFFF000000008000000000000000FFFFFFFF
# line insert 4
# 00000000000000030000000000000022000000000000003300000000000000000000000012345678000000000000077700000000000008000000000000000FFF
# 00000000000000010000000000000001000000000000000A0000000000000002000000000000000B000000007FFFFFFF000000008000000000000000FFFFFFFF
# 00000000000000050000000000000022000000000000003300000000000000000000000012345678000000000000077700000000000008000000000000000FFF
# 00000000000000020000000000000001000000000000000A0000000000000002000000000000000B000000007FFFFFFF000000008000000000000000FFFFFFFF
# 00000000000000000000000000000001000000000000000A0000000000000002000000000000000B000000007FFFFFFF000000008000000000000000FFFFFFFF
# 00000000000000010000000000000001000000000000000A0000000000000002000000000000000B000000007FFFFFFF000000008000000000000000FFFFFFFF
# 00000000000000020000000000000001000000000000000A0000000000000002000000000000000B000000007FFFFFFF000000008000000000000000FFFFFFFF
# line 0
# line 1
# line 2
# 00000000000000000000000000000001000000000000000A0000000000000002000000000000000B000000007FFFFFFF000000008000000000000000FFFFFFFF
# 00000000000000010000000000000001000000000000000A0000000000000002000000000000000B000000007FFFFFFF000000008000000000000000FFFFFFFF
# 00000000000000020000000000000001000000000000000A0000000000000002000000000000000B000000007FFFFFFF000000008000000000000000FFFFFFFF
# line insert 1
# line insert 0
# 00000000000000040000000000000022000000000000003300000000000000000000000012345678000000000000077700000000000008000000000000000FFF
# 00000000000000000000000000000001000000000000000A0000000000000002000000000000000B000000007FFFFFFF000000008000000000000000FFFFFFFF
# line insert 4
# 00000000000000030000000000000022000000000000003300000000000000000000000012345678000000000000077700000000000008000000000000000FFF
# 00000000000000010000000000000001000000000000000A0000000000000002000000000000000B000000007FFFFFFF000000008000000000000000FFFFFFFF
# 00000000000000050000000000000022000000000000003300000000000000000000000012345678000000000000077700000000000008000000000000000FFF
# 00000000000000020000000000000001000000000000000A0000000000000002000000000000000B000000007FFFFFFF000000008000000000000000FFFFFFFF
# 00000000000000000000000000000001000000000000000A0000000000000002000000000000000B000000007FFFFFFF000000008000000000000000FFFFFFFF
# 00000000000000010000000000000001000000000000000A0000000000000002000000000000000B000000007FFFFFFF000000008000000000000000FFFFFFFF
# 00000000000000020000000000000001000000000000000A0000000000000002000000000000000B000000007FFFFFFF000000008000000000000000FFFFFFFF
# line 0
# line 1
# line 2
# 00000000000000000000000000000001000000000000000A0000000000000002000000000000000B000000007FFFFFFF000000008000000000000000FFFFFFFF
# 00000000000000010000000000000001000000000000000A0000000000000002000000000000000B000000007FFFFFFF000000008000000000000000FFFFFFFF
# 00000000000000020000000000000001000000000000000A0000000000000002000000000000000B000000007FFFFFFF000000008000000000000000FFFFFFFF
# 00000000AFAFAFEE0000000000000001000000000000000A0000000000000002000000000000000B000000007FFFFFFF000000008000000000000000FFFFFFFF
# line insert 1
# line insert 0
# 00000000000000040000000000000022000000000000003300000000000000000000000012345678000000000000077700000000000008000000000000000FFF
# 00000000000000000000000000000001000000000000000A0000000000000002000000000000000B000000007FFFFFFF000000008000000000000000FFFFFFFF
# line insert 4
# 00000000000000030000000000000022000000000000003300000000000000000000000012345678000000000000077700000000000008000000000000000FFF
# 00000000000000010000000000000001000000000000000A0000000000000002000000000000000B000000007FFFFFFF000000008000000000000000FFFFFFFF
# 00000000000000050000000000000022000000000000003300000000000000000000000012345678000000000000077700000000000008000000000000000FFF
# 00000000000000020000000000000001000000000000000A0000000000000002000000000000000B000000007FFFFFFF000000008000000000000000FFFFFFFF
# 00000000000000000000000000000001000000000000000A0000000000000002000000000000000B000000007FFFFFFF000000008000000000000000FFFFFFFF
# 00000000000000010000000000000001000000000000000A0000000000000002000000000000000B000000007FFFFFFF000000008000000000000000FFFFFFFF
# 00000000000000020000000000000001000000000000000A0000000000000002000000000000000B000000007FFFFFFF000000008000000000000000FFFFFFFF
# line 0
# line 1
# line 2
# 00000000000000000000000000000001000000000000000A0000000000000002000000000000000B000000007FFFFFFF000000008000000000000000FFFFFFFF
# 00000000000000010000000000000001000000000000000A0000000000000002000000000000000B000000007FFFFFFF000000008000000000000000FFFFFFFF
# 00000000000000020000000000000001000000000000000A0000000000000002000000000000000B000000007FFFFFFF000000008000000000000000FFFFFFFF
# 00000000AFAFAFEE0000000000000001000000000000000A0000000000000002000000000000000B000000007FFFFFFF000000008000000000000000FFFFFFFF
# Passed 0 verify instructions
# Passed 0 timeout monitored bus access instructions
# Success
# testLinesPointerCopy ended
# Ended at simulation time of 1182ns
# **********END*TESTCASE*testSuiteLines_testCaseLinesPointerCopy**********
# **********START*TESTCASE*testSuiteLines_testCaseLinesSetArray**********
# Started at simulation time of 1185ns
# testLinesSetArray started
# line insert 1
# line insert 0
# 00000000000000040000000000000022000000000000003300000000000000000000000012345678000000000000077700000000000008000000000000000FFF
# 00000000000000000000000000000001000000000000000A0000000000000002000000000000000B000000007FFFFFFF000000008000000000000000FFFFFFFF
# line insert 4
# 00000000000000030000000000000022000000000000003300000000000000000000000012345678000000000000077700000000000008000000000000000FFF
# 00000000000000010000000000000001000000000000000A0000000000000002000000000000000B000000007FFFFFFF000000008000000000000000FFFFFFFF
# 00000000000000050000000000000022000000000000003300000000000000000000000012345678000000000000077700000000000008000000000000000FFF
# 00000000000000020000000000000001000000000000000A0000000000000002000000000000000B000000007FFFFFFF000000008000000000000000FFFFFFFF
# 00000000000000000000000000000001000000000000000A0000000000000002000000000000000B000000007FFFFFFF000000008000000000000000FFFFFFFF
# 00000000000000010000000000000001000000000000000A0000000000000002000000000000000B000000007FFFFFFF000000008000000000000000FFFFFFFF
# 00000000000000020000000000000001000000000000000A0000000000000002000000000000000B000000007FFFFFFF000000008000000000000000FFFFFFFF
# line 0
# line 1
# line 2
# 00000000000000000000000000000001000000000000000A0000000000000002000000000000000B000000007FFFFFFF000000008000000000000000FFFFFFFF
# 00000000000000010000000000000001000000000000000A0000000000000002000000000000000B000000007FFFFFFF000000008000000000000000FFFFFFFF
# 00000000000000020000000000000001000000000000000A0000000000000002000000000000000B000000007FFFFFFF000000008000000000000000FFFFFFFF
# 00000000AFAFAFEE0000000000000001000000000000000A0000000000000002000000000000000B000000007FFFFFFF000000008000000000000000FFFFFFFF
# 00000000000000000000000000000001000000000000000A0000000000000002000000000000000B000000007FFFFFFF000000008000000000000000FFFFFFFF
# line insert 1
# line insert 0
# 00000000000000040000000000000022000000000000003300000000000000000000000012345678000000000000077700000000000008000000000000000FFF
# 00000000000000000000000000000001000000000000000A0000000000000002000000000000000B000000007FFFFFFF000000008000000000000000FFFFFFFF
# line insert 4
# 00000000000000030000000000000022000000000000003300000000000000000000000012345678000000000000077700000000000008000000000000000FFF
# 00000000000000010000000000000001000000000000000A0000000000000002000000000000000B000000007FFFFFFF000000008000000000000000FFFFFFFF
# 00000000000000050000000000000022000000000000003300000000000000000000000012345678000000000000077700000000000008000000000000000FFF
# 00000000000000020000000000000001000000000000000A0000000000000002000000000000000B000000007FFFFFFF000000008000000000000000FFFFFFFF
# 00000000000000000000000000000001000000000000000A0000000000000002000000000000000B000000007FFFFFFF000000008000000000000000FFFFFFFF
# 00000000000000010000000000000001000000000000000A0000000000000002000000000000000B000000007FFFFFFF000000008000000000000000FFFFFFFF
# 00000000000000020000000000000001000000000000000A0000000000000002000000000000000B000000007FFFFFFF000000008000000000000000FFFFFFFF
# line 0
# line 1
# line 2
# 00000000000000000000000000000001000000000000000A0000000000000002000000000000000B000000007FFFFFFF000000008000000000000000FFFFFFFF
# 00000000000000010000000000000001000000000000000A0000000000000002000000000000000B000000007FFFFFFF000000008000000000000000FFFFFFFF
# 00000000000000020000000000000001000000000000000A0000000000000002000000000000000B000000007FFFFFFF000000008000000000000000FFFFFFFF
# 00000000AFAFAFEE0000000000000001000000000000000A0000000000000002000000000000000B000000007FFFFFFF000000008000000000000000FFFFFFFF
# 00000000000000000000000000000001000000000000000A0000000000000002000000000000000B000000007FFFFFFF000000008000000000000000FFFFFFFF
# 00000000000000010000000000000001000000000000000A0000000000000002000000000000000B000000007FFFFFFF000000008000000000000000FFFFFFFF
# line insert 1
# line insert 0
# 00000000000000040000000000000022000000000000003300000000000000000000000012345678000000000000077700000000000008000000000000000FFF
# 00000000000000000000000000000001000000000000000A0000000000000002000000000000000B000000007FFFFFFF000000008000000000000000FFFFFFFF
# line insert 4
# 00000000000000030000000000000022000000000000003300000000000000000000000012345678000000000000077700000000000008000000000000000FFF
# 00000000000000010000000000000001000000000000000A0000000000000002000000000000000B000000007FFFFFFF000000008000000000000000FFFFFFFF
# 00000000000000050000000000000022000000000000003300000000000000000000000012345678000000000000077700000000000008000000000000000FFF
# 00000000000000020000000000000001000000000000000A0000000000000002000000000000000B000000007FFFFFFF000000008000000000000000FFFFFFFF
# 00000000000000000000000000000001000000000000000A0000000000000002000000000000000B000000007FFFFFFF000000008000000000000000FFFFFFFF
# 00000000000000010000000000000001000000000000000A0000000000000002000000000000000B000000007FFFFFFF000000008000000000000000FFFFFFFF
# 00000000000000020000000000000001000000000000000A0000000000000002000000000000000B000000007FFFFFFF000000008000000000000000FFFFFFFF
# line 0
# line 1
# line 2
# 00000000000000000000000000000001000000000000000A0000000000000002000000000000000B000000007FFFFFFF000000008000000000000000FFFFFFFF
# 00000000000000010000000000000001000000000000000A0000000000000002000000000000000B000000007FFFFFFF000000008000000000000000FFFFFFFF
# 00000000000000020000000000000001000000000000000A0000000000000002000000000000000B000000007FFFFFFF000000008000000000000000FFFFFFFF
# 00000000AFAFAFEE0000000000000001000000000000000A0000000000000002000000000000000B000000007FFFFFFF000000008000000000000000FFFFFFFF
# 00000000000000000000000000000001000000000000000A0000000000000002000000000000000B000000007FFFFFFF000000008000000000000000FFFFFFFF
# 00000000000000010000000000000001000000000000000A0000000000000002000000000000000B000000007FFFFFFF000000008000000000000000FFFFFFFF
# 00000000000000020000000000000001000000000000000A0000000000000002000000000000000B000000007FFFFFFF000000008000000000000000FFFFFFFF
# number_of_elements_got 0x0
# array: dump 
#  0x2 0x1 0xA 0x2 0xB 0x7FFFFFFF 0x80000000 0xFFFFFFFF
# number_of_elements_got 0x0
# array: dump 
#  0x2 0x1 0xA 0x2 0xB 0x7FFFFFFF 0x80000000 0xFFFFFFFF
# number_of_elements_got 0x8
# array: dump 
#  0x2 0x1 0xA 0x2 0xB 0x7FFFFFFF 0x80000000 0xFFFFFFFF
# number_of_elements_got 0x8
# array: dump 
#  0x2 0x1 0xA 0x2 0xB 0x7FFFFFFF 0x80000000 0xFFFFFFFF
# number_of_elements_got 0x0
# array: dump 
#  0x2 0x1 0xA 0x2 0xB 0x7FFFFFFF 0x80000000 0xFFFFFFFF
# number_of_elements_got 0x8
# array: dump 
#  0x2 0x1 0xA 0x2 0xB 0x7FFFFFFF 0x80000000 0xFFFFFFFF
# number_of_elements_got 0x8
# array: dump 
#  0x2 0x1 0xA 0x2 0xB 0x7FFFFFFF 0x80000000 0xFFFFFFFF
# number_of_elements_got 0x8
# array: dump 
#  0x2 0x1 0xA 0x2 0xB 0x7FFFFFFF 0x80000000 0xFFFFFFFF
# number_of_elements_got 0x8
# array: dump 
#  0x2 0x1 0xA 0x2 0xB 0x7FFFFFFF 0x80000000 0xFFFFFFFF
# number_of_elements_got 0x8
# array: dump 
#  0x2 0x1 0xA 0x2 0xB 0x7FFFFFFF 0x80000000 0xFFFFFFFF
# number_of_elements_got 0x8
# array: dump 
#  0x2 0x1 0xA 0x2 0xB 0x7FFFFFFF 0x80000000 0xFFFFFFFF
# number_of_elements_got 0x8
# array: dump 
#  0x2 0x1 0xA 0x2 0xB 0x7FFFFFFF 0x80000000 0xFFFFFFFF
# number_of_elements_got 0x0
# array: dump 
#  0x2 0x1 0xA 0x2 0xB 0x7FFFFFFF 0x80000000 0xFFFFFFFF
# number_of_elements_got 0x0
# array: dump 
#  0x2 0x1 0xA 0x2 0xB 0x7FFFFFFF 0x80000000 0xFFFFFFFF
# number_of_elements_got 0x0
# array: dump 
#  0x2 0x1 0xA 0x2 0xB 0x7FFFFFFF 0x80000000 0xFFFFFFFF
# number_of_elements_got 0x8
# array: dump 
#  0x2 0x1 0xA 0x2 0xB 0x7FFFFFFF 0x80000000 0xFFFFFFFF
# number_of_elements_got 0x8
# array: dump 
#  0x2 0x1 0xA 0x2 0xB 0x7FFFFFFF 0x80000000 0xFFFFFFFF
# number_of_elements_got 0x8
# array: dump 
#  0x2 0x1 0xA 0x2 0xB 0x7FFFFFFF 0x80000000 0xFFFFFFFF
# number_of_elements_got 0x8
# array: dump 
#  0x2 0x1 0xA 0x2 0xB 0x7FFFFFFF 0x80000000 0xFFFFFFFF
# number_of_elements_got 0x8
# array: dump 
#  0x2 0x1 0xA 0x2 0xB 0x7FFFFFFF 0x80000000 0xFFFFFFFF
# number_of_elements_got 0x8
# array: dump 
#  0x2 0x1 0xA 0x2 0xB 0x7FFFFFFF 0x80000000 0xFFFFFFFF
# number_of_elements_got 0x8
# array: dump 
#  0x2 0x1 0xA 0x2 0xB 0x7FFFFFFF 0x80000000 0xFFFFFFFF
# line insert 1
# 00000000000000030000000000000022000000000000003300000000000000000000000012345678000000000000077700000000000008000000000000000FFF
# 00000000000000040000000000000022000000000000003300000000000000000000000012345678000000000000077700000000000008000000000000000FFF
# 00000000000000000000000000000001000000000000000A0000000000000002000000000000000B000000007FFFFFFF000000008000000000000000FFFFFFFF
# line insert 4
# 00000000000000030000000000000022000000000000003300000000000000000000000012345678000000000000077700000000000008000000000000000FFF
# 00000000000000010000000000000001000000000000000A0000000000000002000000000000000B000000007FFFFFFF000000008000000000000000FFFFFFFF
# 00000000000000050000000000000022000000000000003300000000000000000000000012345678000000000000077700000000000008000000000000000FFF
# 00000000000000020000000000000001000000000000000A0000000000000002000000000000000B000000007FFFFFFF000000008000000000000000FFFFFFFF
# 00000000000000000000000000000001000000000000000A0000000000000002000000000000000B000000007FFFFFFF000000008000000000000000FFFFFFFF
# 00000000000000010000000000000001000000000000000A0000000000000002000000000000000B000000007FFFFFFF000000008000000000000000FFFFFFFF
# 00000000000000020000000000000001000000000000000A0000000000000002000000000000000B000000007FFFFFFF000000008000000000000000FFFFFFFF
# line 0
# line 1
# line 2
# 00000000000000000000000000000001000000000000000A0000000000000002000000000000000B000000007FFFFFFF000000008000000000000000FFFFFFFF
# 00000000000000010000000000000001000000000000000A0000000000000002000000000000000B000000007FFFFFFF000000008000000000000000FFFFFFFF
# 00000000000000020000000000000001000000000000000A0000000000000002000000000000000B000000007FFFFFFF000000008000000000000000FFFFFFFF
# 00000000AFAFAFEE0000000000000001000000000000000A0000000000000002000000000000000B000000007FFFFFFF000000008000000000000000FFFFFFFF
# 00000000000000000000000000000001000000000000000A0000000000000002000000000000000B000000007FFFFFFF000000008000000000000000FFFFFFFF
# 00000000000000010000000000000001000000000000000A0000000000000002000000000000000B000000007FFFFFFF000000008000000000000000FFFFFFFF
# 00000000000000020000000000000001000000000000000A0000000000000002000000000000000B000000007FFFFFFF000000008000000000000000FFFFFFFF
# number_of_elements_got 0x0
# array: dump 
#  0x3 0x22 0x33 0x0 0x12345678 0x777 0x800 0xFFF
# number_of_elements_got 0x8
# array: dump 
#  0x3 0x22 0x33 0x0 0x12345678 0x777 0x800 0xFFF
# number_of_elements_got 0x8
# array: dump 
#  0x3 0x22 0x33 0x0 0x12345678 0x777 0x800 0xFFF
# number_of_elements_got 0x8
# array: dump 
#  0x3 0x22 0x33 0x0 0x12345678 0x777 0x800 0xFFF
# number_of_elements_got 0x0
# array: dump 
#  0x3 0x22 0x33 0x0 0x12345678 0x777 0x800 0xFFF
# number_of_elements_got 0x8
# array: dump 
#  0x3 0x22 0x33 0x0 0x12345678 0x777 0x800 0xFFF
# number_of_elements_got 0x8
# array: dump 
#  0x3 0x22 0x33 0x0 0x12345678 0x777 0x800 0xFFF
# number_of_elements_got 0x8
# array: dump 
#  0x3 0x22 0x33 0x0 0x12345678 0x777 0x800 0xFFF
# number_of_elements_got 0x8
# array: dump 
#  0x3 0x22 0x33 0x0 0x12345678 0x777 0x800 0xFFF
# number_of_elements_got 0x8
# array: dump 
#  0x3 0x22 0x33 0x0 0x12345678 0x777 0x800 0xFFF
# number_of_elements_got 0x8
# array: dump 
#  0x3 0x22 0x33 0x0 0x12345678 0x777 0x800 0xFFF
# number_of_elements_got 0x8
# array: dump 
#  0x3 0x22 0x33 0x0 0x12345678 0x777 0x800 0xFFF
# number_of_elements_got 0x0
# array: dump 
#  0x3 0x22 0x33 0x0 0x12345678 0x777 0x800 0xFFF
# number_of_elements_got 0x0
# array: dump 
#  0x3 0x22 0x33 0x0 0x12345678 0x777 0x800 0xFFF
# number_of_elements_got 0x0
# array: dump 
#  0x3 0x22 0x33 0x0 0x12345678 0x777 0x800 0xFFF
# number_of_elements_got 0x8
# array: dump 
#  0x3 0x22 0x33 0x0 0x12345678 0x777 0x800 0xFFF
# number_of_elements_got 0x8
# array: dump 
#  0x3 0x22 0x33 0x0 0x12345678 0x777 0x800 0xFFF
# number_of_elements_got 0x8
# array: dump 
#  0x3 0x22 0x33 0x0 0x12345678 0x777 0x800 0xFFF
# number_of_elements_got 0x8
# array: dump 
#  0x3 0x22 0x33 0x0 0x12345678 0x777 0x800 0xFFF
# number_of_elements_got 0x8
# array: dump 
#  0x3 0x22 0x33 0x0 0x12345678 0x777 0x800 0xFFF
# number_of_elements_got 0x8
# array: dump 
#  0x3 0x22 0x33 0x0 0x12345678 0x777 0x800 0xFFF
# number_of_elements_got 0x8
# array: dump 
#  0x3 0x22 0x33 0x0 0x12345678 0x777 0x800 0xFFF
# Passed 0 verify instructions
# Passed 0 timeout monitored bus access instructions
# Success
# testLinesSetArray ended
# Ended at simulation time of 1419ns
# **********END*TESTCASE*testSuiteLines_testCaseLinesSetArray**********
# **********START*TESTCASE*testSuiteLines_testCaseLinesSetText**********
# Started at simulation time of 1422ns
# testLinesSetText started
# line insert 1
# 00000000000000030000000000000022000000000000003300000000000000000000000012345678000000000000077700000000000008000000000000000FFF
# 00000000000000040000000000000022000000000000003300000000000000000000000012345678000000000000077700000000000008000000000000000FFF
# 00000000000000000000000000000001000000000000000A0000000000000002000000000000000B000000007FFFFFFF000000008000000000000000FFFFFFFF
# line insert 4
# 00000000000000030000000000000022000000000000003300000000000000000000000012345678000000000000077700000000000008000000000000000FFF
# 00000000000000010000000000000001000000000000000A0000000000000002000000000000000B000000007FFFFFFF000000008000000000000000FFFFFFFF
# 00000000000000050000000000000022000000000000003300000000000000000000000012345678000000000000077700000000000008000000000000000FFF
# 00000000000000020000000000000001000000000000000A0000000000000002000000000000000B000000007FFFFFFF000000008000000000000000FFFFFFFF
# 00000000000000000000000000000001000000000000000A0000000000000002000000000000000B000000007FFFFFFF000000008000000000000000FFFFFFFF
# 00000000000000010000000000000001000000000000000A0000000000000002000000000000000B000000007FFFFFFF000000008000000000000000FFFFFFFF
# 00000000000000020000000000000001000000000000000A0000000000000002000000000000000B000000007FFFFFFF000000008000000000000000FFFFFFFF
# line 0
# line 1
# line 2
# 00000000000000000000000000000001000000000000000A0000000000000002000000000000000B000000007FFFFFFF000000008000000000000000FFFFFFFF
# 00000000000000010000000000000001000000000000000A0000000000000002000000000000000B000000007FFFFFFF000000008000000000000000FFFFFFFF
# 00000000000000020000000000000001000000000000000A0000000000000002000000000000000B000000007FFFFFFF000000008000000000000000FFFFFFFF
# 00000000AFAFAFEE0000000000000001000000000000000A0000000000000002000000000000000B000000007FFFFFFF000000008000000000000000FFFFFFFF
# 00000000000000000000000000000001000000000000000A0000000000000002000000000000000B000000007FFFFFFF000000008000000000000000FFFFFFFF
# 00000000000000010000000000000001000000000000000A0000000000000002000000000000000B000000007FFFFFFF000000008000000000000000FFFFFFFF
# 00000000000000020000000000000001000000000000000A0000000000000002000000000000000B000000007FFFFFFF000000008000000000000000FFFFFFFF
# line 1
# line 2
# line 3
# line set 1
# line set 2
# line set 3
# 00000000000000000000000000000001000000000000000A0000000000000002000000000000000B000000007FFFFFFF000000008000000000000000FFFFFFFF
# line insert 4
# 00000000000000030000000000000022000000000000003300000000000000000000000012345678000000000000077700000000000008000000000000000FFF
# 00000000000000010000000000000001000000000000000A0000000000000002000000000000000B000000007FFFFFFF000000008000000000000000FFFFFFFF
# 00000000000000050000000000000022000000000000003300000000000000000000000012345678000000000000077700000000000008000000000000000FFF
# 00000000000000020000000000000001000000000000000A0000000000000002000000000000000B000000007FFFFFFF000000008000000000000000FFFFFFFF
# 00000000000000000000000000000001000000000000000A0000000000000002000000000000000B000000007FFFFFFF000000008000000000000000FFFFFFFF
# 00000000000000010000000000000001000000000000000A0000000000000002000000000000000B000000007FFFFFFF000000008000000000000000FFFFFFFF
# 00000000000000020000000000000001000000000000000A0000000000000002000000000000000B000000007FFFFFFF000000008000000000000000FFFFFFFF
# line 0
# line 1
# line 2
# 00000000000000000000000000000001000000000000000A0000000000000002000000000000000B000000007FFFFFFF000000008000000000000000FFFFFFFF
# 00000000000000010000000000000001000000000000000A0000000000000002000000000000000B000000007FFFFFFF000000008000000000000000FFFFFFFF
# 00000000000000020000000000000001000000000000000A0000000000000002000000000000000B000000007FFFFFFF000000008000000000000000FFFFFFFF
# 00000000AFAFAFEE0000000000000001000000000000000A0000000000000002000000000000000B000000007FFFFFFF000000008000000000000000FFFFFFFF
# 00000000000000000000000000000001000000000000000A0000000000000002000000000000000B000000007FFFFFFF000000008000000000000000FFFFFFFF
# 00000000000000010000000000000001000000000000000A0000000000000002000000000000000B000000007FFFFFFF000000008000000000000000FFFFFFFF
# 00000000000000020000000000000001000000000000000A0000000000000002000000000000000B000000007FFFFFFF000000008000000000000000FFFFFFFF
# line 1
# line 2
# line 3
# Passed 0 verify instructions
# Passed 0 timeout monitored bus access instructions
# Success
# testLinesSetText ended
# Ended at simulation time of 1429ns
# **********END*TESTCASE*testSuiteLines_testCaseLinesSetText**********
# **********START*TESTCASE*testSuiteLines_testCaseLinesSize**********
# Started at simulation time of 1432ns
# testLinesSize started
# line set 1
# line set 2
# line set 3
# 00000000000000000000000000000001000000000000000A0000000000000002000000000000000B000000007FFFFFFF000000008000000000000000FFFFFFFF
# line insert 4
# 00000000000000030000000000000022000000000000003300000000000000000000000012345678000000000000077700000000000008000000000000000FFF
# 00000000000000010000000000000001000000000000000A0000000000000002000000000000000B000000007FFFFFFF000000008000000000000000FFFFFFFF
# 00000000000000050000000000000022000000000000003300000000000000000000000012345678000000000000077700000000000008000000000000000FFF
# 00000000000000020000000000000001000000000000000A0000000000000002000000000000000B000000007FFFFFFF000000008000000000000000FFFFFFFF
# 00000000000000000000000000000001000000000000000A0000000000000002000000000000000B000000007FFFFFFF000000008000000000000000FFFFFFFF
# 00000000000000010000000000000001000000000000000A0000000000000002000000000000000B000000007FFFFFFF000000008000000000000000FFFFFFFF
# 00000000000000020000000000000001000000000000000A0000000000000002000000000000000B000000007FFFFFFF000000008000000000000000FFFFFFFF
# line 0
# line 1
# line 2
# 00000000000000000000000000000001000000000000000A0000000000000002000000000000000B000000007FFFFFFF000000008000000000000000FFFFFFFF
# 00000000000000010000000000000001000000000000000A0000000000000002000000000000000B000000007FFFFFFF000000008000000000000000FFFFFFFF
# 00000000000000020000000000000001000000000000000A0000000000000002000000000000000B000000007FFFFFFF000000008000000000000000FFFFFFFF
# 00000000AFAFAFEE0000000000000001000000000000000A0000000000000002000000000000000B000000007FFFFFFF000000008000000000000000FFFFFFFF
# 00000000000000000000000000000001000000000000000A0000000000000002000000000000000B000000007FFFFFFF000000008000000000000000FFFFFFFF
# 00000000000000010000000000000001000000000000000A0000000000000002000000000000000B000000007FFFFFFF000000008000000000000000FFFFFFFF
# 00000000000000020000000000000001000000000000000A0000000000000002000000000000000B000000007FFFFFFF000000008000000000000000FFFFFFFF
# line 1
# line 2
# line 3
# 00000000000000000000000000000001000000000000000A0000000000000002000000000000000B000000007FFFFFFF000000008000000000000000FFFFFFFF
# 00000000000000010000000000000001000000000000000A0000000000000002000000000000000B000000007FFFFFFF000000008000000000000000FFFFFFFF
# 00000000000000020000000000000001000000000000000A0000000000000002000000000000000B000000007FFFFFFF000000008000000000000000FFFFFFFF
# lines size is 0x1C
# Passed 0 verify instructions
# Passed 0 timeout monitored bus access instructions
# Success
# testLinesSize ended
# Ended at simulation time of 1440ns
# **********END*TESTCASE*testSuiteLines_testCaseLinesSize**********
# Main test suite Lines ended
# ** Note: Verify passes 0
#    Time: 2443200 ps  Iteration: 0  Instance: /tbtop/i_tb_simstm
# ** Note: Timeout monitored bus access passes 0
#    Time: 2443200 ps  Iteration: 0  Instance: /tbtop/i_tb_simstm
# ** Note: SUCCESS
#    Time: 2443200 ps  Iteration: 0  Instance: /tbtop/i_tb_simstm
# ** Note: Test finished
#    Time: 2443200 ps  Iteration: 0  Instance: /tbtop/i_tb_simstm
# End time: 18:29:42 on Jan 10,2025, Elapsed time: 0:00:20
# Errors: 0, Warnings: 7
</system-out>
      <system-err/>
      <testcase name="testSuiteLines_testCaseLinesSize" assertions="0" classname="testSuiteLines" file="TestSuites/TestSuiteLines.stm" line="TestSuites/TestSuiteLines.stm" time="0.112987">
         <properties>
            <property name="SimulatedStartTime" value="1432"/>
            <property name="SimulatedEndTime" value="1440"/>
            <property name="SimulatedDuration" value="8"/>
         </properties>
      </testcase>
      <testcase name="testSuiteLines_testCaseLinesPointerCopy" assertions="0" classname="testSuiteLines" file="TestSuites/TestSuiteLines.stm" line="TestSuites/TestSuiteLines.stm" time="0.005">
         <properties>
            <property name="SimulatedStartTime" value="1173"/>
            <property name="SimulatedEndTime" value="1182"/>
            <property name="SimulatedDuration" value="9"/>
         </properties>
      </testcase>
      <testcase name="testSuiteLines_testCaseLinesSetArray" assertions="0" classname="testSuiteLines" file="TestSuites/TestSuiteLines.stm" line="TestSuites/TestSuiteLines.stm" time="3.576586">
         <properties>
            <property name="SimulatedStartTime" value="1185"/>
            <property name="SimulatedEndTime" value="1419"/>
            <property name="SimulatedDuration" value="234"/>
         </properties>
      </testcase>
      <testcase name="testSuiteLines_testCaseLinesDeleteArray" assertions="0" classname="testSuiteLines" file="TestSuites/TestSuiteLines.stm" line="TestSuites/TestSuiteLines.stm" time="0.097988">
         <properties>
            <property name="SimulatedStartTime" value="1034"/>
            <property name="SimulatedEndTime" value="1043"/>
            <property name="SimulatedDuration" value="9"/>
         </properties>
      </testcase>
      <testcase name="testSuiteLines_testCaseLinesAppendArray" assertions="0" classname="testSuiteLines" file="TestSuites/TestSuiteLines.stm" line="TestSuites/TestSuiteLines.stm" time="0.006999">
         <properties>
            <property name="SimulatedStartTime" value="1002"/>
            <property name="SimulatedEndTime" value="1010"/>
            <property name="SimulatedDuration" value="8"/>
         </properties>
      </testcase>
      <testcase name="testSuiteLines_testCaseLinesDeleteAllArray" assertions="0" classname="testSuiteLines" file="TestSuites/TestSuiteLines.stm" line="TestSuites/TestSuiteLines.stm" time="0.112987">
         <properties>
            <property name="SimulatedStartTime" value="1023"/>
            <property name="SimulatedEndTime" value="1031"/>
            <property name="SimulatedDuration" value="8"/>
         </properties>
      </testcase>
      <testcase name="testSuiteLines_testCaseLinesSetText" assertions="0" classname="testSuiteLines" file="TestSuites/TestSuiteLines.stm" line="TestSuites/TestSuiteLines.stm" time="0.147982">
         <properties>
            <property name="SimulatedStartTime" value="1422"/>
            <property name="SimulatedEndTime" value="1429"/>
            <property name="SimulatedDuration" value="7"/>
         </properties>
      </testcase>
      <testcase name="testSuiteLines_testCaseLinesGetArray" assertions="0" classname="testSuiteLines" file="TestSuites/TestSuiteLines.stm" line="TestSuites/TestSuiteLines.stm" time="0.300965">
         <properties>
            <property name="SimulatedStartTime" value="1046"/>
            <property name="SimulatedEndTime" value="1069"/>
            <property name="SimulatedDuration" value="23"/>
         </properties>
      </testcase>
      <testcase name="testSuiteLines_testCaseLinesInsertArray" assertions="0" classname="testSuiteLines" file="TestSuites/TestSuiteLines.stm" line="TestSuites/TestSuiteLines.stm" time="1.262854">
         <properties>
            <property name="SimulatedStartTime" value="1073"/>
            <property name="SimulatedEndTime" value="1159"/>
            <property name="SimulatedDuration" value="86"/>
         </properties>
      </testcase>
      <testcase name="testSuiteLines_testCaseLinesAppendText" assertions="0" classname="testSuiteLines" file="TestSuites/TestSuiteLines.stm" line="TestSuites/TestSuiteLines.stm" time="0.004999">
         <properties>
            <property name="SimulatedStartTime" value="1013"/>
            <property name="SimulatedEndTime" value="1020"/>
            <property name="SimulatedDuration" value="7"/>
         </properties>
      </testcase>
      <testcase name="testSuiteLines_testCaseLinesInsertText" assertions="0" classname="testSuiteLines" file="TestSuites/TestSuiteLines.stm" line="TestSuites/TestSuiteLines.stm" time="0.111987">
         <properties>
            <property name="SimulatedStartTime" value="1162"/>
            <property name="SimulatedEndTime" value="1170"/>
            <property name="SimulatedDuration" value="8"/>
         </properties>
      </testcase>
   </testsuite>
   <testsuite name="testSuiteInterrupt" tests="1" skipped="0" errors="0" failures="0" assertions="2" timestamp="2025-01-10T18:29:28.456958" time="0.205976" file="TestSuites/TestSuiteInterrupt.stm">
      <system-out># vsim -t ps -L work work.tbTop -batch -gstimulus_path=/home/vagrant/git/tutorial/tutorial-hxs-bitfield-register-pulse-generator-plain/submodules/simstm/tb/simstm/ -gstimulus_file=testMainSuiteInterrupt.stm -gstimulus_main_entry_label=$testMainSuiteInterrupt -do &quot;run_all.do&quot; 
# Start time: 18:29:22 on Jan 10,2025
# ** Note: (vsim-3812) Design is being optimized...
# ** Warning: (vopt-6) -- Waiting for lock by &quot;vagrant@vagrant-box, pid = 29886&quot;. Lockfile is &quot;/home/vagrant/git/tutorial/tutorial-hxs-bitfield-register-pulse-generator-plain/submodules/simstm/simulation/modelsim/work/work/_lock&quot;.
# ** Warning: (vopt-2009) At least one design unit was compiled with optimization level -O0 or -O1.
# Use vdir -l command to find such design units.
# ** Note: (vsim-12126) Error and warning message counts have been restored: Errors=0, Warnings=2.
# //  Questa Intel Starter FPGA Edition-64
# //  Version 2023.3 linux_x86_64 Jul 17 2023
# //
# //  Copyright 1991-2023 Mentor Graphics Corporation
# //  All Rights Reserved.
# //
# //  QuestaSim and its associated documentation contain trade
# //  secrets and commercial or financial information that are the property of
# //  Mentor Graphics Corporation and are privileged, confidential,
# //  and exempt from disclosure under the Freedom of Information Act,
# //  5 U.S.C. Section 552. Furthermore, this information
# //  is prohibited from disclosure under the Trade Secrets Act,
# //  18 U.S.C. Section 1905.
# //
# Loading std.standard
# Loading std.textio(body)
# Loading ieee.std_logic_1164(body)
# Loading ieee.numeric_std(body)
# Loading ieee.math_real(body)
# Loading work.tb_base_pkg(body)
# Loading work.tb_bus_avalon_32_pkg(body)
# Loading work.tb_bus_axi4lite_32_pkg(body)
# Loading work.tb_bus_wishbone_32_pkg(body)
# Loading work.tb_bus_wishbone_64_pkg(body)
# Loading work.tb_bus_avalon_64_pkg(body)
# Loading work.tb_bus_ram_32_pkg(body)
# Loading work.tb_bus_pkg(body)
# Loading work.tb_signals_pkg(body)
# Loading work.basic(body)
# Loading std.env(body)
# Loading work.tb_instructions_pkg(body)
# Loading work.tb_interpreter_pkg(body)
# Loading work.tbtop(behavioural)#1
# Loading work.tb_simstm(behavioural)#1
# Loading work.ramavalon(simulation)#1
# Loading work.ramavalon(simulation)#2
# 
# do run_all.do
# ** Warning: NUMERIC_STD.TO_INTEGER: metavalue detected, returning 0
#    Time: 0 ps  Iteration: 0  Instance: /tbtop/i_Ram32
# ** Warning: NUMERIC_STD.TO_INTEGER: metavalue detected, returning 0
#    Time: 0 ps  Iteration: 0  Instance: /tbtop/i_RamAxi4Lite_32
# include found: loading file /home/vagrant/git/tutorial/tutorial-hxs-bitfield-register-pulse-generator-plain/submodules/simstm/tb/simstm/Common/Common.stm
[...]
            <property name="SimulatedEndTime" value="1037"/>
            <property name="SimulatedDuration" value="13"/>
         </properties>
      </testcase>
      <testcase name="testSuiteSignal_testCaseSignalVerifyFail" assertions="1" classname="testSuiteSignal" file="TestSuites/TestSuiteSignal.stm" line="TestSuites/TestSuiteSignal.stm" time="0.101988">
         <properties>
            <property name="SimulatedStartTime" value="1014"/>
            <property name="SimulatedEndTime" value="1021"/>
            <property name="SimulatedDuration" value="7"/>
         </properties>
      </testcase>
      <testcase name="testSuiteSignal_testCaseSignalPointerGetSet" assertions="24" classname="testSuiteSignal" file="TestSuites/TestSuiteSignal.stm" line="TestSuites/TestSuiteSignal.stm" time="0.006999">
         <properties>
            <property name="SimulatedStartTime" value="1040"/>
            <property name="SimulatedEndTime" value="1052"/>
            <property name="SimulatedDuration" value="12"/>
         </properties>
      </testcase>
   </testsuite>
   <testsuite name="testSuiteBusAvalon64" tests="5" skipped="0" errors="0" failures="0" assertions="38" timestamp="2025-01-10T18:29:32.805460" time="0.121986" file="TestSuites/TestSuiteBusAvalon64.stm">
      <system-out># vsim -t ps -L work work.tbTop -batch -gstimulus_path=/home/vagrant/git/tutorial/tutorial-hxs-bitfield-register-pulse-generator-plain/submodules/simstm/tb/simstm/ -gstimulus_file=testMainSuiteBusAvalon64.stm -gstimulus_main_entry_label=$testMainSuiteBusAvalon64 -do &quot;run_all.do&quot; 
# Start time: 18:29:30 on Jan 10,2025
# ** Note: (vsim-3812) Design is being optimized...
# ** Warning: (vopt-2009) At least one design unit was compiled with optimization level -O0 or -O1.
# Use vdir -l command to find such design units.
# ** Note: (vsim-12126) Error and warning message counts have been restored: Errors=0, Warnings=1.
# //  Questa Intel Starter FPGA Edition-64
# //  Version 2023.3 linux_x86_64 Jul 17 2023
# //
# //  Copyright 1991-2023 Mentor Graphics Corporation
# //  All Rights Reserved.
# //
# //  QuestaSim and its associated documentation contain trade
# //  secrets and commercial or financial information that are the property of
# //  Mentor Graphics Corporation and are privileged, confidential,
# //  and exempt from disclosure under the Freedom of Information Act,
# //  5 U.S.C. Section 552. Furthermore, this information
# //  is prohibited from disclosure under the Trade Secrets Act,
# //  18 U.S.C. Section 1905.
# //
# Loading std.standard
# Loading std.textio(body)
# Loading ieee.std_logic_1164(body)
# Loading ieee.numeric_std(body)
# Loading ieee.math_real(body)
# Loading work.tb_base_pkg(body)
# Loading work.tb_bus_avalon_32_pkg(body)
# Loading work.tb_bus_axi4lite_32_pkg(body)
# Loading work.tb_bus_wishbone_32_pkg(body)
# Loading work.tb_bus_wishbone_64_pkg(body)
# Loading work.tb_bus_avalon_64_pkg(body)
# Loading work.tb_bus_ram_32_pkg(body)
# Loading work.tb_bus_pkg(body)
# Loading work.tb_signals_pkg(body)
# Loading work.basic(body)
# Loading std.env(body)
# Loading work.tb_instructions_pkg(body)
# Loading work.tb_interpreter_pkg(body)
# Loading work.tbtop(behavioural)#1
# Loading work.tb_simstm(behavioural)#1
# Loading work.ramavalon(simulation)#1
# Loading work.ramavalon(simulation)#2
# 
# do run_all.do
# ** Warning: NUMERIC_STD.TO_INTEGER: metavalue detected, returning 0
#    Time: 0 ps  Iteration: 0  Instance: /tbtop/i_Ram32
# ** Warning: NUMERIC_STD.TO_INTEGER: metavalue detected, returning 0
#    Time: 0 ps  Iteration: 0  Instance: /tbtop/i_RamAxi4Lite_32
# include found: loading file /home/vagrant/git/tutorial/tutorial-hxs-bitfield-register-pulse-generator-plain/submodules/simstm/tb/simstm/Common/Common.stm
# nested include found in : /home/vagrant/git/tutorial/tutorial-hxs-bitfield-register-pulse-generator-plain/submodules/simstm/tb/simstm/Common/Common.stm
# nested include found: loading file /home/vagrant/git/tutorial/tutorial-hxs-bitfield-register-pulse-generator-plain/submodules/simstm/tb/simstm/Base/Base.stm
# nested include found in : /home/vagrant/git/tutorial/tutorial-hxs-bitfield-register-pulse-generator-plain/submodules/simstm/tb/simstm/Common/Common.stm
# nested include found: loading file /home/vagrant/git/tutorial/tutorial-hxs-bitfield-register-pulse-generator-plain/submodules/simstm/tb/simstm/TestCase/TestCase.stm
# include found: loading file /home/vagrant/git/tutorial/tutorial-hxs-bitfield-register-pulse-generator-plain/submodules/simstm/tb/simstm/Bus/bus32.stm
# include found: loading file /home/vagrant/git/tutorial/tutorial-hxs-bitfield-register-pulse-generator-plain/submodules/simstm/tb/simstm/Bus/bus64.stm
# include found: loading file /home/vagrant/git/tutorial/tutorial-hxs-bitfield-register-pulse-generator-plain/submodules/simstm/tb/simstm/TestSuites/TestSuiteBusAvalon64.stm
# ** Warning: NUMERIC_STD.&quot;&gt;&quot;: metavalue detected, returning FALSE
#    Time: 0 ps  Iteration: 2  Instance: /tbtop/i_tb_simstm
# Main test suite Bus Avalon 64 started
# **********START*TESTCASE*testSuiteBusAvalon64_testCaseBus64**********
# Started at simulation time of 1002ns
# testBus64 started
# Passed 27 verify instructions
# Passed 48 timeout monitored bus access instructions
# Success
# testBus64 ended
# Ended at simulation time of 6548ns
# **********END*TESTCASE*testSuiteBusAvalon64_testCaseBus64**********
# **********START*TESTCASE*testSuiteBusAvalon64_testCaseBus64VerifySuccess**********
# Started at simulation time of 6551ns
# testBus64VerifySuccess started
# Passed 3 verify instructions
# Passed 6 timeout monitored bus access instructions
# Success
# testBus64VerifySuccess ended
# Ended at simulation time of 7728ns
# **********END*TESTCASE*testSuiteBusAvalon64_testCaseBus64VerifySuccess**********
# **********START*TESTCASE*testSuiteBusAvalon64_testCaseBus64VerifyFail**********
# Started at simulation time of 7731ns
# testBus64VerifyFail started
# bus verify intended error on no match
# Passed 4 verify instructions
# Passed 7 timeout monitored bus access instructions
# Expected 1 verify failures, ignored
# Success
# testBus64VerifyFail ended
# Ended at simulation time of 8939ns
# **********END*TESTCASE*testSuiteBusAvalon64_testCaseBus64VerifyFail**********
# **********START*TESTCASE*testSuiteBusAvalon64_testCaseBus64TimeOutRead**********
# Started at simulation time of 8942ns
# testBus64TimeOutRead started
# Passed 2 verify instructions
# Passed 2 timeout monitored bus access instructions
# Expected 1 bus timeout failures, ignored
# Success
# testBus64TimeOutRead ended
# Ended at simulation time of 10009ns
# **********END*TESTCASE*testSuiteBusAvalon64_testCaseBus64TimeOutRead**********
# **********START*TESTCASE*testSuiteBusAvalon64_testCaseBus64TimeOutWrite**********
# Started at simulation time of 10012ns
# testBus64TimeOutWrite started
# Passed 2 verify instructions
# Passed 1 timeout monitored bus access instructions
# Expected 1 bus timeout failures, ignored
# Success
# testBus64TimeOutWrite ended
# Ended at simulation time of 11049ns
# **********END*TESTCASE*testSuiteBusAvalon64_testCaseBus64TimeOutWrite**********
# Main test suite Bus Avalon 64 ended
# ** Note: Verify passes 38
#    Time: 12052 ns  Iteration: 0  Instance: /tbtop/i_tb_simstm
# ** Note: Timeout monitored bus access passes 64
#    Time: 12052 ns  Iteration: 0  Instance: /tbtop/i_tb_simstm
# ** Note: Expected 1 verify failures, got 0
#    Time: 12052 ns  Iteration: 0  Instance: /tbtop/i_tb_simstm
# ** Note: Expected 2 bus timeout failures, got 0
#    Time: 12052 ns  Iteration: 0  Instance: /tbtop/i_tb_simstm
# ** Note: FAILURES
#    Time: 12052 ns  Iteration: 0  Instance: /tbtop/i_tb_simstm
# ** Note: Test finished
#    Time: 12052 ns  Iteration: 0  Instance: /tbtop/i_tb_simstm
# End time: 18:29:33 on Jan 10,2025, Elapsed time: 0:00:03
# Errors: 0, Warnings: 4
</system-out>
      <system-err/>
      <testcase name="testSuiteBusAvalon64_testCaseBus64" assertions="27" classname="testSuiteBusAvalon64" file="TestSuites/TestSuiteBusAvalon64.stm" line="TestSuites/TestSuiteBusAvalon64.stm" time="0.121986">
         <properties>
            <property name="SimulatedStartTime" value="1002"/>
            <property name="SimulatedEndTime" value="6548"/>
            <property name="SimulatedDuration" value="5546"/>
         </properties>
      </testcase>
      <testcase name="testSuiteBusAvalon64_testCaseBus64TimeOutWrite" assertions="2" classname="testSuiteBusAvalon64" file="TestSuites/TestSuiteBusAvalon64.stm" line="TestSuites/TestSuiteBusAvalon64.stm" time="0.094989">
         <properties>
            <property name="SimulatedStartTime" value="10012"/>
            <property name="SimulatedEndTime" value="11049"/>
            <property name="SimulatedDuration" value="1037"/>
         </properties>
      </testcase>
      <testcase name="testSuiteBusAvalon64_testCaseBus64TimeOutRead" assertions="2" classname="testSuiteBusAvalon64" file="TestSuites/TestSuiteBusAvalon64.stm" line="TestSuites/TestSuiteBusAvalon64.stm" time="0.004">
         <properties>
            <property name="SimulatedStartTime" value="8942"/>
            <property name="SimulatedEndTime" value="10009"/>
            <property name="SimulatedDuration" value="1067"/>
         </properties>
      </testcase>
      <testcase name="testSuiteBusAvalon64_testCaseBus64VerifyFail" assertions="4" classname="testSuiteBusAvalon64" file="TestSuites/TestSuiteBusAvalon64.stm" line="TestSuites/TestSuiteBusAvalon64.stm" time="0.005">
         <properties>
            <property name="SimulatedStartTime" value="7731"/>
            <property name="SimulatedEndTime" value="8939"/>
            <property name="SimulatedDuration" value="1208"/>
         </properties>
      </testcase>
      <testcase name="testSuiteBusAvalon64_testCaseBus64VerifySuccess" assertions="3" classname="testSuiteBusAvalon64" file="TestSuites/TestSuiteBusAvalon64.stm" line="TestSuites/TestSuiteBusAvalon64.stm" time="0.095989">
         <properties>
            <property name="SimulatedStartTime" value="6551"/>
            <property name="SimulatedEndTime" value="7728"/>
            <property name="SimulatedDuration" value="1177"/>
         </properties>
      </testcase>
   </testsuite>
   <testsuite name="testSuiteBusAxi4Lite32" tests="5" skipped="0" errors="0" failures="0" assertions="32" timestamp="2025-01-10T18:29:37.808884" time="0.117986" file="TestSuites/TestSuiteBusAxi4Lite32.stm">
      <system-out># vsim -t ps -L work work.tbTop -batch -gstimulus_path=/home/vagrant/git/tutorial/tutorial-hxs-bitfield-register-pulse-generator-plain/submodules/simstm/tb/simstm/ -gstimulus_file=testMainSuiteBusAxi4Lite32.stm -gstimulus_main_entry_label=$testMainSuiteBusAxi4Lite32 -do &quot;run_all.do&quot; 
# Start time: 18:29:32 on Jan 10,2025
# ** Note: (vsim-3812) Design is being optimized...
# ** Warning: (vopt-6) -- Waiting for lock by &quot;vagrant@vagrant-box, pid = 30082&quot;. Lockfile is &quot;/home/vagrant/git/tutorial/tutorial-hxs-bitfield-register-pulse-generator-plain/submodules/simstm/simulation/modelsim/work/work/_lock&quot;.
# ** Warning: (vopt-2009) At least one design unit was compiled with optimization level -O0 or -O1.
# Use vdir -l command to find such design units.
# ** Note: (vsim-12126) Error and warning message counts have been restored: Errors=0, Warnings=2.
# //  Questa Intel Starter FPGA Edition-64
# //  Version 2023.3 linux_x86_64 Jul 17 2023
# //
# //  Copyright 1991-2023 Mentor Graphics Corporation
# //  All Rights Reserved.
# //
# //  QuestaSim and its associated documentation contain trade
# //  secrets and commercial or financial information that are the property of
# //  Mentor Graphics Corporation and are privileged, confidential,
# //  and exempt from disclosure under the Freedom of Information Act,
# //  5 U.S.C. Section 552. Furthermore, this information
# //  is prohibited from disclosure under the Trade Secrets Act,
# //  18 U.S.C. Section 1905.
# //
# Loading std.standard
# Loading std.textio(body)
# Loading ieee.std_logic_1164(body)
# Loading ieee.numeric_std(body)
# Loading ieee.math_real(body)
# Loading work.tb_base_pkg(body)
# Loading work.tb_bus_avalon_32_pkg(body)
# Loading work.tb_bus_axi4lite_32_pkg(body)
# Loading work.tb_bus_wishbone_32_pkg(body)
# Loading work.tb_bus_wishbone_64_pkg(body)
# Loading work.tb_bus_avalon_64_pkg(body)
# Loading work.tb_bus_ram_32_pkg(body)
# Loading work.tb_bus_pkg(body)
# Loading work.tb_signals_pkg(body)
# Loading work.basic(body)
# Loading std.env(body)
# Loading work.tb_instructions_pkg(body)
# Loading work.tb_interpreter_pkg(body)
# Loading work.tbtop(behavioural)#1
# Loading work.tb_simstm(behavioural)#1
# Loading work.ramavalon(simulation)#1
# Loading work.ramavalon(simulation)#2
# 
# do run_all.do
# ** Warning: NUMERIC_STD.TO_INTEGER: metavalue detected, returning 0
#    Time: 0 ps  Iteration: 0  Instance: /tbtop/i_Ram32
# ** Warning: NUMERIC_STD.TO_INTEGER: metavalue detected, returning 0
#    Time: 0 ps  Iteration: 0  Instance: /tbtop/i_RamAxi4Lite_32
# include found: loading file /home/vagrant/git/tutorial/tutorial-hxs-bitfield-register-pulse-generator-plain/submodules/simstm/tb/simstm/Common/Common.stm
# nested include found in : /home/vagrant/git/tutorial/tutorial-hxs-bitfield-register-pulse-generator-plain/submodules/simstm/tb/simstm/Common/Common.stm
# nested include found: loading file /home/vagrant/git/tutorial/tutorial-hxs-bitfield-register-pulse-generator-plain/submodules/simstm/tb/simstm/Base/Base.stm
# nested include found in : /home/vagrant/git/tutorial/tutorial-hxs-bitfield-register-pulse-generator-plain/submodules/simstm/tb/simstm/Common/Common.stm
# nested include found: loading file /home/vagrant/git/tutorial/tutorial-hxs-bitfield-register-pulse-generator-plain/submodules/simstm/tb/simstm/TestCase/TestCase.stm
# include found: loading file /home/vagrant/git/tutorial/tutorial-hxs-bitfield-register-pulse-generator-plain/submodules/simstm/tb/simstm/Bus/bus32.stm
# include found: loading file /home/vagrant/git/tutorial/tutorial-hxs-bitfield-register-pulse-generator-plain/submodules/simstm/tb/simstm/TestSuites/TestSuiteBusAxi4Lite32.stm
# ** Warning: NUMERIC_STD.&quot;&gt;&quot;: metavalue detected, returning FALSE
#    Time: 0 ps  Iteration: 2  Instance: /tbtop/i_tb_simstm
# Main test suite Bus Axi4Lite 32 started
# **********START*TESTCASE*testSuiteBusAxi4Lite32_testCaseBus32**********
# Started at simulation time of 1002ns
# testBus32 started
# Passed 21 verify instructions
# Passed 36 timeout monitored bus access instructions
# Success
# testBus32 ended
# Ended at simulation time of 8558ns
# **********END*TESTCASE*testSuiteBusAxi4Lite32_testCaseBus32**********
# **********START*TESTCASE*testSuiteBusAxi4Lite32_testCaseBus32VerifySuccess**********
# Started at simulation time of 8561ns
# testBus32VerifySuccess started
# Passed 3 verify instructions
# Passed 6 timeout monitored bus access instructions
# Success
# testBus32VerifySuccess ended
# Ended at simulation time of 10128ns
# **********END*TESTCASE*testSuiteBusAxi4Lite32_testCaseBus32VerifySuccess**********
# **********START*TESTCASE*testSuiteBusAxi4Lite32_testCaseBus32VerifyFail**********
# Started at simulation time of 10131ns
# testBus32VerifyFail started
# bus verify intended error on no match
# bus      = 0x0000000000000000
# address  = 0x0000000000000000
# read     = 0x0000000055555555
# expected = 0x0000000000000000
# mask     = 0x00000000FFFFFFFF
# ** Error:  line 85, bus_verify, file Bus/bus32.stm
#    Time: 11545 ns  Iteration: 1  Instance: /tbtop/i_tb_simstm
# Passed 4 verify instructions
# Passed 7 timeout monitored bus access instructions
# Expected 1 verify failures, ignored
# Success
# testBus32VerifyFail ended
# Ended at simulation time of 11549ns
# **********END*TESTCASE*testSuiteBusAxi4Lite32_testCaseBus32VerifyFail**********
# **********START*TESTCASE*testSuiteBusAxi4Lite32_testCaseBus32TimeOutRead**********
# Started at simulation time of 11552ns
# testBus32TimeOutRead started
# Passed 2 verify instructions
# Passed 2 timeout monitored bus access instructions
# Expected 1 bus timeout failures, ignored
# Success
# testBus32TimeOutRead ended
# Ended at simulation time of 12749ns
# **********END*TESTCASE*testSuiteBusAxi4Lite32_testCaseBus32TimeOutRead**********
# **********START*TESTCASE*testSuiteBusAxi4Lite32_testCaseBus32TimeOutWrite**********
# Started at simulation time of 12752ns
# testBus32TimeOutWrite started
# Passed 2 verify instructions
# Passed 1 timeout monitored bus access instructions
# Expected 1 bus timeout failures, ignored
# Success
# testBus32TimeOutWrite ended
# Ended at simulation time of 13849ns
# **********END*TESTCASE*testSuiteBusAxi4Lite32_testCaseBus32TimeOutWrite**********
# Main test suite Bus Axi4Lite 32 ended
# ** Note: Verify passes 32
#    Time: 14852 ns  Iteration: 0  Instance: /tbtop/i_tb_simstm
# ** Note: Timeout monitored bus access passes 52
#    Time: 14852 ns  Iteration: 0  Instance: /tbtop/i_tb_simstm
# ** Note: Expected 1 verify failures, got 1
#    Time: 14852 ns  Iteration: 0  Instance: /tbtop/i_tb_simstm
# ** Note: Expected 2 bus timeout failures, got 0
#    Time: 14852 ns  Iteration: 0  Instance: /tbtop/i_tb_simstm
# ** Note: FAILURES
#    Time: 14852 ns  Iteration: 0  Instance: /tbtop/i_tb_simstm
# ** Note: Test finished
#    Time: 14852 ns  Iteration: 0  Instance: /tbtop/i_tb_simstm
# End time: 18:29:38 on Jan 10,2025, Elapsed time: 0:00:06
# Errors: 1, Warnings: 5
</system-out>
      <system-err/>
      <testcase name="testSuiteBusAxi4Lite32_testCaseBus32VerifySuccess" assertions="3" classname="testSuiteBusAxi4Lite32" file="TestSuites/TestSuiteBusAxi4Lite32.stm" line="TestSuites/TestSuiteBusAxi4Lite32.stm" time="0.006999">
         <properties>
            <property name="SimulatedStartTime" value="8561"/>
            <property name="SimulatedEndTime" value="10128"/>
            <property name="SimulatedDuration" value="1567"/>
         </properties>
      </testcase>
      <testcase name="testSuiteBusAxi4Lite32_testCaseBus32TimeOutWrite" assertions="2" classname="testSuiteBusAxi4Lite32" file="TestSuites/TestSuiteBusAxi4Lite32.stm" line="TestSuites/TestSuiteBusAxi4Lite32.stm" time="0.095989">
         <properties>
            <property name="SimulatedStartTime" value="12752"/>
            <property name="SimulatedEndTime" value="13849"/>
            <property name="SimulatedDuration" value="1097"/>
         </properties>
      </testcase>
      <testcase name="testSuiteBusAxi4Lite32_testCaseBus32TimeOutRead" assertions="2" classname="testSuiteBusAxi4Lite32" file="TestSuites/TestSuiteBusAxi4Lite32.stm" line="TestSuites/TestSuiteBusAxi4Lite32.stm" time="0.097989">
         <properties>
            <property name="SimulatedStartTime" value="11552"/>
            <property name="SimulatedEndTime" value="12749"/>
            <property name="SimulatedDuration" value="1197"/>
         </properties>
      </testcase>
      <testcase name="testSuiteBusAxi4Lite32_testCaseBus32" assertions="21" classname="testSuiteBusAxi4Lite32" file="TestSuites/TestSuiteBusAxi4Lite32.stm" line="TestSuites/TestSuiteBusAxi4Lite32.stm" time="0.117986">
         <properties>
            <property name="SimulatedStartTime" value="1002"/>
            <property name="SimulatedEndTime" value="8558"/>
            <property name="SimulatedDuration" value="7556"/>
         </properties>
      </testcase>
      <testcase name="testSuiteBusAxi4Lite32_testCaseBus32VerifyFail" assertions="4" classname="testSuiteBusAxi4Lite32" file="TestSuites/TestSuiteBusAxi4Lite32.stm" line="TestSuites/TestSuiteBusAxi4Lite32.stm" time="0.100989">
         <properties>
            <property name="SimulatedStartTime" value="10131"/>
            <property name="SimulatedEndTime" value="11549"/>
            <property name="SimulatedDuration" value="1418"/>
         </properties>
      </testcase>
   </testsuite>
</testsuites>
